<?xml version="1.0" encoding="UTF-8"?>
<testsuites name="API Pokedex" time="29.288" tests="40" failures="2" errors="0">
   <testsuite name="API Pokedex" tests="40" failures="2" errors="0" time="29.288" skipped="0" timestamp="25-05-2024T11:41:12" hostname="chuas - SonLam" id="Test Suites/API Pokedex">
      <properties>
         <property name="deviceName" value=""/>
         <property name="devicePlatform" value=""/>
         <property name="logFolder" value="F:\\git\\pokedex-katalon\\pokedex-katalon\\Reports\\20240525_114106\\API Pokedex\\20240525_114107"/>
         <property name="logFiles" value="F:\\git\\pokedex-katalon\\pokedex-katalon\\Reports\\20240525_114106\\API Pokedex\\20240525_114107\\execution0.log"/>
         <property name="attachments" value=""/>
         <property name="hostName" value="chuas - SonLam"/>
         <property name="hostAddress" value="192.168.1.133"/>
         <property name="os" value="Windows 10 64bit"/>
         <property name="katalonVersion" value="9.4.0.212"/>
      </properties>
      <testcase name="Test Cases/API/getAbilityById" time="1.468" classname="Test Cases/API/getAbilityById" status="PASSED">
         <system-out><![CDATA[25-05-2024T11:41:12 - [TEST_CASE][PASSED] - Test Cases/API/getAbilityById: Test Cases/API/getAbilityById

25-05-2024T11:41:13 - [TEST_STEP][PASSED] - response = sendRequest(findTestObject("REST/getAbility", ["id":"1"])): Send request successfully

25-05-2024T11:41:14 - [MESSAGE][INFO] - HAR: F:\git\pokedex-katalon\pokedex-katalon\Reports\20240525_114106\API Pokedex\20240525_114107\requests\main\0.har

25-05-2024T11:41:14 - [MESSAGE][PASSED] - Send request successfully

25-05-2024T11:41:14 - [TEST_STEP][PASSED] - verifyResponseStatusCode(response, 200): Verify response status code successfully

25-05-2024T11:41:14 - [MESSAGE][PASSED] - Verify response status code successfully]]></system-out>
         <system-err><![CDATA[]]></system-err>
      </testcase>
      <testcase name="Test Cases/API/getAbilityByName" time="1.181" classname="Test Cases/API/getAbilityByName" status="PASSED">
         <system-out><![CDATA[25-05-2024T11:41:14 - [TEST_CASE][PASSED] - Test Cases/API/getAbilityByName: Test Cases/API/getAbilityByName

25-05-2024T11:41:14 - [TEST_STEP][PASSED] - response = sendRequest(findTestObject("REST/getAbility", ["id":"stench"])): Send request successfully

25-05-2024T11:41:15 - [MESSAGE][INFO] - HAR: F:\git\pokedex-katalon\pokedex-katalon\Reports\20240525_114106\API Pokedex\20240525_114107\requests\main\1.har

25-05-2024T11:41:15 - [MESSAGE][PASSED] - Send request successfully

25-05-2024T11:41:15 - [TEST_STEP][PASSED] - verifyResponseStatusCode(response, 200): Verify response status code successfully

25-05-2024T11:41:15 - [MESSAGE][PASSED] - Verify response status code successfully]]></system-out>
         <system-err><![CDATA[]]></system-err>
      </testcase>
      <testcase name="Test Cases/API/getAllPokemon" time="0.464" classname="Test Cases/API/getAllPokemon" status="PASSED">
         <system-out><![CDATA[25-05-2024T11:41:15 - [TEST_CASE][PASSED] - Test Cases/API/getAllPokemon: Test Cases/API/getAllPokemon

25-05-2024T11:41:15 - [TEST_STEP][PASSED] - response = sendRequest(findTestObject("REST/getAllPokemon", ["limit":"100"])): Send request successfully

25-05-2024T11:41:15 - [MESSAGE][INFO] - HAR: F:\git\pokedex-katalon\pokedex-katalon\Reports\20240525_114106\API Pokedex\20240525_114107\requests\main\2.har

25-05-2024T11:41:15 - [MESSAGE][PASSED] - Send request successfully

25-05-2024T11:41:15 - [TEST_STEP][PASSED] - verifyResponseStatusCode(response, 200): Verify response status code successfully

25-05-2024T11:41:16 - [MESSAGE][PASSED] - Verify response status code successfully]]></system-out>
         <system-err><![CDATA[]]></system-err>
      </testcase>
      <testcase name="Test Cases/API/getAllPokemonLimit100" time="0.185" classname="Test Cases/API/getAllPokemonLimit100" status="PASSED">
         <system-out><![CDATA[25-05-2024T11:41:16 - [TEST_CASE][PASSED] - Test Cases/API/getAllPokemonLimit100: Test Cases/API/getAllPokemonLimit100

25-05-2024T11:41:16 - [TEST_STEP][PASSED] - response = sendRequest(findTestObject("REST/getAllPokemon", ["limit":"10"])): Send request successfully

25-05-2024T11:41:16 - [MESSAGE][INFO] - HAR: F:\git\pokedex-katalon\pokedex-katalon\Reports\20240525_114106\API Pokedex\20240525_114107\requests\main\3.har

25-05-2024T11:41:16 - [MESSAGE][PASSED] - Send request successfully

25-05-2024T11:41:16 - [TEST_STEP][PASSED] - verifyResponseStatusCode(response, 200): Verify response status code successfully

25-05-2024T11:41:16 - [MESSAGE][PASSED] - Verify response status code successfully]]></system-out>
         <system-err><![CDATA[]]></system-err>
      </testcase>
      <testcase name="Test Cases/API/getBerryById" time="0.051" classname="Test Cases/API/getBerryById" status="FAILED">
         <failure type="FAILED" message="Test Cases/API/getBerryById FAILED.&#xa;Reason:&#xa;com.kms.katalon.core.exception.StepFailedException: Unable to send request (Root cause: java.lang.IllegalArgumentException: Illegal character in scheme name at index 0:  https://pokeapi.co/api/v2/berry/5&#xa;	at com.kms.katalon.core.webservice.common.DefaultHttpRequest.&lt;init>(DefaultHttpRequest.java:14)&#xa;	at com.kms.katalon.core.webservice.common.RestfulClient.buildHttpRequest(RestfulClient.java:29)&#xa;	at com.kms.katalon.core.webservice.common.RestfulClient.buildHttpRequest(RestfulClient.java:1)&#xa;	at com.kms.katalon.core.webservice.common.BasicRequestor.send(BasicRequestor.java:55)&#xa;	at com.kms.katalon.core.webservice.helper.WebServiceCommonHelper.sendRequest(WebServiceCommonHelper.java:55)&#xa;	at com.kms.katalon.core.webservice.keyword.builtin.SendRequestKeyword$_sendRequest_closure1.doCall(SendRequestKeyword.groovy:40)&#xa;	at com.kms.katalon.core.webservice.keyword.builtin.SendRequestKeyword$_sendRequest_closure1.call(SendRequestKeyword.groovy)&#xa;	at com.kms.katalon.core.keyword.internal.KeywordMain.runKeyword(KeywordMain.groovy:75)&#xa;	at com.kms.katalon.core.webservice.keyword.builtin.SendRequestKeyword.sendRequest(SendRequestKeyword.groovy:38)&#xa;	at com.kms.katalon.core.webservice.keyword.builtin.SendRequestKeyword.execute(SendRequestKeyword.groovy:33)&#xa;	at com.kms.katalon.core.keyword.internal.KeywordExecutor.executeKeywordForPlatform(KeywordExecutor.groovy:74)&#xa;	at com.kms.katalon.core.webservice.keyword.WSBuiltInKeywords.sendRequest(WSBuiltInKeywords.groovy:41)&#xa;	at getBerryById.run(getBerryById:20)&#xa;	at com.kms.katalon.core.main.ScriptEngine.run(ScriptEngine.java:194)&#xa;	at com.kms.katalon.core.main.ScriptEngine.runScriptAsRawText(ScriptEngine.java:119)&#xa;	at com.kms.katalon.core.main.TestCaseExecutor.runScript(TestCaseExecutor.java:448)&#xa;	at com.kms.katalon.core.main.TestCaseExecutor.doExecute(TestCaseExecutor.java:439)&#xa;	at com.kms.katalon.core.main.TestCaseExecutor.processExecutionPhase(TestCaseExecutor.java:418)&#xa;	at com.kms.katalon.core.main.TestCaseExecutor.accessMainPhase(TestCaseExecutor.java:410)&#xa;	at com.kms.katalon.core.main.TestCaseExecutor.execute(TestCaseExecutor.java:285)&#xa;	at com.kms.katalon.core.main.TestCaseExecutor.execute(TestCaseExecutor.java:369)&#xa;	at com.kms.katalon.core.main.TestCaseExecutor.execute(TestCaseExecutor.java:369)&#xa;	at com.kms.katalon.core.main.TestCaseExecutor.execute(TestCaseExecutor.java:369)&#xa;	at com.kms.katalon.core.common.CommonExecutor.accessTestCaseMainPhase(CommonExecutor.java:65)&#xa;	at com.kms.katalon.core.main.TestSuiteExecutor.accessTestSuiteMainPhase(TestSuiteExecutor.java:150)&#xa;	at com.kms.katalon.core.main.TestSuiteExecutor.execute(TestSuiteExecutor.java:106)&#xa;	at com.kms.katalon.core.main.TestCaseMain.startTestSuite(TestCaseMain.java:180)&#xa;	at TempTestSuite1716612067625.run(TempTestSuite1716612067625.groovy:35)&#xa;	at java.base/jdk.internal.reflect.NativeMethodAccessorImpl.invoke0(Native Method)&#xa;	at java.base/jdk.internal.reflect.NativeMethodAccessorImpl.invoke(NativeMethodAccessorImpl.java:77)&#xa;	at java.base/jdk.internal.reflect.DelegatingMethodAccessorImpl.invoke(DelegatingMethodAccessorImpl.java:43)&#xa;Caused by: java.net.URISyntaxException: Illegal character in scheme name at index 0:  https://pokeapi.co/api/v2/berry/5&#xa;	at com.kms.katalon.core.webservice.common.DefaultHttpRequest.&lt;init>(DefaultHttpRequest.java:14)&#xa;	at com.kms.katalon.core.webservice.common.RestfulClient.buildHttpRequest(RestfulClient.java:29)&#xa;	at com.kms.katalon.core.webservice.common.RestfulClient.buildHttpRequest(RestfulClient.java:1)&#xa;	at com.kms.katalon.core.webservice.common.BasicRequestor.send(BasicRequestor.java:55)&#xa;	at com.kms.katalon.core.webservice.helper.WebServiceCommonHelper.sendRequest(WebServiceCommonHelper.java:55)&#xa;	at com.kms.katalon.core.webservice.keyword.builtin.SendRequestKeyword$_sendRequest_closure1.doCall(SendRequestKeyword.groovy:40)&#xa;	at com.kms.katalon.core.webservice.keyword.builtin.SendRequestKeyword$_sendRequest_closure1.call(SendRequestKeyword.groovy)&#xa;	at com.kms.katalon.core.keyword.internal.KeywordMain.runKeyword(KeywordMain.groovy:75)&#xa;	at com.kms.katalon.core.webservice.keyword.builtin.SendRequestKeyword.sendRequest(SendRequestKeyword.groovy:38)&#xa;	at com.kms.katalon.core.webservice.keyword.builtin.SendRequestKeyword.execute(SendRequestKeyword.groovy:33)&#xa;	at com.kms.katalon.core.keyword.internal.KeywordExecutor.executeKeywordForPlatform(KeywordExecutor.groovy:74)&#xa;	at com.kms.katalon.core.webservice.keyword.WSBuiltInKeywords.sendRequest(WSBuiltInKeywords.groovy:41)&#xa;	at Script1716611103626.run(Script1716611103626.groovy:20)&#xa;	... 18 more&#xa;)&#xa;	at com.kms.katalon.core.keyword.internal.KeywordMain.stepFailed(KeywordMain.groovy:51)&#xa;	at com.kms.katalon.core.keyword.internal.KeywordMain.stepFailed(KeywordMain.groovy)&#xa;	at com.kms.katalon.core.keyword.internal.KeywordMain.runKeyword(KeywordMain.groovy:77)&#xa;	at com.kms.katalon.core.webservice.keyword.builtin.SendRequestKeyword.sendRequest(SendRequestKeyword.groovy:38)&#xa;	at com.kms.katalon.core.webservice.keyword.builtin.SendRequestKeyword.execute(SendRequestKeyword.groovy:33)&#xa;	at com.kms.katalon.core.keyword.internal.KeywordExecutor.executeKeywordForPlatform(KeywordExecutor.groovy:74)&#xa;	at com.kms.katalon.core.webservice.keyword.WSBuiltInKeywords.sendRequest(WSBuiltInKeywords.groovy:41)&#xa;	at getBerryById.run(getBerryById:20)&#xa;	at com.kms.katalon.core.main.ScriptEngine.run(ScriptEngine.java:194)&#xa;	at com.kms.katalon.core.main.ScriptEngine.runScriptAsRawText(ScriptEngine.java:119)&#xa;	at com.kms.katalon.core.main.TestCaseExecutor.runScript(TestCaseExecutor.java:448)&#xa;	at com.kms.katalon.core.main.TestCaseExecutor.doExecute(TestCaseExecutor.java:439)&#xa;	at com.kms.katalon.core.main.TestCaseExecutor.processExecutionPhase(TestCaseExecutor.java:418)&#xa;	at com.kms.katalon.core.main.TestCaseExecutor.accessMainPhase(TestCaseExecutor.java:410)&#xa;	at com.kms.katalon.core.main.TestCaseExecutor.execute(TestCaseExecutor.java:285)&#xa;	at com.kms.katalon.core.main.TestCaseExecutor.execute(TestCaseExecutor.java:369)&#xa;	at com.kms.katalon.core.main.TestCaseExecutor.execute(TestCaseExecutor.java:369)&#xa;	at com.kms.katalon.core.main.TestCaseExecutor.execute(TestCaseExecutor.java:369)&#xa;	at com.kms.katalon.core.common.CommonExecutor.accessTestCaseMainPhase(CommonExecutor.java:65)&#xa;	at com.kms.katalon.core.main.TestSuiteExecutor.accessTestSuiteMainPhase(TestSuiteExecutor.java:150)&#xa;	at com.kms.katalon.core.main.TestSuiteExecutor.execute(TestSuiteExecutor.java:106)&#xa;	at com.kms.katalon.core.main.TestCaseMain.startTestSuite(TestCaseMain.java:180)&#xa;	at TempTestSuite1716612067625.run(TempTestSuite1716612067625.groovy:35)&#xa;	at java.base/jdk.internal.reflect.NativeMethodAccessorImpl.invoke0(Native Method)&#xa;	at java.base/jdk.internal.reflect.NativeMethodAccessorImpl.invoke(NativeMethodAccessorImpl.java:77)&#xa;	at java.base/jdk.internal.reflect.DelegatingMethodAccessorImpl.invoke(DelegatingMethodAccessorImpl.java:43)&#xa;Caused by: java.lang.IllegalArgumentException: Illegal character in scheme name at index 0:  https://pokeapi.co/api/v2/berry/5&#xa;	at com.kms.katalon.core.webservice.common.DefaultHttpRequest.&lt;init>(DefaultHttpRequest.java:14)&#xa;	at com.kms.katalon.core.webservice.common.RestfulClient.buildHttpRequest(RestfulClient.java:29)&#xa;	at com.kms.katalon.core.webservice.common.RestfulClient.buildHttpRequest(RestfulClient.java:1)&#xa;	at com.kms.katalon.core.webservice.common.BasicRequestor.send(BasicRequestor.java:55)&#xa;	at com.kms.katalon.core.webservice.helper.WebServiceCommonHelper.sendRequest(WebServiceCommonHelper.java:55)&#xa;	at com.kms.katalon.core.webservice.keyword.builtin.SendRequestKeyword$_sendRequest_closure1.doCall(SendRequestKeyword.groovy:40)&#xa;	at com.kms.katalon.core.webservice.keyword.builtin.SendRequestKeyword$_sendRequest_closure1.call(SendRequestKeyword.groovy)&#xa;	at com.kms.katalon.core.keyword.internal.KeywordMain.runKeyword(KeywordMain.groovy:75)&#xa;	... 23 more&#xa;Caused by: java.net.URISyntaxException: Illegal character in scheme name at index 0:  https://pokeapi.co/api/v2/berry/5&#xa;	... 31 more&#xa;"/>
         <system-out><![CDATA[25-05-2024T11:41:16 - [TEST_CASE][FAILED] - Test Cases/API/getBerryById: Test Cases/API/getBerryById FAILED.
Reason:
com.kms.katalon.core.exception.StepFailedException: Unable to send request (Root cause: java.lang.IllegalArgumentException: Illegal character in scheme name at index 0:  https://pokeapi.co/api/v2/berry/5
	at com.kms.katalon.core.webservice.common.DefaultHttpRequest.<init>(DefaultHttpRequest.java:14)
	at com.kms.katalon.core.webservice.common.RestfulClient.buildHttpRequest(RestfulClient.java:29)
	at com.kms.katalon.core.webservice.common.RestfulClient.buildHttpRequest(RestfulClient.java:1)
	at com.kms.katalon.core.webservice.common.BasicRequestor.send(BasicRequestor.java:55)
	at com.kms.katalon.core.webservice.helper.WebServiceCommonHelper.sendRequest(WebServiceCommonHelper.java:55)
	at com.kms.katalon.core.webservice.keyword.builtin.SendRequestKeyword$_sendRequest_closure1.doCall(SendRequestKeyword.groovy:40)
	at com.kms.katalon.core.webservice.keyword.builtin.SendRequestKeyword$_sendRequest_closure1.call(SendRequestKeyword.groovy)
	at com.kms.katalon.core.keyword.internal.KeywordMain.runKeyword(KeywordMain.groovy:75)
	at com.kms.katalon.core.webservice.keyword.builtin.SendRequestKeyword.sendRequest(SendRequestKeyword.groovy:38)
	at com.kms.katalon.core.webservice.keyword.builtin.SendRequestKeyword.execute(SendRequestKeyword.groovy:33)
	at com.kms.katalon.core.keyword.internal.KeywordExecutor.executeKeywordForPlatform(KeywordExecutor.groovy:74)
	at com.kms.katalon.core.webservice.keyword.WSBuiltInKeywords.sendRequest(WSBuiltInKeywords.groovy:41)
	at getBerryById.run(getBerryById:20)
	at com.kms.katalon.core.main.ScriptEngine.run(ScriptEngine.java:194)
	at com.kms.katalon.core.main.ScriptEngine.runScriptAsRawText(ScriptEngine.java:119)
	at com.kms.katalon.core.main.TestCaseExecutor.runScript(TestCaseExecutor.java:448)
	at com.kms.katalon.core.main.TestCaseExecutor.doExecute(TestCaseExecutor.java:439)
	at com.kms.katalon.core.main.TestCaseExecutor.processExecutionPhase(TestCaseExecutor.java:418)
	at com.kms.katalon.core.main.TestCaseExecutor.accessMainPhase(TestCaseExecutor.java:410)
	at com.kms.katalon.core.main.TestCaseExecutor.execute(TestCaseExecutor.java:285)
	at com.kms.katalon.core.main.TestCaseExecutor.execute(TestCaseExecutor.java:369)
	at com.kms.katalon.core.main.TestCaseExecutor.execute(TestCaseExecutor.java:369)
	at com.kms.katalon.core.main.TestCaseExecutor.execute(TestCaseExecutor.java:369)
	at com.kms.katalon.core.common.CommonExecutor.accessTestCaseMainPhase(CommonExecutor.java:65)
	at com.kms.katalon.core.main.TestSuiteExecutor.accessTestSuiteMainPhase(TestSuiteExecutor.java:150)
	at com.kms.katalon.core.main.TestSuiteExecutor.execute(TestSuiteExecutor.java:106)
	at com.kms.katalon.core.main.TestCaseMain.startTestSuite(TestCaseMain.java:180)
	at TempTestSuite1716612067625.run(TempTestSuite1716612067625.groovy:35)
	at java.base/jdk.internal.reflect.NativeMethodAccessorImpl.invoke0(Native Method)
	at java.base/jdk.internal.reflect.NativeMethodAccessorImpl.invoke(NativeMethodAccessorImpl.java:77)
	at java.base/jdk.internal.reflect.DelegatingMethodAccessorImpl.invoke(DelegatingMethodAccessorImpl.java:43)
Caused by: java.net.URISyntaxException: Illegal character in scheme name at index 0:  https://pokeapi.co/api/v2/berry/5
	at com.kms.katalon.core.webservice.common.DefaultHttpRequest.<init>(DefaultHttpRequest.java:14)
	at com.kms.katalon.core.webservice.common.RestfulClient.buildHttpRequest(RestfulClient.java:29)
	at com.kms.katalon.core.webservice.common.RestfulClient.buildHttpRequest(RestfulClient.java:1)
	at com.kms.katalon.core.webservice.common.BasicRequestor.send(BasicRequestor.java:55)
	at com.kms.katalon.core.webservice.helper.WebServiceCommonHelper.sendRequest(WebServiceCommonHelper.java:55)
	at com.kms.katalon.core.webservice.keyword.builtin.SendRequestKeyword$_sendRequest_closure1.doCall(SendRequestKeyword.groovy:40)
	at com.kms.katalon.core.webservice.keyword.builtin.SendRequestKeyword$_sendRequest_closure1.call(SendRequestKeyword.groovy)
	at com.kms.katalon.core.keyword.internal.KeywordMain.runKeyword(KeywordMain.groovy:75)
	at com.kms.katalon.core.webservice.keyword.builtin.SendRequestKeyword.sendRequest(SendRequestKeyword.groovy:38)
	at com.kms.katalon.core.webservice.keyword.builtin.SendRequestKeyword.execute(SendRequestKeyword.groovy:33)
	at com.kms.katalon.core.keyword.internal.KeywordExecutor.executeKeywordForPlatform(KeywordExecutor.groovy:74)
	at com.kms.katalon.core.webservice.keyword.WSBuiltInKeywords.sendRequest(WSBuiltInKeywords.groovy:41)
	at Script1716611103626.run(Script1716611103626.groovy:20)
	... 18 more
)
	at com.kms.katalon.core.keyword.internal.KeywordMain.stepFailed(KeywordMain.groovy:51)
	at com.kms.katalon.core.keyword.internal.KeywordMain.stepFailed(KeywordMain.groovy)
	at com.kms.katalon.core.keyword.internal.KeywordMain.runKeyword(KeywordMain.groovy:77)
	at com.kms.katalon.core.webservice.keyword.builtin.SendRequestKeyword.sendRequest(SendRequestKeyword.groovy:38)
	at com.kms.katalon.core.webservice.keyword.builtin.SendRequestKeyword.execute(SendRequestKeyword.groovy:33)
	at com.kms.katalon.core.keyword.internal.KeywordExecutor.executeKeywordForPlatform(KeywordExecutor.groovy:74)
	at com.kms.katalon.core.webservice.keyword.WSBuiltInKeywords.sendRequest(WSBuiltInKeywords.groovy:41)
	at getBerryById.run(getBerryById:20)
	at com.kms.katalon.core.main.ScriptEngine.run(ScriptEngine.java:194)
	at com.kms.katalon.core.main.ScriptEngine.runScriptAsRawText(ScriptEngine.java:119)
	at com.kms.katalon.core.main.TestCaseExecutor.runScript(TestCaseExecutor.java:448)
	at com.kms.katalon.core.main.TestCaseExecutor.doExecute(TestCaseExecutor.java:439)
	at com.kms.katalon.core.main.TestCaseExecutor.processExecutionPhase(TestCaseExecutor.java:418)
	at com.kms.katalon.core.main.TestCaseExecutor.accessMainPhase(TestCaseExecutor.java:410)
	at com.kms.katalon.core.main.TestCaseExecutor.execute(TestCaseExecutor.java:285)
	at com.kms.katalon.core.main.TestCaseExecutor.execute(TestCaseExecutor.java:369)
	at com.kms.katalon.core.main.TestCaseExecutor.execute(TestCaseExecutor.java:369)
	at com.kms.katalon.core.main.TestCaseExecutor.execute(TestCaseExecutor.java:369)
	at com.kms.katalon.core.common.CommonExecutor.accessTestCaseMainPhase(CommonExecutor.java:65)
	at com.kms.katalon.core.main.TestSuiteExecutor.accessTestSuiteMainPhase(TestSuiteExecutor.java:150)
	at com.kms.katalon.core.main.TestSuiteExecutor.execute(TestSuiteExecutor.java:106)
	at com.kms.katalon.core.main.TestCaseMain.startTestSuite(TestCaseMain.java:180)
	at TempTestSuite1716612067625.run(TempTestSuite1716612067625.groovy:35)
	at java.base/jdk.internal.reflect.NativeMethodAccessorImpl.invoke0(Native Method)
	at java.base/jdk.internal.reflect.NativeMethodAccessorImpl.invoke(NativeMethodAccessorImpl.java:77)
	at java.base/jdk.internal.reflect.DelegatingMethodAccessorImpl.invoke(DelegatingMethodAccessorImpl.java:43)
Caused by: java.lang.IllegalArgumentException: Illegal character in scheme name at index 0:  https://pokeapi.co/api/v2/berry/5
	at com.kms.katalon.core.webservice.common.DefaultHttpRequest.<init>(DefaultHttpRequest.java:14)
	at com.kms.katalon.core.webservice.common.RestfulClient.buildHttpRequest(RestfulClient.java:29)
	at com.kms.katalon.core.webservice.common.RestfulClient.buildHttpRequest(RestfulClient.java:1)
	at com.kms.katalon.core.webservice.common.BasicRequestor.send(BasicRequestor.java:55)
	at com.kms.katalon.core.webservice.helper.WebServiceCommonHelper.sendRequest(WebServiceCommonHelper.java:55)
	at com.kms.katalon.core.webservice.keyword.builtin.SendRequestKeyword$_sendRequest_closure1.doCall(SendRequestKeyword.groovy:40)
	at com.kms.katalon.core.webservice.keyword.builtin.SendRequestKeyword$_sendRequest_closure1.call(SendRequestKeyword.groovy)
	at com.kms.katalon.core.keyword.internal.KeywordMain.runKeyword(KeywordMain.groovy:75)
	... 23 more
Caused by: java.net.URISyntaxException: Illegal character in scheme name at index 0:  https://pokeapi.co/api/v2/berry/5
	... 31 more


25-05-2024T11:41:16 - [TEST_STEP][FAILED] - response = sendRequest(findTestObject("REST/getBerry", ["id":"5"])): Unable to send request (Root cause: java.lang.IllegalArgumentException: Illegal character in scheme name at index 0:  https://pokeapi.co/api/v2/berry/5
	at com.kms.katalon.core.webservice.common.DefaultHttpRequest.<init>(DefaultHttpRequest.java:14)
	at com.kms.katalon.core.webservice.common.RestfulClient.buildHttpRequest(RestfulClient.java:29)
	at com.kms.katalon.core.webservice.common.RestfulClient.buildHttpRequest(RestfulClient.java:1)
	at com.kms.katalon.core.webservice.common.BasicRequestor.send(BasicRequestor.java:55)
	at com.kms.katalon.core.webservice.helper.WebServiceCommonHelper.sendRequest(WebServiceCommonHelper.java:55)
	at com.kms.katalon.core.webservice.keyword.builtin.SendRequestKeyword$_sendRequest_closure1.doCall(SendRequestKeyword.groovy:40)
	at com.kms.katalon.core.webservice.keyword.builtin.SendRequestKeyword$_sendRequest_closure1.call(SendRequestKeyword.groovy)
	at com.kms.katalon.core.keyword.internal.KeywordMain.runKeyword(KeywordMain.groovy:75)
	at com.kms.katalon.core.webservice.keyword.builtin.SendRequestKeyword.sendRequest(SendRequestKeyword.groovy:38)
	at com.kms.katalon.core.webservice.keyword.builtin.SendRequestKeyword.execute(SendRequestKeyword.groovy:33)
	at com.kms.katalon.core.keyword.internal.KeywordExecutor.executeKeywordForPlatform(KeywordExecutor.groovy:74)
	at com.kms.katalon.core.webservice.keyword.WSBuiltInKeywords.sendRequest(WSBuiltInKeywords.groovy:41)
	at getBerryById.run(getBerryById:20)
	at com.kms.katalon.core.main.ScriptEngine.run(ScriptEngine.java:194)
	at com.kms.katalon.core.main.ScriptEngine.runScriptAsRawText(ScriptEngine.java:119)
	at com.kms.katalon.core.main.TestCaseExecutor.runScript(TestCaseExecutor.java:448)
	at com.kms.katalon.core.main.TestCaseExecutor.doExecute(TestCaseExecutor.java:439)
	at com.kms.katalon.core.main.TestCaseExecutor.processExecutionPhase(TestCaseExecutor.java:418)
	at com.kms.katalon.core.main.TestCaseExecutor.accessMainPhase(TestCaseExecutor.java:410)
	at com.kms.katalon.core.main.TestCaseExecutor.execute(TestCaseExecutor.java:285)
	at com.kms.katalon.core.main.TestCaseExecutor.execute(TestCaseExecutor.java:369)
	at com.kms.katalon.core.main.TestCaseExecutor.execute(TestCaseExecutor.java:369)
	at com.kms.katalon.core.main.TestCaseExecutor.execute(TestCaseExecutor.java:369)
	at com.kms.katalon.core.common.CommonExecutor.accessTestCaseMainPhase(CommonExecutor.java:65)
	at com.kms.katalon.core.main.TestSuiteExecutor.accessTestSuiteMainPhase(TestSuiteExecutor.java:150)
	at com.kms.katalon.core.main.TestSuiteExecutor.execute(TestSuiteExecutor.java:106)
	at com.kms.katalon.core.main.TestCaseMain.startTestSuite(TestCaseMain.java:180)
	at TempTestSuite1716612067625.run(TempTestSuite1716612067625.groovy:35)
	at java.base/jdk.internal.reflect.NativeMethodAccessorImpl.invoke0(Native Method)
	at java.base/jdk.internal.reflect.NativeMethodAccessorImpl.invoke(NativeMethodAccessorImpl.java:77)
	at java.base/jdk.internal.reflect.DelegatingMethodAccessorImpl.invoke(DelegatingMethodAccessorImpl.java:43)
Caused by: java.net.URISyntaxException: Illegal character in scheme name at index 0:  https://pokeapi.co/api/v2/berry/5
	at com.kms.katalon.core.webservice.common.DefaultHttpRequest.<init>(DefaultHttpRequest.java:14)
	at com.kms.katalon.core.webservice.common.RestfulClient.buildHttpRequest(RestfulClient.java:29)
	at com.kms.katalon.core.webservice.common.RestfulClient.buildHttpRequest(RestfulClient.java:1)
	at com.kms.katalon.core.webservice.common.BasicRequestor.send(BasicRequestor.java:55)
	at com.kms.katalon.core.webservice.helper.WebServiceCommonHelper.sendRequest(WebServiceCommonHelper.java:55)
	at com.kms.katalon.core.webservice.keyword.builtin.SendRequestKeyword$_sendRequest_closure1.doCall(SendRequestKeyword.groovy:40)
	at com.kms.katalon.core.webservice.keyword.builtin.SendRequestKeyword$_sendRequest_closure1.call(SendRequestKeyword.groovy)
	at com.kms.katalon.core.keyword.internal.KeywordMain.runKeyword(KeywordMain.groovy:75)
	at com.kms.katalon.core.webservice.keyword.builtin.SendRequestKeyword.sendRequest(SendRequestKeyword.groovy:38)
	at com.kms.katalon.core.webservice.keyword.builtin.SendRequestKeyword.execute(SendRequestKeyword.groovy:33)
	at com.kms.katalon.core.keyword.internal.KeywordExecutor.executeKeywordForPlatform(KeywordExecutor.groovy:74)
	at com.kms.katalon.core.webservice.keyword.WSBuiltInKeywords.sendRequest(WSBuiltInKeywords.groovy:41)
	at Script1716611103626.run(Script1716611103626.groovy:20)
	... 18 more
)

25-05-2024T11:41:16 - [MESSAGE][FAILED] - Unable to send request (Root cause: java.lang.IllegalArgumentException: Illegal character in scheme name at index 0:  https://pokeapi.co/api/v2/berry/5
	at com.kms.katalon.core.webservice.common.DefaultHttpRequest.<init>(DefaultHttpRequest.java:14)
	at com.kms.katalon.core.webservice.common.RestfulClient.buildHttpRequest(RestfulClient.java:29)
	at com.kms.katalon.core.webservice.common.RestfulClient.buildHttpRequest(RestfulClient.java:1)
	at com.kms.katalon.core.webservice.common.BasicRequestor.send(BasicRequestor.java:55)
	at com.kms.katalon.core.webservice.helper.WebServiceCommonHelper.sendRequest(WebServiceCommonHelper.java:55)
	at com.kms.katalon.core.webservice.keyword.builtin.SendRequestKeyword$_sendRequest_closure1.doCall(SendRequestKeyword.groovy:40)
	at com.kms.katalon.core.webservice.keyword.builtin.SendRequestKeyword$_sendRequest_closure1.call(SendRequestKeyword.groovy)
	at com.kms.katalon.core.keyword.internal.KeywordMain.runKeyword(KeywordMain.groovy:75)
	at com.kms.katalon.core.webservice.keyword.builtin.SendRequestKeyword.sendRequest(SendRequestKeyword.groovy:38)
	at com.kms.katalon.core.webservice.keyword.builtin.SendRequestKeyword.execute(SendRequestKeyword.groovy:33)
	at com.kms.katalon.core.keyword.internal.KeywordExecutor.executeKeywordForPlatform(KeywordExecutor.groovy:74)
	at com.kms.katalon.core.webservice.keyword.WSBuiltInKeywords.sendRequest(WSBuiltInKeywords.groovy:41)
	at getBerryById.run(getBerryById:20)
	at com.kms.katalon.core.main.ScriptEngine.run(ScriptEngine.java:194)
	at com.kms.katalon.core.main.ScriptEngine.runScriptAsRawText(ScriptEngine.java:119)
	at com.kms.katalon.core.main.TestCaseExecutor.runScript(TestCaseExecutor.java:448)
	at com.kms.katalon.core.main.TestCaseExecutor.doExecute(TestCaseExecutor.java:439)
	at com.kms.katalon.core.main.TestCaseExecutor.processExecutionPhase(TestCaseExecutor.java:418)
	at com.kms.katalon.core.main.TestCaseExecutor.accessMainPhase(TestCaseExecutor.java:410)
	at com.kms.katalon.core.main.TestCaseExecutor.execute(TestCaseExecutor.java:285)
	at com.kms.katalon.core.main.TestCaseExecutor.execute(TestCaseExecutor.java:369)
	at com.kms.katalon.core.main.TestCaseExecutor.execute(TestCaseExecutor.java:369)
	at com.kms.katalon.core.main.TestCaseExecutor.execute(TestCaseExecutor.java:369)
	at com.kms.katalon.core.common.CommonExecutor.accessTestCaseMainPhase(CommonExecutor.java:65)
	at com.kms.katalon.core.main.TestSuiteExecutor.accessTestSuiteMainPhase(TestSuiteExecutor.java:150)
	at com.kms.katalon.core.main.TestSuiteExecutor.execute(TestSuiteExecutor.java:106)
	at com.kms.katalon.core.main.TestCaseMain.startTestSuite(TestCaseMain.java:180)
	at TempTestSuite1716612067625.run(TempTestSuite1716612067625.groovy:35)
	at java.base/jdk.internal.reflect.NativeMethodAccessorImpl.invoke0(Native Method)
	at java.base/jdk.internal.reflect.NativeMethodAccessorImpl.invoke(NativeMethodAccessorImpl.java:77)
	at java.base/jdk.internal.reflect.DelegatingMethodAccessorImpl.invoke(DelegatingMethodAccessorImpl.java:43)
Caused by: java.net.URISyntaxException: Illegal character in scheme name at index 0:  https://pokeapi.co/api/v2/berry/5
	at com.kms.katalon.core.webservice.common.DefaultHttpRequest.<init>(DefaultHttpRequest.java:14)
	at com.kms.katalon.core.webservice.common.RestfulClient.buildHttpRequest(RestfulClient.java:29)
	at com.kms.katalon.core.webservice.common.RestfulClient.buildHttpRequest(RestfulClient.java:1)
	at com.kms.katalon.core.webservice.common.BasicRequestor.send(BasicRequestor.java:55)
	at com.kms.katalon.core.webservice.helper.WebServiceCommonHelper.sendRequest(WebServiceCommonHelper.java:55)
	at com.kms.katalon.core.webservice.keyword.builtin.SendRequestKeyword$_sendRequest_closure1.doCall(SendRequestKeyword.groovy:40)
	at com.kms.katalon.core.webservice.keyword.builtin.SendRequestKeyword$_sendRequest_closure1.call(SendRequestKeyword.groovy)
	at com.kms.katalon.core.keyword.internal.KeywordMain.runKeyword(KeywordMain.groovy:75)
	at com.kms.katalon.core.webservice.keyword.builtin.SendRequestKeyword.sendRequest(SendRequestKeyword.groovy:38)
	at com.kms.katalon.core.webservice.keyword.builtin.SendRequestKeyword.execute(SendRequestKeyword.groovy:33)
	at com.kms.katalon.core.keyword.internal.KeywordExecutor.executeKeywordForPlatform(KeywordExecutor.groovy:74)
	at com.kms.katalon.core.webservice.keyword.WSBuiltInKeywords.sendRequest(WSBuiltInKeywords.groovy:41)
	at Script1716611103626.run(Script1716611103626.groovy:20)
	... 18 more
)]]></system-out>
         <system-err><![CDATA[25-05-2024T11:41:16 - [TEST_CASE][FAILED] - Test Cases/API/getBerryById: Test Cases/API/getBerryById FAILED.
Reason:
com.kms.katalon.core.exception.StepFailedException: Unable to send request (Root cause: java.lang.IllegalArgumentException: Illegal character in scheme name at index 0:  https://pokeapi.co/api/v2/berry/5
	at com.kms.katalon.core.webservice.common.DefaultHttpRequest.<init>(DefaultHttpRequest.java:14)
	at com.kms.katalon.core.webservice.common.RestfulClient.buildHttpRequest(RestfulClient.java:29)
	at com.kms.katalon.core.webservice.common.RestfulClient.buildHttpRequest(RestfulClient.java:1)
	at com.kms.katalon.core.webservice.common.BasicRequestor.send(BasicRequestor.java:55)
	at com.kms.katalon.core.webservice.helper.WebServiceCommonHelper.sendRequest(WebServiceCommonHelper.java:55)
	at com.kms.katalon.core.webservice.keyword.builtin.SendRequestKeyword$_sendRequest_closure1.doCall(SendRequestKeyword.groovy:40)
	at com.kms.katalon.core.webservice.keyword.builtin.SendRequestKeyword$_sendRequest_closure1.call(SendRequestKeyword.groovy)
	at com.kms.katalon.core.keyword.internal.KeywordMain.runKeyword(KeywordMain.groovy:75)
	at com.kms.katalon.core.webservice.keyword.builtin.SendRequestKeyword.sendRequest(SendRequestKeyword.groovy:38)
	at com.kms.katalon.core.webservice.keyword.builtin.SendRequestKeyword.execute(SendRequestKeyword.groovy:33)
	at com.kms.katalon.core.keyword.internal.KeywordExecutor.executeKeywordForPlatform(KeywordExecutor.groovy:74)
	at com.kms.katalon.core.webservice.keyword.WSBuiltInKeywords.sendRequest(WSBuiltInKeywords.groovy:41)
	at getBerryById.run(getBerryById:20)
	at com.kms.katalon.core.main.ScriptEngine.run(ScriptEngine.java:194)
	at com.kms.katalon.core.main.ScriptEngine.runScriptAsRawText(ScriptEngine.java:119)
	at com.kms.katalon.core.main.TestCaseExecutor.runScript(TestCaseExecutor.java:448)
	at com.kms.katalon.core.main.TestCaseExecutor.doExecute(TestCaseExecutor.java:439)
	at com.kms.katalon.core.main.TestCaseExecutor.processExecutionPhase(TestCaseExecutor.java:418)
	at com.kms.katalon.core.main.TestCaseExecutor.accessMainPhase(TestCaseExecutor.java:410)
	at com.kms.katalon.core.main.TestCaseExecutor.execute(TestCaseExecutor.java:285)
	at com.kms.katalon.core.main.TestCaseExecutor.execute(TestCaseExecutor.java:369)
	at com.kms.katalon.core.main.TestCaseExecutor.execute(TestCaseExecutor.java:369)
	at com.kms.katalon.core.main.TestCaseExecutor.execute(TestCaseExecutor.java:369)
	at com.kms.katalon.core.common.CommonExecutor.accessTestCaseMainPhase(CommonExecutor.java:65)
	at com.kms.katalon.core.main.TestSuiteExecutor.accessTestSuiteMainPhase(TestSuiteExecutor.java:150)
	at com.kms.katalon.core.main.TestSuiteExecutor.execute(TestSuiteExecutor.java:106)
	at com.kms.katalon.core.main.TestCaseMain.startTestSuite(TestCaseMain.java:180)
	at TempTestSuite1716612067625.run(TempTestSuite1716612067625.groovy:35)
	at java.base/jdk.internal.reflect.NativeMethodAccessorImpl.invoke0(Native Method)
	at java.base/jdk.internal.reflect.NativeMethodAccessorImpl.invoke(NativeMethodAccessorImpl.java:77)
	at java.base/jdk.internal.reflect.DelegatingMethodAccessorImpl.invoke(DelegatingMethodAccessorImpl.java:43)
Caused by: java.net.URISyntaxException: Illegal character in scheme name at index 0:  https://pokeapi.co/api/v2/berry/5
	at com.kms.katalon.core.webservice.common.DefaultHttpRequest.<init>(DefaultHttpRequest.java:14)
	at com.kms.katalon.core.webservice.common.RestfulClient.buildHttpRequest(RestfulClient.java:29)
	at com.kms.katalon.core.webservice.common.RestfulClient.buildHttpRequest(RestfulClient.java:1)
	at com.kms.katalon.core.webservice.common.BasicRequestor.send(BasicRequestor.java:55)
	at com.kms.katalon.core.webservice.helper.WebServiceCommonHelper.sendRequest(WebServiceCommonHelper.java:55)
	at com.kms.katalon.core.webservice.keyword.builtin.SendRequestKeyword$_sendRequest_closure1.doCall(SendRequestKeyword.groovy:40)
	at com.kms.katalon.core.webservice.keyword.builtin.SendRequestKeyword$_sendRequest_closure1.call(SendRequestKeyword.groovy)
	at com.kms.katalon.core.keyword.internal.KeywordMain.runKeyword(KeywordMain.groovy:75)
	at com.kms.katalon.core.webservice.keyword.builtin.SendRequestKeyword.sendRequest(SendRequestKeyword.groovy:38)
	at com.kms.katalon.core.webservice.keyword.builtin.SendRequestKeyword.execute(SendRequestKeyword.groovy:33)
	at com.kms.katalon.core.keyword.internal.KeywordExecutor.executeKeywordForPlatform(KeywordExecutor.groovy:74)
	at com.kms.katalon.core.webservice.keyword.WSBuiltInKeywords.sendRequest(WSBuiltInKeywords.groovy:41)
	at Script1716611103626.run(Script1716611103626.groovy:20)
	... 18 more
)
	at com.kms.katalon.core.keyword.internal.KeywordMain.stepFailed(KeywordMain.groovy:51)
	at com.kms.katalon.core.keyword.internal.KeywordMain.stepFailed(KeywordMain.groovy)
	at com.kms.katalon.core.keyword.internal.KeywordMain.runKeyword(KeywordMain.groovy:77)
	at com.kms.katalon.core.webservice.keyword.builtin.SendRequestKeyword.sendRequest(SendRequestKeyword.groovy:38)
	at com.kms.katalon.core.webservice.keyword.builtin.SendRequestKeyword.execute(SendRequestKeyword.groovy:33)
	at com.kms.katalon.core.keyword.internal.KeywordExecutor.executeKeywordForPlatform(KeywordExecutor.groovy:74)
	at com.kms.katalon.core.webservice.keyword.WSBuiltInKeywords.sendRequest(WSBuiltInKeywords.groovy:41)
	at getBerryById.run(getBerryById:20)
	at com.kms.katalon.core.main.ScriptEngine.run(ScriptEngine.java:194)
	at com.kms.katalon.core.main.ScriptEngine.runScriptAsRawText(ScriptEngine.java:119)
	at com.kms.katalon.core.main.TestCaseExecutor.runScript(TestCaseExecutor.java:448)
	at com.kms.katalon.core.main.TestCaseExecutor.doExecute(TestCaseExecutor.java:439)
	at com.kms.katalon.core.main.TestCaseExecutor.processExecutionPhase(TestCaseExecutor.java:418)
	at com.kms.katalon.core.main.TestCaseExecutor.accessMainPhase(TestCaseExecutor.java:410)
	at com.kms.katalon.core.main.TestCaseExecutor.execute(TestCaseExecutor.java:285)
	at com.kms.katalon.core.main.TestCaseExecutor.execute(TestCaseExecutor.java:369)
	at com.kms.katalon.core.main.TestCaseExecutor.execute(TestCaseExecutor.java:369)
	at com.kms.katalon.core.main.TestCaseExecutor.execute(TestCaseExecutor.java:369)
	at com.kms.katalon.core.common.CommonExecutor.accessTestCaseMainPhase(CommonExecutor.java:65)
	at com.kms.katalon.core.main.TestSuiteExecutor.accessTestSuiteMainPhase(TestSuiteExecutor.java:150)
	at com.kms.katalon.core.main.TestSuiteExecutor.execute(TestSuiteExecutor.java:106)
	at com.kms.katalon.core.main.TestCaseMain.startTestSuite(TestCaseMain.java:180)
	at TempTestSuite1716612067625.run(TempTestSuite1716612067625.groovy:35)
	at java.base/jdk.internal.reflect.NativeMethodAccessorImpl.invoke0(Native Method)
	at java.base/jdk.internal.reflect.NativeMethodAccessorImpl.invoke(NativeMethodAccessorImpl.java:77)
	at java.base/jdk.internal.reflect.DelegatingMethodAccessorImpl.invoke(DelegatingMethodAccessorImpl.java:43)
Caused by: java.lang.IllegalArgumentException: Illegal character in scheme name at index 0:  https://pokeapi.co/api/v2/berry/5
	at com.kms.katalon.core.webservice.common.DefaultHttpRequest.<init>(DefaultHttpRequest.java:14)
	at com.kms.katalon.core.webservice.common.RestfulClient.buildHttpRequest(RestfulClient.java:29)
	at com.kms.katalon.core.webservice.common.RestfulClient.buildHttpRequest(RestfulClient.java:1)
	at com.kms.katalon.core.webservice.common.BasicRequestor.send(BasicRequestor.java:55)
	at com.kms.katalon.core.webservice.helper.WebServiceCommonHelper.sendRequest(WebServiceCommonHelper.java:55)
	at com.kms.katalon.core.webservice.keyword.builtin.SendRequestKeyword$_sendRequest_closure1.doCall(SendRequestKeyword.groovy:40)
	at com.kms.katalon.core.webservice.keyword.builtin.SendRequestKeyword$_sendRequest_closure1.call(SendRequestKeyword.groovy)
	at com.kms.katalon.core.keyword.internal.KeywordMain.runKeyword(KeywordMain.groovy:75)
	... 23 more
Caused by: java.net.URISyntaxException: Illegal character in scheme name at index 0:  https://pokeapi.co/api/v2/berry/5
	... 31 more]]></system-err>
      </testcase>
      <testcase name="Test Cases/API/getBerryByName" time="0.053" classname="Test Cases/API/getBerryByName" status="FAILED">
         <failure type="FAILED" message="Test Cases/API/getBerryByName FAILED.&#xa;Reason:&#xa;com.kms.katalon.core.exception.StepFailedException: Unable to send request (Root cause: java.lang.IllegalArgumentException: Illegal character in scheme name at index 0:  https://pokeapi.co/api/v2/berry/cheri&#xa;	at com.kms.katalon.core.webservice.common.DefaultHttpRequest.&lt;init>(DefaultHttpRequest.java:14)&#xa;	at com.kms.katalon.core.webservice.common.RestfulClient.buildHttpRequest(RestfulClient.java:29)&#xa;	at com.kms.katalon.core.webservice.common.RestfulClient.buildHttpRequest(RestfulClient.java:1)&#xa;	at com.kms.katalon.core.webservice.common.BasicRequestor.send(BasicRequestor.java:55)&#xa;	at com.kms.katalon.core.webservice.helper.WebServiceCommonHelper.sendRequest(WebServiceCommonHelper.java:55)&#xa;	at com.kms.katalon.core.webservice.keyword.builtin.SendRequestKeyword$_sendRequest_closure1.doCall(SendRequestKeyword.groovy:40)&#xa;	at com.kms.katalon.core.webservice.keyword.builtin.SendRequestKeyword$_sendRequest_closure1.call(SendRequestKeyword.groovy)&#xa;	at com.kms.katalon.core.keyword.internal.KeywordMain.runKeyword(KeywordMain.groovy:75)&#xa;	at com.kms.katalon.core.webservice.keyword.builtin.SendRequestKeyword.sendRequest(SendRequestKeyword.groovy:38)&#xa;	at com.kms.katalon.core.webservice.keyword.builtin.SendRequestKeyword.execute(SendRequestKeyword.groovy:33)&#xa;	at com.kms.katalon.core.keyword.internal.KeywordExecutor.executeKeywordForPlatform(KeywordExecutor.groovy:74)&#xa;	at com.kms.katalon.core.webservice.keyword.WSBuiltInKeywords.sendRequest(WSBuiltInKeywords.groovy:41)&#xa;	at getBerryByName.run(getBerryByName:20)&#xa;	at com.kms.katalon.core.main.ScriptEngine.run(ScriptEngine.java:194)&#xa;	at com.kms.katalon.core.main.ScriptEngine.runScriptAsRawText(ScriptEngine.java:119)&#xa;	at com.kms.katalon.core.main.TestCaseExecutor.runScript(TestCaseExecutor.java:448)&#xa;	at com.kms.katalon.core.main.TestCaseExecutor.doExecute(TestCaseExecutor.java:439)&#xa;	at com.kms.katalon.core.main.TestCaseExecutor.processExecutionPhase(TestCaseExecutor.java:418)&#xa;	at com.kms.katalon.core.main.TestCaseExecutor.accessMainPhase(TestCaseExecutor.java:410)&#xa;	at com.kms.katalon.core.main.TestCaseExecutor.execute(TestCaseExecutor.java:285)&#xa;	at com.kms.katalon.core.main.TestCaseExecutor.execute(TestCaseExecutor.java:369)&#xa;	at com.kms.katalon.core.main.TestCaseExecutor.execute(TestCaseExecutor.java:369)&#xa;	at com.kms.katalon.core.main.TestCaseExecutor.execute(TestCaseExecutor.java:369)&#xa;	at com.kms.katalon.core.common.CommonExecutor.accessTestCaseMainPhase(CommonExecutor.java:65)&#xa;	at com.kms.katalon.core.main.TestSuiteExecutor.accessTestSuiteMainPhase(TestSuiteExecutor.java:150)&#xa;	at com.kms.katalon.core.main.TestSuiteExecutor.execute(TestSuiteExecutor.java:106)&#xa;	at com.kms.katalon.core.main.TestCaseMain.startTestSuite(TestCaseMain.java:180)&#xa;	at TempTestSuite1716612067625.run(TempTestSuite1716612067625.groovy:35)&#xa;	at java.base/jdk.internal.reflect.NativeMethodAccessorImpl.invoke0(Native Method)&#xa;	at java.base/jdk.internal.reflect.NativeMethodAccessorImpl.invoke(NativeMethodAccessorImpl.java:77)&#xa;	at java.base/jdk.internal.reflect.DelegatingMethodAccessorImpl.invoke(DelegatingMethodAccessorImpl.java:43)&#xa;Caused by: java.net.URISyntaxException: Illegal character in scheme name at index 0:  https://pokeapi.co/api/v2/berry/cheri&#xa;	at com.kms.katalon.core.webservice.common.DefaultHttpRequest.&lt;init>(DefaultHttpRequest.java:14)&#xa;	at com.kms.katalon.core.webservice.common.RestfulClient.buildHttpRequest(RestfulClient.java:29)&#xa;	at com.kms.katalon.core.webservice.common.RestfulClient.buildHttpRequest(RestfulClient.java:1)&#xa;	at com.kms.katalon.core.webservice.common.BasicRequestor.send(BasicRequestor.java:55)&#xa;	at com.kms.katalon.core.webservice.helper.WebServiceCommonHelper.sendRequest(WebServiceCommonHelper.java:55)&#xa;	at com.kms.katalon.core.webservice.keyword.builtin.SendRequestKeyword$_sendRequest_closure1.doCall(SendRequestKeyword.groovy:40)&#xa;	at com.kms.katalon.core.webservice.keyword.builtin.SendRequestKeyword$_sendRequest_closure1.call(SendRequestKeyword.groovy)&#xa;	at com.kms.katalon.core.keyword.internal.KeywordMain.runKeyword(KeywordMain.groovy:75)&#xa;	at com.kms.katalon.core.webservice.keyword.builtin.SendRequestKeyword.sendRequest(SendRequestKeyword.groovy:38)&#xa;	at com.kms.katalon.core.webservice.keyword.builtin.SendRequestKeyword.execute(SendRequestKeyword.groovy:33)&#xa;	at com.kms.katalon.core.keyword.internal.KeywordExecutor.executeKeywordForPlatform(KeywordExecutor.groovy:74)&#xa;	at com.kms.katalon.core.webservice.keyword.WSBuiltInKeywords.sendRequest(WSBuiltInKeywords.groovy:41)&#xa;	at Script1716611119552.run(Script1716611119552.groovy:20)&#xa;	... 18 more&#xa;)&#xa;	at com.kms.katalon.core.keyword.internal.KeywordMain.stepFailed(KeywordMain.groovy:51)&#xa;	at com.kms.katalon.core.keyword.internal.KeywordMain.stepFailed(KeywordMain.groovy)&#xa;	at com.kms.katalon.core.keyword.internal.KeywordMain.runKeyword(KeywordMain.groovy:77)&#xa;	at com.kms.katalon.core.webservice.keyword.builtin.SendRequestKeyword.sendRequest(SendRequestKeyword.groovy:38)&#xa;	at com.kms.katalon.core.webservice.keyword.builtin.SendRequestKeyword.execute(SendRequestKeyword.groovy:33)&#xa;	at com.kms.katalon.core.keyword.internal.KeywordExecutor.executeKeywordForPlatform(KeywordExecutor.groovy:74)&#xa;	at com.kms.katalon.core.webservice.keyword.WSBuiltInKeywords.sendRequest(WSBuiltInKeywords.groovy:41)&#xa;	at getBerryByName.run(getBerryByName:20)&#xa;	at com.kms.katalon.core.main.ScriptEngine.run(ScriptEngine.java:194)&#xa;	at com.kms.katalon.core.main.ScriptEngine.runScriptAsRawText(ScriptEngine.java:119)&#xa;	at com.kms.katalon.core.main.TestCaseExecutor.runScript(TestCaseExecutor.java:448)&#xa;	at com.kms.katalon.core.main.TestCaseExecutor.doExecute(TestCaseExecutor.java:439)&#xa;	at com.kms.katalon.core.main.TestCaseExecutor.processExecutionPhase(TestCaseExecutor.java:418)&#xa;	at com.kms.katalon.core.main.TestCaseExecutor.accessMainPhase(TestCaseExecutor.java:410)&#xa;	at com.kms.katalon.core.main.TestCaseExecutor.execute(TestCaseExecutor.java:285)&#xa;	at com.kms.katalon.core.main.TestCaseExecutor.execute(TestCaseExecutor.java:369)&#xa;	at com.kms.katalon.core.main.TestCaseExecutor.execute(TestCaseExecutor.java:369)&#xa;	at com.kms.katalon.core.main.TestCaseExecutor.execute(TestCaseExecutor.java:369)&#xa;	at com.kms.katalon.core.common.CommonExecutor.accessTestCaseMainPhase(CommonExecutor.java:65)&#xa;	at com.kms.katalon.core.main.TestSuiteExecutor.accessTestSuiteMainPhase(TestSuiteExecutor.java:150)&#xa;	at com.kms.katalon.core.main.TestSuiteExecutor.execute(TestSuiteExecutor.java:106)&#xa;	at com.kms.katalon.core.main.TestCaseMain.startTestSuite(TestCaseMain.java:180)&#xa;	at TempTestSuite1716612067625.run(TempTestSuite1716612067625.groovy:35)&#xa;	at java.base/jdk.internal.reflect.NativeMethodAccessorImpl.invoke0(Native Method)&#xa;	at java.base/jdk.internal.reflect.NativeMethodAccessorImpl.invoke(NativeMethodAccessorImpl.java:77)&#xa;	at java.base/jdk.internal.reflect.DelegatingMethodAccessorImpl.invoke(DelegatingMethodAccessorImpl.java:43)&#xa;Caused by: java.lang.IllegalArgumentException: Illegal character in scheme name at index 0:  https://pokeapi.co/api/v2/berry/cheri&#xa;	at com.kms.katalon.core.webservice.common.DefaultHttpRequest.&lt;init>(DefaultHttpRequest.java:14)&#xa;	at com.kms.katalon.core.webservice.common.RestfulClient.buildHttpRequest(RestfulClient.java:29)&#xa;	at com.kms.katalon.core.webservice.common.RestfulClient.buildHttpRequest(RestfulClient.java:1)&#xa;	at com.kms.katalon.core.webservice.common.BasicRequestor.send(BasicRequestor.java:55)&#xa;	at com.kms.katalon.core.webservice.helper.WebServiceCommonHelper.sendRequest(WebServiceCommonHelper.java:55)&#xa;	at com.kms.katalon.core.webservice.keyword.builtin.SendRequestKeyword$_sendRequest_closure1.doCall(SendRequestKeyword.groovy:40)&#xa;	at com.kms.katalon.core.webservice.keyword.builtin.SendRequestKeyword$_sendRequest_closure1.call(SendRequestKeyword.groovy)&#xa;	at com.kms.katalon.core.keyword.internal.KeywordMain.runKeyword(KeywordMain.groovy:75)&#xa;	... 23 more&#xa;Caused by: java.net.URISyntaxException: Illegal character in scheme name at index 0:  https://pokeapi.co/api/v2/berry/cheri&#xa;	... 31 more&#xa;"/>
         <system-out><![CDATA[25-05-2024T11:41:16 - [TEST_CASE][FAILED] - Test Cases/API/getBerryByName: Test Cases/API/getBerryByName FAILED.
Reason:
com.kms.katalon.core.exception.StepFailedException: Unable to send request (Root cause: java.lang.IllegalArgumentException: Illegal character in scheme name at index 0:  https://pokeapi.co/api/v2/berry/cheri
	at com.kms.katalon.core.webservice.common.DefaultHttpRequest.<init>(DefaultHttpRequest.java:14)
	at com.kms.katalon.core.webservice.common.RestfulClient.buildHttpRequest(RestfulClient.java:29)
	at com.kms.katalon.core.webservice.common.RestfulClient.buildHttpRequest(RestfulClient.java:1)
	at com.kms.katalon.core.webservice.common.BasicRequestor.send(BasicRequestor.java:55)
	at com.kms.katalon.core.webservice.helper.WebServiceCommonHelper.sendRequest(WebServiceCommonHelper.java:55)
	at com.kms.katalon.core.webservice.keyword.builtin.SendRequestKeyword$_sendRequest_closure1.doCall(SendRequestKeyword.groovy:40)
	at com.kms.katalon.core.webservice.keyword.builtin.SendRequestKeyword$_sendRequest_closure1.call(SendRequestKeyword.groovy)
	at com.kms.katalon.core.keyword.internal.KeywordMain.runKeyword(KeywordMain.groovy:75)
	at com.kms.katalon.core.webservice.keyword.builtin.SendRequestKeyword.sendRequest(SendRequestKeyword.groovy:38)
	at com.kms.katalon.core.webservice.keyword.builtin.SendRequestKeyword.execute(SendRequestKeyword.groovy:33)
	at com.kms.katalon.core.keyword.internal.KeywordExecutor.executeKeywordForPlatform(KeywordExecutor.groovy:74)
	at com.kms.katalon.core.webservice.keyword.WSBuiltInKeywords.sendRequest(WSBuiltInKeywords.groovy:41)
	at getBerryByName.run(getBerryByName:20)
	at com.kms.katalon.core.main.ScriptEngine.run(ScriptEngine.java:194)
	at com.kms.katalon.core.main.ScriptEngine.runScriptAsRawText(ScriptEngine.java:119)
	at com.kms.katalon.core.main.TestCaseExecutor.runScript(TestCaseExecutor.java:448)
	at com.kms.katalon.core.main.TestCaseExecutor.doExecute(TestCaseExecutor.java:439)
	at com.kms.katalon.core.main.TestCaseExecutor.processExecutionPhase(TestCaseExecutor.java:418)
	at com.kms.katalon.core.main.TestCaseExecutor.accessMainPhase(TestCaseExecutor.java:410)
	at com.kms.katalon.core.main.TestCaseExecutor.execute(TestCaseExecutor.java:285)
	at com.kms.katalon.core.main.TestCaseExecutor.execute(TestCaseExecutor.java:369)
	at com.kms.katalon.core.main.TestCaseExecutor.execute(TestCaseExecutor.java:369)
	at com.kms.katalon.core.main.TestCaseExecutor.execute(TestCaseExecutor.java:369)
	at com.kms.katalon.core.common.CommonExecutor.accessTestCaseMainPhase(CommonExecutor.java:65)
	at com.kms.katalon.core.main.TestSuiteExecutor.accessTestSuiteMainPhase(TestSuiteExecutor.java:150)
	at com.kms.katalon.core.main.TestSuiteExecutor.execute(TestSuiteExecutor.java:106)
	at com.kms.katalon.core.main.TestCaseMain.startTestSuite(TestCaseMain.java:180)
	at TempTestSuite1716612067625.run(TempTestSuite1716612067625.groovy:35)
	at java.base/jdk.internal.reflect.NativeMethodAccessorImpl.invoke0(Native Method)
	at java.base/jdk.internal.reflect.NativeMethodAccessorImpl.invoke(NativeMethodAccessorImpl.java:77)
	at java.base/jdk.internal.reflect.DelegatingMethodAccessorImpl.invoke(DelegatingMethodAccessorImpl.java:43)
Caused by: java.net.URISyntaxException: Illegal character in scheme name at index 0:  https://pokeapi.co/api/v2/berry/cheri
	at com.kms.katalon.core.webservice.common.DefaultHttpRequest.<init>(DefaultHttpRequest.java:14)
	at com.kms.katalon.core.webservice.common.RestfulClient.buildHttpRequest(RestfulClient.java:29)
	at com.kms.katalon.core.webservice.common.RestfulClient.buildHttpRequest(RestfulClient.java:1)
	at com.kms.katalon.core.webservice.common.BasicRequestor.send(BasicRequestor.java:55)
	at com.kms.katalon.core.webservice.helper.WebServiceCommonHelper.sendRequest(WebServiceCommonHelper.java:55)
	at com.kms.katalon.core.webservice.keyword.builtin.SendRequestKeyword$_sendRequest_closure1.doCall(SendRequestKeyword.groovy:40)
	at com.kms.katalon.core.webservice.keyword.builtin.SendRequestKeyword$_sendRequest_closure1.call(SendRequestKeyword.groovy)
	at com.kms.katalon.core.keyword.internal.KeywordMain.runKeyword(KeywordMain.groovy:75)
	at com.kms.katalon.core.webservice.keyword.builtin.SendRequestKeyword.sendRequest(SendRequestKeyword.groovy:38)
	at com.kms.katalon.core.webservice.keyword.builtin.SendRequestKeyword.execute(SendRequestKeyword.groovy:33)
	at com.kms.katalon.core.keyword.internal.KeywordExecutor.executeKeywordForPlatform(KeywordExecutor.groovy:74)
	at com.kms.katalon.core.webservice.keyword.WSBuiltInKeywords.sendRequest(WSBuiltInKeywords.groovy:41)
	at Script1716611119552.run(Script1716611119552.groovy:20)
	... 18 more
)
	at com.kms.katalon.core.keyword.internal.KeywordMain.stepFailed(KeywordMain.groovy:51)
	at com.kms.katalon.core.keyword.internal.KeywordMain.stepFailed(KeywordMain.groovy)
	at com.kms.katalon.core.keyword.internal.KeywordMain.runKeyword(KeywordMain.groovy:77)
	at com.kms.katalon.core.webservice.keyword.builtin.SendRequestKeyword.sendRequest(SendRequestKeyword.groovy:38)
	at com.kms.katalon.core.webservice.keyword.builtin.SendRequestKeyword.execute(SendRequestKeyword.groovy:33)
	at com.kms.katalon.core.keyword.internal.KeywordExecutor.executeKeywordForPlatform(KeywordExecutor.groovy:74)
	at com.kms.katalon.core.webservice.keyword.WSBuiltInKeywords.sendRequest(WSBuiltInKeywords.groovy:41)
	at getBerryByName.run(getBerryByName:20)
	at com.kms.katalon.core.main.ScriptEngine.run(ScriptEngine.java:194)
	at com.kms.katalon.core.main.ScriptEngine.runScriptAsRawText(ScriptEngine.java:119)
	at com.kms.katalon.core.main.TestCaseExecutor.runScript(TestCaseExecutor.java:448)
	at com.kms.katalon.core.main.TestCaseExecutor.doExecute(TestCaseExecutor.java:439)
	at com.kms.katalon.core.main.TestCaseExecutor.processExecutionPhase(TestCaseExecutor.java:418)
	at com.kms.katalon.core.main.TestCaseExecutor.accessMainPhase(TestCaseExecutor.java:410)
	at com.kms.katalon.core.main.TestCaseExecutor.execute(TestCaseExecutor.java:285)
	at com.kms.katalon.core.main.TestCaseExecutor.execute(TestCaseExecutor.java:369)
	at com.kms.katalon.core.main.TestCaseExecutor.execute(TestCaseExecutor.java:369)
	at com.kms.katalon.core.main.TestCaseExecutor.execute(TestCaseExecutor.java:369)
	at com.kms.katalon.core.common.CommonExecutor.accessTestCaseMainPhase(CommonExecutor.java:65)
	at com.kms.katalon.core.main.TestSuiteExecutor.accessTestSuiteMainPhase(TestSuiteExecutor.java:150)
	at com.kms.katalon.core.main.TestSuiteExecutor.execute(TestSuiteExecutor.java:106)
	at com.kms.katalon.core.main.TestCaseMain.startTestSuite(TestCaseMain.java:180)
	at TempTestSuite1716612067625.run(TempTestSuite1716612067625.groovy:35)
	at java.base/jdk.internal.reflect.NativeMethodAccessorImpl.invoke0(Native Method)
	at java.base/jdk.internal.reflect.NativeMethodAccessorImpl.invoke(NativeMethodAccessorImpl.java:77)
	at java.base/jdk.internal.reflect.DelegatingMethodAccessorImpl.invoke(DelegatingMethodAccessorImpl.java:43)
Caused by: java.lang.IllegalArgumentException: Illegal character in scheme name at index 0:  https://pokeapi.co/api/v2/berry/cheri
	at com.kms.katalon.core.webservice.common.DefaultHttpRequest.<init>(DefaultHttpRequest.java:14)
	at com.kms.katalon.core.webservice.common.RestfulClient.buildHttpRequest(RestfulClient.java:29)
	at com.kms.katalon.core.webservice.common.RestfulClient.buildHttpRequest(RestfulClient.java:1)
	at com.kms.katalon.core.webservice.common.BasicRequestor.send(BasicRequestor.java:55)
	at com.kms.katalon.core.webservice.helper.WebServiceCommonHelper.sendRequest(WebServiceCommonHelper.java:55)
	at com.kms.katalon.core.webservice.keyword.builtin.SendRequestKeyword$_sendRequest_closure1.doCall(SendRequestKeyword.groovy:40)
	at com.kms.katalon.core.webservice.keyword.builtin.SendRequestKeyword$_sendRequest_closure1.call(SendRequestKeyword.groovy)
	at com.kms.katalon.core.keyword.internal.KeywordMain.runKeyword(KeywordMain.groovy:75)
	... 23 more
Caused by: java.net.URISyntaxException: Illegal character in scheme name at index 0:  https://pokeapi.co/api/v2/berry/cheri
	... 31 more


25-05-2024T11:41:16 - [TEST_STEP][FAILED] - response = sendRequest(findTestObject("REST/getBerry", ["id":"cheri"])): Unable to send request (Root cause: java.lang.IllegalArgumentException: Illegal character in scheme name at index 0:  https://pokeapi.co/api/v2/berry/cheri
	at com.kms.katalon.core.webservice.common.DefaultHttpRequest.<init>(DefaultHttpRequest.java:14)
	at com.kms.katalon.core.webservice.common.RestfulClient.buildHttpRequest(RestfulClient.java:29)
	at com.kms.katalon.core.webservice.common.RestfulClient.buildHttpRequest(RestfulClient.java:1)
	at com.kms.katalon.core.webservice.common.BasicRequestor.send(BasicRequestor.java:55)
	at com.kms.katalon.core.webservice.helper.WebServiceCommonHelper.sendRequest(WebServiceCommonHelper.java:55)
	at com.kms.katalon.core.webservice.keyword.builtin.SendRequestKeyword$_sendRequest_closure1.doCall(SendRequestKeyword.groovy:40)
	at com.kms.katalon.core.webservice.keyword.builtin.SendRequestKeyword$_sendRequest_closure1.call(SendRequestKeyword.groovy)
	at com.kms.katalon.core.keyword.internal.KeywordMain.runKeyword(KeywordMain.groovy:75)
	at com.kms.katalon.core.webservice.keyword.builtin.SendRequestKeyword.sendRequest(SendRequestKeyword.groovy:38)
	at com.kms.katalon.core.webservice.keyword.builtin.SendRequestKeyword.execute(SendRequestKeyword.groovy:33)
	at com.kms.katalon.core.keyword.internal.KeywordExecutor.executeKeywordForPlatform(KeywordExecutor.groovy:74)
	at com.kms.katalon.core.webservice.keyword.WSBuiltInKeywords.sendRequest(WSBuiltInKeywords.groovy:41)
	at getBerryByName.run(getBerryByName:20)
	at com.kms.katalon.core.main.ScriptEngine.run(ScriptEngine.java:194)
	at com.kms.katalon.core.main.ScriptEngine.runScriptAsRawText(ScriptEngine.java:119)
	at com.kms.katalon.core.main.TestCaseExecutor.runScript(TestCaseExecutor.java:448)
	at com.kms.katalon.core.main.TestCaseExecutor.doExecute(TestCaseExecutor.java:439)
	at com.kms.katalon.core.main.TestCaseExecutor.processExecutionPhase(TestCaseExecutor.java:418)
	at com.kms.katalon.core.main.TestCaseExecutor.accessMainPhase(TestCaseExecutor.java:410)
	at com.kms.katalon.core.main.TestCaseExecutor.execute(TestCaseExecutor.java:285)
	at com.kms.katalon.core.main.TestCaseExecutor.execute(TestCaseExecutor.java:369)
	at com.kms.katalon.core.main.TestCaseExecutor.execute(TestCaseExecutor.java:369)
	at com.kms.katalon.core.main.TestCaseExecutor.execute(TestCaseExecutor.java:369)
	at com.kms.katalon.core.common.CommonExecutor.accessTestCaseMainPhase(CommonExecutor.java:65)
	at com.kms.katalon.core.main.TestSuiteExecutor.accessTestSuiteMainPhase(TestSuiteExecutor.java:150)
	at com.kms.katalon.core.main.TestSuiteExecutor.execute(TestSuiteExecutor.java:106)
	at com.kms.katalon.core.main.TestCaseMain.startTestSuite(TestCaseMain.java:180)
	at TempTestSuite1716612067625.run(TempTestSuite1716612067625.groovy:35)
	at java.base/jdk.internal.reflect.NativeMethodAccessorImpl.invoke0(Native Method)
	at java.base/jdk.internal.reflect.NativeMethodAccessorImpl.invoke(NativeMethodAccessorImpl.java:77)
	at java.base/jdk.internal.reflect.DelegatingMethodAccessorImpl.invoke(DelegatingMethodAccessorImpl.java:43)
Caused by: java.net.URISyntaxException: Illegal character in scheme name at index 0:  https://pokeapi.co/api/v2/berry/cheri
	at com.kms.katalon.core.webservice.common.DefaultHttpRequest.<init>(DefaultHttpRequest.java:14)
	at com.kms.katalon.core.webservice.common.RestfulClient.buildHttpRequest(RestfulClient.java:29)
	at com.kms.katalon.core.webservice.common.RestfulClient.buildHttpRequest(RestfulClient.java:1)
	at com.kms.katalon.core.webservice.common.BasicRequestor.send(BasicRequestor.java:55)
	at com.kms.katalon.core.webservice.helper.WebServiceCommonHelper.sendRequest(WebServiceCommonHelper.java:55)
	at com.kms.katalon.core.webservice.keyword.builtin.SendRequestKeyword$_sendRequest_closure1.doCall(SendRequestKeyword.groovy:40)
	at com.kms.katalon.core.webservice.keyword.builtin.SendRequestKeyword$_sendRequest_closure1.call(SendRequestKeyword.groovy)
	at com.kms.katalon.core.keyword.internal.KeywordMain.runKeyword(KeywordMain.groovy:75)
	at com.kms.katalon.core.webservice.keyword.builtin.SendRequestKeyword.sendRequest(SendRequestKeyword.groovy:38)
	at com.kms.katalon.core.webservice.keyword.builtin.SendRequestKeyword.execute(SendRequestKeyword.groovy:33)
	at com.kms.katalon.core.keyword.internal.KeywordExecutor.executeKeywordForPlatform(KeywordExecutor.groovy:74)
	at com.kms.katalon.core.webservice.keyword.WSBuiltInKeywords.sendRequest(WSBuiltInKeywords.groovy:41)
	at Script1716611119552.run(Script1716611119552.groovy:20)
	... 18 more
)

25-05-2024T11:41:16 - [MESSAGE][FAILED] - Unable to send request (Root cause: java.lang.IllegalArgumentException: Illegal character in scheme name at index 0:  https://pokeapi.co/api/v2/berry/cheri
	at com.kms.katalon.core.webservice.common.DefaultHttpRequest.<init>(DefaultHttpRequest.java:14)
	at com.kms.katalon.core.webservice.common.RestfulClient.buildHttpRequest(RestfulClient.java:29)
	at com.kms.katalon.core.webservice.common.RestfulClient.buildHttpRequest(RestfulClient.java:1)
	at com.kms.katalon.core.webservice.common.BasicRequestor.send(BasicRequestor.java:55)
	at com.kms.katalon.core.webservice.helper.WebServiceCommonHelper.sendRequest(WebServiceCommonHelper.java:55)
	at com.kms.katalon.core.webservice.keyword.builtin.SendRequestKeyword$_sendRequest_closure1.doCall(SendRequestKeyword.groovy:40)
	at com.kms.katalon.core.webservice.keyword.builtin.SendRequestKeyword$_sendRequest_closure1.call(SendRequestKeyword.groovy)
	at com.kms.katalon.core.keyword.internal.KeywordMain.runKeyword(KeywordMain.groovy:75)
	at com.kms.katalon.core.webservice.keyword.builtin.SendRequestKeyword.sendRequest(SendRequestKeyword.groovy:38)
	at com.kms.katalon.core.webservice.keyword.builtin.SendRequestKeyword.execute(SendRequestKeyword.groovy:33)
	at com.kms.katalon.core.keyword.internal.KeywordExecutor.executeKeywordForPlatform(KeywordExecutor.groovy:74)
	at com.kms.katalon.core.webservice.keyword.WSBuiltInKeywords.sendRequest(WSBuiltInKeywords.groovy:41)
	at getBerryByName.run(getBerryByName:20)
	at com.kms.katalon.core.main.ScriptEngine.run(ScriptEngine.java:194)
	at com.kms.katalon.core.main.ScriptEngine.runScriptAsRawText(ScriptEngine.java:119)
	at com.kms.katalon.core.main.TestCaseExecutor.runScript(TestCaseExecutor.java:448)
	at com.kms.katalon.core.main.TestCaseExecutor.doExecute(TestCaseExecutor.java:439)
	at com.kms.katalon.core.main.TestCaseExecutor.processExecutionPhase(TestCaseExecutor.java:418)
	at com.kms.katalon.core.main.TestCaseExecutor.accessMainPhase(TestCaseExecutor.java:410)
	at com.kms.katalon.core.main.TestCaseExecutor.execute(TestCaseExecutor.java:285)
	at com.kms.katalon.core.main.TestCaseExecutor.execute(TestCaseExecutor.java:369)
	at com.kms.katalon.core.main.TestCaseExecutor.execute(TestCaseExecutor.java:369)
	at com.kms.katalon.core.main.TestCaseExecutor.execute(TestCaseExecutor.java:369)
	at com.kms.katalon.core.common.CommonExecutor.accessTestCaseMainPhase(CommonExecutor.java:65)
	at com.kms.katalon.core.main.TestSuiteExecutor.accessTestSuiteMainPhase(TestSuiteExecutor.java:150)
	at com.kms.katalon.core.main.TestSuiteExecutor.execute(TestSuiteExecutor.java:106)
	at com.kms.katalon.core.main.TestCaseMain.startTestSuite(TestCaseMain.java:180)
	at TempTestSuite1716612067625.run(TempTestSuite1716612067625.groovy:35)
	at java.base/jdk.internal.reflect.NativeMethodAccessorImpl.invoke0(Native Method)
	at java.base/jdk.internal.reflect.NativeMethodAccessorImpl.invoke(NativeMethodAccessorImpl.java:77)
	at java.base/jdk.internal.reflect.DelegatingMethodAccessorImpl.invoke(DelegatingMethodAccessorImpl.java:43)
Caused by: java.net.URISyntaxException: Illegal character in scheme name at index 0:  https://pokeapi.co/api/v2/berry/cheri
	at com.kms.katalon.core.webservice.common.DefaultHttpRequest.<init>(DefaultHttpRequest.java:14)
	at com.kms.katalon.core.webservice.common.RestfulClient.buildHttpRequest(RestfulClient.java:29)
	at com.kms.katalon.core.webservice.common.RestfulClient.buildHttpRequest(RestfulClient.java:1)
	at com.kms.katalon.core.webservice.common.BasicRequestor.send(BasicRequestor.java:55)
	at com.kms.katalon.core.webservice.helper.WebServiceCommonHelper.sendRequest(WebServiceCommonHelper.java:55)
	at com.kms.katalon.core.webservice.keyword.builtin.SendRequestKeyword$_sendRequest_closure1.doCall(SendRequestKeyword.groovy:40)
	at com.kms.katalon.core.webservice.keyword.builtin.SendRequestKeyword$_sendRequest_closure1.call(SendRequestKeyword.groovy)
	at com.kms.katalon.core.keyword.internal.KeywordMain.runKeyword(KeywordMain.groovy:75)
	at com.kms.katalon.core.webservice.keyword.builtin.SendRequestKeyword.sendRequest(SendRequestKeyword.groovy:38)
	at com.kms.katalon.core.webservice.keyword.builtin.SendRequestKeyword.execute(SendRequestKeyword.groovy:33)
	at com.kms.katalon.core.keyword.internal.KeywordExecutor.executeKeywordForPlatform(KeywordExecutor.groovy:74)
	at com.kms.katalon.core.webservice.keyword.WSBuiltInKeywords.sendRequest(WSBuiltInKeywords.groovy:41)
	at Script1716611119552.run(Script1716611119552.groovy:20)
	... 18 more
)]]></system-out>
         <system-err><![CDATA[25-05-2024T11:41:16 - [TEST_CASE][FAILED] - Test Cases/API/getBerryByName: Test Cases/API/getBerryByName FAILED.
Reason:
com.kms.katalon.core.exception.StepFailedException: Unable to send request (Root cause: java.lang.IllegalArgumentException: Illegal character in scheme name at index 0:  https://pokeapi.co/api/v2/berry/cheri
	at com.kms.katalon.core.webservice.common.DefaultHttpRequest.<init>(DefaultHttpRequest.java:14)
	at com.kms.katalon.core.webservice.common.RestfulClient.buildHttpRequest(RestfulClient.java:29)
	at com.kms.katalon.core.webservice.common.RestfulClient.buildHttpRequest(RestfulClient.java:1)
	at com.kms.katalon.core.webservice.common.BasicRequestor.send(BasicRequestor.java:55)
	at com.kms.katalon.core.webservice.helper.WebServiceCommonHelper.sendRequest(WebServiceCommonHelper.java:55)
	at com.kms.katalon.core.webservice.keyword.builtin.SendRequestKeyword$_sendRequest_closure1.doCall(SendRequestKeyword.groovy:40)
	at com.kms.katalon.core.webservice.keyword.builtin.SendRequestKeyword$_sendRequest_closure1.call(SendRequestKeyword.groovy)
	at com.kms.katalon.core.keyword.internal.KeywordMain.runKeyword(KeywordMain.groovy:75)
	at com.kms.katalon.core.webservice.keyword.builtin.SendRequestKeyword.sendRequest(SendRequestKeyword.groovy:38)
	at com.kms.katalon.core.webservice.keyword.builtin.SendRequestKeyword.execute(SendRequestKeyword.groovy:33)
	at com.kms.katalon.core.keyword.internal.KeywordExecutor.executeKeywordForPlatform(KeywordExecutor.groovy:74)
	at com.kms.katalon.core.webservice.keyword.WSBuiltInKeywords.sendRequest(WSBuiltInKeywords.groovy:41)
	at getBerryByName.run(getBerryByName:20)
	at com.kms.katalon.core.main.ScriptEngine.run(ScriptEngine.java:194)
	at com.kms.katalon.core.main.ScriptEngine.runScriptAsRawText(ScriptEngine.java:119)
	at com.kms.katalon.core.main.TestCaseExecutor.runScript(TestCaseExecutor.java:448)
	at com.kms.katalon.core.main.TestCaseExecutor.doExecute(TestCaseExecutor.java:439)
	at com.kms.katalon.core.main.TestCaseExecutor.processExecutionPhase(TestCaseExecutor.java:418)
	at com.kms.katalon.core.main.TestCaseExecutor.accessMainPhase(TestCaseExecutor.java:410)
	at com.kms.katalon.core.main.TestCaseExecutor.execute(TestCaseExecutor.java:285)
	at com.kms.katalon.core.main.TestCaseExecutor.execute(TestCaseExecutor.java:369)
	at com.kms.katalon.core.main.TestCaseExecutor.execute(TestCaseExecutor.java:369)
	at com.kms.katalon.core.main.TestCaseExecutor.execute(TestCaseExecutor.java:369)
	at com.kms.katalon.core.common.CommonExecutor.accessTestCaseMainPhase(CommonExecutor.java:65)
	at com.kms.katalon.core.main.TestSuiteExecutor.accessTestSuiteMainPhase(TestSuiteExecutor.java:150)
	at com.kms.katalon.core.main.TestSuiteExecutor.execute(TestSuiteExecutor.java:106)
	at com.kms.katalon.core.main.TestCaseMain.startTestSuite(TestCaseMain.java:180)
	at TempTestSuite1716612067625.run(TempTestSuite1716612067625.groovy:35)
	at java.base/jdk.internal.reflect.NativeMethodAccessorImpl.invoke0(Native Method)
	at java.base/jdk.internal.reflect.NativeMethodAccessorImpl.invoke(NativeMethodAccessorImpl.java:77)
	at java.base/jdk.internal.reflect.DelegatingMethodAccessorImpl.invoke(DelegatingMethodAccessorImpl.java:43)
Caused by: java.net.URISyntaxException: Illegal character in scheme name at index 0:  https://pokeapi.co/api/v2/berry/cheri
	at com.kms.katalon.core.webservice.common.DefaultHttpRequest.<init>(DefaultHttpRequest.java:14)
	at com.kms.katalon.core.webservice.common.RestfulClient.buildHttpRequest(RestfulClient.java:29)
	at com.kms.katalon.core.webservice.common.RestfulClient.buildHttpRequest(RestfulClient.java:1)
	at com.kms.katalon.core.webservice.common.BasicRequestor.send(BasicRequestor.java:55)
	at com.kms.katalon.core.webservice.helper.WebServiceCommonHelper.sendRequest(WebServiceCommonHelper.java:55)
	at com.kms.katalon.core.webservice.keyword.builtin.SendRequestKeyword$_sendRequest_closure1.doCall(SendRequestKeyword.groovy:40)
	at com.kms.katalon.core.webservice.keyword.builtin.SendRequestKeyword$_sendRequest_closure1.call(SendRequestKeyword.groovy)
	at com.kms.katalon.core.keyword.internal.KeywordMain.runKeyword(KeywordMain.groovy:75)
	at com.kms.katalon.core.webservice.keyword.builtin.SendRequestKeyword.sendRequest(SendRequestKeyword.groovy:38)
	at com.kms.katalon.core.webservice.keyword.builtin.SendRequestKeyword.execute(SendRequestKeyword.groovy:33)
	at com.kms.katalon.core.keyword.internal.KeywordExecutor.executeKeywordForPlatform(KeywordExecutor.groovy:74)
	at com.kms.katalon.core.webservice.keyword.WSBuiltInKeywords.sendRequest(WSBuiltInKeywords.groovy:41)
	at Script1716611119552.run(Script1716611119552.groovy:20)
	... 18 more
)
	at com.kms.katalon.core.keyword.internal.KeywordMain.stepFailed(KeywordMain.groovy:51)
	at com.kms.katalon.core.keyword.internal.KeywordMain.stepFailed(KeywordMain.groovy)
	at com.kms.katalon.core.keyword.internal.KeywordMain.runKeyword(KeywordMain.groovy:77)
	at com.kms.katalon.core.webservice.keyword.builtin.SendRequestKeyword.sendRequest(SendRequestKeyword.groovy:38)
	at com.kms.katalon.core.webservice.keyword.builtin.SendRequestKeyword.execute(SendRequestKeyword.groovy:33)
	at com.kms.katalon.core.keyword.internal.KeywordExecutor.executeKeywordForPlatform(KeywordExecutor.groovy:74)
	at com.kms.katalon.core.webservice.keyword.WSBuiltInKeywords.sendRequest(WSBuiltInKeywords.groovy:41)
	at getBerryByName.run(getBerryByName:20)
	at com.kms.katalon.core.main.ScriptEngine.run(ScriptEngine.java:194)
	at com.kms.katalon.core.main.ScriptEngine.runScriptAsRawText(ScriptEngine.java:119)
	at com.kms.katalon.core.main.TestCaseExecutor.runScript(TestCaseExecutor.java:448)
	at com.kms.katalon.core.main.TestCaseExecutor.doExecute(TestCaseExecutor.java:439)
	at com.kms.katalon.core.main.TestCaseExecutor.processExecutionPhase(TestCaseExecutor.java:418)
	at com.kms.katalon.core.main.TestCaseExecutor.accessMainPhase(TestCaseExecutor.java:410)
	at com.kms.katalon.core.main.TestCaseExecutor.execute(TestCaseExecutor.java:285)
	at com.kms.katalon.core.main.TestCaseExecutor.execute(TestCaseExecutor.java:369)
	at com.kms.katalon.core.main.TestCaseExecutor.execute(TestCaseExecutor.java:369)
	at com.kms.katalon.core.main.TestCaseExecutor.execute(TestCaseExecutor.java:369)
	at com.kms.katalon.core.common.CommonExecutor.accessTestCaseMainPhase(CommonExecutor.java:65)
	at com.kms.katalon.core.main.TestSuiteExecutor.accessTestSuiteMainPhase(TestSuiteExecutor.java:150)
	at com.kms.katalon.core.main.TestSuiteExecutor.execute(TestSuiteExecutor.java:106)
	at com.kms.katalon.core.main.TestCaseMain.startTestSuite(TestCaseMain.java:180)
	at TempTestSuite1716612067625.run(TempTestSuite1716612067625.groovy:35)
	at java.base/jdk.internal.reflect.NativeMethodAccessorImpl.invoke0(Native Method)
	at java.base/jdk.internal.reflect.NativeMethodAccessorImpl.invoke(NativeMethodAccessorImpl.java:77)
	at java.base/jdk.internal.reflect.DelegatingMethodAccessorImpl.invoke(DelegatingMethodAccessorImpl.java:43)
Caused by: java.lang.IllegalArgumentException: Illegal character in scheme name at index 0:  https://pokeapi.co/api/v2/berry/cheri
	at com.kms.katalon.core.webservice.common.DefaultHttpRequest.<init>(DefaultHttpRequest.java:14)
	at com.kms.katalon.core.webservice.common.RestfulClient.buildHttpRequest(RestfulClient.java:29)
	at com.kms.katalon.core.webservice.common.RestfulClient.buildHttpRequest(RestfulClient.java:1)
	at com.kms.katalon.core.webservice.common.BasicRequestor.send(BasicRequestor.java:55)
	at com.kms.katalon.core.webservice.helper.WebServiceCommonHelper.sendRequest(WebServiceCommonHelper.java:55)
	at com.kms.katalon.core.webservice.keyword.builtin.SendRequestKeyword$_sendRequest_closure1.doCall(SendRequestKeyword.groovy:40)
	at com.kms.katalon.core.webservice.keyword.builtin.SendRequestKeyword$_sendRequest_closure1.call(SendRequestKeyword.groovy)
	at com.kms.katalon.core.keyword.internal.KeywordMain.runKeyword(KeywordMain.groovy:75)
	... 23 more
Caused by: java.net.URISyntaxException: Illegal character in scheme name at index 0:  https://pokeapi.co/api/v2/berry/cheri
	... 31 more]]></system-err>
      </testcase>
      <testcase name="Test Cases/API/getBerryFlavorById" time="1.431" classname="Test Cases/API/getBerryFlavorById" status="PASSED">
         <system-out><![CDATA[25-05-2024T11:41:16 - [TEST_CASE][PASSED] - Test Cases/API/getBerryFlavorById: Test Cases/API/getBerryFlavorById

25-05-2024T11:41:16 - [TEST_STEP][PASSED] - response = sendRequest(findTestObject("REST/getBerryFlavor", ["id":"1"])): Send request successfully

25-05-2024T11:41:18 - [MESSAGE][INFO] - HAR: F:\git\pokedex-katalon\pokedex-katalon\Reports\20240525_114106\API Pokedex\20240525_114107\requests\main\4.har

25-05-2024T11:41:18 - [MESSAGE][PASSED] - Send request successfully

25-05-2024T11:41:18 - [TEST_STEP][PASSED] - verifyResponseStatusCode(response, 200): Verify response status code successfully

25-05-2024T11:41:18 - [MESSAGE][PASSED] - Verify response status code successfully]]></system-out>
         <system-err><![CDATA[]]></system-err>
      </testcase>
      <testcase name="Test Cases/API/getBerryFlavorByName" time="0.733" classname="Test Cases/API/getBerryFlavorByName" status="PASSED">
         <system-out><![CDATA[25-05-2024T11:41:18 - [TEST_CASE][PASSED] - Test Cases/API/getBerryFlavorByName: Test Cases/API/getBerryFlavorByName

25-05-2024T11:41:18 - [TEST_STEP][PASSED] - response = sendRequest(findTestObject("REST/getBerryFlavor", ["id":"spicy"])): Send request successfully

25-05-2024T11:41:18 - [MESSAGE][INFO] - HAR: F:\git\pokedex-katalon\pokedex-katalon\Reports\20240525_114106\API Pokedex\20240525_114107\requests\main\5.har

25-05-2024T11:41:18 - [MESSAGE][PASSED] - Send request successfully

25-05-2024T11:41:18 - [TEST_STEP][PASSED] - verifyResponseStatusCode(response, 200): Verify response status code successfully

25-05-2024T11:41:18 - [MESSAGE][PASSED] - Verify response status code successfully]]></system-out>
         <system-err><![CDATA[]]></system-err>
      </testcase>
      <testcase name="Test Cases/API/getCharacteristicById" time="0.449" classname="Test Cases/API/getCharacteristicById" status="PASSED">
         <system-out><![CDATA[25-05-2024T11:41:18 - [TEST_CASE][PASSED] - Test Cases/API/getCharacteristicById: Test Cases/API/getCharacteristicById

25-05-2024T11:41:18 - [TEST_STEP][PASSED] - response = sendRequest(findTestObject("REST/getCharacteristic", ["id":"1"])): Send request successfully

25-05-2024T11:41:19 - [MESSAGE][INFO] - HAR: F:\git\pokedex-katalon\pokedex-katalon\Reports\20240525_114106\API Pokedex\20240525_114107\requests\main\6.har

25-05-2024T11:41:19 - [MESSAGE][PASSED] - Send request successfully

25-05-2024T11:41:19 - [TEST_STEP][PASSED] - verifyResponseStatusCode(response, 200): Verify response status code successfully

25-05-2024T11:41:19 - [MESSAGE][PASSED] - Verify response status code successfully]]></system-out>
         <system-err><![CDATA[]]></system-err>
      </testcase>
      <testcase name="Test Cases/API/getContestTypesById" time="0.434" classname="Test Cases/API/getContestTypesById" status="PASSED">
         <system-out><![CDATA[25-05-2024T11:41:19 - [TEST_CASE][PASSED] - Test Cases/API/getContestTypesById: Test Cases/API/getContestTypesById

25-05-2024T11:41:19 - [TEST_STEP][PASSED] - response = sendRequest(findTestObject("REST/getContestTypes", ["id":"1"])): Send request successfully

25-05-2024T11:41:19 - [MESSAGE][INFO] - HAR: F:\git\pokedex-katalon\pokedex-katalon\Reports\20240525_114106\API Pokedex\20240525_114107\requests\main\7.har

25-05-2024T11:41:19 - [MESSAGE][PASSED] - Send request successfully

25-05-2024T11:41:19 - [TEST_STEP][PASSED] - verifyResponseStatusCode(response, 200): Verify response status code successfully

25-05-2024T11:41:19 - [MESSAGE][PASSED] - Verify response status code successfully]]></system-out>
         <system-err><![CDATA[]]></system-err>
      </testcase>
      <testcase name="Test Cases/API/getContestTypesByName" time="0.722" classname="Test Cases/API/getContestTypesByName" status="PASSED">
         <system-out><![CDATA[25-05-2024T11:41:19 - [TEST_CASE][PASSED] - Test Cases/API/getContestTypesByName: Test Cases/API/getContestTypesByName

25-05-2024T11:41:19 - [TEST_STEP][PASSED] - response = sendRequest(findTestObject("REST/getContestTypes", ["id":"cool"])): Send request successfully

25-05-2024T11:41:20 - [MESSAGE][INFO] - HAR: F:\git\pokedex-katalon\pokedex-katalon\Reports\20240525_114106\API Pokedex\20240525_114107\requests\main\8.har

25-05-2024T11:41:20 - [MESSAGE][PASSED] - Send request successfully

25-05-2024T11:41:20 - [TEST_STEP][PASSED] - verifyResponseStatusCode(response, 200): Verify response status code successfully

25-05-2024T11:41:20 - [MESSAGE][PASSED] - Verify response status code successfully]]></system-out>
         <system-err><![CDATA[]]></system-err>
      </testcase>
      <testcase name="Test Cases/API/getEggsGroupById" time="0.18" classname="Test Cases/API/getEggsGroupById" status="PASSED">
         <system-out><![CDATA[25-05-2024T11:41:20 - [TEST_CASE][PASSED] - Test Cases/API/getEggsGroupById: Test Cases/API/getEggsGroupById

25-05-2024T11:41:20 - [TEST_STEP][PASSED] - response = sendRequest(findTestObject("REST/getEggsGroup", ["id":"monster"])): Send request successfully

25-05-2024T11:41:20 - [MESSAGE][INFO] - HAR: F:\git\pokedex-katalon\pokedex-katalon\Reports\20240525_114106\API Pokedex\20240525_114107\requests\main\9.har

25-05-2024T11:41:20 - [MESSAGE][PASSED] - Send request successfully

25-05-2024T11:41:20 - [TEST_STEP][PASSED] - verifyResponseStatusCode(response, 200): Verify response status code successfully

25-05-2024T11:41:20 - [MESSAGE][PASSED] - Verify response status code successfully]]></system-out>
         <system-err><![CDATA[]]></system-err>
      </testcase>
      <testcase name="Test Cases/API/getEggsGroupByName" time="1.147" classname="Test Cases/API/getEggsGroupByName" status="PASSED">
         <system-out><![CDATA[25-05-2024T11:41:20 - [TEST_CASE][PASSED] - Test Cases/API/getEggsGroupByName: Test Cases/API/getEggsGroupByName

25-05-2024T11:41:20 - [TEST_STEP][PASSED] - response = sendRequest(findTestObject("REST/getEggsGroup", ["id":"1"])): Send request successfully

25-05-2024T11:41:21 - [MESSAGE][INFO] - HAR: F:\git\pokedex-katalon\pokedex-katalon\Reports\20240525_114106\API Pokedex\20240525_114107\requests\main\10.har

25-05-2024T11:41:21 - [MESSAGE][PASSED] - Send request successfully

25-05-2024T11:41:21 - [TEST_STEP][PASSED] - verifyResponseStatusCode(response, 200): Verify response status code successfully

25-05-2024T11:41:21 - [MESSAGE][PASSED] - Verify response status code successfully]]></system-out>
         <system-err><![CDATA[]]></system-err>
      </testcase>
      <testcase name="Test Cases/API/getEncounterConditionValuesById" time="1.134" classname="Test Cases/API/getEncounterConditionValuesById" status="PASSED">
         <system-out><![CDATA[25-05-2024T11:41:21 - [TEST_CASE][PASSED] - Test Cases/API/getEncounterConditionValuesById: Test Cases/API/getEncounterConditionValuesById

25-05-2024T11:41:21 - [TEST_STEP][PASSED] - response = sendRequest(findTestObject("REST/getEncouterConditionValue", ["id":"swarm-yes"])): Send request successfully

25-05-2024T11:41:22 - [MESSAGE][INFO] - HAR: F:\git\pokedex-katalon\pokedex-katalon\Reports\20240525_114106\API Pokedex\20240525_114107\requests\main\11.har

25-05-2024T11:41:22 - [MESSAGE][PASSED] - Send request successfully

25-05-2024T11:41:22 - [TEST_STEP][PASSED] - verifyResponseStatusCode(response, 200): Verify response status code successfully

25-05-2024T11:41:22 - [MESSAGE][PASSED] - Verify response status code successfully]]></system-out>
         <system-err><![CDATA[]]></system-err>
      </testcase>
      <testcase name="Test Cases/API/getEncounterConditionValuesByName" time="1.113" classname="Test Cases/API/getEncounterConditionValuesByName" status="PASSED">
         <system-out><![CDATA[25-05-2024T11:41:22 - [TEST_CASE][PASSED] - Test Cases/API/getEncounterConditionValuesByName: Test Cases/API/getEncounterConditionValuesByName

25-05-2024T11:41:22 - [TEST_STEP][PASSED] - response = sendRequest(findTestObject("REST/getEncouterConditionValue", ["id":"1"])): Send request successfully

25-05-2024T11:41:24 - [MESSAGE][INFO] - HAR: F:\git\pokedex-katalon\pokedex-katalon\Reports\20240525_114106\API Pokedex\20240525_114107\requests\main\12.har

25-05-2024T11:41:24 - [MESSAGE][PASSED] - Send request successfully

25-05-2024T11:41:24 - [TEST_STEP][PASSED] - verifyResponseStatusCode(response, 200): Verify response status code successfully

25-05-2024T11:41:24 - [MESSAGE][PASSED] - Verify response status code successfully]]></system-out>
         <system-err><![CDATA[]]></system-err>
      </testcase>
      <testcase name="Test Cases/API/getEncouterConditionById" time="1.087" classname="Test Cases/API/getEncouterConditionById" status="PASSED">
         <system-out><![CDATA[25-05-2024T11:41:24 - [TEST_CASE][PASSED] - Test Cases/API/getEncouterConditionById: Test Cases/API/getEncouterConditionById

25-05-2024T11:41:24 - [TEST_STEP][PASSED] - response = sendRequest(findTestObject("REST/getEncounterCondition", ["id":"1"])): Send request successfully

25-05-2024T11:41:25 - [MESSAGE][INFO] - HAR: F:\git\pokedex-katalon\pokedex-katalon\Reports\20240525_114106\API Pokedex\20240525_114107\requests\main\13.har

25-05-2024T11:41:25 - [MESSAGE][PASSED] - Send request successfully

25-05-2024T11:41:25 - [TEST_STEP][PASSED] - verifyResponseStatusCode(response, 200): Verify response status code successfully

25-05-2024T11:41:25 - [MESSAGE][PASSED] - Verify response status code successfully]]></system-out>
         <system-err><![CDATA[]]></system-err>
      </testcase>
      <testcase name="Test Cases/API/getEncouterConditionByName" time="0.837" classname="Test Cases/API/getEncouterConditionByName" status="PASSED">
         <system-out><![CDATA[25-05-2024T11:41:25 - [TEST_CASE][PASSED] - Test Cases/API/getEncouterConditionByName: Test Cases/API/getEncouterConditionByName

25-05-2024T11:41:25 - [TEST_STEP][PASSED] - response = sendRequest(findTestObject("REST/getEncounterCondition", ["id":"swarm"])): Send request successfully

25-05-2024T11:41:25 - [MESSAGE][INFO] - HAR: F:\git\pokedex-katalon\pokedex-katalon\Reports\20240525_114106\API Pokedex\20240525_114107\requests\main\14.har

25-05-2024T11:41:26 - [MESSAGE][PASSED] - Send request successfully

25-05-2024T11:41:26 - [TEST_STEP][PASSED] - verifyResponseStatusCode(response, 200): Verify response status code successfully

25-05-2024T11:41:26 - [MESSAGE][PASSED] - Verify response status code successfully]]></system-out>
         <system-err><![CDATA[]]></system-err>
      </testcase>
      <testcase name="Test Cases/API/getEncouterMethodById" time="1.138" classname="Test Cases/API/getEncouterMethodById" status="PASSED">
         <system-out><![CDATA[25-05-2024T11:41:26 - [TEST_CASE][PASSED] - Test Cases/API/getEncouterMethodById: Test Cases/API/getEncouterMethodById

25-05-2024T11:41:26 - [TEST_STEP][PASSED] - response = sendRequest(findTestObject("REST/getEncounterMethod", ["id":"1"])): Send request successfully

25-05-2024T11:41:27 - [MESSAGE][INFO] - HAR: F:\git\pokedex-katalon\pokedex-katalon\Reports\20240525_114106\API Pokedex\20240525_114107\requests\main\15.har

25-05-2024T11:41:27 - [MESSAGE][PASSED] - Send request successfully

25-05-2024T11:41:27 - [TEST_STEP][PASSED] - verifyResponseStatusCode(response, 200): Verify response status code successfully

25-05-2024T11:41:27 - [MESSAGE][PASSED] - Verify response status code successfully]]></system-out>
         <system-err><![CDATA[]]></system-err>
      </testcase>
      <testcase name="Test Cases/API/getEncouterMethodByName" time="0.422" classname="Test Cases/API/getEncouterMethodByName" status="PASSED">
         <system-out><![CDATA[25-05-2024T11:41:27 - [TEST_CASE][PASSED] - Test Cases/API/getEncouterMethodByName: Test Cases/API/getEncouterMethodByName

25-05-2024T11:41:27 - [TEST_STEP][PASSED] - response = sendRequest(findTestObject("REST/getEncounterMethod", ["id":"walk"])): Send request successfully

25-05-2024T11:41:27 - [MESSAGE][INFO] - HAR: F:\git\pokedex-katalon\pokedex-katalon\Reports\20240525_114106\API Pokedex\20240525_114107\requests\main\16.har

25-05-2024T11:41:27 - [MESSAGE][PASSED] - Send request successfully

25-05-2024T11:41:27 - [TEST_STEP][PASSED] - verifyResponseStatusCode(response, 200): Verify response status code successfully

25-05-2024T11:41:27 - [MESSAGE][PASSED] - Verify response status code successfully]]></system-out>
         <system-err><![CDATA[]]></system-err>
      </testcase>
      <testcase name="Test Cases/API/getEvolutionTriggerById" time="1.139" classname="Test Cases/API/getEvolutionTriggerById" status="PASSED">
         <system-out><![CDATA[25-05-2024T11:41:27 - [TEST_CASE][PASSED] - Test Cases/API/getEvolutionTriggerById: Test Cases/API/getEvolutionTriggerById

25-05-2024T11:41:27 - [TEST_STEP][PASSED] - response = sendRequest(findTestObject("REST/getEvolutionTrigger", ["id":"1"])): Send request successfully

25-05-2024T11:41:28 - [MESSAGE][INFO] - HAR: F:\git\pokedex-katalon\pokedex-katalon\Reports\20240525_114106\API Pokedex\20240525_114107\requests\main\17.har

25-05-2024T11:41:28 - [MESSAGE][PASSED] - Send request successfully

25-05-2024T11:41:28 - [TEST_STEP][PASSED] - verifyResponseStatusCode(response, 200): Verify response status code successfully

25-05-2024T11:41:28 - [MESSAGE][PASSED] - Verify response status code successfully]]></system-out>
         <system-err><![CDATA[]]></system-err>
      </testcase>
      <testcase name="Test Cases/API/getEvolutionTriggerByName" time="0.459" classname="Test Cases/API/getEvolutionTriggerByName" status="PASSED">
         <system-out><![CDATA[25-05-2024T11:41:28 - [TEST_CASE][PASSED] - Test Cases/API/getEvolutionTriggerByName: Test Cases/API/getEvolutionTriggerByName

25-05-2024T11:41:28 - [TEST_STEP][PASSED] - response = sendRequest(findTestObject("REST/getEvolutionTrigger", ["id":"level-up"])): Send request successfully

25-05-2024T11:41:29 - [MESSAGE][INFO] - HAR: F:\git\pokedex-katalon\pokedex-katalon\Reports\20240525_114106\API Pokedex\20240525_114107\requests\main\18.har

25-05-2024T11:41:29 - [MESSAGE][PASSED] - Send request successfully

25-05-2024T11:41:29 - [TEST_STEP][PASSED] - verifyResponseStatusCode(response, 200): Verify response status code successfully

25-05-2024T11:41:29 - [MESSAGE][PASSED] - Verify response status code successfully]]></system-out>
         <system-err><![CDATA[]]></system-err>
      </testcase>
      <testcase name="Test Cases/API/getGenderById" time="1.151" classname="Test Cases/API/getGenderById" status="PASSED">
         <system-out><![CDATA[25-05-2024T11:41:29 - [TEST_CASE][PASSED] - Test Cases/API/getGenderById: Test Cases/API/getGenderById

25-05-2024T11:41:29 - [TEST_STEP][PASSED] - response = sendRequest(findTestObject("REST/getGender", ["id":"1"])): Send request successfully

25-05-2024T11:41:30 - [MESSAGE][INFO] - HAR: F:\git\pokedex-katalon\pokedex-katalon\Reports\20240525_114106\API Pokedex\20240525_114107\requests\main\19.har

25-05-2024T11:41:30 - [MESSAGE][PASSED] - Send request successfully

25-05-2024T11:41:30 - [TEST_STEP][PASSED] - verifyResponseStatusCode(response, 200): Verify response status code successfully

25-05-2024T11:41:30 - [MESSAGE][PASSED] - Verify response status code successfully]]></system-out>
         <system-err><![CDATA[]]></system-err>
      </testcase>
      <testcase name="Test Cases/API/getGenderByName" time="0.174" classname="Test Cases/API/getGenderByName" status="PASSED">
         <system-out><![CDATA[25-05-2024T11:41:30 - [TEST_CASE][PASSED] - Test Cases/API/getGenderByName: Test Cases/API/getGenderByName

25-05-2024T11:41:30 - [TEST_STEP][PASSED] - response = sendRequest(findTestObject("REST/getGender", ["id":"male"])): Send request successfully

25-05-2024T11:41:30 - [MESSAGE][INFO] - HAR: F:\git\pokedex-katalon\pokedex-katalon\Reports\20240525_114106\API Pokedex\20240525_114107\requests\main\20.har

25-05-2024T11:41:30 - [MESSAGE][PASSED] - Send request successfully

25-05-2024T11:41:30 - [TEST_STEP][PASSED] - verifyResponseStatusCode(response, 200): Verify response status code successfully

25-05-2024T11:41:30 - [MESSAGE][PASSED] - Verify response status code successfully]]></system-out>
         <system-err><![CDATA[]]></system-err>
      </testcase>
      <testcase name="Test Cases/API/getGenerationById" time="1.139" classname="Test Cases/API/getGenerationById" status="PASSED">
         <system-out><![CDATA[25-05-2024T11:41:30 - [TEST_CASE][PASSED] - Test Cases/API/getGenerationById: Test Cases/API/getGenerationById

25-05-2024T11:41:30 - [TEST_STEP][PASSED] - response = sendRequest(findTestObject("REST/getGeneration", ["id":"1"])): Send request successfully

25-05-2024T11:41:31 - [MESSAGE][INFO] - HAR: F:\git\pokedex-katalon\pokedex-katalon\Reports\20240525_114106\API Pokedex\20240525_114107\requests\main\21.har

25-05-2024T11:41:31 - [MESSAGE][PASSED] - Send request successfully

25-05-2024T11:41:31 - [TEST_STEP][PASSED] - verifyResponseStatusCode(response, 200): Verify response status code successfully

25-05-2024T11:41:31 - [MESSAGE][PASSED] - Verify response status code successfully]]></system-out>
         <system-err><![CDATA[]]></system-err>
      </testcase>
      <testcase name="Test Cases/API/getGenerationByName" time="0.173" classname="Test Cases/API/getGenerationByName" status="PASSED">
         <system-out><![CDATA[25-05-2024T11:41:31 - [TEST_CASE][PASSED] - Test Cases/API/getGenerationByName: Test Cases/API/getGenerationByName

25-05-2024T11:41:31 - [TEST_STEP][PASSED] - response = sendRequest(findTestObject("REST/getGeneration", ["id":"generation-i"])): Send request successfully

25-05-2024T11:41:31 - [MESSAGE][INFO] - HAR: F:\git\pokedex-katalon\pokedex-katalon\Reports\20240525_114106\API Pokedex\20240525_114107\requests\main\22.har

25-05-2024T11:41:31 - [MESSAGE][PASSED] - Send request successfully

25-05-2024T11:41:31 - [TEST_STEP][PASSED] - verifyResponseStatusCode(response, 200): Verify response status code successfully

25-05-2024T11:41:31 - [MESSAGE][PASSED] - Verify response status code successfully]]></system-out>
         <system-err><![CDATA[]]></system-err>
      </testcase>
      <testcase name="Test Cases/API/getItemById" time="0.419" classname="Test Cases/API/getItemById" status="PASSED">
         <system-out><![CDATA[25-05-2024T11:41:31 - [TEST_CASE][PASSED] - Test Cases/API/getItemById: Test Cases/API/getItemById

25-05-2024T11:41:31 - [TEST_STEP][PASSED] - response = sendRequest(findTestObject("REST/getItem", ["id":"2"])): Send request successfully

25-05-2024T11:41:32 - [MESSAGE][INFO] - HAR: F:\git\pokedex-katalon\pokedex-katalon\Reports\20240525_114106\API Pokedex\20240525_114107\requests\main\23.har

25-05-2024T11:41:32 - [MESSAGE][PASSED] - Send request successfully

25-05-2024T11:41:32 - [TEST_STEP][PASSED] - verifyResponseStatusCode(response, 200): Verify response status code successfully

25-05-2024T11:41:32 - [MESSAGE][PASSED] - Verify response status code successfully]]></system-out>
         <system-err><![CDATA[]]></system-err>
      </testcase>
      <testcase name="Test Cases/API/getItemByName" time="0.175" classname="Test Cases/API/getItemByName" status="PASSED">
         <system-out><![CDATA[25-05-2024T11:41:32 - [TEST_CASE][PASSED] - Test Cases/API/getItemByName: Test Cases/API/getItemByName

25-05-2024T11:41:32 - [TEST_STEP][PASSED] - response = sendRequest(findTestObject("REST/getItem", ["id":"safari-ball"])): Send request successfully

25-05-2024T11:41:32 - [MESSAGE][INFO] - HAR: F:\git\pokedex-katalon\pokedex-katalon\Reports\20240525_114106\API Pokedex\20240525_114107\requests\main\24.har

25-05-2024T11:41:32 - [MESSAGE][PASSED] - Send request successfully

25-05-2024T11:41:32 - [TEST_STEP][PASSED] - verifyResponseStatusCode(response, 200): Verify response status code successfully

25-05-2024T11:41:32 - [MESSAGE][PASSED] - Verify response status code successfully]]></system-out>
         <system-err><![CDATA[]]></system-err>
      </testcase>
      <testcase name="Test Cases/API/getLocationAreaById" time="1.129" classname="Test Cases/API/getLocationAreaById" status="PASSED">
         <system-out><![CDATA[25-05-2024T11:41:32 - [TEST_CASE][PASSED] - Test Cases/API/getLocationAreaById: Test Cases/API/getLocationAreaById

25-05-2024T11:41:32 - [TEST_STEP][PASSED] - response = sendRequest(findTestObject("REST/getLocationArea", ["id":"5"])): Send request successfully

25-05-2024T11:41:33 - [MESSAGE][INFO] - HAR: F:\git\pokedex-katalon\pokedex-katalon\Reports\20240525_114106\API Pokedex\20240525_114107\requests\main\25.har

25-05-2024T11:41:33 - [MESSAGE][PASSED] - Send request successfully

25-05-2024T11:41:33 - [TEST_STEP][PASSED] - verifyResponseStatusCode(response, 200): Verify response status code successfully

25-05-2024T11:41:33 - [MESSAGE][PASSED] - Verify response status code successfully]]></system-out>
         <system-err><![CDATA[]]></system-err>
      </testcase>
      <testcase name="Test Cases/API/getLocationAreaByName" time="1.14" classname="Test Cases/API/getLocationAreaByName" status="PASSED">
         <system-out><![CDATA[25-05-2024T11:41:33 - [TEST_CASE][PASSED] - Test Cases/API/getLocationAreaByName: Test Cases/API/getLocationAreaByName

25-05-2024T11:41:33 - [TEST_STEP][PASSED] - response = sendRequest(findTestObject("REST/getLocationArea", ["id":"valley-windworks-area"])): Send request successfully

25-05-2024T11:41:34 - [MESSAGE][INFO] - HAR: F:\git\pokedex-katalon\pokedex-katalon\Reports\20240525_114106\API Pokedex\20240525_114107\requests\main\26.har

25-05-2024T11:41:34 - [MESSAGE][PASSED] - Send request successfully

25-05-2024T11:41:34 - [TEST_STEP][PASSED] - verifyResponseStatusCode(response, 200): Verify response status code successfully

25-05-2024T11:41:34 - [MESSAGE][PASSED] - Verify response status code successfully]]></system-out>
         <system-err><![CDATA[]]></system-err>
      </testcase>
      <testcase name="Test Cases/API/getLocationById" time="0.411" classname="Test Cases/API/getLocationById" status="PASSED">
         <system-out><![CDATA[25-05-2024T11:41:34 - [TEST_CASE][PASSED] - Test Cases/API/getLocationById: Test Cases/API/getLocationById

25-05-2024T11:41:34 - [TEST_STEP][PASSED] - response = sendRequest(findTestObject("REST/getLocation", ["id":"mt-coronet"])): Send request successfully

25-05-2024T11:41:35 - [MESSAGE][INFO] - HAR: F:\git\pokedex-katalon\pokedex-katalon\Reports\20240525_114106\API Pokedex\20240525_114107\requests\main\27.har

25-05-2024T11:41:35 - [MESSAGE][PASSED] - Send request successfully

25-05-2024T11:41:35 - [TEST_STEP][PASSED] - verifyResponseStatusCode(response, 200): Verify response status code successfully

25-05-2024T11:41:35 - [MESSAGE][PASSED] - Verify response status code successfully]]></system-out>
         <system-err><![CDATA[]]></system-err>
      </testcase>
      <testcase name="Test Cases/API/getLocationByName" time="1.425" classname="Test Cases/API/getLocationByName" status="PASSED">
         <system-out><![CDATA[25-05-2024T11:41:35 - [TEST_CASE][PASSED] - Test Cases/API/getLocationByName: Test Cases/API/getLocationByName

25-05-2024T11:41:35 - [TEST_STEP][PASSED] - response = sendRequest(findTestObject("REST/getLocation", ["id":"6"])): Send request successfully

25-05-2024T11:41:36 - [MESSAGE][INFO] - HAR: F:\git\pokedex-katalon\pokedex-katalon\Reports\20240525_114106\API Pokedex\20240525_114107\requests\main\28.har

25-05-2024T11:41:36 - [MESSAGE][PASSED] - Send request successfully

25-05-2024T11:41:36 - [TEST_STEP][PASSED] - verifyResponseStatusCode(response, 200): Verify response status code successfully

25-05-2024T11:41:36 - [MESSAGE][PASSED] - Verify response status code successfully]]></system-out>
         <system-err><![CDATA[]]></system-err>
      </testcase>
      <testcase name="Test Cases/API/getMoveById" time="1.287" classname="Test Cases/API/getMoveById" status="PASSED">
         <system-out><![CDATA[25-05-2024T11:41:36 - [TEST_CASE][PASSED] - Test Cases/API/getMoveById: Test Cases/API/getMoveById

25-05-2024T11:41:36 - [TEST_STEP][PASSED] - response = sendRequest(findTestObject("REST/getMoves", ["id":"6"])): Send request successfully

25-05-2024T11:41:37 - [MESSAGE][INFO] - HAR: F:\git\pokedex-katalon\pokedex-katalon\Reports\20240525_114106\API Pokedex\20240525_114107\requests\main\29.har

25-05-2024T11:41:37 - [MESSAGE][PASSED] - Send request successfully

25-05-2024T11:41:37 - [TEST_STEP][PASSED] - verifyResponseStatusCode(response, 200): Verify response status code successfully

25-05-2024T11:41:37 - [MESSAGE][PASSED] - Verify response status code successfully]]></system-out>
         <system-err><![CDATA[]]></system-err>
      </testcase>
      <testcase name="Test Cases/API/getMoveByName" time="1.122" classname="Test Cases/API/getMoveByName" status="PASSED">
         <system-out><![CDATA[25-05-2024T11:41:37 - [TEST_CASE][PASSED] - Test Cases/API/getMoveByName: Test Cases/API/getMoveByName

25-05-2024T11:41:37 - [TEST_STEP][PASSED] - response = sendRequest(findTestObject("REST/getMoves", ["id":"pound"])): Send request successfully

25-05-2024T11:41:38 - [MESSAGE][INFO] - HAR: F:\git\pokedex-katalon\pokedex-katalon\Reports\20240525_114106\API Pokedex\20240525_114107\requests\main\30.har

25-05-2024T11:41:38 - [MESSAGE][PASSED] - Send request successfully

25-05-2024T11:41:38 - [TEST_STEP][PASSED] - verifyResponseStatusCode(response, 200): Verify response status code successfully

25-05-2024T11:41:38 - [MESSAGE][PASSED] - Verify response status code successfully]]></system-out>
         <system-err><![CDATA[]]></system-err>
      </testcase>
      <testcase name="Test Cases/API/getPokedexById" time="0.183" classname="Test Cases/API/getPokedexById" status="PASSED">
         <system-out><![CDATA[25-05-2024T11:41:38 - [TEST_CASE][PASSED] - Test Cases/API/getPokedexById: Test Cases/API/getPokedexById

25-05-2024T11:41:38 - [TEST_STEP][PASSED] - response = sendRequest(findTestObject("REST/getPokedex", ["id":"5"])): Send request successfully

25-05-2024T11:41:39 - [MESSAGE][INFO] - HAR: F:\git\pokedex-katalon\pokedex-katalon\Reports\20240525_114106\API Pokedex\20240525_114107\requests\main\31.har

25-05-2024T11:41:39 - [MESSAGE][PASSED] - Send request successfully

25-05-2024T11:41:39 - [TEST_STEP][PASSED] - verifyResponseStatusCode(response, 200): Verify response status code successfully

25-05-2024T11:41:39 - [MESSAGE][PASSED] - Verify response status code successfully]]></system-out>
         <system-err><![CDATA[]]></system-err>
      </testcase>
      <testcase name="Test Cases/API/getPokedexByName" time="1.124" classname="Test Cases/API/getPokedexByName" status="PASSED">
         <system-out><![CDATA[25-05-2024T11:41:39 - [TEST_CASE][PASSED] - Test Cases/API/getPokedexByName: Test Cases/API/getPokedexByName

25-05-2024T11:41:39 - [TEST_STEP][PASSED] - response = sendRequest(findTestObject("REST/getPokedex", ["id":"kanto"])): Send request successfully

25-05-2024T11:41:40 - [MESSAGE][INFO] - HAR: F:\git\pokedex-katalon\pokedex-katalon\Reports\20240525_114106\API Pokedex\20240525_114107\requests\main\32.har

25-05-2024T11:41:40 - [MESSAGE][PASSED] - Send request successfully

25-05-2024T11:41:40 - [TEST_STEP][PASSED] - verifyResponseStatusCode(response, 200): Verify response status code successfully

25-05-2024T11:41:40 - [MESSAGE][PASSED] - Verify response status code successfully]]></system-out>
         <system-err><![CDATA[]]></system-err>
      </testcase>
      <testcase name="Test Cases/API/getRegionById" time="0.164" classname="Test Cases/API/getRegionById" status="PASSED">
         <system-out><![CDATA[25-05-2024T11:41:40 - [TEST_CASE][PASSED] - Test Cases/API/getRegionById: Test Cases/API/getRegionById

25-05-2024T11:41:40 - [TEST_STEP][PASSED] - response = sendRequest(findTestObject("REST/getRegion", ["id":"kanto"])): Send request successfully

25-05-2024T11:41:40 - [MESSAGE][INFO] - HAR: F:\git\pokedex-katalon\pokedex-katalon\Reports\20240525_114106\API Pokedex\20240525_114107\requests\main\33.har

25-05-2024T11:41:40 - [MESSAGE][PASSED] - Send request successfully

25-05-2024T11:41:40 - [TEST_STEP][PASSED] - verifyResponseStatusCode(response, 200): Verify response status code successfully

25-05-2024T11:41:40 - [MESSAGE][PASSED] - Verify response status code successfully]]></system-out>
         <system-err><![CDATA[]]></system-err>
      </testcase>
      <testcase name="Test Cases/API/getRegionByName" time="0.173" classname="Test Cases/API/getRegionByName" status="PASSED">
         <system-out><![CDATA[25-05-2024T11:41:40 - [TEST_CASE][PASSED] - Test Cases/API/getRegionByName: Test Cases/API/getRegionByName

25-05-2024T11:41:40 - [TEST_STEP][PASSED] - response = sendRequest(findTestObject("REST/getRegion", ["id":"1"])): Send request successfully

25-05-2024T11:41:40 - [MESSAGE][INFO] - HAR: F:\git\pokedex-katalon\pokedex-katalon\Reports\20240525_114106\API Pokedex\20240525_114107\requests\main\34.har

25-05-2024T11:41:40 - [MESSAGE][PASSED] - Send request successfully

25-05-2024T11:41:40 - [TEST_STEP][PASSED] - verifyResponseStatusCode(response, 200): Verify response status code successfully

25-05-2024T11:41:40 - [MESSAGE][PASSED] - Verify response status code successfully]]></system-out>
         <system-err><![CDATA[]]></system-err>
      </testcase>
      <testcase name="Test Cases/API/getSinglePokemon" time="0.178" classname="Test Cases/API/getSinglePokemon" status="PASSED">
         <system-out><![CDATA[25-05-2024T11:41:40 - [TEST_CASE][PASSED] - Test Cases/API/getSinglePokemon: Test Cases/API/getSinglePokemon

25-05-2024T11:41:40 - [TEST_STEP][PASSED] - response = sendRequest(findTestObject("REST/getSinglePokemon", ["id":"1"])): Send request successfully

25-05-2024T11:41:40 - [MESSAGE][INFO] - HAR: F:\git\pokedex-katalon\pokedex-katalon\Reports\20240525_114106\API Pokedex\20240525_114107\requests\main\35.har

25-05-2024T11:41:40 - [MESSAGE][PASSED] - Send request successfully

25-05-2024T11:41:40 - [TEST_STEP][PASSED] - verifyResponseStatusCode(response, 200): Verify response status code successfully

25-05-2024T11:41:40 - [MESSAGE][PASSED] - Verify response status code successfully]]></system-out>
         <system-err><![CDATA[]]></system-err>
      </testcase>
      <testcase name="Test Cases/API/getSinglePokemonById" time="1.117" classname="Test Cases/API/getSinglePokemonById" status="PASSED">
         <system-out><![CDATA[25-05-2024T11:41:40 - [TEST_CASE][PASSED] - Test Cases/API/getSinglePokemonById: Test Cases/API/getSinglePokemonById

25-05-2024T11:41:40 - [TEST_STEP][PASSED] - response = sendRequest(findTestObject("REST/getSinglePokemon", ["id":"2"])): Send request successfully

25-05-2024T11:41:41 - [MESSAGE][INFO] - HAR: F:\git\pokedex-katalon\pokedex-katalon\Reports\20240525_114106\API Pokedex\20240525_114107\requests\main\36.har

25-05-2024T11:41:41 - [MESSAGE][PASSED] - Send request successfully

25-05-2024T11:41:41 - [TEST_STEP][PASSED] - verifyResponseStatusCode(response, 200): Verify response status code successfully

25-05-2024T11:41:41 - [MESSAGE][PASSED] - Verify response status code successfully]]></system-out>
         <system-err><![CDATA[]]></system-err>
      </testcase>
      <testcase name="Test Cases/API/getSinglePokemonByName" time="0.17" classname="Test Cases/API/getSinglePokemonByName" status="PASSED">
         <system-out><![CDATA[25-05-2024T11:41:41 - [TEST_CASE][PASSED] - Test Cases/API/getSinglePokemonByName: Test Cases/API/getSinglePokemonByName

25-05-2024T11:41:41 - [TEST_STEP][PASSED] - response = sendRequest(findTestObject("REST/getSinglePokemon", ["id":"pikachu"])): Send request successfully

25-05-2024T11:41:42 - [MESSAGE][INFO] - HAR: F:\git\pokedex-katalon\pokedex-katalon\Reports\20240525_114106\API Pokedex\20240525_114107\requests\main\37.har

25-05-2024T11:41:42 - [MESSAGE][PASSED] - Send request successfully

25-05-2024T11:41:42 - [TEST_STEP][PASSED] - verifyResponseStatusCode(response, 200): Verify response status code successfully

25-05-2024T11:41:42 - [MESSAGE][PASSED] - Verify response status code successfully]]></system-out>
         <system-err><![CDATA[]]></system-err>
      </testcase>
      <system-out><![CDATA[25-05-2024T11:41:12 - [TEST_SUITE][FAILED] - API Pokedex: Test Cases/API/getBerryById FAILED.
Reason:
com.kms.katalon.core.exception.StepFailedException: Unable to send request (Root cause: java.lang.IllegalArgumentException: Illegal character in scheme name at index 0:  https://pokeapi.co/api/v2/berry/5
	at com.kms.katalon.core.webservice.common.DefaultHttpRequest.<init>(DefaultHttpRequest.java:14)
	at com.kms.katalon.core.webservice.common.RestfulClient.buildHttpRequest(RestfulClient.java:29)
	at com.kms.katalon.core.webservice.common.RestfulClient.buildHttpRequest(RestfulClient.java:1)
	at com.kms.katalon.core.webservice.common.BasicRequestor.send(BasicRequestor.java:55)
	at com.kms.katalon.core.webservice.helper.WebServiceCommonHelper.sendRequest(WebServiceCommonHelper.java:55)
	at com.kms.katalon.core.webservice.keyword.builtin.SendRequestKeyword$_sendRequest_closure1.doCall(SendRequestKeyword.groovy:40)
	at com.kms.katalon.core.webservice.keyword.builtin.SendRequestKeyword$_sendRequest_closure1.call(SendRequestKeyword.groovy)
	at com.kms.katalon.core.keyword.internal.KeywordMain.runKeyword(KeywordMain.groovy:75)
	at com.kms.katalon.core.webservice.keyword.builtin.SendRequestKeyword.sendRequest(SendRequestKeyword.groovy:38)
	at com.kms.katalon.core.webservice.keyword.builtin.SendRequestKeyword.execute(SendRequestKeyword.groovy:33)
	at com.kms.katalon.core.keyword.internal.KeywordExecutor.executeKeywordForPlatform(KeywordExecutor.groovy:74)
	at com.kms.katalon.core.webservice.keyword.WSBuiltInKeywords.sendRequest(WSBuiltInKeywords.groovy:41)
	at getBerryById.run(getBerryById:20)
	at com.kms.katalon.core.main.ScriptEngine.run(ScriptEngine.java:194)
	at com.kms.katalon.core.main.ScriptEngine.runScriptAsRawText(ScriptEngine.java:119)
	at com.kms.katalon.core.main.TestCaseExecutor.runScript(TestCaseExecutor.java:448)
	at com.kms.katalon.core.main.TestCaseExecutor.doExecute(TestCaseExecutor.java:439)
	at com.kms.katalon.core.main.TestCaseExecutor.processExecutionPhase(TestCaseExecutor.java:418)
	at com.kms.katalon.core.main.TestCaseExecutor.accessMainPhase(TestCaseExecutor.java:410)
	at com.kms.katalon.core.main.TestCaseExecutor.execute(TestCaseExecutor.java:285)
	at com.kms.katalon.core.common.CommonExecutor.accessTestCaseMainPhase(CommonExecutor.java:65)
	at com.kms.katalon.core.main.TestSuiteExecutor.accessTestSuiteMainPhase(TestSuiteExecutor.java:150)
	at com.kms.katalon.core.main.TestSuiteExecutor.execute(TestSuiteExecutor.java:106)
	at com.kms.katalon.core.main.TestCaseMain.startTestSuite(TestCaseMain.java:180)
	at TempTestSuite1716612067625.run(TempTestSuite1716612067625.groovy:35)
	at java.base/jdk.internal.reflect.NativeMethodAccessorImpl.invoke0(Native Method)
	at java.base/jdk.internal.reflect.NativeMethodAccessorImpl.invoke(NativeMethodAccessorImpl.java:77)
	at java.base/jdk.internal.reflect.DelegatingMethodAccessorImpl.invoke(DelegatingMethodAccessorImpl.java:43)
Caused by: java.net.URISyntaxException: Illegal character in scheme name at index 0:  https://pokeapi.co/api/v2/berry/5
	at com.kms.katalon.core.webservice.common.DefaultHttpRequest.<init>(DefaultHttpRequest.java:14)
	at com.kms.katalon.core.webservice.common.RestfulClient.buildHttpRequest(RestfulClient.java:29)
	at com.kms.katalon.core.webservice.common.RestfulClient.buildHttpRequest(RestfulClient.java:1)
	at com.kms.katalon.core.webservice.common.BasicRequestor.send(BasicRequestor.java:55)
	at com.kms.katalon.core.webservice.helper.WebServiceCommonHelper.sendRequest(WebServiceCommonHelper.java:55)
	at com.kms.katalon.core.webservice.keyword.builtin.SendRequestKeyword$_sendRequest_closure1.doCall(SendRequestKeyword.groovy:40)
	at com.kms.katalon.core.webservice.keyword.builtin.SendRequestKeyword$_sendRequest_closure1.call(SendRequestKeyword.groovy)
	at com.kms.katalon.core.keyword.internal.KeywordMain.runKeyword(KeywordMain.groovy:75)
	at com.kms.katalon.core.webservice.keyword.builtin.SendRequestKeyword.sendRequest(SendRequestKeyword.groovy:38)
	at com.kms.katalon.core.webservice.keyword.builtin.SendRequestKeyword.execute(SendRequestKeyword.groovy:33)
	at com.kms.katalon.core.keyword.internal.KeywordExecutor.executeKeywordForPlatform(KeywordExecutor.groovy:74)
	at com.kms.katalon.core.webservice.keyword.WSBuiltInKeywords.sendRequest(WSBuiltInKeywords.groovy:41)
	at Script1716611103626.run(Script1716611103626.groovy:20)
	... 15 more
)
	at com.kms.katalon.core.keyword.internal.KeywordMain.stepFailed(KeywordMain.groovy:51)
	at com.kms.katalon.core.keyword.internal.KeywordMain.stepFailed(KeywordMain.groovy)
	at com.kms.katalon.core.keyword.internal.KeywordMain.runKeyword(KeywordMain.groovy:77)
	at com.kms.katalon.core.webservice.keyword.builtin.SendRequestKeyword.sendRequest(SendRequestKeyword.groovy:38)
	at com.kms.katalon.core.webservice.keyword.builtin.SendRequestKeyword.execute(SendRequestKeyword.groovy:33)
	at com.kms.katalon.core.keyword.internal.KeywordExecutor.executeKeywordForPlatform(KeywordExecutor.groovy:74)
	at com.kms.katalon.core.webservice.keyword.WSBuiltInKeywords.sendRequest(WSBuiltInKeywords.groovy:41)
	at getBerryById.run(getBerryById:20)
	at com.kms.katalon.core.main.ScriptEngine.run(ScriptEngine.java:194)
	at com.kms.katalon.core.main.ScriptEngine.runScriptAsRawText(ScriptEngine.java:119)
	at com.kms.katalon.core.main.TestCaseExecutor.runScript(TestCaseExecutor.java:448)
	at com.kms.katalon.core.main.TestCaseExecutor.doExecute(TestCaseExecutor.java:439)
	at com.kms.katalon.core.main.TestCaseExecutor.processExecutionPhase(TestCaseExecutor.java:418)
	at com.kms.katalon.core.main.TestCaseExecutor.accessMainPhase(TestCaseExecutor.java:410)
	at com.kms.katalon.core.main.TestCaseExecutor.execute(TestCaseExecutor.java:285)
	at com.kms.katalon.core.common.CommonExecutor.accessTestCaseMainPhase(CommonExecutor.java:65)
	at com.kms.katalon.core.main.TestSuiteExecutor.accessTestSuiteMainPhase(TestSuiteExecutor.java:150)
	at com.kms.katalon.core.main.TestSuiteExecutor.execute(TestSuiteExecutor.java:106)
	at com.kms.katalon.core.main.TestCaseMain.startTestSuite(TestCaseMain.java:180)
	at TempTestSuite1716612067625.run(TempTestSuite1716612067625.groovy:35)
	at java.base/jdk.internal.reflect.NativeMethodAccessorImpl.invoke0(Native Method)
	at java.base/jdk.internal.reflect.NativeMethodAccessorImpl.invoke(NativeMethodAccessorImpl.java:77)
	at java.base/jdk.internal.reflect.DelegatingMethodAccessorImpl.invoke(DelegatingMethodAccessorImpl.java:43)
Caused by: java.lang.IllegalArgumentException: Illegal character in scheme name at index 0:  https://pokeapi.co/api/v2/berry/5
	at com.kms.katalon.core.webservice.common.DefaultHttpRequest.<init>(DefaultHttpRequest.java:14)
	at com.kms.katalon.core.webservice.common.RestfulClient.buildHttpRequest(RestfulClient.java:29)
	at com.kms.katalon.core.webservice.common.RestfulClient.buildHttpRequest(RestfulClient.java:1)
	at com.kms.katalon.core.webservice.common.BasicRequestor.send(BasicRequestor.java:55)
	at com.kms.katalon.core.webservice.helper.WebServiceCommonHelper.sendRequest(WebServiceCommonHelper.java:55)
	at com.kms.katalon.core.webservice.keyword.builtin.SendRequestKeyword$_sendRequest_closure1.doCall(SendRequestKeyword.groovy:40)
	at com.kms.katalon.core.webservice.keyword.builtin.SendRequestKeyword$_sendRequest_closure1.call(SendRequestKeyword.groovy)
	at com.kms.katalon.core.keyword.internal.KeywordMain.runKeyword(KeywordMain.groovy:75)
	... 20 more
Caused by: java.net.URISyntaxException: Illegal character in scheme name at index 0:  https://pokeapi.co/api/v2/berry/5
	... 28 more]]></system-out>
      <system-err><![CDATA[25-05-2024T11:41:12 - [TEST_SUITE][FAILED] - API Pokedex: Test Cases/API/getBerryById FAILED.
Reason:
com.kms.katalon.core.exception.StepFailedException: Unable to send request (Root cause: java.lang.IllegalArgumentException: Illegal character in scheme name at index 0:  https://pokeapi.co/api/v2/berry/5
	at com.kms.katalon.core.webservice.common.DefaultHttpRequest.<init>(DefaultHttpRequest.java:14)
	at com.kms.katalon.core.webservice.common.RestfulClient.buildHttpRequest(RestfulClient.java:29)
	at com.kms.katalon.core.webservice.common.RestfulClient.buildHttpRequest(RestfulClient.java:1)
	at com.kms.katalon.core.webservice.common.BasicRequestor.send(BasicRequestor.java:55)
	at com.kms.katalon.core.webservice.helper.WebServiceCommonHelper.sendRequest(WebServiceCommonHelper.java:55)
	at com.kms.katalon.core.webservice.keyword.builtin.SendRequestKeyword$_sendRequest_closure1.doCall(SendRequestKeyword.groovy:40)
	at com.kms.katalon.core.webservice.keyword.builtin.SendRequestKeyword$_sendRequest_closure1.call(SendRequestKeyword.groovy)
	at com.kms.katalon.core.keyword.internal.KeywordMain.runKeyword(KeywordMain.groovy:75)
	at com.kms.katalon.core.webservice.keyword.builtin.SendRequestKeyword.sendRequest(SendRequestKeyword.groovy:38)
	at com.kms.katalon.core.webservice.keyword.builtin.SendRequestKeyword.execute(SendRequestKeyword.groovy:33)
	at com.kms.katalon.core.keyword.internal.KeywordExecutor.executeKeywordForPlatform(KeywordExecutor.groovy:74)
	at com.kms.katalon.core.webservice.keyword.WSBuiltInKeywords.sendRequest(WSBuiltInKeywords.groovy:41)
	at getBerryById.run(getBerryById:20)
	at com.kms.katalon.core.main.ScriptEngine.run(ScriptEngine.java:194)
	at com.kms.katalon.core.main.ScriptEngine.runScriptAsRawText(ScriptEngine.java:119)
	at com.kms.katalon.core.main.TestCaseExecutor.runScript(TestCaseExecutor.java:448)
	at com.kms.katalon.core.main.TestCaseExecutor.doExecute(TestCaseExecutor.java:439)
	at com.kms.katalon.core.main.TestCaseExecutor.processExecutionPhase(TestCaseExecutor.java:418)
	at com.kms.katalon.core.main.TestCaseExecutor.accessMainPhase(TestCaseExecutor.java:410)
	at com.kms.katalon.core.main.TestCaseExecutor.execute(TestCaseExecutor.java:285)
	at com.kms.katalon.core.common.CommonExecutor.accessTestCaseMainPhase(CommonExecutor.java:65)
	at com.kms.katalon.core.main.TestSuiteExecutor.accessTestSuiteMainPhase(TestSuiteExecutor.java:150)
	at com.kms.katalon.core.main.TestSuiteExecutor.execute(TestSuiteExecutor.java:106)
	at com.kms.katalon.core.main.TestCaseMain.startTestSuite(TestCaseMain.java:180)
	at TempTestSuite1716612067625.run(TempTestSuite1716612067625.groovy:35)
	at java.base/jdk.internal.reflect.NativeMethodAccessorImpl.invoke0(Native Method)
	at java.base/jdk.internal.reflect.NativeMethodAccessorImpl.invoke(NativeMethodAccessorImpl.java:77)
	at java.base/jdk.internal.reflect.DelegatingMethodAccessorImpl.invoke(DelegatingMethodAccessorImpl.java:43)
Caused by: java.net.URISyntaxException: Illegal character in scheme name at index 0:  https://pokeapi.co/api/v2/berry/5
	at com.kms.katalon.core.webservice.common.DefaultHttpRequest.<init>(DefaultHttpRequest.java:14)
	at com.kms.katalon.core.webservice.common.RestfulClient.buildHttpRequest(RestfulClient.java:29)
	at com.kms.katalon.core.webservice.common.RestfulClient.buildHttpRequest(RestfulClient.java:1)
	at com.kms.katalon.core.webservice.common.BasicRequestor.send(BasicRequestor.java:55)
	at com.kms.katalon.core.webservice.helper.WebServiceCommonHelper.sendRequest(WebServiceCommonHelper.java:55)
	at com.kms.katalon.core.webservice.keyword.builtin.SendRequestKeyword$_sendRequest_closure1.doCall(SendRequestKeyword.groovy:40)
	at com.kms.katalon.core.webservice.keyword.builtin.SendRequestKeyword$_sendRequest_closure1.call(SendRequestKeyword.groovy)
	at com.kms.katalon.core.keyword.internal.KeywordMain.runKeyword(KeywordMain.groovy:75)
	at com.kms.katalon.core.webservice.keyword.builtin.SendRequestKeyword.sendRequest(SendRequestKeyword.groovy:38)
	at com.kms.katalon.core.webservice.keyword.builtin.SendRequestKeyword.execute(SendRequestKeyword.groovy:33)
	at com.kms.katalon.core.keyword.internal.KeywordExecutor.executeKeywordForPlatform(KeywordExecutor.groovy:74)
	at com.kms.katalon.core.webservice.keyword.WSBuiltInKeywords.sendRequest(WSBuiltInKeywords.groovy:41)
	at Script1716611103626.run(Script1716611103626.groovy:20)
	... 15 more
)
	at com.kms.katalon.core.keyword.internal.KeywordMain.stepFailed(KeywordMain.groovy:51)
	at com.kms.katalon.core.keyword.internal.KeywordMain.stepFailed(KeywordMain.groovy)
	at com.kms.katalon.core.keyword.internal.KeywordMain.runKeyword(KeywordMain.groovy:77)
	at com.kms.katalon.core.webservice.keyword.builtin.SendRequestKeyword.sendRequest(SendRequestKeyword.groovy:38)
	at com.kms.katalon.core.webservice.keyword.builtin.SendRequestKeyword.execute(SendRequestKeyword.groovy:33)
	at com.kms.katalon.core.keyword.internal.KeywordExecutor.executeKeywordForPlatform(KeywordExecutor.groovy:74)
	at com.kms.katalon.core.webservice.keyword.WSBuiltInKeywords.sendRequest(WSBuiltInKeywords.groovy:41)
	at getBerryById.run(getBerryById:20)
	at com.kms.katalon.core.main.ScriptEngine.run(ScriptEngine.java:194)
	at com.kms.katalon.core.main.ScriptEngine.runScriptAsRawText(ScriptEngine.java:119)
	at com.kms.katalon.core.main.TestCaseExecutor.runScript(TestCaseExecutor.java:448)
	at com.kms.katalon.core.main.TestCaseExecutor.doExecute(TestCaseExecutor.java:439)
	at com.kms.katalon.core.main.TestCaseExecutor.processExecutionPhase(TestCaseExecutor.java:418)
	at com.kms.katalon.core.main.TestCaseExecutor.accessMainPhase(TestCaseExecutor.java:410)
	at com.kms.katalon.core.main.TestCaseExecutor.execute(TestCaseExecutor.java:285)
	at com.kms.katalon.core.common.CommonExecutor.accessTestCaseMainPhase(CommonExecutor.java:65)
	at com.kms.katalon.core.main.TestSuiteExecutor.accessTestSuiteMainPhase(TestSuiteExecutor.java:150)
	at com.kms.katalon.core.main.TestSuiteExecutor.execute(TestSuiteExecutor.java:106)
	at com.kms.katalon.core.main.TestCaseMain.startTestSuite(TestCaseMain.java:180)
	at TempTestSuite1716612067625.run(TempTestSuite1716612067625.groovy:35)
	at java.base/jdk.internal.reflect.NativeMethodAccessorImpl.invoke0(Native Method)
	at java.base/jdk.internal.reflect.NativeMethodAccessorImpl.invoke(NativeMethodAccessorImpl.java:77)
	at java.base/jdk.internal.reflect.DelegatingMethodAccessorImpl.invoke(DelegatingMethodAccessorImpl.java:43)
Caused by: java.lang.IllegalArgumentException: Illegal character in scheme name at index 0:  https://pokeapi.co/api/v2/berry/5
	at com.kms.katalon.core.webservice.common.DefaultHttpRequest.<init>(DefaultHttpRequest.java:14)
	at com.kms.katalon.core.webservice.common.RestfulClient.buildHttpRequest(RestfulClient.java:29)
	at com.kms.katalon.core.webservice.common.RestfulClient.buildHttpRequest(RestfulClient.java:1)
	at com.kms.katalon.core.webservice.common.BasicRequestor.send(BasicRequestor.java:55)
	at com.kms.katalon.core.webservice.helper.WebServiceCommonHelper.sendRequest(WebServiceCommonHelper.java:55)
	at com.kms.katalon.core.webservice.keyword.builtin.SendRequestKeyword$_sendRequest_closure1.doCall(SendRequestKeyword.groovy:40)
	at com.kms.katalon.core.webservice.keyword.builtin.SendRequestKeyword$_sendRequest_closure1.call(SendRequestKeyword.groovy)
	at com.kms.katalon.core.keyword.internal.KeywordMain.runKeyword(KeywordMain.groovy:75)
	... 20 more
Caused by: java.net.URISyntaxException: Illegal character in scheme name at index 0:  https://pokeapi.co/api/v2/berry/5
	... 28 more]]></system-err>
   </testsuite>
</testsuites>
