<?xml version="1.0" encoding="UTF-8"?>
<testsuites name="StarRail" time="915.996" tests="111" failures="2" errors="0">
   <testsuite name="StarRail" tests="111" failures="2" errors="0" time="915.996" skipped="0" timestamp="29-05-2024T17:27:50" hostname="Admin - DESKTOP-K0UR0QI" id="Test Suites/StarRail">
      <properties>
         <property name="deviceName" value=""/>
         <property name="devicePlatform" value=""/>
         <property name="logFolder" value="G:\\Code\\pokedex-katalon\\Reports\\20240529_172738\\StarRail\\20240529_172739"/>
         <property name="logFiles" value="G:\\Code\\pokedex-katalon\\Reports\\20240529_172738\\StarRail\\20240529_172739\\execution0.log"/>
         <property name="attachments" value="G:\\Code\\pokedex-katalon\\Reports\\20240529_172738\\StarRail\\20240529_172739\\1716978500846.png, G:\\Code\\pokedex-katalon\\Reports\\20240529_172738\\StarRail\\20240529_172739\\1716978501313.png, G:\\Code\\pokedex-katalon\\Reports\\20240529_172738\\StarRail\\20240529_172739\\1716978520419.png, G:\\Code\\pokedex-katalon\\Reports\\20240529_172738\\StarRail\\20240529_172739\\1716978520947.png, G:\\Code\\pokedex-katalon\\Reports\\20240529_172738\\StarRail\\20240529_172739\\1716978538327.png, G:\\Code\\pokedex-katalon\\Reports\\20240529_172738\\StarRail\\20240529_172739\\1716978538634.png, G:\\Code\\pokedex-katalon\\Reports\\20240529_172738\\StarRail\\20240529_172739\\1716978553646.png, G:\\Code\\pokedex-katalon\\Reports\\20240529_172738\\StarRail\\20240529_172739\\1716978553931.png, G:\\Code\\pokedex-katalon\\Reports\\20240529_172738\\StarRail\\20240529_172739\\1716978860037.png, G:\\Code\\pokedex-katalon\\Reports\\20240529_172738\\StarRail\\20240529_172739\\1716978860329.png, G:\\Code\\pokedex-katalon\\Reports\\20240529_172738\\StarRail\\20240529_172739\\1716978873400.png, G:\\Code\\pokedex-katalon\\Reports\\20240529_172738\\StarRail\\20240529_172739\\1716978873637.png, G:\\Code\\pokedex-katalon\\Reports\\20240529_172738\\StarRail\\20240529_172739\\1716978886829.png, G:\\Code\\pokedex-katalon\\Reports\\20240529_172738\\StarRail\\20240529_172739\\1716978887057.png, G:\\Code\\pokedex-katalon\\Reports\\20240529_172738\\StarRail\\20240529_172739\\1716978901717.png, G:\\Code\\pokedex-katalon\\Reports\\20240529_172738\\StarRail\\20240529_172739\\1716978901914.png"/>
         <property name="hostName" value="Admin - DESKTOP-K0UR0QI"/>
         <property name="os" value="Windows 11 64bit"/>
         <property name="katalonVersion" value="9.4.0.212"/>
         <property name="browser" value="Chrome 125.0.0.0"/>
         <property name="hostAddress" value="192.168.224.26"/>
         <property name="sessionId" value="a2e835c346eb578df5691e64b8e5688c"/>
         <property name="seleniumVersion" value="3.141.59"/>
         <property name="proxyInformation" value="ProxyInformation { proxyOption=NO_PROXY, proxyServerType=HTTP, username=, password=********, proxyServerAddress=, proxyServerPort=0, executionList=&quot;&quot;, isApplyToDesiredCapabilities=true }"/>
         <property name="platform" value="Windows 11"/>
      </properties>
      <testcase name="Test Cases/Honkai Star Rail/Character/4_star" time="17.101" classname="Test Cases/Honkai Star Rail/Character/4_star" status="PASSED">
         <system-out><![CDATA[29-05-2024T17:27:50 - [TEST_CASE][PASSED] - Test Cases/Honkai Star Rail/Character/4_star: Test Cases/Honkai Star Rail/Character/4_star

29-05-2024T17:27:50 - [TEST_STEP][PASSED] - openBrowser(""): Browser is opened with url: ''

29-05-2024T17:27:50 - [MESSAGE][INFO] - Starting 'Chrome' driver

29-05-2024T17:27:50 - [MESSAGE][INFO] - Action delay is set to 0 milliseconds

29-05-2024T17:27:51 - [MESSAGE][PASSED] - Browser is opened with url: ''

29-05-2024T17:27:51 - [TEST_STEP][PASSED] - navigateToUrl("https://honkai-builds.com/nhan-vat"): Navigate to 'https://honkai-builds.com/nhan-vat' successfully

29-05-2024T17:28:05 - [MESSAGE][PASSED] - Navigate to 'https://honkai-builds.com/nhan-vat' successfully

29-05-2024T17:28:05 - [TEST_STEP][PASSED] - click(findTestObject("Object Repository/Page_Tng Hp Nhn Vt Honkai Star Rail - Honka_8a0d51/img_Nhn Vt_jet-tabs__label-image")): Object: 'Object Repository/Page_Tng Hp Nhn Vt Honkai Star Rail - Honka_8a0d51/img_Nhn Vt_jet-tabs__label-image' is clicked on

29-05-2024T17:28:06 - [MESSAGE][PASSED] - Object: 'Object Repository/Page_Tng Hp Nhn Vt Honkai Star Rail - Honka_8a0d51/img_Nhn Vt_jet-tabs__label-image' is clicked on

29-05-2024T17:28:06 - [TEST_STEP][PASSED] - verifyElementPresent(findTestObject("Object Repository/Page_Tng Hp Nhn Vt Honkai Star Rail - Honka_8a0d51/div_Gallagher"), 0): Object 'Object Repository/Page_Tng Hp Nhn Vt Honkai Star Rail - Honka_8a0d51/div_Gallagher' is present

29-05-2024T17:28:06 - [MESSAGE][WARNING] - Timeout '0' is invalid. Using default page load timeout: '30'

29-05-2024T17:28:07 - [MESSAGE][PASSED] - Object 'Object Repository/Page_Tng Hp Nhn Vt Honkai Star Rail - Honka_8a0d51/div_Gallagher' is present

29-05-2024T17:28:07 - [TEST_STEP][PASSED] - closeBrowser(): Browser is closed

29-05-2024T17:28:07 - [MESSAGE][PASSED] - Browser is closed]]></system-out>
         <system-err><![CDATA[]]></system-err>
      </testcase>
      <testcase name="Test Cases/Honkai Star Rail/Character/5-Star" time="15.305" classname="Test Cases/Honkai Star Rail/Character/5-Star" status="FAILED">
         <failure type="FAILED" message="Test Cases/Honkai Star Rail/Character/5-Star FAILED.&#xa;Reason:&#xa;com.kms.katalon.core.exception.StepFailedException: Unable to verify object 'Object Repository/Page_Tng Hp Nhn Vt Honkai Star Rail - Honka_8a0d51/div_Boothill' is visible&#xa;	at com.kms.katalon.core.webui.keyword.internal.WebUIKeywordMain.stepFailed(WebUIKeywordMain.groovy:64)&#xa;	at com.kms.katalon.core.webui.keyword.internal.WebUIKeywordMain.runKeyword(WebUIKeywordMain.groovy:26)&#xa;	at com.kms.katalon.core.webui.keyword.builtin.VerifyElementVisibleKeyword.verifyElementVisible(VerifyElementVisibleKeyword.groovy:97)&#xa;	at com.kms.katalon.core.webui.keyword.builtin.VerifyElementVisibleKeyword.execute(VerifyElementVisibleKeyword.groovy:67)&#xa;	at com.kms.katalon.core.keyword.internal.KeywordExecutor.executeKeywordForPlatform(KeywordExecutor.groovy:74)&#xa;	at com.kms.katalon.core.webui.keyword.WebUiBuiltInKeywords.verifyElementVisible(WebUiBuiltInKeywords.groovy:415)&#xa;	at 5-Star.run(5-Star:24)&#xa;	at com.kms.katalon.core.main.ScriptEngine.run(ScriptEngine.java:194)&#xa;	at com.kms.katalon.core.main.ScriptEngine.runScriptAsRawText(ScriptEngine.java:119)&#xa;	at com.kms.katalon.core.main.TestCaseExecutor.runScript(TestCaseExecutor.java:448)&#xa;	at com.kms.katalon.core.main.TestCaseExecutor.doExecute(TestCaseExecutor.java:439)&#xa;	at com.kms.katalon.core.main.TestCaseExecutor.processExecutionPhase(TestCaseExecutor.java:418)&#xa;	at com.kms.katalon.core.main.TestCaseExecutor.accessMainPhase(TestCaseExecutor.java:410)&#xa;	at com.kms.katalon.core.main.TestCaseExecutor.execute(TestCaseExecutor.java:285)&#xa;	at com.kms.katalon.core.main.TestCaseExecutor.execute(TestCaseExecutor.java:369)&#xa;	at com.kms.katalon.core.main.TestCaseExecutor.execute(TestCaseExecutor.java:369)&#xa;	at com.kms.katalon.core.main.TestCaseExecutor.execute(TestCaseExecutor.java:369)&#xa;	at com.kms.katalon.core.common.CommonExecutor.accessTestCaseMainPhase(CommonExecutor.java:65)&#xa;	at com.kms.katalon.core.main.TestSuiteExecutor.accessTestSuiteMainPhase(TestSuiteExecutor.java:150)&#xa;	at com.kms.katalon.core.main.TestSuiteExecutor.execute(TestSuiteExecutor.java:106)&#xa;	at com.kms.katalon.core.main.TestCaseMain.startTestSuite(TestCaseMain.java:180)&#xa;	at TempTestSuite1716978459866.run(TempTestSuite1716978459866.groovy:35)&#xa;	at java.base/jdk.internal.reflect.NativeMethodAccessorImpl.invoke0(Native Method)&#xa;	at java.base/jdk.internal.reflect.NativeMethodAccessorImpl.invoke(NativeMethodAccessorImpl.java:77)&#xa;	at java.base/jdk.internal.reflect.DelegatingMethodAccessorImpl.invoke(DelegatingMethodAccessorImpl.java:43)&#xa;Caused by: com.kms.katalon.core.exception.StepFailedException: Object 'Object Repository/Page_Tng Hp Nhn Vt Honkai Star Rail - Honka_8a0d51/div_Boothill' is NOT visible&#xa;	at com.kms.katalon.core.webui.keyword.internal.WebUIKeywordMain.stepFailed(WebUIKeywordMain.groovy:64)&#xa;	at com.kms.katalon.core.webui.keyword.builtin.VerifyElementVisibleKeyword$_verifyElementVisible_closure1.doCall(VerifyElementVisibleKeyword.groovy:83)&#xa;	at com.kms.katalon.core.webui.keyword.builtin.VerifyElementVisibleKeyword$_verifyElementVisible_closure1.call(VerifyElementVisibleKeyword.groovy)&#xa;	at com.kms.katalon.core.webui.keyword.internal.WebUIKeywordMain.runKeyword(WebUIKeywordMain.groovy:20)&#xa;	... 23 more&#xa;"/>
         <system-out><![CDATA[29-05-2024T17:28:58 - [TEST_CASE][FAILED] - Test Cases/Honkai Star Rail/Character/5-Star: Test Cases/Honkai Star Rail/Character/5-Star FAILED.
Reason:
com.kms.katalon.core.exception.StepFailedException: Unable to verify object 'Object Repository/Page_Tng Hp Nhn Vt Honkai Star Rail - Honka_8a0d51/div_Boothill' is visible
	at com.kms.katalon.core.webui.keyword.internal.WebUIKeywordMain.stepFailed(WebUIKeywordMain.groovy:64)
	at com.kms.katalon.core.webui.keyword.internal.WebUIKeywordMain.runKeyword(WebUIKeywordMain.groovy:26)
	at com.kms.katalon.core.webui.keyword.builtin.VerifyElementVisibleKeyword.verifyElementVisible(VerifyElementVisibleKeyword.groovy:97)
	at com.kms.katalon.core.webui.keyword.builtin.VerifyElementVisibleKeyword.execute(VerifyElementVisibleKeyword.groovy:67)
	at com.kms.katalon.core.keyword.internal.KeywordExecutor.executeKeywordForPlatform(KeywordExecutor.groovy:74)
	at com.kms.katalon.core.webui.keyword.WebUiBuiltInKeywords.verifyElementVisible(WebUiBuiltInKeywords.groovy:415)
	at 5-Star.run(5-Star:24)
	at com.kms.katalon.core.main.ScriptEngine.run(ScriptEngine.java:194)
	at com.kms.katalon.core.main.ScriptEngine.runScriptAsRawText(ScriptEngine.java:119)
	at com.kms.katalon.core.main.TestCaseExecutor.runScript(TestCaseExecutor.java:448)
	at com.kms.katalon.core.main.TestCaseExecutor.doExecute(TestCaseExecutor.java:439)
	at com.kms.katalon.core.main.TestCaseExecutor.processExecutionPhase(TestCaseExecutor.java:418)
	at com.kms.katalon.core.main.TestCaseExecutor.accessMainPhase(TestCaseExecutor.java:410)
	at com.kms.katalon.core.main.TestCaseExecutor.execute(TestCaseExecutor.java:285)
	at com.kms.katalon.core.main.TestCaseExecutor.execute(TestCaseExecutor.java:369)
	at com.kms.katalon.core.main.TestCaseExecutor.execute(TestCaseExecutor.java:369)
	at com.kms.katalon.core.main.TestCaseExecutor.execute(TestCaseExecutor.java:369)
	at com.kms.katalon.core.common.CommonExecutor.accessTestCaseMainPhase(CommonExecutor.java:65)
	at com.kms.katalon.core.main.TestSuiteExecutor.accessTestSuiteMainPhase(TestSuiteExecutor.java:150)
	at com.kms.katalon.core.main.TestSuiteExecutor.execute(TestSuiteExecutor.java:106)
	at com.kms.katalon.core.main.TestCaseMain.startTestSuite(TestCaseMain.java:180)
	at TempTestSuite1716978459866.run(TempTestSuite1716978459866.groovy:35)
	at java.base/jdk.internal.reflect.NativeMethodAccessorImpl.invoke0(Native Method)
	at java.base/jdk.internal.reflect.NativeMethodAccessorImpl.invoke(NativeMethodAccessorImpl.java:77)
	at java.base/jdk.internal.reflect.DelegatingMethodAccessorImpl.invoke(DelegatingMethodAccessorImpl.java:43)
Caused by: com.kms.katalon.core.exception.StepFailedException: Object 'Object Repository/Page_Tng Hp Nhn Vt Honkai Star Rail - Honka_8a0d51/div_Boothill' is NOT visible
	at com.kms.katalon.core.webui.keyword.internal.WebUIKeywordMain.stepFailed(WebUIKeywordMain.groovy:64)
	at com.kms.katalon.core.webui.keyword.builtin.VerifyElementVisibleKeyword$_verifyElementVisible_closure1.doCall(VerifyElementVisibleKeyword.groovy:83)
	at com.kms.katalon.core.webui.keyword.builtin.VerifyElementVisibleKeyword$_verifyElementVisible_closure1.call(VerifyElementVisibleKeyword.groovy)
	at com.kms.katalon.core.webui.keyword.internal.WebUIKeywordMain.runKeyword(WebUIKeywordMain.groovy:20)
	... 23 more


29-05-2024T17:28:58 - [TEST_STEP][PASSED] - openBrowser(""): Browser is opened with url: ''

29-05-2024T17:28:58 - [MESSAGE][WARNING] - A browser is already opened. Closing browser and opening a new one

29-05-2024T17:28:59 - [MESSAGE][INFO] - Starting 'Chrome' driver

29-05-2024T17:28:59 - [MESSAGE][INFO] - Action delay is set to 0 milliseconds

29-05-2024T17:28:59 - [MESSAGE][PASSED] - Browser is opened with url: ''

29-05-2024T17:28:59 - [TEST_STEP][PASSED] - navigateToUrl("https://honkai-builds.com/nhan-vat"): Navigate to 'https://honkai-builds.com/nhan-vat' successfully

29-05-2024T17:29:12 - [MESSAGE][PASSED] - Navigate to 'https://honkai-builds.com/nhan-vat' successfully

29-05-2024T17:29:12 - [TEST_STEP][FAILED] - verifyElementVisible(findTestObject("Object Repository/Page_Tng Hp Nhn Vt Honkai Star Rail - Honka_8a0d51/div_Boothill")): Unable to verify object 'Object Repository/Page_Tng Hp Nhn Vt Honkai Star Rail - Honka_8a0d51/div_Boothill' is visible (Root cause: com.kms.katalon.core.exception.StepFailedException: Unable to verify object 'Object Repository/Page_Tng Hp Nhn Vt Honkai Star Rail - Honka_8a0d51/div_Boothill' is visible
	at com.kms.katalon.core.webui.keyword.internal.WebUIKeywordMain.stepFailed(WebUIKeywordMain.groovy:64)
	at com.kms.katalon.core.webui.keyword.internal.WebUIKeywordMain.runKeyword(WebUIKeywordMain.groovy:26)
	at com.kms.katalon.core.webui.keyword.builtin.VerifyElementVisibleKeyword.verifyElementVisible(VerifyElementVisibleKeyword.groovy:97)
	at com.kms.katalon.core.webui.keyword.builtin.VerifyElementVisibleKeyword.execute(VerifyElementVisibleKeyword.groovy:67)
	at com.kms.katalon.core.keyword.internal.KeywordExecutor.executeKeywordForPlatform(KeywordExecutor.groovy:74)
	at com.kms.katalon.core.webui.keyword.WebUiBuiltInKeywords.verifyElementVisible(WebUiBuiltInKeywords.groovy:415)
	at 5-Star.run(5-Star:24)
	at com.kms.katalon.core.main.ScriptEngine.run(ScriptEngine.java:194)
	at com.kms.katalon.core.main.ScriptEngine.runScriptAsRawText(ScriptEngine.java:119)
	at com.kms.katalon.core.main.TestCaseExecutor.runScript(TestCaseExecutor.java:448)
	at com.kms.katalon.core.main.TestCaseExecutor.doExecute(TestCaseExecutor.java:439)
	at com.kms.katalon.core.main.TestCaseExecutor.processExecutionPhase(TestCaseExecutor.java:418)
	at com.kms.katalon.core.main.TestCaseExecutor.accessMainPhase(TestCaseExecutor.java:410)
	at com.kms.katalon.core.main.TestCaseExecutor.execute(TestCaseExecutor.java:285)
	at com.kms.katalon.core.main.TestCaseExecutor.execute(TestCaseExecutor.java:369)
	at com.kms.katalon.core.main.TestCaseExecutor.execute(TestCaseExecutor.java:369)
	at com.kms.katalon.core.main.TestCaseExecutor.execute(TestCaseExecutor.java:369)
	at com.kms.katalon.core.common.CommonExecutor.accessTestCaseMainPhase(CommonExecutor.java:65)
	at com.kms.katalon.core.main.TestSuiteExecutor.accessTestSuiteMainPhase(TestSuiteExecutor.java:150)
	at com.kms.katalon.core.main.TestSuiteExecutor.execute(TestSuiteExecutor.java:106)
	at com.kms.katalon.core.main.TestCaseMain.startTestSuite(TestCaseMain.java:180)
	at TempTestSuite1716978459866.run(TempTestSuite1716978459866.groovy:35)
	at java.base/jdk.internal.reflect.NativeMethodAccessorImpl.invoke0(Native Method)
	at java.base/jdk.internal.reflect.NativeMethodAccessorImpl.invoke(NativeMethodAccessorImpl.java:77)
	at java.base/jdk.internal.reflect.DelegatingMethodAccessorImpl.invoke(DelegatingMethodAccessorImpl.java:43)
Caused by: com.kms.katalon.core.exception.StepFailedException: Object 'Object Repository/Page_Tng Hp Nhn Vt Honkai Star Rail - Honka_8a0d51/div_Boothill' is NOT visible
	at com.kms.katalon.core.webui.keyword.internal.WebUIKeywordMain.stepFailed(WebUIKeywordMain.groovy:64)
	at com.kms.katalon.core.webui.keyword.builtin.VerifyElementVisibleKeyword$_verifyElementVisible_closure1.doCall(VerifyElementVisibleKeyword.groovy:83)
	at com.kms.katalon.core.webui.keyword.builtin.VerifyElementVisibleKeyword$_verifyElementVisible_closure1.call(VerifyElementVisibleKeyword.groovy)
	at com.kms.katalon.core.webui.keyword.internal.WebUIKeywordMain.runKeyword(WebUIKeywordMain.groovy:20)
	... 23 more
)

29-05-2024T17:29:13 - [MESSAGE][FAILED] - Object 'Object Repository/Page_Tng Hp Nhn Vt Honkai Star Rail - Honka_8a0d51/div_Boothill' is NOT visible (Root cause: com.kms.katalon.core.exception.StepFailedException: Object 'Object Repository/Page_Tng Hp Nhn Vt Honkai Star Rail - Honka_8a0d51/div_Boothill' is NOT visible
	at com.kms.katalon.core.webui.keyword.internal.WebUIKeywordMain.stepFailed(WebUIKeywordMain.groovy:64)
	at com.kms.katalon.core.webui.keyword.builtin.VerifyElementVisibleKeyword$_verifyElementVisible_closure1.doCall(VerifyElementVisibleKeyword.groovy:83)
	at com.kms.katalon.core.webui.keyword.builtin.VerifyElementVisibleKeyword$_verifyElementVisible_closure1.call(VerifyElementVisibleKeyword.groovy)
	at com.kms.katalon.core.webui.keyword.internal.WebUIKeywordMain.runKeyword(WebUIKeywordMain.groovy:20)
	at com.kms.katalon.core.webui.keyword.builtin.VerifyElementVisibleKeyword.verifyElementVisible(VerifyElementVisibleKeyword.groovy:97)
	at com.kms.katalon.core.webui.keyword.builtin.VerifyElementVisibleKeyword.execute(VerifyElementVisibleKeyword.groovy:67)
	at com.kms.katalon.core.keyword.internal.KeywordExecutor.executeKeywordForPlatform(KeywordExecutor.groovy:74)
	at com.kms.katalon.core.webui.keyword.WebUiBuiltInKeywords.verifyElementVisible(WebUiBuiltInKeywords.groovy:415)
	at 5-Star.run(5-Star:24)
	at com.kms.katalon.core.main.ScriptEngine.run(ScriptEngine.java:194)
	at com.kms.katalon.core.main.ScriptEngine.runScriptAsRawText(ScriptEngine.java:119)
	at com.kms.katalon.core.main.TestCaseExecutor.runScript(TestCaseExecutor.java:448)
	at com.kms.katalon.core.main.TestCaseExecutor.doExecute(TestCaseExecutor.java:439)
	at com.kms.katalon.core.main.TestCaseExecutor.processExecutionPhase(TestCaseExecutor.java:418)
	at com.kms.katalon.core.main.TestCaseExecutor.accessMainPhase(TestCaseExecutor.java:410)
	at com.kms.katalon.core.main.TestCaseExecutor.execute(TestCaseExecutor.java:285)
	at com.kms.katalon.core.main.TestCaseExecutor.execute(TestCaseExecutor.java:369)
	at com.kms.katalon.core.main.TestCaseExecutor.execute(TestCaseExecutor.java:369)
	at com.kms.katalon.core.main.TestCaseExecutor.execute(TestCaseExecutor.java:369)
	at com.kms.katalon.core.common.CommonExecutor.accessTestCaseMainPhase(CommonExecutor.java:65)
	at com.kms.katalon.core.main.TestSuiteExecutor.accessTestSuiteMainPhase(TestSuiteExecutor.java:150)
	at com.kms.katalon.core.main.TestSuiteExecutor.execute(TestSuiteExecutor.java:106)
	at com.kms.katalon.core.main.TestCaseMain.startTestSuite(TestCaseMain.java:180)
	at TempTestSuite1716978459866.run(TempTestSuite1716978459866.groovy:35)
	at java.base/jdk.internal.reflect.NativeMethodAccessorImpl.invoke0(Native Method)
	at java.base/jdk.internal.reflect.NativeMethodAccessorImpl.invoke(NativeMethodAccessorImpl.java:77)
	at java.base/jdk.internal.reflect.DelegatingMethodAccessorImpl.invoke(DelegatingMethodAccessorImpl.java:43)
)
[[ATTACHMENT|G:\\Code\\pokedex-katalon\\Reports\\20240529_172738\\StarRail\\20240529_172739\\1716978553646.png]]

29-05-2024T17:29:14 - [MESSAGE][FAILED] - Unable to verify object 'Object Repository/Page_Tng Hp Nhn Vt Honkai Star Rail - Honka_8a0d51/div_Boothill' is visible (Root cause: com.kms.katalon.core.exception.StepFailedException: Unable to verify object 'Object Repository/Page_Tng Hp Nhn Vt Honkai Star Rail - Honka_8a0d51/div_Boothill' is visible
	at com.kms.katalon.core.webui.keyword.internal.WebUIKeywordMain.stepFailed(WebUIKeywordMain.groovy:64)
	at com.kms.katalon.core.webui.keyword.internal.WebUIKeywordMain.runKeyword(WebUIKeywordMain.groovy:26)
	at com.kms.katalon.core.webui.keyword.builtin.VerifyElementVisibleKeyword.verifyElementVisible(VerifyElementVisibleKeyword.groovy:97)
	at com.kms.katalon.core.webui.keyword.builtin.VerifyElementVisibleKeyword.execute(VerifyElementVisibleKeyword.groovy:67)
	at com.kms.katalon.core.keyword.internal.KeywordExecutor.executeKeywordForPlatform(KeywordExecutor.groovy:74)
	at com.kms.katalon.core.webui.keyword.WebUiBuiltInKeywords.verifyElementVisible(WebUiBuiltInKeywords.groovy:415)
	at 5-Star.run(5-Star:24)
	at com.kms.katalon.core.main.ScriptEngine.run(ScriptEngine.java:194)
	at com.kms.katalon.core.main.ScriptEngine.runScriptAsRawText(ScriptEngine.java:119)
	at com.kms.katalon.core.main.TestCaseExecutor.runScript(TestCaseExecutor.java:448)
	at com.kms.katalon.core.main.TestCaseExecutor.doExecute(TestCaseExecutor.java:439)
	at com.kms.katalon.core.main.TestCaseExecutor.processExecutionPhase(TestCaseExecutor.java:418)
	at com.kms.katalon.core.main.TestCaseExecutor.accessMainPhase(TestCaseExecutor.java:410)
	at com.kms.katalon.core.main.TestCaseExecutor.execute(TestCaseExecutor.java:285)
	at com.kms.katalon.core.main.TestCaseExecutor.execute(TestCaseExecutor.java:369)
	at com.kms.katalon.core.main.TestCaseExecutor.execute(TestCaseExecutor.java:369)
	at com.kms.katalon.core.main.TestCaseExecutor.execute(TestCaseExecutor.java:369)
	at com.kms.katalon.core.common.CommonExecutor.accessTestCaseMainPhase(CommonExecutor.java:65)
	at com.kms.katalon.core.main.TestSuiteExecutor.accessTestSuiteMainPhase(TestSuiteExecutor.java:150)
	at com.kms.katalon.core.main.TestSuiteExecutor.execute(TestSuiteExecutor.java:106)
	at com.kms.katalon.core.main.TestCaseMain.startTestSuite(TestCaseMain.java:180)
	at TempTestSuite1716978459866.run(TempTestSuite1716978459866.groovy:35)
	at java.base/jdk.internal.reflect.NativeMethodAccessorImpl.invoke0(Native Method)
	at java.base/jdk.internal.reflect.NativeMethodAccessorImpl.invoke(NativeMethodAccessorImpl.java:77)
	at java.base/jdk.internal.reflect.DelegatingMethodAccessorImpl.invoke(DelegatingMethodAccessorImpl.java:43)
Caused by: com.kms.katalon.core.exception.StepFailedException: Object 'Object Repository/Page_Tng Hp Nhn Vt Honkai Star Rail - Honka_8a0d51/div_Boothill' is NOT visible
	at com.kms.katalon.core.webui.keyword.internal.WebUIKeywordMain.stepFailed(WebUIKeywordMain.groovy:64)
	at com.kms.katalon.core.webui.keyword.builtin.VerifyElementVisibleKeyword$_verifyElementVisible_closure1.doCall(VerifyElementVisibleKeyword.groovy:83)
	at com.kms.katalon.core.webui.keyword.builtin.VerifyElementVisibleKeyword$_verifyElementVisible_closure1.call(VerifyElementVisibleKeyword.groovy)
	at com.kms.katalon.core.webui.keyword.internal.WebUIKeywordMain.runKeyword(WebUIKeywordMain.groovy:20)
	... 23 more
)
[[ATTACHMENT|G:\\Code\\pokedex-katalon\\Reports\\20240529_172738\\StarRail\\20240529_172739\\1716978553931.png]]]]></system-out>
         <system-err><![CDATA[29-05-2024T17:28:58 - [TEST_CASE][FAILED] - Test Cases/Honkai Star Rail/Character/5-Star: Test Cases/Honkai Star Rail/Character/5-Star FAILED.
Reason:
com.kms.katalon.core.exception.StepFailedException: Unable to verify object 'Object Repository/Page_Tng Hp Nhn Vt Honkai Star Rail - Honka_8a0d51/div_Boothill' is visible
	at com.kms.katalon.core.webui.keyword.internal.WebUIKeywordMain.stepFailed(WebUIKeywordMain.groovy:64)
	at com.kms.katalon.core.webui.keyword.internal.WebUIKeywordMain.runKeyword(WebUIKeywordMain.groovy:26)
	at com.kms.katalon.core.webui.keyword.builtin.VerifyElementVisibleKeyword.verifyElementVisible(VerifyElementVisibleKeyword.groovy:97)
	at com.kms.katalon.core.webui.keyword.builtin.VerifyElementVisibleKeyword.execute(VerifyElementVisibleKeyword.groovy:67)
	at com.kms.katalon.core.keyword.internal.KeywordExecutor.executeKeywordForPlatform(KeywordExecutor.groovy:74)
	at com.kms.katalon.core.webui.keyword.WebUiBuiltInKeywords.verifyElementVisible(WebUiBuiltInKeywords.groovy:415)
	at 5-Star.run(5-Star:24)
	at com.kms.katalon.core.main.ScriptEngine.run(ScriptEngine.java:194)
	at com.kms.katalon.core.main.ScriptEngine.runScriptAsRawText(ScriptEngine.java:119)
	at com.kms.katalon.core.main.TestCaseExecutor.runScript(TestCaseExecutor.java:448)
	at com.kms.katalon.core.main.TestCaseExecutor.doExecute(TestCaseExecutor.java:439)
	at com.kms.katalon.core.main.TestCaseExecutor.processExecutionPhase(TestCaseExecutor.java:418)
	at com.kms.katalon.core.main.TestCaseExecutor.accessMainPhase(TestCaseExecutor.java:410)
	at com.kms.katalon.core.main.TestCaseExecutor.execute(TestCaseExecutor.java:285)
	at com.kms.katalon.core.main.TestCaseExecutor.execute(TestCaseExecutor.java:369)
	at com.kms.katalon.core.main.TestCaseExecutor.execute(TestCaseExecutor.java:369)
	at com.kms.katalon.core.main.TestCaseExecutor.execute(TestCaseExecutor.java:369)
	at com.kms.katalon.core.common.CommonExecutor.accessTestCaseMainPhase(CommonExecutor.java:65)
	at com.kms.katalon.core.main.TestSuiteExecutor.accessTestSuiteMainPhase(TestSuiteExecutor.java:150)
	at com.kms.katalon.core.main.TestSuiteExecutor.execute(TestSuiteExecutor.java:106)
	at com.kms.katalon.core.main.TestCaseMain.startTestSuite(TestCaseMain.java:180)
	at TempTestSuite1716978459866.run(TempTestSuite1716978459866.groovy:35)
	at java.base/jdk.internal.reflect.NativeMethodAccessorImpl.invoke0(Native Method)
	at java.base/jdk.internal.reflect.NativeMethodAccessorImpl.invoke(NativeMethodAccessorImpl.java:77)
	at java.base/jdk.internal.reflect.DelegatingMethodAccessorImpl.invoke(DelegatingMethodAccessorImpl.java:43)
Caused by: com.kms.katalon.core.exception.StepFailedException: Object 'Object Repository/Page_Tng Hp Nhn Vt Honkai Star Rail - Honka_8a0d51/div_Boothill' is NOT visible
	at com.kms.katalon.core.webui.keyword.internal.WebUIKeywordMain.stepFailed(WebUIKeywordMain.groovy:64)
	at com.kms.katalon.core.webui.keyword.builtin.VerifyElementVisibleKeyword$_verifyElementVisible_closure1.doCall(VerifyElementVisibleKeyword.groovy:83)
	at com.kms.katalon.core.webui.keyword.builtin.VerifyElementVisibleKeyword$_verifyElementVisible_closure1.call(VerifyElementVisibleKeyword.groovy)
	at com.kms.katalon.core.webui.keyword.internal.WebUIKeywordMain.runKeyword(WebUIKeywordMain.groovy:20)
	... 23 more]]></system-err>
      </testcase>
      <testcase name="Test Cases/Honkai Star Rail/Character/Bang" time="15.785" classname="Test Cases/Honkai Star Rail/Character/Bang" status="PASSED">
         <system-out><![CDATA[29-05-2024T17:29:14 - [TEST_CASE][PASSED] - Test Cases/Honkai Star Rail/Character/Bang: Test Cases/Honkai Star Rail/Character/Bang

29-05-2024T17:29:14 - [TEST_STEP][PASSED] - openBrowser(""): Browser is opened with url: ''

29-05-2024T17:29:14 - [MESSAGE][WARNING] - A browser is already opened. Closing browser and opening a new one

29-05-2024T17:29:14 - [MESSAGE][INFO] - Starting 'Chrome' driver

29-05-2024T17:29:14 - [MESSAGE][INFO] - Action delay is set to 0 milliseconds

29-05-2024T17:29:15 - [MESSAGE][PASSED] - Browser is opened with url: ''

29-05-2024T17:29:15 - [TEST_STEP][PASSED] - navigateToUrl("https://honkai-builds.com/nhan-vat"): Navigate to 'https://honkai-builds.com/nhan-vat' successfully

29-05-2024T17:29:28 - [MESSAGE][PASSED] - Navigate to 'https://honkai-builds.com/nhan-vat' successfully

29-05-2024T17:29:28 - [TEST_STEP][PASSED] - click(findTestObject("Object Repository/Page_Tng Hp Nhn Vt Honkai Star Rail - Honka_8a0d51/img_Nhn Vt_jet-tabs__label-image (5)")): Object: 'Object Repository/Page_Tng Hp Nhn Vt Honkai Star Rail - Honka_8a0d51/img_Nhn Vt_jet-tabs__label-image (5)' is clicked on

29-05-2024T17:29:29 - [MESSAGE][PASSED] - Object: 'Object Repository/Page_Tng Hp Nhn Vt Honkai Star Rail - Honka_8a0d51/img_Nhn Vt_jet-tabs__label-image (5)' is clicked on

29-05-2024T17:29:29 - [TEST_STEP][PASSED] - verifyElementPresent(findTestObject("Object Repository/Page_Tng Hp Nhn Vt Honkai Star Rail - Honka_8a0d51/div_Jingliu"), 0): Object 'Object Repository/Page_Tng Hp Nhn Vt Honkai Star Rail - Honka_8a0d51/div_Jingliu' is present

29-05-2024T17:29:29 - [MESSAGE][WARNING] - Timeout '0' is invalid. Using default page load timeout: '30'

29-05-2024T17:29:29 - [MESSAGE][PASSED] - Object 'Object Repository/Page_Tng Hp Nhn Vt Honkai Star Rail - Honka_8a0d51/div_Jingliu' is present

29-05-2024T17:29:29 - [TEST_STEP][PASSED] - closeBrowser(): Browser is closed

29-05-2024T17:29:29 - [MESSAGE][PASSED] - Browser is closed]]></system-out>
         <system-err><![CDATA[]]></system-err>
      </testcase>
      <testcase name="Test Cases/Honkai Star Rail/Character/Character_Detail" time="7.449" classname="Test Cases/Honkai Star Rail/Character/Character_Detail" status="PASSED">
         <system-out><![CDATA[29-05-2024T17:29:29 - [TEST_CASE][PASSED] - Test Cases/Honkai Star Rail/Character/Character_Detail: Test Cases/Honkai Star Rail/Character/Character_Detail

29-05-2024T17:29:30 - [TEST_STEP][PASSED] - openBrowser(""): Browser is opened with url: ''

29-05-2024T17:29:30 - [MESSAGE][INFO] - Starting 'Chrome' driver

29-05-2024T17:29:30 - [MESSAGE][INFO] - Action delay is set to 0 milliseconds

29-05-2024T17:29:30 - [MESSAGE][PASSED] - Browser is opened with url: ''

29-05-2024T17:29:30 - [TEST_STEP][PASSED] - navigateToUrl("https://honkai-builds.com/nhan-vat/boothill"): Navigate to 'https://honkai-builds.com/nhan-vat/boothill' successfully

29-05-2024T17:29:36 - [MESSAGE][PASSED] - Navigate to 'https://honkai-builds.com/nhan-vat/boothill' successfully

29-05-2024T17:29:36 - [TEST_STEP][PASSED] - verifyElementText(findTestObject("Object Repository/Page_Hng Dn Cch Build Boothill - Honkai Builds/h1_Boothill"), "Boothill"): Actual text and expected text of test object 'Object Repository/Page_Hng Dn Cch Build Boothill - Honkai Builds/h1_Boothill' are matched.

29-05-2024T17:29:37 - [MESSAGE][PASSED] - Actual text and expected text of test object 'Object Repository/Page_Hng Dn Cch Build Boothill - Honkai Builds/h1_Boothill' are matched.

29-05-2024T17:29:37 - [TEST_STEP][PASSED] - closeBrowser(): Browser is closed

29-05-2024T17:29:37 - [MESSAGE][PASSED] - Browser is closed]]></system-out>
         <system-err><![CDATA[]]></system-err>
      </testcase>
      <testcase name="Test Cases/Honkai Star Rail/Character/character_page" time="15.007" classname="Test Cases/Honkai Star Rail/Character/character_page" status="PASSED">
         <system-out><![CDATA[29-05-2024T17:29:37 - [TEST_CASE][PASSED] - Test Cases/Honkai Star Rail/Character/character_page: Test Cases/Honkai Star Rail/Character/character_page

29-05-2024T17:29:37 - [TEST_STEP][PASSED] - openBrowser(""): Browser is opened with url: ''

29-05-2024T17:29:37 - [MESSAGE][INFO] - Starting 'Chrome' driver

29-05-2024T17:29:37 - [MESSAGE][INFO] - Action delay is set to 0 milliseconds

29-05-2024T17:29:38 - [MESSAGE][PASSED] - Browser is opened with url: ''

29-05-2024T17:29:38 - [TEST_STEP][PASSED] - navigateToUrl("https://honkai-builds.com/nhan-vat"): Navigate to 'https://honkai-builds.com/nhan-vat' successfully

29-05-2024T17:29:50 - [MESSAGE][PASSED] - Navigate to 'https://honkai-builds.com/nhan-vat' successfully

29-05-2024T17:29:50 - [TEST_STEP][PASSED] - verifyElementText(findTestObject("Object Repository/Page_Tng Hp Nhn Vt Honkai Star Rail - Honka_8a0d51/h1_Nhn Vt"), "Nhân Vật"): Actual text and expected text of test object 'Object Repository/Page_Tng Hp Nhn Vt Honkai Star Rail - Honka_8a0d51/h1_Nhn Vt' are matched.

29-05-2024T17:29:52 - [MESSAGE][PASSED] - Actual text and expected text of test object 'Object Repository/Page_Tng Hp Nhn Vt Honkai Star Rail - Honka_8a0d51/h1_Nhn Vt' are matched.

29-05-2024T17:29:52 - [TEST_STEP][PASSED] - closeBrowser(): Browser is closed

29-05-2024T17:29:52 - [MESSAGE][PASSED] - Browser is closed]]></system-out>
         <system-err><![CDATA[]]></system-err>
      </testcase>
      <testcase name="Test Cases/Honkai Star Rail/Character/Dien" time="14.086" classname="Test Cases/Honkai Star Rail/Character/Dien" status="PASSED">
         <system-out><![CDATA[29-05-2024T17:29:52 - [TEST_CASE][PASSED] - Test Cases/Honkai Star Rail/Character/Dien: Test Cases/Honkai Star Rail/Character/Dien

29-05-2024T17:29:52 - [TEST_STEP][PASSED] - openBrowser(""): Browser is opened with url: ''

29-05-2024T17:29:52 - [MESSAGE][INFO] - Starting 'Chrome' driver

29-05-2024T17:29:52 - [MESSAGE][INFO] - Action delay is set to 0 milliseconds

29-05-2024T17:29:53 - [MESSAGE][PASSED] - Browser is opened with url: ''

29-05-2024T17:29:53 - [TEST_STEP][PASSED] - navigateToUrl("https://honkai-builds.com/nhan-vat"): Navigate to 'https://honkai-builds.com/nhan-vat' successfully

29-05-2024T17:30:03 - [MESSAGE][PASSED] - Navigate to 'https://honkai-builds.com/nhan-vat' successfully

29-05-2024T17:30:03 - [TEST_STEP][PASSED] - click(findTestObject("Object Repository/Page_Tng Hp Nhn Vt Honkai Star Rail - Honka_8a0d51/img_Nhn Vt_jet-tabs__label-image (4)")): Object: 'Object Repository/Page_Tng Hp Nhn Vt Honkai Star Rail - Honka_8a0d51/img_Nhn Vt_jet-tabs__label-image (4)' is clicked on

29-05-2024T17:30:05 - [MESSAGE][PASSED] - Object: 'Object Repository/Page_Tng Hp Nhn Vt Honkai Star Rail - Honka_8a0d51/img_Nhn Vt_jet-tabs__label-image (4)' is clicked on

29-05-2024T17:30:05 - [TEST_STEP][PASSED] - verifyElementPresent(findTestObject("Object Repository/Page_Tng Hp Nhn Vt Honkai Star Rail - Honka_8a0d51/div_Acheron"), 0): Object 'Object Repository/Page_Tng Hp Nhn Vt Honkai Star Rail - Honka_8a0d51/div_Acheron' is present

29-05-2024T17:30:05 - [MESSAGE][WARNING] - Timeout '0' is invalid. Using default page load timeout: '30'

29-05-2024T17:30:06 - [MESSAGE][PASSED] - Object 'Object Repository/Page_Tng Hp Nhn Vt Honkai Star Rail - Honka_8a0d51/div_Acheron' is present

29-05-2024T17:30:06 - [TEST_STEP][PASSED] - closeBrowser(): Browser is closed

29-05-2024T17:30:06 - [MESSAGE][PASSED] - Browser is closed]]></system-out>
         <system-err><![CDATA[]]></system-err>
      </testcase>
      <testcase name="Test Cases/Honkai Star Rail/Character/Hoa" time="15.445" classname="Test Cases/Honkai Star Rail/Character/Hoa" status="PASSED">
         <system-out><![CDATA[29-05-2024T17:30:06 - [TEST_CASE][PASSED] - Test Cases/Honkai Star Rail/Character/Hoa: Test Cases/Honkai Star Rail/Character/Hoa

29-05-2024T17:30:06 - [TEST_STEP][PASSED] - openBrowser(""): Browser is opened with url: ''

29-05-2024T17:30:06 - [MESSAGE][INFO] - Starting 'Chrome' driver

29-05-2024T17:30:06 - [MESSAGE][INFO] - Action delay is set to 0 milliseconds

29-05-2024T17:30:07 - [MESSAGE][PASSED] - Browser is opened with url: ''

29-05-2024T17:30:07 - [TEST_STEP][PASSED] - navigateToUrl("https://honkai-builds.com/nhan-vat"): Navigate to 'https://honkai-builds.com/nhan-vat' successfully

29-05-2024T17:30:18 - [MESSAGE][PASSED] - Navigate to 'https://honkai-builds.com/nhan-vat' successfully

29-05-2024T17:30:18 - [TEST_STEP][PASSED] - verifyElementPresent(findTestObject("Object Repository/Page_Tng Hp Nhn Vt Honkai Star Rail - Honka_8a0d51/div_Topaz  Numby"), 0): Object 'Object Repository/Page_Tng Hp Nhn Vt Honkai Star Rail - Honka_8a0d51/div_Topaz  Numby' is present

29-05-2024T17:30:19 - [MESSAGE][WARNING] - Timeout '0' is invalid. Using default page load timeout: '30'

29-05-2024T17:30:21 - [MESSAGE][PASSED] - Object 'Object Repository/Page_Tng Hp Nhn Vt Honkai Star Rail - Honka_8a0d51/div_Topaz  Numby' is present

29-05-2024T17:30:21 - [TEST_STEP][PASSED] - closeBrowser(): Browser is closed

29-05-2024T17:30:21 - [MESSAGE][PASSED] - Browser is closed]]></system-out>
         <system-err><![CDATA[]]></system-err>
      </testcase>
      <testcase name="Test Cases/Honkai Star Rail/Character/LuongTu" time="13.392" classname="Test Cases/Honkai Star Rail/Character/LuongTu" status="PASSED">
         <system-out><![CDATA[29-05-2024T17:30:21 - [TEST_CASE][PASSED] - Test Cases/Honkai Star Rail/Character/LuongTu: Test Cases/Honkai Star Rail/Character/LuongTu

29-05-2024T17:30:22 - [TEST_STEP][PASSED] - openBrowser(""): Browser is opened with url: ''

29-05-2024T17:30:22 - [MESSAGE][INFO] - Starting 'Chrome' driver

29-05-2024T17:30:22 - [MESSAGE][INFO] - Action delay is set to 0 milliseconds

29-05-2024T17:30:22 - [MESSAGE][PASSED] - Browser is opened with url: ''

29-05-2024T17:30:22 - [TEST_STEP][PASSED] - navigateToUrl("https://honkai-builds.com/nhan-vat"): Navigate to 'https://honkai-builds.com/nhan-vat' successfully

29-05-2024T17:30:33 - [MESSAGE][PASSED] - Navigate to 'https://honkai-builds.com/nhan-vat' successfully

29-05-2024T17:30:33 - [TEST_STEP][PASSED] - click(findTestObject("Object Repository/Page_Tng Hp Nhn Vt Honkai Star Rail - Honka_8a0d51/img_Nhn Vt_jet-tabs__label-image (3)")): Object: 'Object Repository/Page_Tng Hp Nhn Vt Honkai Star Rail - Honka_8a0d51/img_Nhn Vt_jet-tabs__label-image (3)' is clicked on

29-05-2024T17:30:34 - [MESSAGE][PASSED] - Object: 'Object Repository/Page_Tng Hp Nhn Vt Honkai Star Rail - Honka_8a0d51/img_Nhn Vt_jet-tabs__label-image (3)' is clicked on

29-05-2024T17:30:34 - [TEST_STEP][PASSED] - verifyElementPresent(findTestObject("Object Repository/Page_Tng Hp Nhn Vt Honkai Star Rail - Honka_8a0d51/div_Sparkle"), 0): Object 'Object Repository/Page_Tng Hp Nhn Vt Honkai Star Rail - Honka_8a0d51/div_Sparkle' is present

29-05-2024T17:30:34 - [MESSAGE][WARNING] - Timeout '0' is invalid. Using default page load timeout: '30'

29-05-2024T17:30:35 - [MESSAGE][PASSED] - Object 'Object Repository/Page_Tng Hp Nhn Vt Honkai Star Rail - Honka_8a0d51/div_Sparkle' is present

29-05-2024T17:30:35 - [TEST_STEP][PASSED] - closeBrowser(): Browser is closed

29-05-2024T17:30:35 - [MESSAGE][PASSED] - Browser is closed]]></system-out>
         <system-err><![CDATA[]]></system-err>
      </testcase>
      <testcase name="Test Cases/Honkai Star Rail/Character/Phong" time="15.315" classname="Test Cases/Honkai Star Rail/Character/Phong" status="PASSED">
         <system-out><![CDATA[29-05-2024T17:30:35 - [TEST_CASE][PASSED] - Test Cases/Honkai Star Rail/Character/Phong: Test Cases/Honkai Star Rail/Character/Phong

29-05-2024T17:30:35 - [TEST_STEP][PASSED] - openBrowser(""): Browser is opened with url: ''

29-05-2024T17:30:35 - [MESSAGE][INFO] - Starting 'Chrome' driver

29-05-2024T17:30:35 - [MESSAGE][INFO] - Action delay is set to 0 milliseconds

29-05-2024T17:30:36 - [MESSAGE][PASSED] - Browser is opened with url: ''

29-05-2024T17:30:36 - [TEST_STEP][PASSED] - navigateToUrl("https://honkai-builds.com/nhan-vat"): Navigate to 'https://honkai-builds.com/nhan-vat' successfully

29-05-2024T17:30:48 - [MESSAGE][PASSED] - Navigate to 'https://honkai-builds.com/nhan-vat' successfully

29-05-2024T17:30:48 - [TEST_STEP][PASSED] - click(findTestObject("Object Repository/Page_Tng Hp Nhn Vt Honkai Star Rail - Honka_8a0d51/img_Nhn Vt_jet-tabs__label-image (2)")): Object: 'Object Repository/Page_Tng Hp Nhn Vt Honkai Star Rail - Honka_8a0d51/img_Nhn Vt_jet-tabs__label-image (2)' is clicked on

29-05-2024T17:30:50 - [MESSAGE][PASSED] - Object: 'Object Repository/Page_Tng Hp Nhn Vt Honkai Star Rail - Honka_8a0d51/img_Nhn Vt_jet-tabs__label-image (2)' is clicked on

29-05-2024T17:30:50 - [TEST_STEP][PASSED] - verifyElementPresent(findTestObject("Object Repository/Page_Tng Hp Nhn Vt Honkai Star Rail - Honka_8a0d51/div_Huohuo"), 0): Object 'Object Repository/Page_Tng Hp Nhn Vt Honkai Star Rail - Honka_8a0d51/div_Huohuo' is present

29-05-2024T17:30:50 - [MESSAGE][WARNING] - Timeout '0' is invalid. Using default page load timeout: '30'

29-05-2024T17:30:50 - [MESSAGE][PASSED] - Object 'Object Repository/Page_Tng Hp Nhn Vt Honkai Star Rail - Honka_8a0d51/div_Huohuo' is present

29-05-2024T17:30:50 - [TEST_STEP][PASSED] - closeBrowser(): Browser is closed

29-05-2024T17:30:50 - [MESSAGE][PASSED] - Browser is closed]]></system-out>
         <system-err><![CDATA[]]></system-err>
      </testcase>
      <testcase name="Test Cases/Honkai Star Rail/Character/SoHoa" time="15.796" classname="Test Cases/Honkai Star Rail/Character/SoHoa" status="PASSED">
         <system-out><![CDATA[29-05-2024T17:30:50 - [TEST_CASE][PASSED] - Test Cases/Honkai Star Rail/Character/SoHoa: Test Cases/Honkai Star Rail/Character/SoHoa

29-05-2024T17:30:50 - [TEST_STEP][PASSED] - openBrowser(""): Browser is opened with url: ''

29-05-2024T17:30:50 - [MESSAGE][INFO] - Starting 'Chrome' driver

29-05-2024T17:30:50 - [MESSAGE][INFO] - Action delay is set to 0 milliseconds

29-05-2024T17:30:51 - [MESSAGE][PASSED] - Browser is opened with url: ''

29-05-2024T17:30:51 - [TEST_STEP][PASSED] - navigateToUrl("https://honkai-builds.com/nhan-vat"): Navigate to 'https://honkai-builds.com/nhan-vat' successfully

29-05-2024T17:31:03 - [MESSAGE][PASSED] - Navigate to 'https://honkai-builds.com/nhan-vat' successfully

29-05-2024T17:31:03 - [TEST_STEP][PASSED] - click(findTestObject("Object Repository/Page_Tng Hp Nhn Vt Honkai Star Rail - Honka_8a0d51/img_Nhn Vt_jet-tabs__label-image (6)")): Object: 'Object Repository/Page_Tng Hp Nhn Vt Honkai Star Rail - Honka_8a0d51/img_Nhn Vt_jet-tabs__label-image (6)' is clicked on

29-05-2024T17:31:05 - [MESSAGE][PASSED] - Object: 'Object Repository/Page_Tng Hp Nhn Vt Honkai Star Rail - Honka_8a0d51/img_Nhn Vt_jet-tabs__label-image (6)' is clicked on

29-05-2024T17:31:05 - [TEST_STEP][PASSED] - verifyElementPresent(findTestObject("Object Repository/Page_Tng Hp Nhn Vt Honkai Star Rail - Honka_8a0d51/div_Nh Khai Ph (S o)"), 0): Object 'Object Repository/Page_Tng Hp Nhn Vt Honkai Star Rail - Honka_8a0d51/div_Nh Khai Ph (S o)' is present

29-05-2024T17:31:05 - [MESSAGE][WARNING] - Timeout '0' is invalid. Using default page load timeout: '30'

29-05-2024T17:31:06 - [MESSAGE][PASSED] - Object 'Object Repository/Page_Tng Hp Nhn Vt Honkai Star Rail - Honka_8a0d51/div_Nh Khai Ph (S o)' is present

29-05-2024T17:31:06 - [TEST_STEP][PASSED] - closeBrowser(): Browser is closed

29-05-2024T17:31:06 - [MESSAGE][PASSED] - Browser is closed]]></system-out>
         <system-err><![CDATA[]]></system-err>
      </testcase>
      <testcase name="Test Cases/Honkai Star Rail/Character/VatLy" time="17.033" classname="Test Cases/Honkai Star Rail/Character/VatLy" status="PASSED">
         <system-out><![CDATA[29-05-2024T17:31:06 - [TEST_CASE][PASSED] - Test Cases/Honkai Star Rail/Character/VatLy: Test Cases/Honkai Star Rail/Character/VatLy

29-05-2024T17:31:06 - [TEST_STEP][PASSED] - openBrowser(""): Browser is opened with url: ''

29-05-2024T17:31:06 - [MESSAGE][INFO] - Starting 'Chrome' driver

29-05-2024T17:31:06 - [MESSAGE][INFO] - Action delay is set to 0 milliseconds

29-05-2024T17:31:07 - [MESSAGE][PASSED] - Browser is opened with url: ''

29-05-2024T17:31:07 - [TEST_STEP][PASSED] - navigateToUrl("https://honkai-builds.com/nhan-vat"): Navigate to 'https://honkai-builds.com/nhan-vat' successfully

29-05-2024T17:31:21 - [MESSAGE][PASSED] - Navigate to 'https://honkai-builds.com/nhan-vat' successfully

29-05-2024T17:31:21 - [TEST_STEP][PASSED] - click(findTestObject("Object Repository/Page_Tng Hp Nhn Vt Honkai Star Rail - Honka_8a0d51/img_Nhn Vt_jet-tabs__label-image (1)")): Object: 'Object Repository/Page_Tng Hp Nhn Vt Honkai Star Rail - Honka_8a0d51/img_Nhn Vt_jet-tabs__label-image (1)' is clicked on

29-05-2024T17:31:22 - [MESSAGE][PASSED] - Object: 'Object Repository/Page_Tng Hp Nhn Vt Honkai Star Rail - Honka_8a0d51/img_Nhn Vt_jet-tabs__label-image (1)' is clicked on

29-05-2024T17:31:22 - [TEST_STEP][PASSED] - verifyElementVisible(findTestObject("Object Repository/Page_Tng Hp Nhn Vt Honkai Star Rail - Honka_8a0d51/div_Boothill (1)")): Object 'Object Repository/Page_Tng Hp Nhn Vt Honkai Star Rail - Honka_8a0d51/div_Boothill (1)' is visible

29-05-2024T17:31:23 - [MESSAGE][PASSED] - Object 'Object Repository/Page_Tng Hp Nhn Vt Honkai Star Rail - Honka_8a0d51/div_Boothill (1)' is visible

29-05-2024T17:31:23 - [TEST_STEP][PASSED] - closeBrowser(): Browser is closed

29-05-2024T17:31:23 - [MESSAGE][PASSED] - Browser is closed]]></system-out>
         <system-err><![CDATA[]]></system-err>
      </testcase>
      <testcase name="Test Cases/Honkai Star Rail/NonAnhSang/Catalogs/3-Star" time="13.89" classname="Test Cases/Honkai Star Rail/NonAnhSang/Catalogs/3-Star" status="PASSED">
         <system-out><![CDATA[29-05-2024T17:31:23 - [TEST_CASE][PASSED] - Test Cases/Honkai Star Rail/NonAnhSang/Catalogs/3-Star: Test Cases/Honkai Star Rail/NonAnhSang/Catalogs/3-Star

29-05-2024T17:31:23 - [TEST_STEP][PASSED] - openBrowser(""): Browser is opened with url: ''

29-05-2024T17:31:23 - [MESSAGE][INFO] - Starting 'Chrome' driver

29-05-2024T17:31:23 - [MESSAGE][INFO] - Action delay is set to 0 milliseconds

29-05-2024T17:31:24 - [MESSAGE][PASSED] - Browser is opened with url: ''

29-05-2024T17:31:24 - [TEST_STEP][PASSED] - navigateToUrl("https://honkai-builds.com/non-anh-sang"): Navigate to 'https://honkai-builds.com/non-anh-sang' successfully

29-05-2024T17:31:31 - [MESSAGE][PASSED] - Navigate to 'https://honkai-builds.com/non-anh-sang' successfully

29-05-2024T17:31:31 - [TEST_STEP][PASSED] - verifyElementPresent(findTestObject("Object Repository/Page_Tng Hp Nn nh Sng Honkai Star Rail/div_Sinh Si"), 0): Object 'Object Repository/Page_Tng Hp Nn nh Sng Honkai Star Rail/div_Sinh Si' is present

29-05-2024T17:31:31 - [MESSAGE][WARNING] - Timeout '0' is invalid. Using default page load timeout: '30'

29-05-2024T17:31:37 - [MESSAGE][PASSED] - Object 'Object Repository/Page_Tng Hp Nn nh Sng Honkai Star Rail/div_Sinh Si' is present

29-05-2024T17:31:37 - [TEST_STEP][PASSED] - closeBrowser(): Browser is closed

29-05-2024T17:31:37 - [MESSAGE][PASSED] - Browser is closed]]></system-out>
         <system-err><![CDATA[]]></system-err>
      </testcase>
      <testcase name="Test Cases/Honkai Star Rail/NonAnhSang/Catalogs/4-star" time="9.518" classname="Test Cases/Honkai Star Rail/NonAnhSang/Catalogs/4-star" status="PASSED">
         <system-out><![CDATA[29-05-2024T17:31:37 - [TEST_CASE][PASSED] - Test Cases/Honkai Star Rail/NonAnhSang/Catalogs/4-star: Test Cases/Honkai Star Rail/NonAnhSang/Catalogs/4-star

29-05-2024T17:31:37 - [TEST_STEP][PASSED] - openBrowser(""): Browser is opened with url: ''

29-05-2024T17:31:37 - [MESSAGE][INFO] - Starting 'Chrome' driver

29-05-2024T17:31:37 - [MESSAGE][INFO] - Action delay is set to 0 milliseconds

29-05-2024T17:31:38 - [MESSAGE][PASSED] - Browser is opened with url: ''

29-05-2024T17:31:38 - [TEST_STEP][PASSED] - navigateToUrl("https://honkai-builds.com/non-anh-sang"): Navigate to 'https://honkai-builds.com/non-anh-sang' successfully

29-05-2024T17:31:44 - [MESSAGE][PASSED] - Navigate to 'https://honkai-builds.com/non-anh-sang' successfully

29-05-2024T17:31:44 - [TEST_STEP][PASSED] - click(findTestObject("Object Repository/Page_Tng Hp Nn nh Sng Honkai Star Rail/img_Xo Hiu ng Xu_jet-tabs__label-image")): Object: 'Object Repository/Page_Tng Hp Nn nh Sng Honkai Star Rail/img_Xo Hiu ng Xu_jet-tabs__label-image' is clicked on

29-05-2024T17:31:46 - [MESSAGE][PASSED] - Object: 'Object Repository/Page_Tng Hp Nn nh Sng Honkai Star Rail/img_Xo Hiu ng Xu_jet-tabs__label-image' is clicked on

29-05-2024T17:31:46 - [TEST_STEP][PASSED] - verifyElementPresent(findTestObject("Object Repository/Page_Tng Hp Nn nh Sng Honkai Star Rail/div_Ngy Ngn H Sp"), 0): Object 'Object Repository/Page_Tng Hp Nn nh Sng Honkai Star Rail/div_Ngy Ngn H Sp' is present

29-05-2024T17:31:46 - [MESSAGE][WARNING] - Timeout '0' is invalid. Using default page load timeout: '30'

29-05-2024T17:31:46 - [MESSAGE][PASSED] - Object 'Object Repository/Page_Tng Hp Nn nh Sng Honkai Star Rail/div_Ngy Ngn H Sp' is present

29-05-2024T17:31:46 - [TEST_STEP][PASSED] - closeBrowser(): Browser is closed

29-05-2024T17:31:46 - [MESSAGE][PASSED] - Browser is closed]]></system-out>
         <system-err><![CDATA[]]></system-err>
      </testcase>
      <testcase name="Test Cases/Honkai Star Rail/NonAnhSang/Catalogs/5-star (1)" time="9.754" classname="Test Cases/Honkai Star Rail/NonAnhSang/Catalogs/5-star (1)" status="PASSED">
         <system-out><![CDATA[29-05-2024T17:31:46 - [TEST_CASE][PASSED] - Test Cases/Honkai Star Rail/NonAnhSang/Catalogs/5-star (1): Test Cases/Honkai Star Rail/NonAnhSang/Catalogs/5-star (1)

29-05-2024T17:31:46 - [TEST_STEP][PASSED] - openBrowser(""): Browser is opened with url: ''

29-05-2024T17:31:46 - [MESSAGE][INFO] - Starting 'Chrome' driver

29-05-2024T17:31:46 - [MESSAGE][INFO] - Action delay is set to 0 milliseconds

29-05-2024T17:31:47 - [MESSAGE][PASSED] - Browser is opened with url: ''

29-05-2024T17:31:47 - [TEST_STEP][PASSED] - navigateToUrl("https://honkai-builds.com/non-anh-sang"): Navigate to 'https://honkai-builds.com/non-anh-sang' successfully

29-05-2024T17:31:54 - [MESSAGE][PASSED] - Navigate to 'https://honkai-builds.com/non-anh-sang' successfully

29-05-2024T17:31:54 - [TEST_STEP][PASSED] - click(findTestObject("Object Repository/Page_Tng Hp Nn nh Sng Honkai Star Rail/img_Xo Hiu ng Xu_jet-tabs__label-image (1)")): Object: 'Object Repository/Page_Tng Hp Nn nh Sng Honkai Star Rail/img_Xo Hiu ng Xu_jet-tabs__label-image (1)' is clicked on

29-05-2024T17:31:56 - [MESSAGE][PASSED] - Object: 'Object Repository/Page_Tng Hp Nn nh Sng Honkai Star Rail/img_Xo Hiu ng Xu_jet-tabs__label-image (1)' is clicked on

29-05-2024T17:31:56 - [TEST_STEP][PASSED] - verifyElementPresent(findTestObject("Object Repository/Page_Tng Hp Nn nh Sng Honkai Star Rail/div_Hng n Sinh Mnh Th Hai"), 0): Object 'Object Repository/Page_Tng Hp Nn nh Sng Honkai Star Rail/div_Hng n Sinh Mnh Th Hai' is present

29-05-2024T17:31:56 - [MESSAGE][WARNING] - Timeout '0' is invalid. Using default page load timeout: '30'

29-05-2024T17:31:56 - [MESSAGE][PASSED] - Object 'Object Repository/Page_Tng Hp Nn nh Sng Honkai Star Rail/div_Hng n Sinh Mnh Th Hai' is present

29-05-2024T17:31:56 - [TEST_STEP][PASSED] - closeBrowser(): Browser is closed

29-05-2024T17:31:56 - [MESSAGE][PASSED] - Browser is closed]]></system-out>
         <system-err><![CDATA[]]></system-err>
      </testcase>
      <testcase name="Test Cases/Honkai Star Rail/Rank/DanhDon" time="15.299" classname="Test Cases/Honkai Star Rail/Rank/DanhDon" status="PASSED">
         <system-out><![CDATA[29-05-2024T17:31:56 - [TEST_CASE][PASSED] - Test Cases/Honkai Star Rail/Rank/DanhDon: Test Cases/Honkai Star Rail/Rank/DanhDon

29-05-2024T17:31:56 - [TEST_STEP][PASSED] - openBrowser(""): Browser is opened with url: ''

29-05-2024T17:31:56 - [MESSAGE][INFO] - Starting 'Chrome' driver

29-05-2024T17:31:56 - [MESSAGE][INFO] - Action delay is set to 0 milliseconds

29-05-2024T17:31:57 - [MESSAGE][PASSED] - Browser is opened with url: ''

29-05-2024T17:31:57 - [TEST_STEP][PASSED] - navigateToUrl("https://honkai-builds.com/xep-hang"): Navigate to 'https://honkai-builds.com/xep-hang' successfully

29-05-2024T17:32:10 - [MESSAGE][PASSED] - Navigate to 'https://honkai-builds.com/xep-hang' successfully

29-05-2024T17:32:10 - [TEST_STEP][PASSED] - verifyElementPresent(findTestObject("Object Repository/Page_Bng Xp Hng Nhn Vt Honkai Star Rail Mi Nht/div_Acheron (1)"), 0): Object 'Object Repository/Page_Bng Xp Hng Nhn Vt Honkai Star Rail Mi Nht/div_Acheron (1)' is present

29-05-2024T17:32:10 - [MESSAGE][WARNING] - Timeout '0' is invalid. Using default page load timeout: '30'

29-05-2024T17:32:11 - [MESSAGE][PASSED] - Object 'Object Repository/Page_Bng Xp Hng Nhn Vt Honkai Star Rail Mi Nht/div_Acheron (1)' is present

29-05-2024T17:32:11 - [TEST_STEP][PASSED] - closeBrowser(): Browser is closed

29-05-2024T17:32:11 - [MESSAGE][PASSED] - Browser is closed]]></system-out>
         <system-err><![CDATA[]]></system-err>
      </testcase>
      <testcase name="Test Cases/Honkai Star Rail/Rank/DanhLan" time="17.836" classname="Test Cases/Honkai Star Rail/Rank/DanhLan" status="PASSED">
         <system-out><![CDATA[29-05-2024T17:32:11 - [TEST_CASE][PASSED] - Test Cases/Honkai Star Rail/Rank/DanhLan: Test Cases/Honkai Star Rail/Rank/DanhLan

29-05-2024T17:32:12 - [TEST_STEP][PASSED] - openBrowser(""): Browser is opened with url: ''

29-05-2024T17:32:12 - [MESSAGE][INFO] - Starting 'Chrome' driver

29-05-2024T17:32:12 - [MESSAGE][INFO] - Action delay is set to 0 milliseconds

29-05-2024T17:32:12 - [MESSAGE][PASSED] - Browser is opened with url: ''

29-05-2024T17:32:12 - [TEST_STEP][PASSED] - navigateToUrl("https://honkai-builds.com/xep-hang"): Navigate to 'https://honkai-builds.com/xep-hang' successfully

29-05-2024T17:32:21 - [MESSAGE][PASSED] - Navigate to 'https://honkai-builds.com/xep-hang' successfully

29-05-2024T17:32:21 - [TEST_STEP][PASSED] - click(findTestObject("Object Repository/Page_Bng Xp Hng Nhn Vt Honkai Star Rail Mi Nht/div_DPS nh Lan")): Object: 'Object Repository/Page_Bng Xp Hng Nhn Vt Honkai Star Rail Mi Nht/div_DPS nh Lan' is clicked on

29-05-2024T17:32:29 - [MESSAGE][PASSED] - Object: 'Object Repository/Page_Bng Xp Hng Nhn Vt Honkai Star Rail Mi Nht/div_DPS nh Lan' is clicked on

29-05-2024T17:32:29 - [TEST_STEP][PASSED] - verifyElementPresent(findTestObject("Object Repository/Page_Bng Xp Hng Nhn Vt Honkai Star Rail Mi Nht/div_Acheron (2)"), 0): Object 'Object Repository/Page_Bng Xp Hng Nhn Vt Honkai Star Rail Mi Nht/div_Acheron (2)' is present

29-05-2024T17:32:29 - [MESSAGE][WARNING] - Timeout '0' is invalid. Using default page load timeout: '30'

29-05-2024T17:32:29 - [MESSAGE][PASSED] - Object 'Object Repository/Page_Bng Xp Hng Nhn Vt Honkai Star Rail Mi Nht/div_Acheron (2)' is present

29-05-2024T17:32:29 - [TEST_STEP][PASSED] - closeBrowser(): Browser is closed

29-05-2024T17:32:29 - [MESSAGE][PASSED] - Browser is closed]]></system-out>
         <system-err><![CDATA[]]></system-err>
      </testcase>
      <testcase name="Test Cases/Honkai Star Rail/Rank/HoTro" time="19.0" classname="Test Cases/Honkai Star Rail/Rank/HoTro" status="PASSED">
         <system-out><![CDATA[29-05-2024T17:32:29 - [TEST_CASE][PASSED] - Test Cases/Honkai Star Rail/Rank/HoTro: Test Cases/Honkai Star Rail/Rank/HoTro

29-05-2024T17:32:29 - [TEST_STEP][PASSED] - openBrowser(""): Browser is opened with url: ''

29-05-2024T17:32:29 - [MESSAGE][INFO] - Starting 'Chrome' driver

29-05-2024T17:32:29 - [MESSAGE][INFO] - Action delay is set to 0 milliseconds

29-05-2024T17:32:30 - [MESSAGE][PASSED] - Browser is opened with url: ''

29-05-2024T17:32:30 - [TEST_STEP][PASSED] - navigateToUrl("https://honkai-builds.com/xep-hang"): Navigate to 'https://honkai-builds.com/xep-hang' successfully

29-05-2024T17:32:47 - [MESSAGE][PASSED] - Navigate to 'https://honkai-builds.com/xep-hang' successfully

29-05-2024T17:32:47 - [TEST_STEP][PASSED] - click(findTestObject("Object Repository/Page_Bng Xp Hng Nhn Vt Honkai Star Rail Mi Nht/div_H Tr")): Object: 'Object Repository/Page_Bng Xp Hng Nhn Vt Honkai Star Rail Mi Nht/div_H Tr' is clicked on

29-05-2024T17:32:48 - [MESSAGE][PASSED] - Object: 'Object Repository/Page_Bng Xp Hng Nhn Vt Honkai Star Rail Mi Nht/div_H Tr' is clicked on

29-05-2024T17:32:48 - [TEST_STEP][PASSED] - verifyElementPresent(findTestObject("Object Repository/Page_Bng Xp Hng Nhn Vt Honkai Star Rail Mi Nht/div_Robin"), 0): Object 'Object Repository/Page_Bng Xp Hng Nhn Vt Honkai Star Rail Mi Nht/div_Robin' is present

29-05-2024T17:32:48 - [MESSAGE][WARNING] - Timeout '0' is invalid. Using default page load timeout: '30'

29-05-2024T17:32:48 - [MESSAGE][PASSED] - Object 'Object Repository/Page_Bng Xp Hng Nhn Vt Honkai Star Rail Mi Nht/div_Robin' is present

29-05-2024T17:32:48 - [TEST_STEP][PASSED] - closeBrowser(): Browser is closed

29-05-2024T17:32:48 - [MESSAGE][PASSED] - Browser is closed]]></system-out>
         <system-err><![CDATA[]]></system-err>
      </testcase>
      <testcase name="Test Cases/Honkai Star Rail/Rank/TongThe" time="14.897" classname="Test Cases/Honkai Star Rail/Rank/TongThe" status="PASSED">
         <system-out><![CDATA[29-05-2024T17:32:48 - [TEST_CASE][PASSED] - Test Cases/Honkai Star Rail/Rank/TongThe: Test Cases/Honkai Star Rail/Rank/TongThe

29-05-2024T17:32:48 - [TEST_STEP][PASSED] - openBrowser(""): Browser is opened with url: ''

29-05-2024T17:32:48 - [MESSAGE][INFO] - Starting 'Chrome' driver

29-05-2024T17:32:48 - [MESSAGE][INFO] - Action delay is set to 0 milliseconds

29-05-2024T17:32:49 - [MESSAGE][PASSED] - Browser is opened with url: ''

29-05-2024T17:32:49 - [TEST_STEP][PASSED] - navigateToUrl("https://honkai-builds.com/xep-hang"): Navigate to 'https://honkai-builds.com/xep-hang' successfully

29-05-2024T17:33:03 - [MESSAGE][PASSED] - Navigate to 'https://honkai-builds.com/xep-hang' successfully

29-05-2024T17:33:03 - [TEST_STEP][PASSED] - closeBrowser(): Browser is closed

29-05-2024T17:33:03 - [MESSAGE][PASSED] - Browser is closed]]></system-out>
         <system-err><![CDATA[]]></system-err>
      </testcase>
      <testcase name="Test Cases/Honkai Star Rail/NguyenLieu/item_dietquy" time="6.354" classname="Test Cases/Honkai Star Rail/NguyenLieu/item_dietquy" status="PASSED">
         <system-out><![CDATA[29-05-2024T17:33:03 - [TEST_CASE][PASSED] - Test Cases/Honkai Star Rail/NguyenLieu/item_dietquy: Test Cases/Honkai Star Rail/NguyenLieu/item_dietquy

29-05-2024T17:33:03 - [TEST_STEP][PASSED] - openBrowser(""): Browser is opened with url: ''

29-05-2024T17:33:03 - [MESSAGE][INFO] - Starting 'Chrome' driver

29-05-2024T17:33:03 - [MESSAGE][INFO] - Action delay is set to 0 milliseconds

29-05-2024T17:33:04 - [MESSAGE][PASSED] - Browser is opened with url: ''

29-05-2024T17:33:04 - [TEST_STEP][PASSED] - navigateToUrl("https://honkai-builds.com/nguyen-lieu/mui-ten-diet-quy"): Navigate to 'https://honkai-builds.com/nguyen-lieu/mui-ten-diet-quy' successfully

29-05-2024T17:33:09 - [MESSAGE][PASSED] - Navigate to 'https://honkai-builds.com/nguyen-lieu/mui-ten-diet-quy' successfully

29-05-2024T17:33:09 - [TEST_STEP][PASSED] - closeBrowser(): Browser is closed

29-05-2024T17:33:10 - [MESSAGE][PASSED] - Browser is closed]]></system-out>
         <system-err><![CDATA[]]></system-err>
      </testcase>
      <testcase name="Test Cases/Honkai Star Rail/NguyenLieu/item_dong" time="6.447" classname="Test Cases/Honkai Star Rail/NguyenLieu/item_dong" status="PASSED">
         <system-out><![CDATA[29-05-2024T17:33:10 - [TEST_CASE][PASSED] - Test Cases/Honkai Star Rail/NguyenLieu/item_dong: Test Cases/Honkai Star Rail/NguyenLieu/item_dong

29-05-2024T17:33:10 - [TEST_STEP][PASSED] - openBrowser(""): Browser is opened with url: ''

29-05-2024T17:33:10 - [MESSAGE][INFO] - Starting 'Chrome' driver

29-05-2024T17:33:10 - [MESSAGE][INFO] - Action delay is set to 0 milliseconds

29-05-2024T17:33:10 - [MESSAGE][PASSED] - Browser is opened with url: ''

29-05-2024T17:33:10 - [TEST_STEP][PASSED] - navigateToUrl("https://honkai-builds.com/nguyen-lieu/co-chap-cua-dong"): Navigate to 'https://honkai-builds.com/nguyen-lieu/co-chap-cua-dong' successfully

29-05-2024T17:33:16 - [MESSAGE][PASSED] - Navigate to 'https://honkai-builds.com/nguyen-lieu/co-chap-cua-dong' successfully

29-05-2024T17:33:16 - [TEST_STEP][PASSED] - closeBrowser(): Browser is closed

29-05-2024T17:33:16 - [MESSAGE][PASSED] - Browser is closed]]></system-out>
         <system-err><![CDATA[]]></system-err>
      </testcase>
      <testcase name="Test Cases/Honkai Star Rail/NguyenLieu/item_duoisao" time="4.467" classname="Test Cases/Honkai Star Rail/NguyenLieu/item_duoisao" status="PASSED">
         <system-out><![CDATA[29-05-2024T17:33:16 - [TEST_CASE][PASSED] - Test Cases/Honkai Star Rail/NguyenLieu/item_duoisao: Test Cases/Honkai Star Rail/NguyenLieu/item_duoisao

29-05-2024T17:33:16 - [TEST_STEP][PASSED] - openBrowser(""): Browser is opened with url: ''

29-05-2024T17:33:16 - [MESSAGE][INFO] - Starting 'Chrome' driver

29-05-2024T17:33:16 - [MESSAGE][INFO] - Action delay is set to 0 milliseconds

29-05-2024T17:33:17 - [MESSAGE][PASSED] - Browser is opened with url: ''

29-05-2024T17:33:17 - [TEST_STEP][PASSED] - navigateToUrl("https://honkai-builds.com/nguyen-lieu/mui-ten-duoi-sao"): Navigate to 'https://honkai-builds.com/nguyen-lieu/mui-ten-duoi-sao' successfully

29-05-2024T17:33:20 - [MESSAGE][PASSED] - Navigate to 'https://honkai-builds.com/nguyen-lieu/mui-ten-duoi-sao' successfully

29-05-2024T17:33:20 - [TEST_STEP][PASSED] - closeBrowser(): Browser is closed

29-05-2024T17:33:20 - [MESSAGE][PASSED] - Browser is closed]]></system-out>
         <system-err><![CDATA[]]></system-err>
      </testcase>
      <testcase name="Test Cases/Honkai Star Rail/NguyenLieu/item_hukhong" time="4.946" classname="Test Cases/Honkai Star Rail/NguyenLieu/item_hukhong" status="PASSED">
         <system-out><![CDATA[29-05-2024T17:33:20 - [TEST_CASE][PASSED] - Test Cases/Honkai Star Rail/NguyenLieu/item_hukhong: Test Cases/Honkai Star Rail/NguyenLieu/item_hukhong

29-05-2024T17:33:21 - [TEST_STEP][PASSED] - openBrowser(""): Browser is opened with url: ''

29-05-2024T17:33:21 - [MESSAGE][INFO] - Starting 'Chrome' driver

29-05-2024T17:33:21 - [MESSAGE][INFO] - Action delay is set to 0 milliseconds

29-05-2024T17:33:21 - [MESSAGE][PASSED] - Browser is opened with url: ''

29-05-2024T17:33:21 - [TEST_STEP][PASSED] - navigateToUrl("https://honkai-builds.com/nguyen-lieu/anh-den-hu-khong"): Navigate to 'https://honkai-builds.com/nguyen-lieu/anh-den-hu-khong' successfully

29-05-2024T17:33:25 - [MESSAGE][PASSED] - Navigate to 'https://honkai-builds.com/nguyen-lieu/anh-den-hu-khong' successfully

29-05-2024T17:33:25 - [TEST_STEP][PASSED] - closeBrowser(): Browser is closed

29-05-2024T17:33:25 - [MESSAGE][PASSED] - Browser is closed]]></system-out>
         <system-err><![CDATA[]]></system-err>
      </testcase>
      <testcase name="Test Cases/Honkai Star Rail/NguyenLieu/item_kienco" time="0.918" classname="Test Cases/Honkai Star Rail/NguyenLieu/item_kienco" status="PASSED">
         <system-out><![CDATA[29-05-2024T17:33:25 - [TEST_CASE][PASSED] - Test Cases/Honkai Star Rail/NguyenLieu/item_kienco: Test Cases/Honkai Star Rail/NguyenLieu/item_kienco

29-05-2024T17:33:25 - [TEST_STEP][PASSED] - openBrowser(""): Browser is opened with url: ''

29-05-2024T17:33:25 - [MESSAGE][INFO] - Starting 'Chrome' driver

29-05-2024T17:33:26 - [MESSAGE][INFO] - Action delay is set to 0 milliseconds

29-05-2024T17:33:26 - [MESSAGE][PASSED] - Browser is opened with url: ''

29-05-2024T17:33:26 - [TEST_STEP][PASSED] - closeBrowser(): Browser is closed

29-05-2024T17:33:26 - [MESSAGE][PASSED] - Browser is closed]]></system-out>
         <system-err><![CDATA[]]></system-err>
      </testcase>
      <testcase name="Test Cases/Honkai Star Rail/NguyenLieu/item_linhcam" time="5.4" classname="Test Cases/Honkai Star Rail/NguyenLieu/item_linhcam" status="PASSED">
         <system-out><![CDATA[29-05-2024T17:33:26 - [TEST_CASE][PASSED] - Test Cases/Honkai Star Rail/NguyenLieu/item_linhcam: Test Cases/Honkai Star Rail/NguyenLieu/item_linhcam

29-05-2024T17:33:26 - [TEST_STEP][PASSED] - openBrowser(""): Browser is opened with url: ''

29-05-2024T17:33:26 - [MESSAGE][INFO] - Starting 'Chrome' driver

29-05-2024T17:33:26 - [MESSAGE][INFO] - Action delay is set to 0 milliseconds

29-05-2024T17:33:27 - [MESSAGE][PASSED] - Browser is opened with url: ''

29-05-2024T17:33:27 - [TEST_STEP][PASSED] - navigateToUrl("https://honkai-builds.com/nguyen-lieu/chia-khoa-linh-cam"): Navigate to 'https://honkai-builds.com/nguyen-lieu/chia-khoa-linh-cam' successfully

29-05-2024T17:33:32 - [MESSAGE][PASSED] - Navigate to 'https://honkai-builds.com/nguyen-lieu/chia-khoa-linh-cam' successfully

29-05-2024T17:33:32 - [TEST_STEP][PASSED] - closeBrowser(): Browser is closed

29-05-2024T17:33:32 - [MESSAGE][PASSED] - Browser is closed]]></system-out>
         <system-err><![CDATA[]]></system-err>
      </testcase>
      <testcase name="Test Cases/Honkai Star Rail/NguyenLieu/item_santhu" time="0.643" classname="Test Cases/Honkai Star Rail/NguyenLieu/item_santhu" status="PASSED">
         <system-out><![CDATA[29-05-2024T17:33:32 - [TEST_CASE][PASSED] - Test Cases/Honkai Star Rail/NguyenLieu/item_santhu: Test Cases/Honkai Star Rail/NguyenLieu/item_santhu

29-05-2024T17:33:32 - [TEST_STEP][PASSED] - openBrowser(""): Browser is opened with url: ''

29-05-2024T17:33:32 - [MESSAGE][INFO] - Starting 'Chrome' driver

29-05-2024T17:33:32 - [MESSAGE][INFO] - Action delay is set to 0 milliseconds

29-05-2024T17:33:32 - [MESSAGE][PASSED] - Browser is opened with url: '']]></system-out>
         <system-err><![CDATA[]]></system-err>
      </testcase>
      <testcase name="Test Cases/Honkai Star Rail/NguyenLieu/item_satlanh" time="0.964" classname="Test Cases/Honkai Star Rail/NguyenLieu/item_satlanh" status="PASSED">
         <system-out><![CDATA[29-05-2024T17:33:32 - [TEST_CASE][PASSED] - Test Cases/Honkai Star Rail/NguyenLieu/item_satlanh: Test Cases/Honkai Star Rail/NguyenLieu/item_satlanh

29-05-2024T17:33:32 - [TEST_STEP][PASSED] - openBrowser(""): Browser is opened with url: ''

29-05-2024T17:33:32 - [MESSAGE][WARNING] - A browser is already opened. Closing browser and opening a new one

29-05-2024T17:33:33 - [MESSAGE][INFO] - Starting 'Chrome' driver

29-05-2024T17:33:33 - [MESSAGE][INFO] - Action delay is set to 0 milliseconds

29-05-2024T17:33:33 - [MESSAGE][PASSED] - Browser is opened with url: ''

29-05-2024T17:33:33 - [TEST_STEP][PASSED] - closeBrowser(): Browser is closed

29-05-2024T17:33:33 - [MESSAGE][PASSED] - Browser is closed]]></system-out>
         <system-err><![CDATA[]]></system-err>
      </testcase>
      <testcase name="Test Cases/Honkai Star Rail/NguyenLieu/item_tinhthe" time="5.777" classname="Test Cases/Honkai Star Rail/NguyenLieu/item_tinhthe" status="PASSED">
         <system-out><![CDATA[29-05-2024T17:33:33 - [TEST_CASE][PASSED] - Test Cases/Honkai Star Rail/NguyenLieu/item_tinhthe: Test Cases/Honkai Star Rail/NguyenLieu/item_tinhthe

29-05-2024T17:33:33 - [TEST_STEP][PASSED] - openBrowser(""): Browser is opened with url: ''

29-05-2024T17:33:33 - [MESSAGE][INFO] - Starting 'Chrome' driver

29-05-2024T17:33:33 - [MESSAGE][INFO] - Action delay is set to 0 milliseconds

29-05-2024T17:33:34 - [MESSAGE][PASSED] - Browser is opened with url: ''

29-05-2024T17:33:34 - [TEST_STEP][PASSED] - navigateToUrl("https://honkai-builds.com/nguyen-lieu/luoi-dao-tinh-the"): Navigate to 'https://honkai-builds.com/nguyen-lieu/luoi-dao-tinh-the' successfully

29-05-2024T17:33:39 - [MESSAGE][PASSED] - Navigate to 'https://honkai-builds.com/nguyen-lieu/luoi-dao-tinh-the' successfully

29-05-2024T17:33:39 - [TEST_STEP][PASSED] - closeBrowser(): Browser is closed

29-05-2024T17:33:39 - [MESSAGE][PASSED] - Browser is closed]]></system-out>
         <system-err><![CDATA[]]></system-err>
      </testcase>
      <testcase name="Test Cases/Honkai Star Rail/NguyenLieu/item_tramluan" time="0.631" classname="Test Cases/Honkai Star Rail/NguyenLieu/item_tramluan" status="PASSED">
         <system-out><![CDATA[29-05-2024T17:33:39 - [TEST_CASE][PASSED] - Test Cases/Honkai Star Rail/NguyenLieu/item_tramluan: Test Cases/Honkai Star Rail/NguyenLieu/item_tramluan

29-05-2024T17:33:39 - [TEST_STEP][PASSED] - openBrowser(""): Browser is opened with url: ''

29-05-2024T17:33:39 - [MESSAGE][INFO] - Starting 'Chrome' driver

29-05-2024T17:33:39 - [MESSAGE][INFO] - Action delay is set to 0 milliseconds

29-05-2024T17:33:40 - [MESSAGE][PASSED] - Browser is opened with url: '']]></system-out>
         <system-err><![CDATA[]]></system-err>
      </testcase>
      <testcase name="Test Cases/Honkai Star Rail/NguyenLieu/item_trithuc" time="0.928" classname="Test Cases/Honkai Star Rail/NguyenLieu/item_trithuc" status="PASSED">
         <system-out><![CDATA[29-05-2024T17:33:40 - [TEST_CASE][PASSED] - Test Cases/Honkai Star Rail/NguyenLieu/item_trithuc: Test Cases/Honkai Star Rail/NguyenLieu/item_trithuc

29-05-2024T17:33:40 - [TEST_STEP][PASSED] - openBrowser(""): Browser is opened with url: ''

29-05-2024T17:33:40 - [MESSAGE][WARNING] - A browser is already opened. Closing browser and opening a new one

29-05-2024T17:33:40 - [MESSAGE][INFO] - Starting 'Chrome' driver

29-05-2024T17:33:40 - [MESSAGE][INFO] - Action delay is set to 0 milliseconds

29-05-2024T17:33:41 - [MESSAGE][PASSED] - Browser is opened with url: ''

29-05-2024T17:33:41 - [TEST_STEP][PASSED] - closeBrowser(): Browser is closed

29-05-2024T17:33:41 - [MESSAGE][PASSED] - Browser is closed]]></system-out>
         <system-err><![CDATA[]]></system-err>
      </testcase>
      <testcase name="Test Cases/Honkai Star Rail/NguyenLieu/item_tritue" time="4.923" classname="Test Cases/Honkai Star Rail/NguyenLieu/item_tritue" status="PASSED">
         <system-out><![CDATA[29-05-2024T17:33:41 - [TEST_CASE][PASSED] - Test Cases/Honkai Star Rail/NguyenLieu/item_tritue: Test Cases/Honkai Star Rail/NguyenLieu/item_tritue

29-05-2024T17:33:41 - [TEST_STEP][PASSED] - openBrowser(""): Browser is opened with url: ''

29-05-2024T17:33:41 - [MESSAGE][INFO] - Starting 'Chrome' driver

29-05-2024T17:33:41 - [MESSAGE][INFO] - Action delay is set to 0 milliseconds

29-05-2024T17:33:42 - [MESSAGE][PASSED] - Browser is opened with url: ''

29-05-2024T17:33:42 - [TEST_STEP][PASSED] - navigateToUrl("https://honkai-builds.com/nguyen-lieu/luoi-dao-tu-vong"): Navigate to 'https://honkai-builds.com/nguyen-lieu/luoi-dao-tu-vong' successfully

29-05-2024T17:33:46 - [MESSAGE][PASSED] - Navigate to 'https://honkai-builds.com/nguyen-lieu/luoi-dao-tu-vong' successfully]]></system-out>
         <system-err><![CDATA[]]></system-err>
      </testcase>
      <testcase name="Test Cases/Honkai Star Rail/NguyenLieu/item_tuvong" time="0.716" classname="Test Cases/Honkai Star Rail/NguyenLieu/item_tuvong" status="PASSED">
         <system-out><![CDATA[29-05-2024T17:33:46 - [TEST_CASE][PASSED] - Test Cases/Honkai Star Rail/NguyenLieu/item_tuvong: Test Cases/Honkai Star Rail/NguyenLieu/item_tuvong

29-05-2024T17:33:46 - [TEST_STEP][PASSED] - openBrowser(""): Browser is opened with url: ''

29-05-2024T17:33:46 - [MESSAGE][WARNING] - A browser is already opened. Closing browser and opening a new one

29-05-2024T17:33:46 - [MESSAGE][INFO] - Starting 'Chrome' driver

29-05-2024T17:33:46 - [MESSAGE][INFO] - Action delay is set to 0 milliseconds

29-05-2024T17:33:46 - [MESSAGE][PASSED] - Browser is opened with url: '']]></system-out>
         <system-err><![CDATA[]]></system-err>
      </testcase>
      <testcase name="Test Cases/Honkai Star Rail/NguyenLieu/item_utoi" time="0.857" classname="Test Cases/Honkai Star Rail/NguyenLieu/item_utoi" status="PASSED">
         <system-out><![CDATA[29-05-2024T17:33:46 - [TEST_CASE][PASSED] - Test Cases/Honkai Star Rail/NguyenLieu/item_utoi: Test Cases/Honkai Star Rail/NguyenLieu/item_utoi

29-05-2024T17:33:46 - [TEST_STEP][PASSED] - openBrowser(""): Browser is opened with url: ''

29-05-2024T17:33:46 - [MESSAGE][WARNING] - A browser is already opened. Closing browser and opening a new one

29-05-2024T17:33:47 - [MESSAGE][INFO] - Starting 'Chrome' driver

29-05-2024T17:33:47 - [MESSAGE][INFO] - Action delay is set to 0 milliseconds

29-05-2024T17:33:47 - [MESSAGE][PASSED] - Browser is opened with url: '']]></system-out>
         <system-err><![CDATA[]]></system-err>
      </testcase>
      <testcase name="Test Cases/Honkai Star Rail/NguyenLieu/item_vohon" time="4.839" classname="Test Cases/Honkai Star Rail/NguyenLieu/item_vohon" status="PASSED">
         <system-out><![CDATA[29-05-2024T17:33:47 - [TEST_CASE][PASSED] - Test Cases/Honkai Star Rail/NguyenLieu/item_vohon: Test Cases/Honkai Star Rail/NguyenLieu/item_vohon

29-05-2024T17:33:47 - [TEST_STEP][PASSED] - openBrowser(""): Browser is opened with url: ''

29-05-2024T17:33:47 - [MESSAGE][WARNING] - A browser is already opened. Closing browser and opening a new one

29-05-2024T17:33:47 - [MESSAGE][INFO] - Starting 'Chrome' driver

29-05-2024T17:33:47 - [MESSAGE][INFO] - Action delay is set to 0 milliseconds

29-05-2024T17:33:48 - [MESSAGE][PASSED] - Browser is opened with url: ''

29-05-2024T17:33:48 - [TEST_STEP][PASSED] - navigateToUrl("https://honkai-builds.com/nguyen-lieu/luoi-kiem-vo-hon"): Navigate to 'https://honkai-builds.com/nguyen-lieu/luoi-kiem-vo-hon' successfully

29-05-2024T17:33:52 - [MESSAGE][PASSED] - Navigate to 'https://honkai-builds.com/nguyen-lieu/luoi-kiem-vo-hon' successfully]]></system-out>
         <system-err><![CDATA[]]></system-err>
      </testcase>
      <testcase name="Test Cases/Honkai Star Rail/Character/4_star" time="14.475" classname="Test Cases/Honkai Star Rail/Character/4_star" status="PASSED">
         <system-out><![CDATA[29-05-2024T17:33:52 - [TEST_CASE][PASSED] - Test Cases/Honkai Star Rail/Character/4_star: Test Cases/Honkai Star Rail/Character/4_star

29-05-2024T17:33:52 - [TEST_STEP][PASSED] - openBrowser(""): Browser is opened with url: ''

29-05-2024T17:33:52 - [MESSAGE][WARNING] - A browser is already opened. Closing browser and opening a new one

29-05-2024T17:33:52 - [MESSAGE][INFO] - Starting 'Chrome' driver

29-05-2024T17:33:52 - [MESSAGE][INFO] - Action delay is set to 0 milliseconds

29-05-2024T17:33:53 - [MESSAGE][PASSED] - Browser is opened with url: ''

29-05-2024T17:33:53 - [TEST_STEP][PASSED] - navigateToUrl("https://honkai-builds.com/nhan-vat"): Navigate to 'https://honkai-builds.com/nhan-vat' successfully

29-05-2024T17:34:04 - [MESSAGE][PASSED] - Navigate to 'https://honkai-builds.com/nhan-vat' successfully

29-05-2024T17:34:04 - [TEST_STEP][PASSED] - click(findTestObject("Object Repository/Page_Tng Hp Nhn Vt Honkai Star Rail - Honka_8a0d51/img_Nhn Vt_jet-tabs__label-image")): Object: 'Object Repository/Page_Tng Hp Nhn Vt Honkai Star Rail - Honka_8a0d51/img_Nhn Vt_jet-tabs__label-image' is clicked on

29-05-2024T17:34:06 - [MESSAGE][PASSED] - Object: 'Object Repository/Page_Tng Hp Nhn Vt Honkai Star Rail - Honka_8a0d51/img_Nhn Vt_jet-tabs__label-image' is clicked on

29-05-2024T17:34:06 - [TEST_STEP][PASSED] - verifyElementPresent(findTestObject("Object Repository/Page_Tng Hp Nhn Vt Honkai Star Rail - Honka_8a0d51/div_Gallagher"), 0): Object 'Object Repository/Page_Tng Hp Nhn Vt Honkai Star Rail - Honka_8a0d51/div_Gallagher' is present

29-05-2024T17:34:06 - [MESSAGE][WARNING] - Timeout '0' is invalid. Using default page load timeout: '30'

29-05-2024T17:34:06 - [MESSAGE][PASSED] - Object 'Object Repository/Page_Tng Hp Nhn Vt Honkai Star Rail - Honka_8a0d51/div_Gallagher' is present

29-05-2024T17:34:06 - [TEST_STEP][PASSED] - closeBrowser(): Browser is closed

29-05-2024T17:34:07 - [MESSAGE][PASSED] - Browser is closed]]></system-out>
         <system-err><![CDATA[]]></system-err>
      </testcase>
      <testcase name="Test Cases/Honkai Star Rail/Character/5-Star" time="14.841" classname="Test Cases/Honkai Star Rail/Character/5-Star" status="FAILED">
         <failure type="FAILED" message="Test Cases/Honkai Star Rail/Character/5-Star FAILED.&#xa;Reason:&#xa;com.kms.katalon.core.exception.StepFailedException: Unable to verify object 'Object Repository/Page_Tng Hp Nhn Vt Honkai Star Rail - Honka_8a0d51/div_Boothill' is visible&#xa;	at com.kms.katalon.core.webui.keyword.internal.WebUIKeywordMain.stepFailed(WebUIKeywordMain.groovy:64)&#xa;	at com.kms.katalon.core.webui.keyword.internal.WebUIKeywordMain.runKeyword(WebUIKeywordMain.groovy:26)&#xa;	at com.kms.katalon.core.webui.keyword.builtin.VerifyElementVisibleKeyword.verifyElementVisible(VerifyElementVisibleKeyword.groovy:97)&#xa;	at com.kms.katalon.core.webui.keyword.builtin.VerifyElementVisibleKeyword.execute(VerifyElementVisibleKeyword.groovy:67)&#xa;	at com.kms.katalon.core.keyword.internal.KeywordExecutor.executeKeywordForPlatform(KeywordExecutor.groovy:74)&#xa;	at com.kms.katalon.core.webui.keyword.WebUiBuiltInKeywords.verifyElementVisible(WebUiBuiltInKeywords.groovy:415)&#xa;	at 5-Star.run(5-Star:24)&#xa;	at com.kms.katalon.core.main.ScriptEngine.run(ScriptEngine.java:194)&#xa;	at com.kms.katalon.core.main.ScriptEngine.runScriptAsRawText(ScriptEngine.java:119)&#xa;	at com.kms.katalon.core.main.TestCaseExecutor.runScript(TestCaseExecutor.java:448)&#xa;	at com.kms.katalon.core.main.TestCaseExecutor.doExecute(TestCaseExecutor.java:439)&#xa;	at com.kms.katalon.core.main.TestCaseExecutor.processExecutionPhase(TestCaseExecutor.java:418)&#xa;	at com.kms.katalon.core.main.TestCaseExecutor.accessMainPhase(TestCaseExecutor.java:410)&#xa;	at com.kms.katalon.core.main.TestCaseExecutor.execute(TestCaseExecutor.java:285)&#xa;	at com.kms.katalon.core.main.TestCaseExecutor.execute(TestCaseExecutor.java:369)&#xa;	at com.kms.katalon.core.main.TestCaseExecutor.execute(TestCaseExecutor.java:369)&#xa;	at com.kms.katalon.core.main.TestCaseExecutor.execute(TestCaseExecutor.java:369)&#xa;	at com.kms.katalon.core.common.CommonExecutor.accessTestCaseMainPhase(CommonExecutor.java:65)&#xa;	at com.kms.katalon.core.main.TestSuiteExecutor.accessTestSuiteMainPhase(TestSuiteExecutor.java:150)&#xa;	at com.kms.katalon.core.main.TestSuiteExecutor.execute(TestSuiteExecutor.java:106)&#xa;	at com.kms.katalon.core.main.TestCaseMain.startTestSuite(TestCaseMain.java:180)&#xa;	at TempTestSuite1716978459866.run(TempTestSuite1716978459866.groovy:35)&#xa;	at java.base/jdk.internal.reflect.NativeMethodAccessorImpl.invoke0(Native Method)&#xa;	at java.base/jdk.internal.reflect.NativeMethodAccessorImpl.invoke(NativeMethodAccessorImpl.java:77)&#xa;	at java.base/jdk.internal.reflect.DelegatingMethodAccessorImpl.invoke(DelegatingMethodAccessorImpl.java:43)&#xa;Caused by: com.kms.katalon.core.exception.StepFailedException: Object 'Object Repository/Page_Tng Hp Nhn Vt Honkai Star Rail - Honka_8a0d51/div_Boothill' is NOT visible&#xa;	at com.kms.katalon.core.webui.keyword.internal.WebUIKeywordMain.stepFailed(WebUIKeywordMain.groovy:64)&#xa;	at com.kms.katalon.core.webui.keyword.builtin.VerifyElementVisibleKeyword$_verifyElementVisible_closure1.doCall(VerifyElementVisibleKeyword.groovy:83)&#xa;	at com.kms.katalon.core.webui.keyword.builtin.VerifyElementVisibleKeyword$_verifyElementVisible_closure1.call(VerifyElementVisibleKeyword.groovy)&#xa;	at com.kms.katalon.core.webui.keyword.internal.WebUIKeywordMain.runKeyword(WebUIKeywordMain.groovy:20)&#xa;	... 23 more&#xa;"/>
         <system-out><![CDATA[29-05-2024T17:34:47 - [TEST_CASE][FAILED] - Test Cases/Honkai Star Rail/Character/5-Star: Test Cases/Honkai Star Rail/Character/5-Star FAILED.
Reason:
com.kms.katalon.core.exception.StepFailedException: Unable to verify object 'Object Repository/Page_Tng Hp Nhn Vt Honkai Star Rail - Honka_8a0d51/div_Boothill' is visible
	at com.kms.katalon.core.webui.keyword.internal.WebUIKeywordMain.stepFailed(WebUIKeywordMain.groovy:64)
	at com.kms.katalon.core.webui.keyword.internal.WebUIKeywordMain.runKeyword(WebUIKeywordMain.groovy:26)
	at com.kms.katalon.core.webui.keyword.builtin.VerifyElementVisibleKeyword.verifyElementVisible(VerifyElementVisibleKeyword.groovy:97)
	at com.kms.katalon.core.webui.keyword.builtin.VerifyElementVisibleKeyword.execute(VerifyElementVisibleKeyword.groovy:67)
	at com.kms.katalon.core.keyword.internal.KeywordExecutor.executeKeywordForPlatform(KeywordExecutor.groovy:74)
	at com.kms.katalon.core.webui.keyword.WebUiBuiltInKeywords.verifyElementVisible(WebUiBuiltInKeywords.groovy:415)
	at 5-Star.run(5-Star:24)
	at com.kms.katalon.core.main.ScriptEngine.run(ScriptEngine.java:194)
	at com.kms.katalon.core.main.ScriptEngine.runScriptAsRawText(ScriptEngine.java:119)
	at com.kms.katalon.core.main.TestCaseExecutor.runScript(TestCaseExecutor.java:448)
	at com.kms.katalon.core.main.TestCaseExecutor.doExecute(TestCaseExecutor.java:439)
	at com.kms.katalon.core.main.TestCaseExecutor.processExecutionPhase(TestCaseExecutor.java:418)
	at com.kms.katalon.core.main.TestCaseExecutor.accessMainPhase(TestCaseExecutor.java:410)
	at com.kms.katalon.core.main.TestCaseExecutor.execute(TestCaseExecutor.java:285)
	at com.kms.katalon.core.main.TestCaseExecutor.execute(TestCaseExecutor.java:369)
	at com.kms.katalon.core.main.TestCaseExecutor.execute(TestCaseExecutor.java:369)
	at com.kms.katalon.core.main.TestCaseExecutor.execute(TestCaseExecutor.java:369)
	at com.kms.katalon.core.common.CommonExecutor.accessTestCaseMainPhase(CommonExecutor.java:65)
	at com.kms.katalon.core.main.TestSuiteExecutor.accessTestSuiteMainPhase(TestSuiteExecutor.java:150)
	at com.kms.katalon.core.main.TestSuiteExecutor.execute(TestSuiteExecutor.java:106)
	at com.kms.katalon.core.main.TestCaseMain.startTestSuite(TestCaseMain.java:180)
	at TempTestSuite1716978459866.run(TempTestSuite1716978459866.groovy:35)
	at java.base/jdk.internal.reflect.NativeMethodAccessorImpl.invoke0(Native Method)
	at java.base/jdk.internal.reflect.NativeMethodAccessorImpl.invoke(NativeMethodAccessorImpl.java:77)
	at java.base/jdk.internal.reflect.DelegatingMethodAccessorImpl.invoke(DelegatingMethodAccessorImpl.java:43)
Caused by: com.kms.katalon.core.exception.StepFailedException: Object 'Object Repository/Page_Tng Hp Nhn Vt Honkai Star Rail - Honka_8a0d51/div_Boothill' is NOT visible
	at com.kms.katalon.core.webui.keyword.internal.WebUIKeywordMain.stepFailed(WebUIKeywordMain.groovy:64)
	at com.kms.katalon.core.webui.keyword.builtin.VerifyElementVisibleKeyword$_verifyElementVisible_closure1.doCall(VerifyElementVisibleKeyword.groovy:83)
	at com.kms.katalon.core.webui.keyword.builtin.VerifyElementVisibleKeyword$_verifyElementVisible_closure1.call(VerifyElementVisibleKeyword.groovy)
	at com.kms.katalon.core.webui.keyword.internal.WebUIKeywordMain.runKeyword(WebUIKeywordMain.groovy:20)
	... 23 more


29-05-2024T17:34:47 - [TEST_STEP][PASSED] - openBrowser(""): Browser is opened with url: ''

29-05-2024T17:34:47 - [MESSAGE][WARNING] - A browser is already opened. Closing browser and opening a new one

29-05-2024T17:34:47 - [MESSAGE][INFO] - Starting 'Chrome' driver

29-05-2024T17:34:47 - [MESSAGE][INFO] - Action delay is set to 0 milliseconds

29-05-2024T17:34:47 - [MESSAGE][PASSED] - Browser is opened with url: ''

29-05-2024T17:34:47 - [TEST_STEP][PASSED] - navigateToUrl("https://honkai-builds.com/nhan-vat"): Navigate to 'https://honkai-builds.com/nhan-vat' successfully

29-05-2024T17:34:59 - [MESSAGE][PASSED] - Navigate to 'https://honkai-builds.com/nhan-vat' successfully

29-05-2024T17:34:59 - [TEST_STEP][FAILED] - verifyElementVisible(findTestObject("Object Repository/Page_Tng Hp Nhn Vt Honkai Star Rail - Honka_8a0d51/div_Boothill")): Unable to verify object 'Object Repository/Page_Tng Hp Nhn Vt Honkai Star Rail - Honka_8a0d51/div_Boothill' is visible (Root cause: com.kms.katalon.core.exception.StepFailedException: Unable to verify object 'Object Repository/Page_Tng Hp Nhn Vt Honkai Star Rail - Honka_8a0d51/div_Boothill' is visible
	at com.kms.katalon.core.webui.keyword.internal.WebUIKeywordMain.stepFailed(WebUIKeywordMain.groovy:64)
	at com.kms.katalon.core.webui.keyword.internal.WebUIKeywordMain.runKeyword(WebUIKeywordMain.groovy:26)
	at com.kms.katalon.core.webui.keyword.builtin.VerifyElementVisibleKeyword.verifyElementVisible(VerifyElementVisibleKeyword.groovy:97)
	at com.kms.katalon.core.webui.keyword.builtin.VerifyElementVisibleKeyword.execute(VerifyElementVisibleKeyword.groovy:67)
	at com.kms.katalon.core.keyword.internal.KeywordExecutor.executeKeywordForPlatform(KeywordExecutor.groovy:74)
	at com.kms.katalon.core.webui.keyword.WebUiBuiltInKeywords.verifyElementVisible(WebUiBuiltInKeywords.groovy:415)
	at 5-Star.run(5-Star:24)
	at com.kms.katalon.core.main.ScriptEngine.run(ScriptEngine.java:194)
	at com.kms.katalon.core.main.ScriptEngine.runScriptAsRawText(ScriptEngine.java:119)
	at com.kms.katalon.core.main.TestCaseExecutor.runScript(TestCaseExecutor.java:448)
	at com.kms.katalon.core.main.TestCaseExecutor.doExecute(TestCaseExecutor.java:439)
	at com.kms.katalon.core.main.TestCaseExecutor.processExecutionPhase(TestCaseExecutor.java:418)
	at com.kms.katalon.core.main.TestCaseExecutor.accessMainPhase(TestCaseExecutor.java:410)
	at com.kms.katalon.core.main.TestCaseExecutor.execute(TestCaseExecutor.java:285)
	at com.kms.katalon.core.main.TestCaseExecutor.execute(TestCaseExecutor.java:369)
	at com.kms.katalon.core.main.TestCaseExecutor.execute(TestCaseExecutor.java:369)
	at com.kms.katalon.core.main.TestCaseExecutor.execute(TestCaseExecutor.java:369)
	at com.kms.katalon.core.common.CommonExecutor.accessTestCaseMainPhase(CommonExecutor.java:65)
	at com.kms.katalon.core.main.TestSuiteExecutor.accessTestSuiteMainPhase(TestSuiteExecutor.java:150)
	at com.kms.katalon.core.main.TestSuiteExecutor.execute(TestSuiteExecutor.java:106)
	at com.kms.katalon.core.main.TestCaseMain.startTestSuite(TestCaseMain.java:180)
	at TempTestSuite1716978459866.run(TempTestSuite1716978459866.groovy:35)
	at java.base/jdk.internal.reflect.NativeMethodAccessorImpl.invoke0(Native Method)
	at java.base/jdk.internal.reflect.NativeMethodAccessorImpl.invoke(NativeMethodAccessorImpl.java:77)
	at java.base/jdk.internal.reflect.DelegatingMethodAccessorImpl.invoke(DelegatingMethodAccessorImpl.java:43)
Caused by: com.kms.katalon.core.exception.StepFailedException: Object 'Object Repository/Page_Tng Hp Nhn Vt Honkai Star Rail - Honka_8a0d51/div_Boothill' is NOT visible
	at com.kms.katalon.core.webui.keyword.internal.WebUIKeywordMain.stepFailed(WebUIKeywordMain.groovy:64)
	at com.kms.katalon.core.webui.keyword.builtin.VerifyElementVisibleKeyword$_verifyElementVisible_closure1.doCall(VerifyElementVisibleKeyword.groovy:83)
	at com.kms.katalon.core.webui.keyword.builtin.VerifyElementVisibleKeyword$_verifyElementVisible_closure1.call(VerifyElementVisibleKeyword.groovy)
	at com.kms.katalon.core.webui.keyword.internal.WebUIKeywordMain.runKeyword(WebUIKeywordMain.groovy:20)
	... 23 more
)

29-05-2024T17:35:01 - [MESSAGE][FAILED] - Object 'Object Repository/Page_Tng Hp Nhn Vt Honkai Star Rail - Honka_8a0d51/div_Boothill' is NOT visible (Root cause: com.kms.katalon.core.exception.StepFailedException: Object 'Object Repository/Page_Tng Hp Nhn Vt Honkai Star Rail - Honka_8a0d51/div_Boothill' is NOT visible
	at com.kms.katalon.core.webui.keyword.internal.WebUIKeywordMain.stepFailed(WebUIKeywordMain.groovy:64)
	at com.kms.katalon.core.webui.keyword.builtin.VerifyElementVisibleKeyword$_verifyElementVisible_closure1.doCall(VerifyElementVisibleKeyword.groovy:83)
	at com.kms.katalon.core.webui.keyword.builtin.VerifyElementVisibleKeyword$_verifyElementVisible_closure1.call(VerifyElementVisibleKeyword.groovy)
	at com.kms.katalon.core.webui.keyword.internal.WebUIKeywordMain.runKeyword(WebUIKeywordMain.groovy:20)
	at com.kms.katalon.core.webui.keyword.builtin.VerifyElementVisibleKeyword.verifyElementVisible(VerifyElementVisibleKeyword.groovy:97)
	at com.kms.katalon.core.webui.keyword.builtin.VerifyElementVisibleKeyword.execute(VerifyElementVisibleKeyword.groovy:67)
	at com.kms.katalon.core.keyword.internal.KeywordExecutor.executeKeywordForPlatform(KeywordExecutor.groovy:74)
	at com.kms.katalon.core.webui.keyword.WebUiBuiltInKeywords.verifyElementVisible(WebUiBuiltInKeywords.groovy:415)
	at 5-Star.run(5-Star:24)
	at com.kms.katalon.core.main.ScriptEngine.run(ScriptEngine.java:194)
	at com.kms.katalon.core.main.ScriptEngine.runScriptAsRawText(ScriptEngine.java:119)
	at com.kms.katalon.core.main.TestCaseExecutor.runScript(TestCaseExecutor.java:448)
	at com.kms.katalon.core.main.TestCaseExecutor.doExecute(TestCaseExecutor.java:439)
	at com.kms.katalon.core.main.TestCaseExecutor.processExecutionPhase(TestCaseExecutor.java:418)
	at com.kms.katalon.core.main.TestCaseExecutor.accessMainPhase(TestCaseExecutor.java:410)
	at com.kms.katalon.core.main.TestCaseExecutor.execute(TestCaseExecutor.java:285)
	at com.kms.katalon.core.main.TestCaseExecutor.execute(TestCaseExecutor.java:369)
	at com.kms.katalon.core.main.TestCaseExecutor.execute(TestCaseExecutor.java:369)
	at com.kms.katalon.core.main.TestCaseExecutor.execute(TestCaseExecutor.java:369)
	at com.kms.katalon.core.common.CommonExecutor.accessTestCaseMainPhase(CommonExecutor.java:65)
	at com.kms.katalon.core.main.TestSuiteExecutor.accessTestSuiteMainPhase(TestSuiteExecutor.java:150)
	at com.kms.katalon.core.main.TestSuiteExecutor.execute(TestSuiteExecutor.java:106)
	at com.kms.katalon.core.main.TestCaseMain.startTestSuite(TestCaseMain.java:180)
	at TempTestSuite1716978459866.run(TempTestSuite1716978459866.groovy:35)
	at java.base/jdk.internal.reflect.NativeMethodAccessorImpl.invoke0(Native Method)
	at java.base/jdk.internal.reflect.NativeMethodAccessorImpl.invoke(NativeMethodAccessorImpl.java:77)
	at java.base/jdk.internal.reflect.DelegatingMethodAccessorImpl.invoke(DelegatingMethodAccessorImpl.java:43)
)
[[ATTACHMENT|G:\\Code\\pokedex-katalon\\Reports\\20240529_172738\\StarRail\\20240529_172739\\1716978901717.png]]

29-05-2024T17:35:02 - [MESSAGE][FAILED] - Unable to verify object 'Object Repository/Page_Tng Hp Nhn Vt Honkai Star Rail - Honka_8a0d51/div_Boothill' is visible (Root cause: com.kms.katalon.core.exception.StepFailedException: Unable to verify object 'Object Repository/Page_Tng Hp Nhn Vt Honkai Star Rail - Honka_8a0d51/div_Boothill' is visible
	at com.kms.katalon.core.webui.keyword.internal.WebUIKeywordMain.stepFailed(WebUIKeywordMain.groovy:64)
	at com.kms.katalon.core.webui.keyword.internal.WebUIKeywordMain.runKeyword(WebUIKeywordMain.groovy:26)
	at com.kms.katalon.core.webui.keyword.builtin.VerifyElementVisibleKeyword.verifyElementVisible(VerifyElementVisibleKeyword.groovy:97)
	at com.kms.katalon.core.webui.keyword.builtin.VerifyElementVisibleKeyword.execute(VerifyElementVisibleKeyword.groovy:67)
	at com.kms.katalon.core.keyword.internal.KeywordExecutor.executeKeywordForPlatform(KeywordExecutor.groovy:74)
	at com.kms.katalon.core.webui.keyword.WebUiBuiltInKeywords.verifyElementVisible(WebUiBuiltInKeywords.groovy:415)
	at 5-Star.run(5-Star:24)
	at com.kms.katalon.core.main.ScriptEngine.run(ScriptEngine.java:194)
	at com.kms.katalon.core.main.ScriptEngine.runScriptAsRawText(ScriptEngine.java:119)
	at com.kms.katalon.core.main.TestCaseExecutor.runScript(TestCaseExecutor.java:448)
	at com.kms.katalon.core.main.TestCaseExecutor.doExecute(TestCaseExecutor.java:439)
	at com.kms.katalon.core.main.TestCaseExecutor.processExecutionPhase(TestCaseExecutor.java:418)
	at com.kms.katalon.core.main.TestCaseExecutor.accessMainPhase(TestCaseExecutor.java:410)
	at com.kms.katalon.core.main.TestCaseExecutor.execute(TestCaseExecutor.java:285)
	at com.kms.katalon.core.main.TestCaseExecutor.execute(TestCaseExecutor.java:369)
	at com.kms.katalon.core.main.TestCaseExecutor.execute(TestCaseExecutor.java:369)
	at com.kms.katalon.core.main.TestCaseExecutor.execute(TestCaseExecutor.java:369)
	at com.kms.katalon.core.common.CommonExecutor.accessTestCaseMainPhase(CommonExecutor.java:65)
	at com.kms.katalon.core.main.TestSuiteExecutor.accessTestSuiteMainPhase(TestSuiteExecutor.java:150)
	at com.kms.katalon.core.main.TestSuiteExecutor.execute(TestSuiteExecutor.java:106)
	at com.kms.katalon.core.main.TestCaseMain.startTestSuite(TestCaseMain.java:180)
	at TempTestSuite1716978459866.run(TempTestSuite1716978459866.groovy:35)
	at java.base/jdk.internal.reflect.NativeMethodAccessorImpl.invoke0(Native Method)
	at java.base/jdk.internal.reflect.NativeMethodAccessorImpl.invoke(NativeMethodAccessorImpl.java:77)
	at java.base/jdk.internal.reflect.DelegatingMethodAccessorImpl.invoke(DelegatingMethodAccessorImpl.java:43)
Caused by: com.kms.katalon.core.exception.StepFailedException: Object 'Object Repository/Page_Tng Hp Nhn Vt Honkai Star Rail - Honka_8a0d51/div_Boothill' is NOT visible
	at com.kms.katalon.core.webui.keyword.internal.WebUIKeywordMain.stepFailed(WebUIKeywordMain.groovy:64)
	at com.kms.katalon.core.webui.keyword.builtin.VerifyElementVisibleKeyword$_verifyElementVisible_closure1.doCall(VerifyElementVisibleKeyword.groovy:83)
	at com.kms.katalon.core.webui.keyword.builtin.VerifyElementVisibleKeyword$_verifyElementVisible_closure1.call(VerifyElementVisibleKeyword.groovy)
	at com.kms.katalon.core.webui.keyword.internal.WebUIKeywordMain.runKeyword(WebUIKeywordMain.groovy:20)
	... 23 more
)
[[ATTACHMENT|G:\\Code\\pokedex-katalon\\Reports\\20240529_172738\\StarRail\\20240529_172739\\1716978901914.png]]]]></system-out>
         <system-err><![CDATA[29-05-2024T17:34:47 - [TEST_CASE][FAILED] - Test Cases/Honkai Star Rail/Character/5-Star: Test Cases/Honkai Star Rail/Character/5-Star FAILED.
Reason:
com.kms.katalon.core.exception.StepFailedException: Unable to verify object 'Object Repository/Page_Tng Hp Nhn Vt Honkai Star Rail - Honka_8a0d51/div_Boothill' is visible
	at com.kms.katalon.core.webui.keyword.internal.WebUIKeywordMain.stepFailed(WebUIKeywordMain.groovy:64)
	at com.kms.katalon.core.webui.keyword.internal.WebUIKeywordMain.runKeyword(WebUIKeywordMain.groovy:26)
	at com.kms.katalon.core.webui.keyword.builtin.VerifyElementVisibleKeyword.verifyElementVisible(VerifyElementVisibleKeyword.groovy:97)
	at com.kms.katalon.core.webui.keyword.builtin.VerifyElementVisibleKeyword.execute(VerifyElementVisibleKeyword.groovy:67)
	at com.kms.katalon.core.keyword.internal.KeywordExecutor.executeKeywordForPlatform(KeywordExecutor.groovy:74)
	at com.kms.katalon.core.webui.keyword.WebUiBuiltInKeywords.verifyElementVisible(WebUiBuiltInKeywords.groovy:415)
	at 5-Star.run(5-Star:24)
	at com.kms.katalon.core.main.ScriptEngine.run(ScriptEngine.java:194)
	at com.kms.katalon.core.main.ScriptEngine.runScriptAsRawText(ScriptEngine.java:119)
	at com.kms.katalon.core.main.TestCaseExecutor.runScript(TestCaseExecutor.java:448)
	at com.kms.katalon.core.main.TestCaseExecutor.doExecute(TestCaseExecutor.java:439)
	at com.kms.katalon.core.main.TestCaseExecutor.processExecutionPhase(TestCaseExecutor.java:418)
	at com.kms.katalon.core.main.TestCaseExecutor.accessMainPhase(TestCaseExecutor.java:410)
	at com.kms.katalon.core.main.TestCaseExecutor.execute(TestCaseExecutor.java:285)
	at com.kms.katalon.core.main.TestCaseExecutor.execute(TestCaseExecutor.java:369)
	at com.kms.katalon.core.main.TestCaseExecutor.execute(TestCaseExecutor.java:369)
	at com.kms.katalon.core.main.TestCaseExecutor.execute(TestCaseExecutor.java:369)
	at com.kms.katalon.core.common.CommonExecutor.accessTestCaseMainPhase(CommonExecutor.java:65)
	at com.kms.katalon.core.main.TestSuiteExecutor.accessTestSuiteMainPhase(TestSuiteExecutor.java:150)
	at com.kms.katalon.core.main.TestSuiteExecutor.execute(TestSuiteExecutor.java:106)
	at com.kms.katalon.core.main.TestCaseMain.startTestSuite(TestCaseMain.java:180)
	at TempTestSuite1716978459866.run(TempTestSuite1716978459866.groovy:35)
	at java.base/jdk.internal.reflect.NativeMethodAccessorImpl.invoke0(Native Method)
	at java.base/jdk.internal.reflect.NativeMethodAccessorImpl.invoke(NativeMethodAccessorImpl.java:77)
	at java.base/jdk.internal.reflect.DelegatingMethodAccessorImpl.invoke(DelegatingMethodAccessorImpl.java:43)
Caused by: com.kms.katalon.core.exception.StepFailedException: Object 'Object Repository/Page_Tng Hp Nhn Vt Honkai Star Rail - Honka_8a0d51/div_Boothill' is NOT visible
	at com.kms.katalon.core.webui.keyword.internal.WebUIKeywordMain.stepFailed(WebUIKeywordMain.groovy:64)
	at com.kms.katalon.core.webui.keyword.builtin.VerifyElementVisibleKeyword$_verifyElementVisible_closure1.doCall(VerifyElementVisibleKeyword.groovy:83)
	at com.kms.katalon.core.webui.keyword.builtin.VerifyElementVisibleKeyword$_verifyElementVisible_closure1.call(VerifyElementVisibleKeyword.groovy)
	at com.kms.katalon.core.webui.keyword.internal.WebUIKeywordMain.runKeyword(WebUIKeywordMain.groovy:20)
	... 23 more]]></system-err>
      </testcase>
      <testcase name="Test Cases/Honkai Star Rail/Character/Bang" time="13.58" classname="Test Cases/Honkai Star Rail/Character/Bang" status="PASSED">
         <system-out><![CDATA[29-05-2024T17:35:02 - [TEST_CASE][PASSED] - Test Cases/Honkai Star Rail/Character/Bang: Test Cases/Honkai Star Rail/Character/Bang

29-05-2024T17:35:02 - [TEST_STEP][PASSED] - openBrowser(""): Browser is opened with url: ''

29-05-2024T17:35:02 - [MESSAGE][WARNING] - A browser is already opened. Closing browser and opening a new one

29-05-2024T17:35:02 - [MESSAGE][INFO] - Starting 'Chrome' driver

29-05-2024T17:35:02 - [MESSAGE][INFO] - Action delay is set to 0 milliseconds

29-05-2024T17:35:02 - [MESSAGE][PASSED] - Browser is opened with url: ''

29-05-2024T17:35:02 - [TEST_STEP][PASSED] - navigateToUrl("https://honkai-builds.com/nhan-vat"): Navigate to 'https://honkai-builds.com/nhan-vat' successfully

29-05-2024T17:35:14 - [MESSAGE][PASSED] - Navigate to 'https://honkai-builds.com/nhan-vat' successfully

29-05-2024T17:35:14 - [TEST_STEP][PASSED] - click(findTestObject("Object Repository/Page_Tng Hp Nhn Vt Honkai Star Rail - Honka_8a0d51/img_Nhn Vt_jet-tabs__label-image (5)")): Object: 'Object Repository/Page_Tng Hp Nhn Vt Honkai Star Rail - Honka_8a0d51/img_Nhn Vt_jet-tabs__label-image (5)' is clicked on

29-05-2024T17:35:15 - [MESSAGE][PASSED] - Object: 'Object Repository/Page_Tng Hp Nhn Vt Honkai Star Rail - Honka_8a0d51/img_Nhn Vt_jet-tabs__label-image (5)' is clicked on

29-05-2024T17:35:15 - [TEST_STEP][PASSED] - verifyElementPresent(findTestObject("Object Repository/Page_Tng Hp Nhn Vt Honkai Star Rail - Honka_8a0d51/div_Jingliu"), 0): Object 'Object Repository/Page_Tng Hp Nhn Vt Honkai Star Rail - Honka_8a0d51/div_Jingliu' is present

29-05-2024T17:35:15 - [MESSAGE][WARNING] - Timeout '0' is invalid. Using default page load timeout: '30'

29-05-2024T17:35:15 - [MESSAGE][PASSED] - Object 'Object Repository/Page_Tng Hp Nhn Vt Honkai Star Rail - Honka_8a0d51/div_Jingliu' is present

29-05-2024T17:35:15 - [TEST_STEP][PASSED] - closeBrowser(): Browser is closed

29-05-2024T17:35:15 - [MESSAGE][PASSED] - Browser is closed]]></system-out>
         <system-err><![CDATA[]]></system-err>
      </testcase>
      <testcase name="Test Cases/Honkai Star Rail/Character/Character_Detail" time="6.584" classname="Test Cases/Honkai Star Rail/Character/Character_Detail" status="PASSED">
         <system-out><![CDATA[29-05-2024T17:35:15 - [TEST_CASE][PASSED] - Test Cases/Honkai Star Rail/Character/Character_Detail: Test Cases/Honkai Star Rail/Character/Character_Detail

29-05-2024T17:35:15 - [TEST_STEP][PASSED] - openBrowser(""): Browser is opened with url: ''

29-05-2024T17:35:15 - [MESSAGE][INFO] - Starting 'Chrome' driver

29-05-2024T17:35:15 - [MESSAGE][INFO] - Action delay is set to 0 milliseconds

29-05-2024T17:35:16 - [MESSAGE][PASSED] - Browser is opened with url: ''

29-05-2024T17:35:16 - [TEST_STEP][PASSED] - navigateToUrl("https://honkai-builds.com/nhan-vat/boothill"): Navigate to 'https://honkai-builds.com/nhan-vat/boothill' successfully

29-05-2024T17:35:21 - [MESSAGE][PASSED] - Navigate to 'https://honkai-builds.com/nhan-vat/boothill' successfully

29-05-2024T17:35:21 - [TEST_STEP][PASSED] - verifyElementText(findTestObject("Object Repository/Page_Hng Dn Cch Build Boothill - Honkai Builds/h1_Boothill"), "Boothill"): Actual text and expected text of test object 'Object Repository/Page_Hng Dn Cch Build Boothill - Honkai Builds/h1_Boothill' are matched.

29-05-2024T17:35:22 - [MESSAGE][PASSED] - Actual text and expected text of test object 'Object Repository/Page_Hng Dn Cch Build Boothill - Honkai Builds/h1_Boothill' are matched.

29-05-2024T17:35:22 - [TEST_STEP][PASSED] - closeBrowser(): Browser is closed

29-05-2024T17:35:22 - [MESSAGE][PASSED] - Browser is closed]]></system-out>
         <system-err><![CDATA[]]></system-err>
      </testcase>
      <testcase name="Test Cases/Honkai Star Rail/Character/character_page" time="12.092" classname="Test Cases/Honkai Star Rail/Character/character_page" status="PASSED">
         <system-out><![CDATA[29-05-2024T17:35:22 - [TEST_CASE][PASSED] - Test Cases/Honkai Star Rail/Character/character_page: Test Cases/Honkai Star Rail/Character/character_page

29-05-2024T17:35:22 - [TEST_STEP][PASSED] - openBrowser(""): Browser is opened with url: ''

29-05-2024T17:35:22 - [MESSAGE][INFO] - Starting 'Chrome' driver

29-05-2024T17:35:22 - [MESSAGE][INFO] - Action delay is set to 0 milliseconds

29-05-2024T17:35:22 - [MESSAGE][PASSED] - Browser is opened with url: ''

29-05-2024T17:35:22 - [TEST_STEP][PASSED] - navigateToUrl("https://honkai-builds.com/nhan-vat"): Navigate to 'https://honkai-builds.com/nhan-vat' successfully

29-05-2024T17:35:32 - [MESSAGE][PASSED] - Navigate to 'https://honkai-builds.com/nhan-vat' successfully

29-05-2024T17:35:32 - [TEST_STEP][PASSED] - verifyElementText(findTestObject("Object Repository/Page_Tng Hp Nhn Vt Honkai Star Rail - Honka_8a0d51/h1_Nhn Vt"), "Nhân Vật"): Actual text and expected text of test object 'Object Repository/Page_Tng Hp Nhn Vt Honkai Star Rail - Honka_8a0d51/h1_Nhn Vt' are matched.

29-05-2024T17:35:34 - [MESSAGE][PASSED] - Actual text and expected text of test object 'Object Repository/Page_Tng Hp Nhn Vt Honkai Star Rail - Honka_8a0d51/h1_Nhn Vt' are matched.

29-05-2024T17:35:34 - [TEST_STEP][PASSED] - closeBrowser(): Browser is closed

29-05-2024T17:35:34 - [MESSAGE][PASSED] - Browser is closed]]></system-out>
         <system-err><![CDATA[]]></system-err>
      </testcase>
      <testcase name="Test Cases/Honkai Star Rail/Character/Dien" time="14.348" classname="Test Cases/Honkai Star Rail/Character/Dien" status="PASSED">
         <system-out><![CDATA[29-05-2024T17:35:34 - [TEST_CASE][PASSED] - Test Cases/Honkai Star Rail/Character/Dien: Test Cases/Honkai Star Rail/Character/Dien

29-05-2024T17:35:34 - [TEST_STEP][PASSED] - openBrowser(""): Browser is opened with url: ''

29-05-2024T17:35:34 - [MESSAGE][INFO] - Starting 'Chrome' driver

29-05-2024T17:35:34 - [MESSAGE][INFO] - Action delay is set to 0 milliseconds

29-05-2024T17:35:34 - [MESSAGE][PASSED] - Browser is opened with url: ''

29-05-2024T17:35:34 - [TEST_STEP][PASSED] - navigateToUrl("https://honkai-builds.com/nhan-vat"): Navigate to 'https://honkai-builds.com/nhan-vat' successfully

29-05-2024T17:35:47 - [MESSAGE][PASSED] - Navigate to 'https://honkai-builds.com/nhan-vat' successfully

29-05-2024T17:35:47 - [TEST_STEP][PASSED] - click(findTestObject("Object Repository/Page_Tng Hp Nhn Vt Honkai Star Rail - Honka_8a0d51/img_Nhn Vt_jet-tabs__label-image (4)")): Object: 'Object Repository/Page_Tng Hp Nhn Vt Honkai Star Rail - Honka_8a0d51/img_Nhn Vt_jet-tabs__label-image (4)' is clicked on

29-05-2024T17:35:48 - [MESSAGE][PASSED] - Object: 'Object Repository/Page_Tng Hp Nhn Vt Honkai Star Rail - Honka_8a0d51/img_Nhn Vt_jet-tabs__label-image (4)' is clicked on

29-05-2024T17:35:48 - [TEST_STEP][PASSED] - verifyElementPresent(findTestObject("Object Repository/Page_Tng Hp Nhn Vt Honkai Star Rail - Honka_8a0d51/div_Acheron"), 0): Object 'Object Repository/Page_Tng Hp Nhn Vt Honkai Star Rail - Honka_8a0d51/div_Acheron' is present

29-05-2024T17:35:48 - [MESSAGE][WARNING] - Timeout '0' is invalid. Using default page load timeout: '30'

29-05-2024T17:35:48 - [MESSAGE][PASSED] - Object 'Object Repository/Page_Tng Hp Nhn Vt Honkai Star Rail - Honka_8a0d51/div_Acheron' is present

29-05-2024T17:35:48 - [TEST_STEP][PASSED] - closeBrowser(): Browser is closed

29-05-2024T17:35:48 - [MESSAGE][PASSED] - Browser is closed]]></system-out>
         <system-err><![CDATA[]]></system-err>
      </testcase>
      <testcase name="Test Cases/Honkai Star Rail/Character/Hoa" time="12.337" classname="Test Cases/Honkai Star Rail/Character/Hoa" status="PASSED">
         <system-out><![CDATA[29-05-2024T17:35:48 - [TEST_CASE][PASSED] - Test Cases/Honkai Star Rail/Character/Hoa: Test Cases/Honkai Star Rail/Character/Hoa

29-05-2024T17:35:48 - [TEST_STEP][PASSED] - openBrowser(""): Browser is opened with url: ''

29-05-2024T17:35:48 - [MESSAGE][INFO] - Starting 'Chrome' driver

29-05-2024T17:35:48 - [MESSAGE][INFO] - Action delay is set to 0 milliseconds

29-05-2024T17:35:49 - [MESSAGE][PASSED] - Browser is opened with url: ''

29-05-2024T17:35:49 - [TEST_STEP][PASSED] - navigateToUrl("https://honkai-builds.com/nhan-vat"): Navigate to 'https://honkai-builds.com/nhan-vat' successfully

29-05-2024T17:35:59 - [MESSAGE][PASSED] - Navigate to 'https://honkai-builds.com/nhan-vat' successfully

29-05-2024T17:35:59 - [TEST_STEP][PASSED] - verifyElementPresent(findTestObject("Object Repository/Page_Tng Hp Nhn Vt Honkai Star Rail - Honka_8a0d51/div_Topaz  Numby"), 0): Object 'Object Repository/Page_Tng Hp Nhn Vt Honkai Star Rail - Honka_8a0d51/div_Topaz  Numby' is present

29-05-2024T17:35:59 - [MESSAGE][WARNING] - Timeout '0' is invalid. Using default page load timeout: '30'

29-05-2024T17:36:00 - [MESSAGE][PASSED] - Object 'Object Repository/Page_Tng Hp Nhn Vt Honkai Star Rail - Honka_8a0d51/div_Topaz  Numby' is present

29-05-2024T17:36:00 - [TEST_STEP][PASSED] - closeBrowser(): Browser is closed

29-05-2024T17:36:01 - [MESSAGE][PASSED] - Browser is closed]]></system-out>
         <system-err><![CDATA[]]></system-err>
      </testcase>
      <testcase name="Test Cases/Honkai Star Rail/Character/LuongTu" time="15.676" classname="Test Cases/Honkai Star Rail/Character/LuongTu" status="PASSED">
         <system-out><![CDATA[29-05-2024T17:36:01 - [TEST_CASE][PASSED] - Test Cases/Honkai Star Rail/Character/LuongTu: Test Cases/Honkai Star Rail/Character/LuongTu

29-05-2024T17:36:01 - [TEST_STEP][PASSED] - openBrowser(""): Browser is opened with url: ''

29-05-2024T17:36:01 - [MESSAGE][INFO] - Starting 'Chrome' driver

29-05-2024T17:36:01 - [MESSAGE][INFO] - Action delay is set to 0 milliseconds

29-05-2024T17:36:01 - [MESSAGE][PASSED] - Browser is opened with url: ''

29-05-2024T17:36:01 - [TEST_STEP][PASSED] - navigateToUrl("https://honkai-builds.com/nhan-vat"): Navigate to 'https://honkai-builds.com/nhan-vat' successfully

29-05-2024T17:36:13 - [MESSAGE][PASSED] - Navigate to 'https://honkai-builds.com/nhan-vat' successfully

29-05-2024T17:36:13 - [TEST_STEP][PASSED] - click(findTestObject("Object Repository/Page_Tng Hp Nhn Vt Honkai Star Rail - Honka_8a0d51/img_Nhn Vt_jet-tabs__label-image (3)")): Object: 'Object Repository/Page_Tng Hp Nhn Vt Honkai Star Rail - Honka_8a0d51/img_Nhn Vt_jet-tabs__label-image (3)' is clicked on

29-05-2024T17:36:15 - [MESSAGE][PASSED] - Object: 'Object Repository/Page_Tng Hp Nhn Vt Honkai Star Rail - Honka_8a0d51/img_Nhn Vt_jet-tabs__label-image (3)' is clicked on

29-05-2024T17:36:15 - [TEST_STEP][PASSED] - verifyElementPresent(findTestObject("Object Repository/Page_Tng Hp Nhn Vt Honkai Star Rail - Honka_8a0d51/div_Sparkle"), 0): Object 'Object Repository/Page_Tng Hp Nhn Vt Honkai Star Rail - Honka_8a0d51/div_Sparkle' is present

29-05-2024T17:36:15 - [MESSAGE][WARNING] - Timeout '0' is invalid. Using default page load timeout: '30'

29-05-2024T17:36:16 - [MESSAGE][PASSED] - Object 'Object Repository/Page_Tng Hp Nhn Vt Honkai Star Rail - Honka_8a0d51/div_Sparkle' is present

29-05-2024T17:36:16 - [TEST_STEP][PASSED] - closeBrowser(): Browser is closed

29-05-2024T17:36:16 - [MESSAGE][PASSED] - Browser is closed]]></system-out>
         <system-err><![CDATA[]]></system-err>
      </testcase>
      <testcase name="Test Cases/Honkai Star Rail/Character/Phong" time="14.082" classname="Test Cases/Honkai Star Rail/Character/Phong" status="PASSED">
         <system-out><![CDATA[29-05-2024T17:36:16 - [TEST_CASE][PASSED] - Test Cases/Honkai Star Rail/Character/Phong: Test Cases/Honkai Star Rail/Character/Phong

29-05-2024T17:36:16 - [TEST_STEP][PASSED] - openBrowser(""): Browser is opened with url: ''

29-05-2024T17:36:16 - [MESSAGE][INFO] - Starting 'Chrome' driver

29-05-2024T17:36:16 - [MESSAGE][INFO] - Action delay is set to 0 milliseconds

29-05-2024T17:36:17 - [MESSAGE][PASSED] - Browser is opened with url: ''

29-05-2024T17:36:17 - [TEST_STEP][PASSED] - navigateToUrl("https://honkai-builds.com/nhan-vat"): Navigate to 'https://honkai-builds.com/nhan-vat' successfully

29-05-2024T17:36:28 - [MESSAGE][PASSED] - Navigate to 'https://honkai-builds.com/nhan-vat' successfully

29-05-2024T17:36:28 - [TEST_STEP][PASSED] - click(findTestObject("Object Repository/Page_Tng Hp Nhn Vt Honkai Star Rail - Honka_8a0d51/img_Nhn Vt_jet-tabs__label-image (2)")): Object: 'Object Repository/Page_Tng Hp Nhn Vt Honkai Star Rail - Honka_8a0d51/img_Nhn Vt_jet-tabs__label-image (2)' is clicked on

29-05-2024T17:36:29 - [MESSAGE][PASSED] - Object: 'Object Repository/Page_Tng Hp Nhn Vt Honkai Star Rail - Honka_8a0d51/img_Nhn Vt_jet-tabs__label-image (2)' is clicked on

29-05-2024T17:36:29 - [TEST_STEP][PASSED] - verifyElementPresent(findTestObject("Object Repository/Page_Tng Hp Nhn Vt Honkai Star Rail - Honka_8a0d51/div_Huohuo"), 0): Object 'Object Repository/Page_Tng Hp Nhn Vt Honkai Star Rail - Honka_8a0d51/div_Huohuo' is present

29-05-2024T17:36:29 - [MESSAGE][WARNING] - Timeout '0' is invalid. Using default page load timeout: '30'

29-05-2024T17:36:30 - [MESSAGE][PASSED] - Object 'Object Repository/Page_Tng Hp Nhn Vt Honkai Star Rail - Honka_8a0d51/div_Huohuo' is present

29-05-2024T17:36:30 - [TEST_STEP][PASSED] - closeBrowser(): Browser is closed

29-05-2024T17:36:30 - [MESSAGE][PASSED] - Browser is closed]]></system-out>
         <system-err><![CDATA[]]></system-err>
      </testcase>
      <testcase name="Test Cases/Honkai Star Rail/Character/SoHoa" time="13.879" classname="Test Cases/Honkai Star Rail/Character/SoHoa" status="PASSED">
         <system-out><![CDATA[29-05-2024T17:36:30 - [TEST_CASE][PASSED] - Test Cases/Honkai Star Rail/Character/SoHoa: Test Cases/Honkai Star Rail/Character/SoHoa

29-05-2024T17:36:30 - [TEST_STEP][PASSED] - openBrowser(""): Browser is opened with url: ''

29-05-2024T17:36:30 - [MESSAGE][INFO] - Starting 'Chrome' driver

29-05-2024T17:36:30 - [MESSAGE][INFO] - Action delay is set to 0 milliseconds

29-05-2024T17:36:31 - [MESSAGE][PASSED] - Browser is opened with url: ''

29-05-2024T17:36:31 - [TEST_STEP][PASSED] - navigateToUrl("https://honkai-builds.com/nhan-vat"): Navigate to 'https://honkai-builds.com/nhan-vat' successfully

29-05-2024T17:36:42 - [MESSAGE][PASSED] - Navigate to 'https://honkai-builds.com/nhan-vat' successfully

29-05-2024T17:36:42 - [TEST_STEP][PASSED] - click(findTestObject("Object Repository/Page_Tng Hp Nhn Vt Honkai Star Rail - Honka_8a0d51/img_Nhn Vt_jet-tabs__label-image (6)")): Object: 'Object Repository/Page_Tng Hp Nhn Vt Honkai Star Rail - Honka_8a0d51/img_Nhn Vt_jet-tabs__label-image (6)' is clicked on

29-05-2024T17:36:44 - [MESSAGE][PASSED] - Object: 'Object Repository/Page_Tng Hp Nhn Vt Honkai Star Rail - Honka_8a0d51/img_Nhn Vt_jet-tabs__label-image (6)' is clicked on

29-05-2024T17:36:44 - [TEST_STEP][PASSED] - verifyElementPresent(findTestObject("Object Repository/Page_Tng Hp Nhn Vt Honkai Star Rail - Honka_8a0d51/div_Nh Khai Ph (S o)"), 0): Object 'Object Repository/Page_Tng Hp Nhn Vt Honkai Star Rail - Honka_8a0d51/div_Nh Khai Ph (S o)' is present

29-05-2024T17:36:44 - [MESSAGE][WARNING] - Timeout '0' is invalid. Using default page load timeout: '30'

29-05-2024T17:36:44 - [MESSAGE][PASSED] - Object 'Object Repository/Page_Tng Hp Nhn Vt Honkai Star Rail - Honka_8a0d51/div_Nh Khai Ph (S o)' is present

29-05-2024T17:36:44 - [TEST_STEP][PASSED] - closeBrowser(): Browser is closed

29-05-2024T17:36:44 - [MESSAGE][PASSED] - Browser is closed]]></system-out>
         <system-err><![CDATA[]]></system-err>
      </testcase>
      <testcase name="Test Cases/Honkai Star Rail/Character/VatLy" time="12.921" classname="Test Cases/Honkai Star Rail/Character/VatLy" status="PASSED">
         <system-out><![CDATA[29-05-2024T17:36:44 - [TEST_CASE][PASSED] - Test Cases/Honkai Star Rail/Character/VatLy: Test Cases/Honkai Star Rail/Character/VatLy

29-05-2024T17:36:44 - [TEST_STEP][PASSED] - openBrowser(""): Browser is opened with url: ''

29-05-2024T17:36:44 - [MESSAGE][INFO] - Starting 'Chrome' driver

29-05-2024T17:36:44 - [MESSAGE][INFO] - Action delay is set to 0 milliseconds

29-05-2024T17:36:45 - [MESSAGE][PASSED] - Browser is opened with url: ''

29-05-2024T17:36:45 - [TEST_STEP][PASSED] - navigateToUrl("https://honkai-builds.com/nhan-vat"): Navigate to 'https://honkai-builds.com/nhan-vat' successfully

29-05-2024T17:36:55 - [MESSAGE][PASSED] - Navigate to 'https://honkai-builds.com/nhan-vat' successfully

29-05-2024T17:36:55 - [TEST_STEP][PASSED] - click(findTestObject("Object Repository/Page_Tng Hp Nhn Vt Honkai Star Rail - Honka_8a0d51/img_Nhn Vt_jet-tabs__label-image (1)")): Object: 'Object Repository/Page_Tng Hp Nhn Vt Honkai Star Rail - Honka_8a0d51/img_Nhn Vt_jet-tabs__label-image (1)' is clicked on

29-05-2024T17:36:57 - [MESSAGE][PASSED] - Object: 'Object Repository/Page_Tng Hp Nhn Vt Honkai Star Rail - Honka_8a0d51/img_Nhn Vt_jet-tabs__label-image (1)' is clicked on

29-05-2024T17:36:57 - [TEST_STEP][PASSED] - verifyElementVisible(findTestObject("Object Repository/Page_Tng Hp Nhn Vt Honkai Star Rail - Honka_8a0d51/div_Boothill (1)")): Object 'Object Repository/Page_Tng Hp Nhn Vt Honkai Star Rail - Honka_8a0d51/div_Boothill (1)' is visible

29-05-2024T17:36:57 - [MESSAGE][PASSED] - Object 'Object Repository/Page_Tng Hp Nhn Vt Honkai Star Rail - Honka_8a0d51/div_Boothill (1)' is visible

29-05-2024T17:36:57 - [TEST_STEP][PASSED] - closeBrowser(): Browser is closed

29-05-2024T17:36:57 - [MESSAGE][PASSED] - Browser is closed]]></system-out>
         <system-err><![CDATA[]]></system-err>
      </testcase>
      <testcase name="Test Cases/Honkai Star Rail/NguyenLieu/item_dietquy" time="5.263" classname="Test Cases/Honkai Star Rail/NguyenLieu/item_dietquy" status="PASSED">
         <system-out><![CDATA[29-05-2024T17:36:57 - [TEST_CASE][PASSED] - Test Cases/Honkai Star Rail/NguyenLieu/item_dietquy: Test Cases/Honkai Star Rail/NguyenLieu/item_dietquy

29-05-2024T17:36:57 - [TEST_STEP][PASSED] - openBrowser(""): Browser is opened with url: ''

29-05-2024T17:36:57 - [MESSAGE][INFO] - Starting 'Chrome' driver

29-05-2024T17:36:57 - [MESSAGE][INFO] - Action delay is set to 0 milliseconds

29-05-2024T17:36:58 - [MESSAGE][PASSED] - Browser is opened with url: ''

29-05-2024T17:36:58 - [TEST_STEP][PASSED] - navigateToUrl("https://honkai-builds.com/nguyen-lieu/mui-ten-diet-quy"): Navigate to 'https://honkai-builds.com/nguyen-lieu/mui-ten-diet-quy' successfully

29-05-2024T17:37:02 - [MESSAGE][PASSED] - Navigate to 'https://honkai-builds.com/nguyen-lieu/mui-ten-diet-quy' successfully

29-05-2024T17:37:02 - [TEST_STEP][PASSED] - closeBrowser(): Browser is closed

29-05-2024T17:37:02 - [MESSAGE][PASSED] - Browser is closed]]></system-out>
         <system-err><![CDATA[]]></system-err>
      </testcase>
      <testcase name="Test Cases/Honkai Star Rail/NguyenLieu/item_dong" time="4.773" classname="Test Cases/Honkai Star Rail/NguyenLieu/item_dong" status="PASSED">
         <system-out><![CDATA[29-05-2024T17:37:02 - [TEST_CASE][PASSED] - Test Cases/Honkai Star Rail/NguyenLieu/item_dong: Test Cases/Honkai Star Rail/NguyenLieu/item_dong

29-05-2024T17:37:02 - [TEST_STEP][PASSED] - openBrowser(""): Browser is opened with url: ''

29-05-2024T17:37:02 - [MESSAGE][INFO] - Starting 'Chrome' driver

29-05-2024T17:37:02 - [MESSAGE][INFO] - Action delay is set to 0 milliseconds

29-05-2024T17:37:03 - [MESSAGE][PASSED] - Browser is opened with url: ''

29-05-2024T17:37:03 - [TEST_STEP][PASSED] - navigateToUrl("https://honkai-builds.com/nguyen-lieu/co-chap-cua-dong"): Navigate to 'https://honkai-builds.com/nguyen-lieu/co-chap-cua-dong' successfully

29-05-2024T17:37:07 - [MESSAGE][PASSED] - Navigate to 'https://honkai-builds.com/nguyen-lieu/co-chap-cua-dong' successfully

29-05-2024T17:37:07 - [TEST_STEP][PASSED] - closeBrowser(): Browser is closed

29-05-2024T17:37:07 - [MESSAGE][PASSED] - Browser is closed]]></system-out>
         <system-err><![CDATA[]]></system-err>
      </testcase>
      <testcase name="Test Cases/Honkai Star Rail/NguyenLieu/item_duoisao" time="4.44" classname="Test Cases/Honkai Star Rail/NguyenLieu/item_duoisao" status="PASSED">
         <system-out><![CDATA[29-05-2024T17:37:07 - [TEST_CASE][PASSED] - Test Cases/Honkai Star Rail/NguyenLieu/item_duoisao: Test Cases/Honkai Star Rail/NguyenLieu/item_duoisao

29-05-2024T17:37:07 - [TEST_STEP][PASSED] - openBrowser(""): Browser is opened with url: ''

29-05-2024T17:37:07 - [MESSAGE][INFO] - Starting 'Chrome' driver

29-05-2024T17:37:07 - [MESSAGE][INFO] - Action delay is set to 0 milliseconds

29-05-2024T17:37:08 - [MESSAGE][PASSED] - Browser is opened with url: ''

29-05-2024T17:37:08 - [TEST_STEP][PASSED] - navigateToUrl("https://honkai-builds.com/nguyen-lieu/mui-ten-duoi-sao"): Navigate to 'https://honkai-builds.com/nguyen-lieu/mui-ten-duoi-sao' successfully

29-05-2024T17:37:11 - [MESSAGE][PASSED] - Navigate to 'https://honkai-builds.com/nguyen-lieu/mui-ten-duoi-sao' successfully

29-05-2024T17:37:11 - [TEST_STEP][PASSED] - closeBrowser(): Browser is closed

29-05-2024T17:37:12 - [MESSAGE][PASSED] - Browser is closed]]></system-out>
         <system-err><![CDATA[]]></system-err>
      </testcase>
      <testcase name="Test Cases/Honkai Star Rail/NguyenLieu/item_hukhong" time="6.218" classname="Test Cases/Honkai Star Rail/NguyenLieu/item_hukhong" status="PASSED">
         <system-out><![CDATA[29-05-2024T17:37:12 - [TEST_CASE][PASSED] - Test Cases/Honkai Star Rail/NguyenLieu/item_hukhong: Test Cases/Honkai Star Rail/NguyenLieu/item_hukhong

29-05-2024T17:37:12 - [TEST_STEP][PASSED] - openBrowser(""): Browser is opened with url: ''

29-05-2024T17:37:12 - [MESSAGE][INFO] - Starting 'Chrome' driver

29-05-2024T17:37:12 - [MESSAGE][INFO] - Action delay is set to 0 milliseconds

29-05-2024T17:37:12 - [MESSAGE][PASSED] - Browser is opened with url: ''

29-05-2024T17:37:12 - [TEST_STEP][PASSED] - navigateToUrl("https://honkai-builds.com/nguyen-lieu/anh-den-hu-khong"): Navigate to 'https://honkai-builds.com/nguyen-lieu/anh-den-hu-khong' successfully

29-05-2024T17:37:18 - [MESSAGE][PASSED] - Navigate to 'https://honkai-builds.com/nguyen-lieu/anh-den-hu-khong' successfully

29-05-2024T17:37:18 - [TEST_STEP][PASSED] - closeBrowser(): Browser is closed

29-05-2024T17:37:18 - [MESSAGE][PASSED] - Browser is closed]]></system-out>
         <system-err><![CDATA[]]></system-err>
      </testcase>
      <testcase name="Test Cases/Honkai Star Rail/NguyenLieu/item_kienco" time="0.629" classname="Test Cases/Honkai Star Rail/NguyenLieu/item_kienco" status="PASSED">
         <system-out><![CDATA[29-05-2024T17:37:18 - [TEST_CASE][PASSED] - Test Cases/Honkai Star Rail/NguyenLieu/item_kienco: Test Cases/Honkai Star Rail/NguyenLieu/item_kienco

29-05-2024T17:37:18 - [TEST_STEP][PASSED] - openBrowser(""): Browser is opened with url: ''

29-05-2024T17:37:18 - [MESSAGE][INFO] - Starting 'Chrome' driver

29-05-2024T17:37:18 - [MESSAGE][INFO] - Action delay is set to 0 milliseconds

29-05-2024T17:37:18 - [MESSAGE][PASSED] - Browser is opened with url: ''

29-05-2024T17:37:18 - [TEST_STEP][PASSED] - closeBrowser(): Browser is closed

29-05-2024T17:37:18 - [MESSAGE][PASSED] - Browser is closed]]></system-out>
         <system-err><![CDATA[]]></system-err>
      </testcase>
      <testcase name="Test Cases/Honkai Star Rail/NguyenLieu/item_linhcam" time="6.069" classname="Test Cases/Honkai Star Rail/NguyenLieu/item_linhcam" status="PASSED">
         <system-out><![CDATA[29-05-2024T17:37:18 - [TEST_CASE][PASSED] - Test Cases/Honkai Star Rail/NguyenLieu/item_linhcam: Test Cases/Honkai Star Rail/NguyenLieu/item_linhcam

29-05-2024T17:37:18 - [TEST_STEP][PASSED] - openBrowser(""): Browser is opened with url: ''

29-05-2024T17:37:18 - [MESSAGE][INFO] - Starting 'Chrome' driver

29-05-2024T17:37:18 - [MESSAGE][INFO] - Action delay is set to 0 milliseconds

29-05-2024T17:37:19 - [MESSAGE][PASSED] - Browser is opened with url: ''

29-05-2024T17:37:19 - [TEST_STEP][PASSED] - navigateToUrl("https://honkai-builds.com/nguyen-lieu/chia-khoa-linh-cam"): Navigate to 'https://honkai-builds.com/nguyen-lieu/chia-khoa-linh-cam' successfully

29-05-2024T17:37:24 - [MESSAGE][PASSED] - Navigate to 'https://honkai-builds.com/nguyen-lieu/chia-khoa-linh-cam' successfully

29-05-2024T17:37:24 - [TEST_STEP][PASSED] - closeBrowser(): Browser is closed

29-05-2024T17:37:25 - [MESSAGE][PASSED] - Browser is closed]]></system-out>
         <system-err><![CDATA[]]></system-err>
      </testcase>
      <testcase name="Test Cases/Honkai Star Rail/NguyenLieu/item_santhu" time="0.543" classname="Test Cases/Honkai Star Rail/NguyenLieu/item_santhu" status="PASSED">
         <system-out><![CDATA[29-05-2024T17:37:25 - [TEST_CASE][PASSED] - Test Cases/Honkai Star Rail/NguyenLieu/item_santhu: Test Cases/Honkai Star Rail/NguyenLieu/item_santhu

29-05-2024T17:37:25 - [TEST_STEP][PASSED] - openBrowser(""): Browser is opened with url: ''

29-05-2024T17:37:25 - [MESSAGE][INFO] - Starting 'Chrome' driver

29-05-2024T17:37:25 - [MESSAGE][INFO] - Action delay is set to 0 milliseconds

29-05-2024T17:37:25 - [MESSAGE][PASSED] - Browser is opened with url: '']]></system-out>
         <system-err><![CDATA[]]></system-err>
      </testcase>
      <testcase name="Test Cases/Honkai Star Rail/NguyenLieu/item_satlanh" time="1.106" classname="Test Cases/Honkai Star Rail/NguyenLieu/item_satlanh" status="PASSED">
         <system-out><![CDATA[29-05-2024T17:37:25 - [TEST_CASE][PASSED] - Test Cases/Honkai Star Rail/NguyenLieu/item_satlanh: Test Cases/Honkai Star Rail/NguyenLieu/item_satlanh

29-05-2024T17:37:25 - [TEST_STEP][PASSED] - openBrowser(""): Browser is opened with url: ''

29-05-2024T17:37:25 - [MESSAGE][WARNING] - A browser is already opened. Closing browser and opening a new one

29-05-2024T17:37:25 - [MESSAGE][INFO] - Starting 'Chrome' driver

29-05-2024T17:37:25 - [MESSAGE][INFO] - Action delay is set to 0 milliseconds

29-05-2024T17:37:26 - [MESSAGE][PASSED] - Browser is opened with url: ''

29-05-2024T17:37:26 - [TEST_STEP][PASSED] - closeBrowser(): Browser is closed

29-05-2024T17:37:26 - [MESSAGE][PASSED] - Browser is closed]]></system-out>
         <system-err><![CDATA[]]></system-err>
      </testcase>
      <testcase name="Test Cases/Honkai Star Rail/NguyenLieu/item_tinhthe" time="5.538" classname="Test Cases/Honkai Star Rail/NguyenLieu/item_tinhthe" status="PASSED">
         <system-out><![CDATA[29-05-2024T17:37:26 - [TEST_CASE][PASSED] - Test Cases/Honkai Star Rail/NguyenLieu/item_tinhthe: Test Cases/Honkai Star Rail/NguyenLieu/item_tinhthe

29-05-2024T17:37:26 - [TEST_STEP][PASSED] - openBrowser(""): Browser is opened with url: ''

29-05-2024T17:37:26 - [MESSAGE][INFO] - Starting 'Chrome' driver

29-05-2024T17:37:26 - [MESSAGE][INFO] - Action delay is set to 0 milliseconds

29-05-2024T17:37:27 - [MESSAGE][PASSED] - Browser is opened with url: ''

29-05-2024T17:37:27 - [TEST_STEP][PASSED] - navigateToUrl("https://honkai-builds.com/nguyen-lieu/luoi-dao-tinh-the"): Navigate to 'https://honkai-builds.com/nguyen-lieu/luoi-dao-tinh-the' successfully

29-05-2024T17:37:32 - [MESSAGE][PASSED] - Navigate to 'https://honkai-builds.com/nguyen-lieu/luoi-dao-tinh-the' successfully

29-05-2024T17:37:32 - [TEST_STEP][PASSED] - closeBrowser(): Browser is closed

29-05-2024T17:37:32 - [MESSAGE][PASSED] - Browser is closed]]></system-out>
         <system-err><![CDATA[]]></system-err>
      </testcase>
      <testcase name="Test Cases/Honkai Star Rail/NguyenLieu/item_tramluan" time="0.64" classname="Test Cases/Honkai Star Rail/NguyenLieu/item_tramluan" status="PASSED">
         <system-out><![CDATA[29-05-2024T17:37:32 - [TEST_CASE][PASSED] - Test Cases/Honkai Star Rail/NguyenLieu/item_tramluan: Test Cases/Honkai Star Rail/NguyenLieu/item_tramluan

29-05-2024T17:37:32 - [TEST_STEP][PASSED] - openBrowser(""): Browser is opened with url: ''

29-05-2024T17:37:32 - [MESSAGE][INFO] - Starting 'Chrome' driver

29-05-2024T17:37:32 - [MESSAGE][INFO] - Action delay is set to 0 milliseconds

29-05-2024T17:37:32 - [MESSAGE][PASSED] - Browser is opened with url: '']]></system-out>
         <system-err><![CDATA[]]></system-err>
      </testcase>
      <testcase name="Test Cases/Honkai Star Rail/NguyenLieu/item_trithuc" time="1.041" classname="Test Cases/Honkai Star Rail/NguyenLieu/item_trithuc" status="PASSED">
         <system-out><![CDATA[29-05-2024T17:37:32 - [TEST_CASE][PASSED] - Test Cases/Honkai Star Rail/NguyenLieu/item_trithuc: Test Cases/Honkai Star Rail/NguyenLieu/item_trithuc

29-05-2024T17:37:32 - [TEST_STEP][PASSED] - openBrowser(""): Browser is opened with url: ''

29-05-2024T17:37:32 - [MESSAGE][WARNING] - A browser is already opened. Closing browser and opening a new one

29-05-2024T17:37:32 - [MESSAGE][INFO] - Starting 'Chrome' driver

29-05-2024T17:37:32 - [MESSAGE][INFO] - Action delay is set to 0 milliseconds

29-05-2024T17:37:33 - [MESSAGE][PASSED] - Browser is opened with url: ''

29-05-2024T17:37:33 - [TEST_STEP][PASSED] - closeBrowser(): Browser is closed

29-05-2024T17:37:33 - [MESSAGE][PASSED] - Browser is closed]]></system-out>
         <system-err><![CDATA[]]></system-err>
      </testcase>
      <testcase name="Test Cases/Honkai Star Rail/NguyenLieu/item_tritue" time="5.6" classname="Test Cases/Honkai Star Rail/NguyenLieu/item_tritue" status="PASSED">
         <system-out><![CDATA[29-05-2024T17:37:33 - [TEST_CASE][PASSED] - Test Cases/Honkai Star Rail/NguyenLieu/item_tritue: Test Cases/Honkai Star Rail/NguyenLieu/item_tritue

29-05-2024T17:37:33 - [TEST_STEP][PASSED] - openBrowser(""): Browser is opened with url: ''

29-05-2024T17:37:33 - [MESSAGE][INFO] - Starting 'Chrome' driver

29-05-2024T17:37:33 - [MESSAGE][INFO] - Action delay is set to 0 milliseconds

29-05-2024T17:37:34 - [MESSAGE][PASSED] - Browser is opened with url: ''

29-05-2024T17:37:34 - [TEST_STEP][PASSED] - navigateToUrl("https://honkai-builds.com/nguyen-lieu/luoi-dao-tu-vong"): Navigate to 'https://honkai-builds.com/nguyen-lieu/luoi-dao-tu-vong' successfully

29-05-2024T17:37:39 - [MESSAGE][PASSED] - Navigate to 'https://honkai-builds.com/nguyen-lieu/luoi-dao-tu-vong' successfully]]></system-out>
         <system-err><![CDATA[]]></system-err>
      </testcase>
      <testcase name="Test Cases/Honkai Star Rail/NguyenLieu/item_tuvong" time="0.756" classname="Test Cases/Honkai Star Rail/NguyenLieu/item_tuvong" status="PASSED">
         <system-out><![CDATA[29-05-2024T17:37:39 - [TEST_CASE][PASSED] - Test Cases/Honkai Star Rail/NguyenLieu/item_tuvong: Test Cases/Honkai Star Rail/NguyenLieu/item_tuvong

29-05-2024T17:37:39 - [TEST_STEP][PASSED] - openBrowser(""): Browser is opened with url: ''

29-05-2024T17:37:39 - [MESSAGE][WARNING] - A browser is already opened. Closing browser and opening a new one

29-05-2024T17:37:39 - [MESSAGE][INFO] - Starting 'Chrome' driver

29-05-2024T17:37:39 - [MESSAGE][INFO] - Action delay is set to 0 milliseconds

29-05-2024T17:37:40 - [MESSAGE][PASSED] - Browser is opened with url: '']]></system-out>
         <system-err><![CDATA[]]></system-err>
      </testcase>
      <testcase name="Test Cases/Honkai Star Rail/NguyenLieu/item_utoi" time="0.861" classname="Test Cases/Honkai Star Rail/NguyenLieu/item_utoi" status="PASSED">
         <system-out><![CDATA[29-05-2024T17:37:40 - [TEST_CASE][PASSED] - Test Cases/Honkai Star Rail/NguyenLieu/item_utoi: Test Cases/Honkai Star Rail/NguyenLieu/item_utoi

29-05-2024T17:37:40 - [TEST_STEP][PASSED] - openBrowser(""): Browser is opened with url: ''

29-05-2024T17:37:40 - [MESSAGE][WARNING] - A browser is already opened. Closing browser and opening a new one

29-05-2024T17:37:40 - [MESSAGE][INFO] - Starting 'Chrome' driver

29-05-2024T17:37:40 - [MESSAGE][INFO] - Action delay is set to 0 milliseconds

29-05-2024T17:37:41 - [MESSAGE][PASSED] - Browser is opened with url: '']]></system-out>
         <system-err><![CDATA[]]></system-err>
      </testcase>
      <testcase name="Test Cases/Honkai Star Rail/NguyenLieu/item_vohon" time="5.029" classname="Test Cases/Honkai Star Rail/NguyenLieu/item_vohon" status="PASSED">
         <system-out><![CDATA[29-05-2024T17:37:41 - [TEST_CASE][PASSED] - Test Cases/Honkai Star Rail/NguyenLieu/item_vohon: Test Cases/Honkai Star Rail/NguyenLieu/item_vohon

29-05-2024T17:37:41 - [TEST_STEP][PASSED] - openBrowser(""): Browser is opened with url: ''

29-05-2024T17:37:41 - [MESSAGE][WARNING] - A browser is already opened. Closing browser and opening a new one

29-05-2024T17:37:41 - [MESSAGE][INFO] - Starting 'Chrome' driver

29-05-2024T17:37:41 - [MESSAGE][INFO] - Action delay is set to 0 milliseconds

29-05-2024T17:37:42 - [MESSAGE][PASSED] - Browser is opened with url: ''

29-05-2024T17:37:42 - [TEST_STEP][PASSED] - navigateToUrl("https://honkai-builds.com/nguyen-lieu/luoi-kiem-vo-hon"): Navigate to 'https://honkai-builds.com/nguyen-lieu/luoi-kiem-vo-hon' successfully

29-05-2024T17:37:46 - [MESSAGE][PASSED] - Navigate to 'https://honkai-builds.com/nguyen-lieu/luoi-kiem-vo-hon' successfully]]></system-out>
         <system-err><![CDATA[]]></system-err>
      </testcase>
      <testcase name="Test Cases/Honkai Star Rail/NonAnhSang/Catalogs/3-Star" time="9.6" classname="Test Cases/Honkai Star Rail/NonAnhSang/Catalogs/3-Star" status="PASSED">
         <system-out><![CDATA[29-05-2024T17:37:46 - [TEST_CASE][PASSED] - Test Cases/Honkai Star Rail/NonAnhSang/Catalogs/3-Star: Test Cases/Honkai Star Rail/NonAnhSang/Catalogs/3-Star

29-05-2024T17:37:46 - [TEST_STEP][PASSED] - openBrowser(""): Browser is opened with url: ''

29-05-2024T17:37:46 - [MESSAGE][WARNING] - A browser is already opened. Closing browser and opening a new one

29-05-2024T17:37:46 - [MESSAGE][INFO] - Starting 'Chrome' driver

29-05-2024T17:37:46 - [MESSAGE][INFO] - Action delay is set to 0 milliseconds

29-05-2024T17:37:46 - [MESSAGE][PASSED] - Browser is opened with url: ''

29-05-2024T17:37:46 - [TEST_STEP][PASSED] - navigateToUrl("https://honkai-builds.com/non-anh-sang"): Navigate to 'https://honkai-builds.com/non-anh-sang' successfully

29-05-2024T17:37:53 - [MESSAGE][PASSED] - Navigate to 'https://honkai-builds.com/non-anh-sang' successfully

29-05-2024T17:37:53 - [TEST_STEP][PASSED] - verifyElementPresent(findTestObject("Object Repository/Page_Tng Hp Nn nh Sng Honkai Star Rail/div_Sinh Si"), 0): Object 'Object Repository/Page_Tng Hp Nn nh Sng Honkai Star Rail/div_Sinh Si' is present

29-05-2024T17:37:53 - [MESSAGE][WARNING] - Timeout '0' is invalid. Using default page load timeout: '30'

29-05-2024T17:37:55 - [MESSAGE][PASSED] - Object 'Object Repository/Page_Tng Hp Nn nh Sng Honkai Star Rail/div_Sinh Si' is present

29-05-2024T17:37:55 - [TEST_STEP][PASSED] - closeBrowser(): Browser is closed

29-05-2024T17:37:55 - [MESSAGE][PASSED] - Browser is closed]]></system-out>
         <system-err><![CDATA[]]></system-err>
      </testcase>
      <testcase name="Test Cases/Honkai Star Rail/NonAnhSang/Catalogs/4-star" time="11.449" classname="Test Cases/Honkai Star Rail/NonAnhSang/Catalogs/4-star" status="PASSED">
         <system-out><![CDATA[29-05-2024T17:37:55 - [TEST_CASE][PASSED] - Test Cases/Honkai Star Rail/NonAnhSang/Catalogs/4-star: Test Cases/Honkai Star Rail/NonAnhSang/Catalogs/4-star

29-05-2024T17:37:55 - [TEST_STEP][PASSED] - openBrowser(""): Browser is opened with url: ''

29-05-2024T17:37:55 - [MESSAGE][INFO] - Starting 'Chrome' driver

29-05-2024T17:37:55 - [MESSAGE][INFO] - Action delay is set to 0 milliseconds

29-05-2024T17:37:56 - [MESSAGE][PASSED] - Browser is opened with url: ''

29-05-2024T17:37:56 - [TEST_STEP][PASSED] - navigateToUrl("https://honkai-builds.com/non-anh-sang"): Navigate to 'https://honkai-builds.com/non-anh-sang' successfully

29-05-2024T17:38:05 - [MESSAGE][PASSED] - Navigate to 'https://honkai-builds.com/non-anh-sang' successfully

29-05-2024T17:38:05 - [TEST_STEP][PASSED] - click(findTestObject("Object Repository/Page_Tng Hp Nn nh Sng Honkai Star Rail/img_Xo Hiu ng Xu_jet-tabs__label-image")): Object: 'Object Repository/Page_Tng Hp Nn nh Sng Honkai Star Rail/img_Xo Hiu ng Xu_jet-tabs__label-image' is clicked on

29-05-2024T17:38:06 - [MESSAGE][PASSED] - Object: 'Object Repository/Page_Tng Hp Nn nh Sng Honkai Star Rail/img_Xo Hiu ng Xu_jet-tabs__label-image' is clicked on

29-05-2024T17:38:06 - [TEST_STEP][PASSED] - verifyElementPresent(findTestObject("Object Repository/Page_Tng Hp Nn nh Sng Honkai Star Rail/div_Ngy Ngn H Sp"), 0): Object 'Object Repository/Page_Tng Hp Nn nh Sng Honkai Star Rail/div_Ngy Ngn H Sp' is present

29-05-2024T17:38:06 - [MESSAGE][WARNING] - Timeout '0' is invalid. Using default page load timeout: '30'

29-05-2024T17:38:07 - [MESSAGE][PASSED] - Object 'Object Repository/Page_Tng Hp Nn nh Sng Honkai Star Rail/div_Ngy Ngn H Sp' is present

29-05-2024T17:38:07 - [TEST_STEP][PASSED] - closeBrowser(): Browser is closed

29-05-2024T17:38:07 - [MESSAGE][PASSED] - Browser is closed]]></system-out>
         <system-err><![CDATA[]]></system-err>
      </testcase>
      <testcase name="Test Cases/Honkai Star Rail/NonAnhSang/Catalogs/5-star (1)" time="9.13" classname="Test Cases/Honkai Star Rail/NonAnhSang/Catalogs/5-star (1)" status="PASSED">
         <system-out><![CDATA[29-05-2024T17:38:07 - [TEST_CASE][PASSED] - Test Cases/Honkai Star Rail/NonAnhSang/Catalogs/5-star (1): Test Cases/Honkai Star Rail/NonAnhSang/Catalogs/5-star (1)

29-05-2024T17:38:07 - [TEST_STEP][PASSED] - openBrowser(""): Browser is opened with url: ''

29-05-2024T17:38:07 - [MESSAGE][INFO] - Starting 'Chrome' driver

29-05-2024T17:38:07 - [MESSAGE][INFO] - Action delay is set to 0 milliseconds

29-05-2024T17:38:07 - [MESSAGE][PASSED] - Browser is opened with url: ''

29-05-2024T17:38:07 - [TEST_STEP][PASSED] - navigateToUrl("https://honkai-builds.com/non-anh-sang"): Navigate to 'https://honkai-builds.com/non-anh-sang' successfully

29-05-2024T17:38:15 - [MESSAGE][PASSED] - Navigate to 'https://honkai-builds.com/non-anh-sang' successfully

29-05-2024T17:38:15 - [TEST_STEP][PASSED] - click(findTestObject("Object Repository/Page_Tng Hp Nn nh Sng Honkai Star Rail/img_Xo Hiu ng Xu_jet-tabs__label-image (1)")): Object: 'Object Repository/Page_Tng Hp Nn nh Sng Honkai Star Rail/img_Xo Hiu ng Xu_jet-tabs__label-image (1)' is clicked on

29-05-2024T17:38:15 - [MESSAGE][PASSED] - Object: 'Object Repository/Page_Tng Hp Nn nh Sng Honkai Star Rail/img_Xo Hiu ng Xu_jet-tabs__label-image (1)' is clicked on

29-05-2024T17:38:15 - [TEST_STEP][PASSED] - verifyElementPresent(findTestObject("Object Repository/Page_Tng Hp Nn nh Sng Honkai Star Rail/div_Hng n Sinh Mnh Th Hai"), 0): Object 'Object Repository/Page_Tng Hp Nn nh Sng Honkai Star Rail/div_Hng n Sinh Mnh Th Hai' is present

29-05-2024T17:38:15 - [MESSAGE][WARNING] - Timeout '0' is invalid. Using default page load timeout: '30'

29-05-2024T17:38:16 - [MESSAGE][PASSED] - Object 'Object Repository/Page_Tng Hp Nn nh Sng Honkai Star Rail/div_Hng n Sinh Mnh Th Hai' is present

29-05-2024T17:38:16 - [TEST_STEP][PASSED] - closeBrowser(): Browser is closed

29-05-2024T17:38:16 - [MESSAGE][PASSED] - Browser is closed]]></system-out>
         <system-err><![CDATA[]]></system-err>
      </testcase>
      <testcase name="Test Cases/Honkai Star Rail/NonAnhSang/Details/non2 - Copy (1)" time="5.289" classname="Test Cases/Honkai Star Rail/NonAnhSang/Details/non2 - Copy (1)" status="PASSED">
         <system-out><![CDATA[29-05-2024T17:38:16 - [TEST_CASE][PASSED] - Test Cases/Honkai Star Rail/NonAnhSang/Details/non2 - Copy (1): Test Cases/Honkai Star Rail/NonAnhSang/Details/non2 - Copy (1)

29-05-2024T17:38:16 - [TEST_STEP][PASSED] - openBrowser(""): Browser is opened with url: ''

29-05-2024T17:38:16 - [MESSAGE][INFO] - Starting 'Chrome' driver

29-05-2024T17:38:16 - [MESSAGE][INFO] - Action delay is set to 0 milliseconds

29-05-2024T17:38:16 - [MESSAGE][PASSED] - Browser is opened with url: ''

29-05-2024T17:38:16 - [TEST_STEP][PASSED] - navigateToUrl("https://honkai-builds.com/non-anh-sang/hun-duc-ky-uc-thoi-gian"): Navigate to 'https://honkai-builds.com/non-anh-sang/hun-duc-ky-uc-thoi-gian' successfully

29-05-2024T17:38:21 - [MESSAGE][PASSED] - Navigate to 'https://honkai-builds.com/non-anh-sang/hun-duc-ky-uc-thoi-gian' successfully

29-05-2024T17:38:21 - [TEST_STEP][PASSED] - closeBrowser(): Browser is closed

29-05-2024T17:38:21 - [MESSAGE][PASSED] - Browser is closed]]></system-out>
         <system-err><![CDATA[]]></system-err>
      </testcase>
      <testcase name="Test Cases/Honkai Star Rail/NonAnhSang/Details/non2 - Copy (2)" time="5.443" classname="Test Cases/Honkai Star Rail/NonAnhSang/Details/non2 - Copy (2)" status="PASSED">
         <system-out><![CDATA[29-05-2024T17:38:21 - [TEST_CASE][PASSED] - Test Cases/Honkai Star Rail/NonAnhSang/Details/non2 - Copy (2): Test Cases/Honkai Star Rail/NonAnhSang/Details/non2 - Copy (2)

29-05-2024T17:38:21 - [TEST_STEP][PASSED] - openBrowser(""): Browser is opened with url: ''

29-05-2024T17:38:21 - [MESSAGE][INFO] - Starting 'Chrome' driver

29-05-2024T17:38:21 - [MESSAGE][INFO] - Action delay is set to 0 milliseconds

29-05-2024T17:38:22 - [MESSAGE][PASSED] - Browser is opened with url: ''

29-05-2024T17:38:22 - [TEST_STEP][PASSED] - navigateToUrl("https://honkai-builds.com/non-anh-sang/hun-duc-ky-uc-thoi-gian"): Navigate to 'https://honkai-builds.com/non-anh-sang/hun-duc-ky-uc-thoi-gian' successfully

29-05-2024T17:38:26 - [MESSAGE][PASSED] - Navigate to 'https://honkai-builds.com/non-anh-sang/hun-duc-ky-uc-thoi-gian' successfully

29-05-2024T17:38:26 - [TEST_STEP][PASSED] - closeBrowser(): Browser is closed

29-05-2024T17:38:27 - [MESSAGE][PASSED] - Browser is closed]]></system-out>
         <system-err><![CDATA[]]></system-err>
      </testcase>
      <testcase name="Test Cases/Honkai Star Rail/NonAnhSang/Details/non2 - Copy (3)" time="5.596" classname="Test Cases/Honkai Star Rail/NonAnhSang/Details/non2 - Copy (3)" status="PASSED">
         <system-out><![CDATA[29-05-2024T17:38:27 - [TEST_CASE][PASSED] - Test Cases/Honkai Star Rail/NonAnhSang/Details/non2 - Copy (3): Test Cases/Honkai Star Rail/NonAnhSang/Details/non2 - Copy (3)

29-05-2024T17:38:27 - [TEST_STEP][PASSED] - openBrowser(""): Browser is opened with url: ''

29-05-2024T17:38:27 - [MESSAGE][INFO] - Starting 'Chrome' driver

29-05-2024T17:38:27 - [MESSAGE][INFO] - Action delay is set to 0 milliseconds

29-05-2024T17:38:27 - [MESSAGE][PASSED] - Browser is opened with url: ''

29-05-2024T17:38:27 - [TEST_STEP][PASSED] - navigateToUrl("https://honkai-builds.com/non-anh-sang/hun-duc-ky-uc-thoi-gian"): Navigate to 'https://honkai-builds.com/non-anh-sang/hun-duc-ky-uc-thoi-gian' successfully

29-05-2024T17:38:32 - [MESSAGE][PASSED] - Navigate to 'https://honkai-builds.com/non-anh-sang/hun-duc-ky-uc-thoi-gian' successfully

29-05-2024T17:38:32 - [TEST_STEP][PASSED] - closeBrowser(): Browser is closed

29-05-2024T17:38:32 - [MESSAGE][PASSED] - Browser is closed]]></system-out>
         <system-err><![CDATA[]]></system-err>
      </testcase>
      <testcase name="Test Cases/Honkai Star Rail/NonAnhSang/Details/non2 - Copy (4)" time="5.539" classname="Test Cases/Honkai Star Rail/NonAnhSang/Details/non2 - Copy (4)" status="PASSED">
         <system-out><![CDATA[29-05-2024T17:38:32 - [TEST_CASE][PASSED] - Test Cases/Honkai Star Rail/NonAnhSang/Details/non2 - Copy (4): Test Cases/Honkai Star Rail/NonAnhSang/Details/non2 - Copy (4)

29-05-2024T17:38:32 - [TEST_STEP][PASSED] - openBrowser(""): Browser is opened with url: ''

29-05-2024T17:38:32 - [MESSAGE][INFO] - Starting 'Chrome' driver

29-05-2024T17:38:32 - [MESSAGE][INFO] - Action delay is set to 0 milliseconds

29-05-2024T17:38:33 - [MESSAGE][PASSED] - Browser is opened with url: ''

29-05-2024T17:38:33 - [TEST_STEP][PASSED] - navigateToUrl("https://honkai-builds.com/non-anh-sang/hun-duc-ky-uc-thoi-gian"): Navigate to 'https://honkai-builds.com/non-anh-sang/hun-duc-ky-uc-thoi-gian' successfully

29-05-2024T17:38:38 - [MESSAGE][PASSED] - Navigate to 'https://honkai-builds.com/non-anh-sang/hun-duc-ky-uc-thoi-gian' successfully

29-05-2024T17:38:38 - [TEST_STEP][PASSED] - closeBrowser(): Browser is closed

29-05-2024T17:38:38 - [MESSAGE][PASSED] - Browser is closed]]></system-out>
         <system-err><![CDATA[]]></system-err>
      </testcase>
      <testcase name="Test Cases/Honkai Star Rail/NonAnhSang/Details/non2 - Copy (5)" time="5.62" classname="Test Cases/Honkai Star Rail/NonAnhSang/Details/non2 - Copy (5)" status="PASSED">
         <system-out><![CDATA[29-05-2024T17:38:38 - [TEST_CASE][PASSED] - Test Cases/Honkai Star Rail/NonAnhSang/Details/non2 - Copy (5): Test Cases/Honkai Star Rail/NonAnhSang/Details/non2 - Copy (5)

29-05-2024T17:38:38 - [TEST_STEP][PASSED] - openBrowser(""): Browser is opened with url: ''

29-05-2024T17:38:38 - [MESSAGE][INFO] - Starting 'Chrome' driver

29-05-2024T17:38:38 - [MESSAGE][INFO] - Action delay is set to 0 milliseconds

29-05-2024T17:38:38 - [MESSAGE][PASSED] - Browser is opened with url: ''

29-05-2024T17:38:38 - [TEST_STEP][PASSED] - navigateToUrl("https://honkai-builds.com/non-anh-sang/hun-duc-ky-uc-thoi-gian"): Navigate to 'https://honkai-builds.com/non-anh-sang/hun-duc-ky-uc-thoi-gian' successfully

29-05-2024T17:38:43 - [MESSAGE][PASSED] - Navigate to 'https://honkai-builds.com/non-anh-sang/hun-duc-ky-uc-thoi-gian' successfully

29-05-2024T17:38:43 - [TEST_STEP][PASSED] - closeBrowser(): Browser is closed

29-05-2024T17:38:43 - [MESSAGE][PASSED] - Browser is closed]]></system-out>
         <system-err><![CDATA[]]></system-err>
      </testcase>
      <testcase name="Test Cases/Honkai Star Rail/NonAnhSang/Details/non2 - Copy (6)" time="6.218" classname="Test Cases/Honkai Star Rail/NonAnhSang/Details/non2 - Copy (6)" status="PASSED">
         <system-out><![CDATA[29-05-2024T17:38:43 - [TEST_CASE][PASSED] - Test Cases/Honkai Star Rail/NonAnhSang/Details/non2 - Copy (6): Test Cases/Honkai Star Rail/NonAnhSang/Details/non2 - Copy (6)

29-05-2024T17:38:43 - [TEST_STEP][PASSED] - openBrowser(""): Browser is opened with url: ''

29-05-2024T17:38:43 - [MESSAGE][INFO] - Starting 'Chrome' driver

29-05-2024T17:38:43 - [MESSAGE][INFO] - Action delay is set to 0 milliseconds

29-05-2024T17:38:44 - [MESSAGE][PASSED] - Browser is opened with url: ''

29-05-2024T17:38:44 - [TEST_STEP][PASSED] - navigateToUrl("https://honkai-builds.com/non-anh-sang/hun-duc-ky-uc-thoi-gian"): Navigate to 'https://honkai-builds.com/non-anh-sang/hun-duc-ky-uc-thoi-gian' successfully

29-05-2024T17:38:49 - [MESSAGE][PASSED] - Navigate to 'https://honkai-builds.com/non-anh-sang/hun-duc-ky-uc-thoi-gian' successfully

29-05-2024T17:38:49 - [TEST_STEP][PASSED] - closeBrowser(): Browser is closed

29-05-2024T17:38:50 - [MESSAGE][PASSED] - Browser is closed]]></system-out>
         <system-err><![CDATA[]]></system-err>
      </testcase>
      <testcase name="Test Cases/Honkai Star Rail/NonAnhSang/Details/non2 - Copy (7)" time="4.523" classname="Test Cases/Honkai Star Rail/NonAnhSang/Details/non2 - Copy (7)" status="PASSED">
         <system-out><![CDATA[29-05-2024T17:38:50 - [TEST_CASE][PASSED] - Test Cases/Honkai Star Rail/NonAnhSang/Details/non2 - Copy (7): Test Cases/Honkai Star Rail/NonAnhSang/Details/non2 - Copy (7)

29-05-2024T17:38:50 - [TEST_STEP][PASSED] - openBrowser(""): Browser is opened with url: ''

29-05-2024T17:38:50 - [MESSAGE][INFO] - Starting 'Chrome' driver

29-05-2024T17:38:50 - [MESSAGE][INFO] - Action delay is set to 0 milliseconds

29-05-2024T17:38:50 - [MESSAGE][PASSED] - Browser is opened with url: ''

29-05-2024T17:38:50 - [TEST_STEP][PASSED] - navigateToUrl("https://honkai-builds.com/non-anh-sang/hun-duc-ky-uc-thoi-gian"): Navigate to 'https://honkai-builds.com/non-anh-sang/hun-duc-ky-uc-thoi-gian' successfully

29-05-2024T17:38:54 - [MESSAGE][PASSED] - Navigate to 'https://honkai-builds.com/non-anh-sang/hun-duc-ky-uc-thoi-gian' successfully

29-05-2024T17:38:54 - [TEST_STEP][PASSED] - closeBrowser(): Browser is closed

29-05-2024T17:38:54 - [MESSAGE][PASSED] - Browser is closed]]></system-out>
         <system-err><![CDATA[]]></system-err>
      </testcase>
      <testcase name="Test Cases/Honkai Star Rail/NonAnhSang/Details/non2 - Copy" time="6.628" classname="Test Cases/Honkai Star Rail/NonAnhSang/Details/non2 - Copy" status="PASSED">
         <system-out><![CDATA[29-05-2024T17:38:54 - [TEST_CASE][PASSED] - Test Cases/Honkai Star Rail/NonAnhSang/Details/non2 - Copy: Test Cases/Honkai Star Rail/NonAnhSang/Details/non2 - Copy

29-05-2024T17:38:54 - [TEST_STEP][PASSED] - openBrowser(""): Browser is opened with url: ''

29-05-2024T17:38:54 - [MESSAGE][INFO] - Starting 'Chrome' driver

29-05-2024T17:38:54 - [MESSAGE][INFO] - Action delay is set to 0 milliseconds

29-05-2024T17:38:55 - [MESSAGE][PASSED] - Browser is opened with url: ''

29-05-2024T17:38:55 - [TEST_STEP][PASSED] - navigateToUrl("https://honkai-builds.com/non-anh-sang/hun-duc-ky-uc-thoi-gian"): Navigate to 'https://honkai-builds.com/non-anh-sang/hun-duc-ky-uc-thoi-gian' successfully

29-05-2024T17:39:01 - [MESSAGE][PASSED] - Navigate to 'https://honkai-builds.com/non-anh-sang/hun-duc-ky-uc-thoi-gian' successfully

29-05-2024T17:39:01 - [TEST_STEP][PASSED] - closeBrowser(): Browser is closed

29-05-2024T17:39:01 - [MESSAGE][PASSED] - Browser is closed]]></system-out>
         <system-err><![CDATA[]]></system-err>
      </testcase>
      <testcase name="Test Cases/Honkai Star Rail/NonAnhSang/Details/non2" time="6.618" classname="Test Cases/Honkai Star Rail/NonAnhSang/Details/non2" status="PASSED">
         <system-out><![CDATA[29-05-2024T17:39:01 - [TEST_CASE][PASSED] - Test Cases/Honkai Star Rail/NonAnhSang/Details/non2: Test Cases/Honkai Star Rail/NonAnhSang/Details/non2

29-05-2024T17:39:01 - [TEST_STEP][PASSED] - openBrowser(""): Browser is opened with url: ''

29-05-2024T17:39:01 - [MESSAGE][INFO] - Starting 'Chrome' driver

29-05-2024T17:39:01 - [MESSAGE][INFO] - Action delay is set to 0 milliseconds

29-05-2024T17:39:01 - [MESSAGE][PASSED] - Browser is opened with url: ''

29-05-2024T17:39:01 - [TEST_STEP][PASSED] - navigateToUrl("https://honkai-builds.com/non-anh-sang/hun-duc-ky-uc-thoi-gian"): Navigate to 'https://honkai-builds.com/non-anh-sang/hun-duc-ky-uc-thoi-gian' successfully

29-05-2024T17:39:07 - [MESSAGE][PASSED] - Navigate to 'https://honkai-builds.com/non-anh-sang/hun-duc-ky-uc-thoi-gian' successfully

29-05-2024T17:39:07 - [TEST_STEP][PASSED] - closeBrowser(): Browser is closed

29-05-2024T17:39:07 - [MESSAGE][PASSED] - Browser is closed]]></system-out>
         <system-err><![CDATA[]]></system-err>
      </testcase>
      <testcase name="Test Cases/Honkai Star Rail/NonAnhSang/Details/non3 - Copy (1)" time="5.136" classname="Test Cases/Honkai Star Rail/NonAnhSang/Details/non3 - Copy (1)" status="PASSED">
         <system-out><![CDATA[29-05-2024T17:39:07 - [TEST_CASE][PASSED] - Test Cases/Honkai Star Rail/NonAnhSang/Details/non3 - Copy (1): Test Cases/Honkai Star Rail/NonAnhSang/Details/non3 - Copy (1)

29-05-2024T17:39:07 - [TEST_STEP][PASSED] - openBrowser(""): Browser is opened with url: ''

29-05-2024T17:39:07 - [MESSAGE][INFO] - Starting 'Chrome' driver

29-05-2024T17:39:07 - [MESSAGE][INFO] - Action delay is set to 0 milliseconds

29-05-2024T17:39:08 - [MESSAGE][PASSED] - Browser is opened with url: ''

29-05-2024T17:39:08 - [TEST_STEP][PASSED] - navigateToUrl("https://honkai-builds.com/non-anh-sang/ngay-ngan-ha-sup-do"): Navigate to 'https://honkai-builds.com/non-anh-sang/ngay-ngan-ha-sup-do' successfully

29-05-2024T17:39:12 - [MESSAGE][PASSED] - Navigate to 'https://honkai-builds.com/non-anh-sang/ngay-ngan-ha-sup-do' successfully

29-05-2024T17:39:12 - [TEST_STEP][PASSED] - closeBrowser(): Browser is closed

29-05-2024T17:39:12 - [MESSAGE][PASSED] - Browser is closed]]></system-out>
         <system-err><![CDATA[]]></system-err>
      </testcase>
      <testcase name="Test Cases/Honkai Star Rail/NonAnhSang/Details/non3 - Copy (2)" time="5.689" classname="Test Cases/Honkai Star Rail/NonAnhSang/Details/non3 - Copy (2)" status="PASSED">
         <system-out><![CDATA[29-05-2024T17:39:12 - [TEST_CASE][PASSED] - Test Cases/Honkai Star Rail/NonAnhSang/Details/non3 - Copy (2): Test Cases/Honkai Star Rail/NonAnhSang/Details/non3 - Copy (2)

29-05-2024T17:39:12 - [TEST_STEP][PASSED] - openBrowser(""): Browser is opened with url: ''

29-05-2024T17:39:12 - [MESSAGE][INFO] - Starting 'Chrome' driver

29-05-2024T17:39:12 - [MESSAGE][INFO] - Action delay is set to 0 milliseconds

29-05-2024T17:39:13 - [MESSAGE][PASSED] - Browser is opened with url: ''

29-05-2024T17:39:13 - [TEST_STEP][PASSED] - navigateToUrl("https://honkai-builds.com/non-anh-sang/ngay-ngan-ha-sup-do"): Navigate to 'https://honkai-builds.com/non-anh-sang/ngay-ngan-ha-sup-do' successfully

29-05-2024T17:39:18 - [MESSAGE][PASSED] - Navigate to 'https://honkai-builds.com/non-anh-sang/ngay-ngan-ha-sup-do' successfully

29-05-2024T17:39:18 - [TEST_STEP][PASSED] - closeBrowser(): Browser is closed

29-05-2024T17:39:18 - [MESSAGE][PASSED] - Browser is closed]]></system-out>
         <system-err><![CDATA[]]></system-err>
      </testcase>
      <testcase name="Test Cases/Honkai Star Rail/NonAnhSang/Details/non3 - Copy (3)" time="5.36" classname="Test Cases/Honkai Star Rail/NonAnhSang/Details/non3 - Copy (3)" status="PASSED">
         <system-out><![CDATA[29-05-2024T17:39:18 - [TEST_CASE][PASSED] - Test Cases/Honkai Star Rail/NonAnhSang/Details/non3 - Copy (3): Test Cases/Honkai Star Rail/NonAnhSang/Details/non3 - Copy (3)

29-05-2024T17:39:18 - [TEST_STEP][PASSED] - openBrowser(""): Browser is opened with url: ''

29-05-2024T17:39:18 - [MESSAGE][INFO] - Starting 'Chrome' driver

29-05-2024T17:39:18 - [MESSAGE][INFO] - Action delay is set to 0 milliseconds

29-05-2024T17:39:19 - [MESSAGE][PASSED] - Browser is opened with url: ''

29-05-2024T17:39:19 - [TEST_STEP][PASSED] - navigateToUrl("https://honkai-builds.com/non-anh-sang/ngay-ngan-ha-sup-do"): Navigate to 'https://honkai-builds.com/non-anh-sang/ngay-ngan-ha-sup-do' successfully

29-05-2024T17:39:23 - [MESSAGE][PASSED] - Navigate to 'https://honkai-builds.com/non-anh-sang/ngay-ngan-ha-sup-do' successfully

29-05-2024T17:39:23 - [TEST_STEP][PASSED] - closeBrowser(): Browser is closed

29-05-2024T17:39:23 - [MESSAGE][PASSED] - Browser is closed]]></system-out>
         <system-err><![CDATA[]]></system-err>
      </testcase>
      <testcase name="Test Cases/Honkai Star Rail/NonAnhSang/Details/non3 - Copy (4)" time="4.685" classname="Test Cases/Honkai Star Rail/NonAnhSang/Details/non3 - Copy (4)" status="PASSED">
         <system-out><![CDATA[29-05-2024T17:39:24 - [TEST_CASE][PASSED] - Test Cases/Honkai Star Rail/NonAnhSang/Details/non3 - Copy (4): Test Cases/Honkai Star Rail/NonAnhSang/Details/non3 - Copy (4)

29-05-2024T17:39:24 - [TEST_STEP][PASSED] - openBrowser(""): Browser is opened with url: ''

29-05-2024T17:39:24 - [MESSAGE][INFO] - Starting 'Chrome' driver

29-05-2024T17:39:24 - [MESSAGE][INFO] - Action delay is set to 0 milliseconds

29-05-2024T17:39:24 - [MESSAGE][PASSED] - Browser is opened with url: ''

29-05-2024T17:39:24 - [TEST_STEP][PASSED] - navigateToUrl("https://honkai-builds.com/non-anh-sang/ngay-ngan-ha-sup-do"): Navigate to 'https://honkai-builds.com/non-anh-sang/ngay-ngan-ha-sup-do' successfully

29-05-2024T17:39:28 - [MESSAGE][PASSED] - Navigate to 'https://honkai-builds.com/non-anh-sang/ngay-ngan-ha-sup-do' successfully

29-05-2024T17:39:28 - [TEST_STEP][PASSED] - closeBrowser(): Browser is closed

29-05-2024T17:39:28 - [MESSAGE][PASSED] - Browser is closed]]></system-out>
         <system-err><![CDATA[]]></system-err>
      </testcase>
      <testcase name="Test Cases/Honkai Star Rail/NonAnhSang/Details/non3 - Copy (5)" time="5.309" classname="Test Cases/Honkai Star Rail/NonAnhSang/Details/non3 - Copy (5)" status="PASSED">
         <system-out><![CDATA[29-05-2024T17:39:28 - [TEST_CASE][PASSED] - Test Cases/Honkai Star Rail/NonAnhSang/Details/non3 - Copy (5): Test Cases/Honkai Star Rail/NonAnhSang/Details/non3 - Copy (5)

29-05-2024T17:39:28 - [TEST_STEP][PASSED] - openBrowser(""): Browser is opened with url: ''

29-05-2024T17:39:28 - [MESSAGE][INFO] - Starting 'Chrome' driver

29-05-2024T17:39:28 - [MESSAGE][INFO] - Action delay is set to 0 milliseconds

29-05-2024T17:39:29 - [MESSAGE][PASSED] - Browser is opened with url: ''

29-05-2024T17:39:29 - [TEST_STEP][PASSED] - navigateToUrl("https://honkai-builds.com/non-anh-sang/ngay-ngan-ha-sup-do"): Navigate to 'https://honkai-builds.com/non-anh-sang/ngay-ngan-ha-sup-do' successfully

29-05-2024T17:39:33 - [MESSAGE][PASSED] - Navigate to 'https://honkai-builds.com/non-anh-sang/ngay-ngan-ha-sup-do' successfully

29-05-2024T17:39:33 - [TEST_STEP][PASSED] - closeBrowser(): Browser is closed

29-05-2024T17:39:33 - [MESSAGE][PASSED] - Browser is closed]]></system-out>
         <system-err><![CDATA[]]></system-err>
      </testcase>
      <testcase name="Test Cases/Honkai Star Rail/NonAnhSang/Details/non3 - Copy (6)" time="4.712" classname="Test Cases/Honkai Star Rail/NonAnhSang/Details/non3 - Copy (6)" status="PASSED">
         <system-out><![CDATA[29-05-2024T17:39:34 - [TEST_CASE][PASSED] - Test Cases/Honkai Star Rail/NonAnhSang/Details/non3 - Copy (6): Test Cases/Honkai Star Rail/NonAnhSang/Details/non3 - Copy (6)

29-05-2024T17:39:34 - [TEST_STEP][PASSED] - openBrowser(""): Browser is opened with url: ''

29-05-2024T17:39:34 - [MESSAGE][INFO] - Starting 'Chrome' driver

29-05-2024T17:39:34 - [MESSAGE][INFO] - Action delay is set to 0 milliseconds

29-05-2024T17:39:34 - [MESSAGE][PASSED] - Browser is opened with url: ''

29-05-2024T17:39:34 - [TEST_STEP][PASSED] - navigateToUrl("https://honkai-builds.com/non-anh-sang/ngay-ngan-ha-sup-do"): Navigate to 'https://honkai-builds.com/non-anh-sang/ngay-ngan-ha-sup-do' successfully

29-05-2024T17:39:38 - [MESSAGE][PASSED] - Navigate to 'https://honkai-builds.com/non-anh-sang/ngay-ngan-ha-sup-do' successfully

29-05-2024T17:39:38 - [TEST_STEP][PASSED] - closeBrowser(): Browser is closed

29-05-2024T17:39:38 - [MESSAGE][PASSED] - Browser is closed]]></system-out>
         <system-err><![CDATA[]]></system-err>
      </testcase>
      <testcase name="Test Cases/Honkai Star Rail/NonAnhSang/Details/non3 - Copy (7)" time="6.339" classname="Test Cases/Honkai Star Rail/NonAnhSang/Details/non3 - Copy (7)" status="PASSED">
         <system-out><![CDATA[29-05-2024T17:39:38 - [TEST_CASE][PASSED] - Test Cases/Honkai Star Rail/NonAnhSang/Details/non3 - Copy (7): Test Cases/Honkai Star Rail/NonAnhSang/Details/non3 - Copy (7)

29-05-2024T17:39:38 - [TEST_STEP][PASSED] - openBrowser(""): Browser is opened with url: ''

29-05-2024T17:39:38 - [MESSAGE][INFO] - Starting 'Chrome' driver

29-05-2024T17:39:38 - [MESSAGE][INFO] - Action delay is set to 0 milliseconds

29-05-2024T17:39:39 - [MESSAGE][PASSED] - Browser is opened with url: ''

29-05-2024T17:39:39 - [TEST_STEP][PASSED] - navigateToUrl("https://honkai-builds.com/non-anh-sang/ngay-ngan-ha-sup-do"): Navigate to 'https://honkai-builds.com/non-anh-sang/ngay-ngan-ha-sup-do' successfully

29-05-2024T17:39:44 - [MESSAGE][PASSED] - Navigate to 'https://honkai-builds.com/non-anh-sang/ngay-ngan-ha-sup-do' successfully

29-05-2024T17:39:44 - [TEST_STEP][PASSED] - closeBrowser(): Browser is closed

29-05-2024T17:39:45 - [MESSAGE][PASSED] - Browser is closed]]></system-out>
         <system-err><![CDATA[]]></system-err>
      </testcase>
      <testcase name="Test Cases/Honkai Star Rail/NonAnhSang/Details/non3 - Copy" time="6.883" classname="Test Cases/Honkai Star Rail/NonAnhSang/Details/non3 - Copy" status="PASSED">
         <system-out><![CDATA[29-05-2024T17:39:45 - [TEST_CASE][PASSED] - Test Cases/Honkai Star Rail/NonAnhSang/Details/non3 - Copy: Test Cases/Honkai Star Rail/NonAnhSang/Details/non3 - Copy

29-05-2024T17:39:45 - [TEST_STEP][PASSED] - openBrowser(""): Browser is opened with url: ''

29-05-2024T17:39:45 - [MESSAGE][INFO] - Starting 'Chrome' driver

29-05-2024T17:39:45 - [MESSAGE][INFO] - Action delay is set to 0 milliseconds

29-05-2024T17:39:45 - [MESSAGE][PASSED] - Browser is opened with url: ''

29-05-2024T17:39:45 - [TEST_STEP][PASSED] - navigateToUrl("https://honkai-builds.com/non-anh-sang/ngay-ngan-ha-sup-do"): Navigate to 'https://honkai-builds.com/non-anh-sang/ngay-ngan-ha-sup-do' successfully

29-05-2024T17:39:51 - [MESSAGE][PASSED] - Navigate to 'https://honkai-builds.com/non-anh-sang/ngay-ngan-ha-sup-do' successfully

29-05-2024T17:39:51 - [TEST_STEP][PASSED] - closeBrowser(): Browser is closed

29-05-2024T17:39:51 - [MESSAGE][PASSED] - Browser is closed]]></system-out>
         <system-err><![CDATA[]]></system-err>
      </testcase>
      <testcase name="Test Cases/Honkai Star Rail/NonAnhSang/Details/non3" time="5.414" classname="Test Cases/Honkai Star Rail/NonAnhSang/Details/non3" status="PASSED">
         <system-out><![CDATA[29-05-2024T17:39:51 - [TEST_CASE][PASSED] - Test Cases/Honkai Star Rail/NonAnhSang/Details/non3: Test Cases/Honkai Star Rail/NonAnhSang/Details/non3

29-05-2024T17:39:51 - [TEST_STEP][PASSED] - openBrowser(""): Browser is opened with url: ''

29-05-2024T17:39:51 - [MESSAGE][INFO] - Starting 'Chrome' driver

29-05-2024T17:39:51 - [MESSAGE][INFO] - Action delay is set to 0 milliseconds

29-05-2024T17:39:52 - [MESSAGE][PASSED] - Browser is opened with url: ''

29-05-2024T17:39:52 - [TEST_STEP][PASSED] - navigateToUrl("https://honkai-builds.com/non-anh-sang/ngay-ngan-ha-sup-do"): Navigate to 'https://honkai-builds.com/non-anh-sang/ngay-ngan-ha-sup-do' successfully

29-05-2024T17:39:57 - [MESSAGE][PASSED] - Navigate to 'https://honkai-builds.com/non-anh-sang/ngay-ngan-ha-sup-do' successfully

29-05-2024T17:39:57 - [TEST_STEP][PASSED] - closeBrowser(): Browser is closed

29-05-2024T17:39:57 - [MESSAGE][PASSED] - Browser is closed]]></system-out>
         <system-err><![CDATA[]]></system-err>
      </testcase>
      <testcase name="Test Cases/Honkai Star Rail/NonAnhSang/Details/non4 - Copy (1)" time="4.619" classname="Test Cases/Honkai Star Rail/NonAnhSang/Details/non4 - Copy (1)" status="PASSED">
         <system-out><![CDATA[29-05-2024T17:39:57 - [TEST_CASE][PASSED] - Test Cases/Honkai Star Rail/NonAnhSang/Details/non4 - Copy (1): Test Cases/Honkai Star Rail/NonAnhSang/Details/non4 - Copy (1)

29-05-2024T17:39:57 - [TEST_STEP][PASSED] - openBrowser(""): Browser is opened with url: ''

29-05-2024T17:39:57 - [MESSAGE][INFO] - Starting 'Chrome' driver

29-05-2024T17:39:57 - [MESSAGE][INFO] - Action delay is set to 0 milliseconds

29-05-2024T17:39:58 - [MESSAGE][PASSED] - Browser is opened with url: ''

29-05-2024T17:39:58 - [TEST_STEP][PASSED] - navigateToUrl("https://honkai-builds.com/non-anh-sang/buoi-hoa-nhac-hai-nguoi"): Navigate to 'https://honkai-builds.com/non-anh-sang/buoi-hoa-nhac-hai-nguoi' successfully

29-05-2024T17:40:01 - [MESSAGE][PASSED] - Navigate to 'https://honkai-builds.com/non-anh-sang/buoi-hoa-nhac-hai-nguoi' successfully

29-05-2024T17:40:01 - [TEST_STEP][PASSED] - closeBrowser(): Browser is closed

29-05-2024T17:40:01 - [MESSAGE][PASSED] - Browser is closed]]></system-out>
         <system-err><![CDATA[]]></system-err>
      </testcase>
      <testcase name="Test Cases/Honkai Star Rail/NonAnhSang/Details/non4 - Copy (2)" time="5.032" classname="Test Cases/Honkai Star Rail/NonAnhSang/Details/non4 - Copy (2)" status="PASSED">
         <system-out><![CDATA[29-05-2024T17:40:01 - [TEST_CASE][PASSED] - Test Cases/Honkai Star Rail/NonAnhSang/Details/non4 - Copy (2): Test Cases/Honkai Star Rail/NonAnhSang/Details/non4 - Copy (2)

29-05-2024T17:40:01 - [TEST_STEP][PASSED] - openBrowser(""): Browser is opened with url: ''

29-05-2024T17:40:01 - [MESSAGE][INFO] - Starting 'Chrome' driver

29-05-2024T17:40:01 - [MESSAGE][INFO] - Action delay is set to 0 milliseconds

29-05-2024T17:40:02 - [MESSAGE][PASSED] - Browser is opened with url: ''

29-05-2024T17:40:02 - [TEST_STEP][PASSED] - navigateToUrl("https://honkai-builds.com/non-anh-sang/buoi-hoa-nhac-hai-nguoi"): Navigate to 'https://honkai-builds.com/non-anh-sang/buoi-hoa-nhac-hai-nguoi' successfully

29-05-2024T17:40:06 - [MESSAGE][PASSED] - Navigate to 'https://honkai-builds.com/non-anh-sang/buoi-hoa-nhac-hai-nguoi' successfully

29-05-2024T17:40:06 - [TEST_STEP][PASSED] - closeBrowser(): Browser is closed

29-05-2024T17:40:07 - [MESSAGE][PASSED] - Browser is closed]]></system-out>
         <system-err><![CDATA[]]></system-err>
      </testcase>
      <testcase name="Test Cases/Honkai Star Rail/NonAnhSang/Details/non4 - Copy (3)" time="4.85" classname="Test Cases/Honkai Star Rail/NonAnhSang/Details/non4 - Copy (3)" status="PASSED">
         <system-out><![CDATA[29-05-2024T17:40:07 - [TEST_CASE][PASSED] - Test Cases/Honkai Star Rail/NonAnhSang/Details/non4 - Copy (3): Test Cases/Honkai Star Rail/NonAnhSang/Details/non4 - Copy (3)

29-05-2024T17:40:07 - [TEST_STEP][PASSED] - openBrowser(""): Browser is opened with url: ''

29-05-2024T17:40:07 - [MESSAGE][INFO] - Starting 'Chrome' driver

29-05-2024T17:40:07 - [MESSAGE][INFO] - Action delay is set to 0 milliseconds

29-05-2024T17:40:07 - [MESSAGE][PASSED] - Browser is opened with url: ''

29-05-2024T17:40:07 - [TEST_STEP][PASSED] - navigateToUrl("https://honkai-builds.com/non-anh-sang/buoi-hoa-nhac-hai-nguoi"): Navigate to 'https://honkai-builds.com/non-anh-sang/buoi-hoa-nhac-hai-nguoi' successfully

29-05-2024T17:40:11 - [MESSAGE][PASSED] - Navigate to 'https://honkai-builds.com/non-anh-sang/buoi-hoa-nhac-hai-nguoi' successfully

29-05-2024T17:40:11 - [TEST_STEP][PASSED] - closeBrowser(): Browser is closed

29-05-2024T17:40:11 - [MESSAGE][PASSED] - Browser is closed]]></system-out>
         <system-err><![CDATA[]]></system-err>
      </testcase>
      <testcase name="Test Cases/Honkai Star Rail/NonAnhSang/Details/non4 - Copy (4)" time="8.147" classname="Test Cases/Honkai Star Rail/NonAnhSang/Details/non4 - Copy (4)" status="PASSED">
         <system-out><![CDATA[29-05-2024T17:40:11 - [TEST_CASE][PASSED] - Test Cases/Honkai Star Rail/NonAnhSang/Details/non4 - Copy (4): Test Cases/Honkai Star Rail/NonAnhSang/Details/non4 - Copy (4)

29-05-2024T17:40:11 - [TEST_STEP][PASSED] - openBrowser(""): Browser is opened with url: ''

29-05-2024T17:40:11 - [MESSAGE][INFO] - Starting 'Chrome' driver

29-05-2024T17:40:11 - [MESSAGE][INFO] - Action delay is set to 0 milliseconds

29-05-2024T17:40:12 - [MESSAGE][PASSED] - Browser is opened with url: ''

29-05-2024T17:40:12 - [TEST_STEP][PASSED] - navigateToUrl("https://honkai-builds.com/non-anh-sang/buoi-hoa-nhac-hai-nguoi"): Navigate to 'https://honkai-builds.com/non-anh-sang/buoi-hoa-nhac-hai-nguoi' successfully

29-05-2024T17:40:19 - [MESSAGE][PASSED] - Navigate to 'https://honkai-builds.com/non-anh-sang/buoi-hoa-nhac-hai-nguoi' successfully

29-05-2024T17:40:19 - [TEST_STEP][PASSED] - closeBrowser(): Browser is closed

29-05-2024T17:40:20 - [MESSAGE][PASSED] - Browser is closed]]></system-out>
         <system-err><![CDATA[]]></system-err>
      </testcase>
      <testcase name="Test Cases/Honkai Star Rail/NonAnhSang/Details/non4 - Copy (5)" time="6.624" classname="Test Cases/Honkai Star Rail/NonAnhSang/Details/non4 - Copy (5)" status="PASSED">
         <system-out><![CDATA[29-05-2024T17:40:20 - [TEST_CASE][PASSED] - Test Cases/Honkai Star Rail/NonAnhSang/Details/non4 - Copy (5): Test Cases/Honkai Star Rail/NonAnhSang/Details/non4 - Copy (5)

29-05-2024T17:40:20 - [TEST_STEP][PASSED] - openBrowser(""): Browser is opened with url: ''

29-05-2024T17:40:20 - [MESSAGE][INFO] - Starting 'Chrome' driver

29-05-2024T17:40:20 - [MESSAGE][INFO] - Action delay is set to 0 milliseconds

29-05-2024T17:40:20 - [MESSAGE][PASSED] - Browser is opened with url: ''

29-05-2024T17:40:20 - [TEST_STEP][PASSED] - navigateToUrl("https://honkai-builds.com/non-anh-sang/buoi-hoa-nhac-hai-nguoi"): Navigate to 'https://honkai-builds.com/non-anh-sang/buoi-hoa-nhac-hai-nguoi' successfully

29-05-2024T17:40:26 - [MESSAGE][PASSED] - Navigate to 'https://honkai-builds.com/non-anh-sang/buoi-hoa-nhac-hai-nguoi' successfully

29-05-2024T17:40:26 - [TEST_STEP][PASSED] - closeBrowser(): Browser is closed

29-05-2024T17:40:26 - [MESSAGE][PASSED] - Browser is closed]]></system-out>
         <system-err><![CDATA[]]></system-err>
      </testcase>
      <testcase name="Test Cases/Honkai Star Rail/NonAnhSang/Details/non4 - Copy (6)" time="4.917" classname="Test Cases/Honkai Star Rail/NonAnhSang/Details/non4 - Copy (6)" status="PASSED">
         <system-out><![CDATA[29-05-2024T17:40:26 - [TEST_CASE][PASSED] - Test Cases/Honkai Star Rail/NonAnhSang/Details/non4 - Copy (6): Test Cases/Honkai Star Rail/NonAnhSang/Details/non4 - Copy (6)

29-05-2024T17:40:26 - [TEST_STEP][PASSED] - openBrowser(""): Browser is opened with url: ''

29-05-2024T17:40:26 - [MESSAGE][INFO] - Starting 'Chrome' driver

29-05-2024T17:40:26 - [MESSAGE][INFO] - Action delay is set to 0 milliseconds

29-05-2024T17:40:27 - [MESSAGE][PASSED] - Browser is opened with url: ''

29-05-2024T17:40:27 - [TEST_STEP][PASSED] - navigateToUrl("https://honkai-builds.com/non-anh-sang/buoi-hoa-nhac-hai-nguoi"): Navigate to 'https://honkai-builds.com/non-anh-sang/buoi-hoa-nhac-hai-nguoi' successfully

29-05-2024T17:40:31 - [MESSAGE][PASSED] - Navigate to 'https://honkai-builds.com/non-anh-sang/buoi-hoa-nhac-hai-nguoi' successfully

29-05-2024T17:40:31 - [TEST_STEP][PASSED] - closeBrowser(): Browser is closed

29-05-2024T17:40:31 - [MESSAGE][PASSED] - Browser is closed]]></system-out>
         <system-err><![CDATA[]]></system-err>
      </testcase>
      <testcase name="Test Cases/Honkai Star Rail/NonAnhSang/Details/non4 - Copy (7)" time="6.62" classname="Test Cases/Honkai Star Rail/NonAnhSang/Details/non4 - Copy (7)" status="PASSED">
         <system-out><![CDATA[29-05-2024T17:40:31 - [TEST_CASE][PASSED] - Test Cases/Honkai Star Rail/NonAnhSang/Details/non4 - Copy (7): Test Cases/Honkai Star Rail/NonAnhSang/Details/non4 - Copy (7)

29-05-2024T17:40:31 - [TEST_STEP][PASSED] - openBrowser(""): Browser is opened with url: ''

29-05-2024T17:40:31 - [MESSAGE][INFO] - Starting 'Chrome' driver

29-05-2024T17:40:31 - [MESSAGE][INFO] - Action delay is set to 0 milliseconds

29-05-2024T17:40:32 - [MESSAGE][PASSED] - Browser is opened with url: ''

29-05-2024T17:40:32 - [TEST_STEP][PASSED] - navigateToUrl("https://honkai-builds.com/non-anh-sang/buoi-hoa-nhac-hai-nguoi"): Navigate to 'https://honkai-builds.com/non-anh-sang/buoi-hoa-nhac-hai-nguoi' successfully

29-05-2024T17:40:38 - [MESSAGE][PASSED] - Navigate to 'https://honkai-builds.com/non-anh-sang/buoi-hoa-nhac-hai-nguoi' successfully

29-05-2024T17:40:38 - [TEST_STEP][PASSED] - closeBrowser(): Browser is closed

29-05-2024T17:40:38 - [MESSAGE][PASSED] - Browser is closed]]></system-out>
         <system-err><![CDATA[]]></system-err>
      </testcase>
      <testcase name="Test Cases/Honkai Star Rail/NonAnhSang/Details/non4 - Copy" time="5.204" classname="Test Cases/Honkai Star Rail/NonAnhSang/Details/non4 - Copy" status="PASSED">
         <system-out><![CDATA[29-05-2024T17:40:38 - [TEST_CASE][PASSED] - Test Cases/Honkai Star Rail/NonAnhSang/Details/non4 - Copy: Test Cases/Honkai Star Rail/NonAnhSang/Details/non4 - Copy

29-05-2024T17:40:38 - [TEST_STEP][PASSED] - openBrowser(""): Browser is opened with url: ''

29-05-2024T17:40:38 - [MESSAGE][INFO] - Starting 'Chrome' driver

29-05-2024T17:40:38 - [MESSAGE][INFO] - Action delay is set to 0 milliseconds

29-05-2024T17:40:38 - [MESSAGE][PASSED] - Browser is opened with url: ''

29-05-2024T17:40:38 - [TEST_STEP][PASSED] - navigateToUrl("https://honkai-builds.com/non-anh-sang/buoi-hoa-nhac-hai-nguoi"): Navigate to 'https://honkai-builds.com/non-anh-sang/buoi-hoa-nhac-hai-nguoi' successfully

29-05-2024T17:40:43 - [MESSAGE][PASSED] - Navigate to 'https://honkai-builds.com/non-anh-sang/buoi-hoa-nhac-hai-nguoi' successfully

29-05-2024T17:40:43 - [TEST_STEP][PASSED] - closeBrowser(): Browser is closed

29-05-2024T17:40:43 - [MESSAGE][PASSED] - Browser is closed]]></system-out>
         <system-err><![CDATA[]]></system-err>
      </testcase>
      <testcase name="Test Cases/Honkai Star Rail/NonAnhSang/Details/non4" time="5.098" classname="Test Cases/Honkai Star Rail/NonAnhSang/Details/non4" status="PASSED">
         <system-out><![CDATA[29-05-2024T17:40:43 - [TEST_CASE][PASSED] - Test Cases/Honkai Star Rail/NonAnhSang/Details/non4: Test Cases/Honkai Star Rail/NonAnhSang/Details/non4

29-05-2024T17:40:43 - [TEST_STEP][PASSED] - openBrowser(""): Browser is opened with url: ''

29-05-2024T17:40:43 - [MESSAGE][INFO] - Starting 'Chrome' driver

29-05-2024T17:40:43 - [MESSAGE][INFO] - Action delay is set to 0 milliseconds

29-05-2024T17:40:43 - [MESSAGE][PASSED] - Browser is opened with url: ''

29-05-2024T17:40:43 - [TEST_STEP][PASSED] - navigateToUrl("https://honkai-builds.com/non-anh-sang/buoi-hoa-nhac-hai-nguoi"): Navigate to 'https://honkai-builds.com/non-anh-sang/buoi-hoa-nhac-hai-nguoi' successfully

29-05-2024T17:40:48 - [MESSAGE][PASSED] - Navigate to 'https://honkai-builds.com/non-anh-sang/buoi-hoa-nhac-hai-nguoi' successfully

29-05-2024T17:40:48 - [TEST_STEP][PASSED] - closeBrowser(): Browser is closed

29-05-2024T17:40:48 - [MESSAGE][PASSED] - Browser is closed]]></system-out>
         <system-err><![CDATA[]]></system-err>
      </testcase>
      <testcase name="Test Cases/Honkai Star Rail/NonAnhSang/Details/non5 - Copy (1)" time="4.838" classname="Test Cases/Honkai Star Rail/NonAnhSang/Details/non5 - Copy (1)" status="PASSED">
         <system-out><![CDATA[29-05-2024T17:40:48 - [TEST_CASE][PASSED] - Test Cases/Honkai Star Rail/NonAnhSang/Details/non5 - Copy (1): Test Cases/Honkai Star Rail/NonAnhSang/Details/non5 - Copy (1)

29-05-2024T17:40:48 - [TEST_STEP][PASSED] - openBrowser(""): Browser is opened with url: ''

29-05-2024T17:40:48 - [MESSAGE][INFO] - Starting 'Chrome' driver

29-05-2024T17:40:48 - [MESSAGE][INFO] - Action delay is set to 0 milliseconds

29-05-2024T17:40:49 - [MESSAGE][PASSED] - Browser is opened with url: ''

29-05-2024T17:40:49 - [TEST_STEP][PASSED] - navigateToUrl("https://honkai-builds.com/non-anh-sang/uoc-hen-khac-ghi"): Navigate to 'https://honkai-builds.com/non-anh-sang/uoc-hen-khac-ghi' successfully

29-05-2024T17:40:53 - [MESSAGE][PASSED] - Navigate to 'https://honkai-builds.com/non-anh-sang/uoc-hen-khac-ghi' successfully

29-05-2024T17:40:53 - [TEST_STEP][PASSED] - closeBrowser(): Browser is closed

29-05-2024T17:40:53 - [MESSAGE][PASSED] - Browser is closed]]></system-out>
         <system-err><![CDATA[]]></system-err>
      </testcase>
      <testcase name="Test Cases/Honkai Star Rail/NonAnhSang/Details/non5 - Copy (2)" time="4.388" classname="Test Cases/Honkai Star Rail/NonAnhSang/Details/non5 - Copy (2)" status="PASSED">
         <system-out><![CDATA[29-05-2024T17:40:53 - [TEST_CASE][PASSED] - Test Cases/Honkai Star Rail/NonAnhSang/Details/non5 - Copy (2): Test Cases/Honkai Star Rail/NonAnhSang/Details/non5 - Copy (2)

29-05-2024T17:40:53 - [TEST_STEP][PASSED] - openBrowser(""): Browser is opened with url: ''

29-05-2024T17:40:53 - [MESSAGE][INFO] - Starting 'Chrome' driver

29-05-2024T17:40:53 - [MESSAGE][INFO] - Action delay is set to 0 milliseconds

29-05-2024T17:40:53 - [MESSAGE][PASSED] - Browser is opened with url: ''

29-05-2024T17:40:53 - [TEST_STEP][PASSED] - navigateToUrl("https://honkai-builds.com/non-anh-sang/uoc-hen-khac-ghi"): Navigate to 'https://honkai-builds.com/non-anh-sang/uoc-hen-khac-ghi' successfully

29-05-2024T17:40:57 - [MESSAGE][PASSED] - Navigate to 'https://honkai-builds.com/non-anh-sang/uoc-hen-khac-ghi' successfully

29-05-2024T17:40:57 - [TEST_STEP][PASSED] - closeBrowser(): Browser is closed

29-05-2024T17:40:57 - [MESSAGE][PASSED] - Browser is closed]]></system-out>
         <system-err><![CDATA[]]></system-err>
      </testcase>
      <testcase name="Test Cases/Honkai Star Rail/NonAnhSang/Details/non5 - Copy (3)" time="5.12" classname="Test Cases/Honkai Star Rail/NonAnhSang/Details/non5 - Copy (3)" status="PASSED">
         <system-out><![CDATA[29-05-2024T17:40:57 - [TEST_CASE][PASSED] - Test Cases/Honkai Star Rail/NonAnhSang/Details/non5 - Copy (3): Test Cases/Honkai Star Rail/NonAnhSang/Details/non5 - Copy (3)

29-05-2024T17:40:57 - [TEST_STEP][PASSED] - openBrowser(""): Browser is opened with url: ''

29-05-2024T17:40:57 - [MESSAGE][INFO] - Starting 'Chrome' driver

29-05-2024T17:40:57 - [MESSAGE][INFO] - Action delay is set to 0 milliseconds

29-05-2024T17:40:58 - [MESSAGE][PASSED] - Browser is opened with url: ''

29-05-2024T17:40:58 - [TEST_STEP][PASSED] - navigateToUrl("https://honkai-builds.com/non-anh-sang/uoc-hen-khac-ghi"): Navigate to 'https://honkai-builds.com/non-anh-sang/uoc-hen-khac-ghi' successfully

29-05-2024T17:41:02 - [MESSAGE][PASSED] - Navigate to 'https://honkai-builds.com/non-anh-sang/uoc-hen-khac-ghi' successfully

29-05-2024T17:41:02 - [TEST_STEP][PASSED] - closeBrowser(): Browser is closed

29-05-2024T17:41:02 - [MESSAGE][PASSED] - Browser is closed]]></system-out>
         <system-err><![CDATA[]]></system-err>
      </testcase>
      <testcase name="Test Cases/Honkai Star Rail/NonAnhSang/Details/non5 - Copy (4)" time="4.625" classname="Test Cases/Honkai Star Rail/NonAnhSang/Details/non5 - Copy (4)" status="PASSED">
         <system-out><![CDATA[29-05-2024T17:41:02 - [TEST_CASE][PASSED] - Test Cases/Honkai Star Rail/NonAnhSang/Details/non5 - Copy (4): Test Cases/Honkai Star Rail/NonAnhSang/Details/non5 - Copy (4)

29-05-2024T17:41:02 - [TEST_STEP][PASSED] - openBrowser(""): Browser is opened with url: ''

29-05-2024T17:41:02 - [MESSAGE][INFO] - Starting 'Chrome' driver

29-05-2024T17:41:02 - [MESSAGE][INFO] - Action delay is set to 0 milliseconds

29-05-2024T17:41:03 - [MESSAGE][PASSED] - Browser is opened with url: ''

29-05-2024T17:41:03 - [TEST_STEP][PASSED] - navigateToUrl("https://honkai-builds.com/non-anh-sang/uoc-hen-khac-ghi"): Navigate to 'https://honkai-builds.com/non-anh-sang/uoc-hen-khac-ghi' successfully

29-05-2024T17:41:07 - [MESSAGE][PASSED] - Navigate to 'https://honkai-builds.com/non-anh-sang/uoc-hen-khac-ghi' successfully

29-05-2024T17:41:07 - [TEST_STEP][PASSED] - closeBrowser(): Browser is closed

29-05-2024T17:41:07 - [MESSAGE][PASSED] - Browser is closed]]></system-out>
         <system-err><![CDATA[]]></system-err>
      </testcase>
      <testcase name="Test Cases/Honkai Star Rail/NonAnhSang/Details/non5 - Copy (5)" time="6.113" classname="Test Cases/Honkai Star Rail/NonAnhSang/Details/non5 - Copy (5)" status="PASSED">
         <system-out><![CDATA[29-05-2024T17:41:07 - [TEST_CASE][PASSED] - Test Cases/Honkai Star Rail/NonAnhSang/Details/non5 - Copy (5): Test Cases/Honkai Star Rail/NonAnhSang/Details/non5 - Copy (5)

29-05-2024T17:41:07 - [TEST_STEP][PASSED] - openBrowser(""): Browser is opened with url: ''

29-05-2024T17:41:07 - [MESSAGE][INFO] - Starting 'Chrome' driver

29-05-2024T17:41:07 - [MESSAGE][INFO] - Action delay is set to 0 milliseconds

29-05-2024T17:41:08 - [MESSAGE][PASSED] - Browser is opened with url: ''

29-05-2024T17:41:08 - [TEST_STEP][PASSED] - navigateToUrl("https://honkai-builds.com/non-anh-sang/uoc-hen-khac-ghi"): Navigate to 'https://honkai-builds.com/non-anh-sang/uoc-hen-khac-ghi' successfully

29-05-2024T17:41:13 - [MESSAGE][PASSED] - Navigate to 'https://honkai-builds.com/non-anh-sang/uoc-hen-khac-ghi' successfully

29-05-2024T17:41:13 - [TEST_STEP][PASSED] - closeBrowser(): Browser is closed

29-05-2024T17:41:13 - [MESSAGE][PASSED] - Browser is closed]]></system-out>
         <system-err><![CDATA[]]></system-err>
      </testcase>
      <testcase name="Test Cases/Honkai Star Rail/NonAnhSang/Details/non5 - Copy (6)" time="4.972" classname="Test Cases/Honkai Star Rail/NonAnhSang/Details/non5 - Copy (6)" status="PASSED">
         <system-out><![CDATA[29-05-2024T17:41:13 - [TEST_CASE][PASSED] - Test Cases/Honkai Star Rail/NonAnhSang/Details/non5 - Copy (6): Test Cases/Honkai Star Rail/NonAnhSang/Details/non5 - Copy (6)

29-05-2024T17:41:13 - [TEST_STEP][PASSED] - openBrowser(""): Browser is opened with url: ''

29-05-2024T17:41:13 - [MESSAGE][INFO] - Starting 'Chrome' driver

29-05-2024T17:41:13 - [MESSAGE][INFO] - Action delay is set to 0 milliseconds

29-05-2024T17:41:14 - [MESSAGE][PASSED] - Browser is opened with url: ''

29-05-2024T17:41:14 - [TEST_STEP][PASSED] - navigateToUrl("https://honkai-builds.com/non-anh-sang/uoc-hen-khac-ghi"): Navigate to 'https://honkai-builds.com/non-anh-sang/uoc-hen-khac-ghi' successfully

29-05-2024T17:41:18 - [MESSAGE][PASSED] - Navigate to 'https://honkai-builds.com/non-anh-sang/uoc-hen-khac-ghi' successfully

29-05-2024T17:41:18 - [TEST_STEP][PASSED] - closeBrowser(): Browser is closed

29-05-2024T17:41:18 - [MESSAGE][PASSED] - Browser is closed]]></system-out>
         <system-err><![CDATA[]]></system-err>
      </testcase>
      <testcase name="Test Cases/Honkai Star Rail/NonAnhSang/Details/non5 - Copy (7)" time="4.622" classname="Test Cases/Honkai Star Rail/NonAnhSang/Details/non5 - Copy (7)" status="PASSED">
         <system-out><![CDATA[29-05-2024T17:41:18 - [TEST_CASE][PASSED] - Test Cases/Honkai Star Rail/NonAnhSang/Details/non5 - Copy (7): Test Cases/Honkai Star Rail/NonAnhSang/Details/non5 - Copy (7)

29-05-2024T17:41:18 - [TEST_STEP][PASSED] - openBrowser(""): Browser is opened with url: ''

29-05-2024T17:41:18 - [MESSAGE][INFO] - Starting 'Chrome' driver

29-05-2024T17:41:18 - [MESSAGE][INFO] - Action delay is set to 0 milliseconds

29-05-2024T17:41:19 - [MESSAGE][PASSED] - Browser is opened with url: ''

29-05-2024T17:41:19 - [TEST_STEP][PASSED] - navigateToUrl("https://honkai-builds.com/non-anh-sang/uoc-hen-khac-ghi"): Navigate to 'https://honkai-builds.com/non-anh-sang/uoc-hen-khac-ghi' successfully

29-05-2024T17:41:23 - [MESSAGE][PASSED] - Navigate to 'https://honkai-builds.com/non-anh-sang/uoc-hen-khac-ghi' successfully

29-05-2024T17:41:23 - [TEST_STEP][PASSED] - closeBrowser(): Browser is closed

29-05-2024T17:41:23 - [MESSAGE][PASSED] - Browser is closed]]></system-out>
         <system-err><![CDATA[]]></system-err>
      </testcase>
      <testcase name="Test Cases/Honkai Star Rail/NonAnhSang/Details/non5 - Copy" time="4.935" classname="Test Cases/Honkai Star Rail/NonAnhSang/Details/non5 - Copy" status="PASSED">
         <system-out><![CDATA[29-05-2024T17:41:23 - [TEST_CASE][PASSED] - Test Cases/Honkai Star Rail/NonAnhSang/Details/non5 - Copy: Test Cases/Honkai Star Rail/NonAnhSang/Details/non5 - Copy

29-05-2024T17:41:23 - [TEST_STEP][PASSED] - openBrowser(""): Browser is opened with url: ''

29-05-2024T17:41:23 - [MESSAGE][INFO] - Starting 'Chrome' driver

29-05-2024T17:41:23 - [MESSAGE][INFO] - Action delay is set to 0 milliseconds

29-05-2024T17:41:23 - [MESSAGE][PASSED] - Browser is opened with url: ''

29-05-2024T17:41:23 - [TEST_STEP][PASSED] - navigateToUrl("https://honkai-builds.com/non-anh-sang/uoc-hen-khac-ghi"): Navigate to 'https://honkai-builds.com/non-anh-sang/uoc-hen-khac-ghi' successfully

29-05-2024T17:41:27 - [MESSAGE][PASSED] - Navigate to 'https://honkai-builds.com/non-anh-sang/uoc-hen-khac-ghi' successfully

29-05-2024T17:41:27 - [TEST_STEP][PASSED] - closeBrowser(): Browser is closed

29-05-2024T17:41:28 - [MESSAGE][PASSED] - Browser is closed]]></system-out>
         <system-err><![CDATA[]]></system-err>
      </testcase>
      <testcase name="Test Cases/Honkai Star Rail/NonAnhSang/Details/non5" time="4.589" classname="Test Cases/Honkai Star Rail/NonAnhSang/Details/non5" status="PASSED">
         <system-out><![CDATA[29-05-2024T17:41:28 - [TEST_CASE][PASSED] - Test Cases/Honkai Star Rail/NonAnhSang/Details/non5: Test Cases/Honkai Star Rail/NonAnhSang/Details/non5

29-05-2024T17:41:28 - [TEST_STEP][PASSED] - openBrowser(""): Browser is opened with url: ''

29-05-2024T17:41:28 - [MESSAGE][INFO] - Starting 'Chrome' driver

29-05-2024T17:41:28 - [MESSAGE][INFO] - Action delay is set to 0 milliseconds

29-05-2024T17:41:28 - [MESSAGE][PASSED] - Browser is opened with url: ''

29-05-2024T17:41:28 - [TEST_STEP][PASSED] - navigateToUrl("https://honkai-builds.com/non-anh-sang/uoc-hen-khac-ghi"): Navigate to 'https://honkai-builds.com/non-anh-sang/uoc-hen-khac-ghi' successfully

29-05-2024T17:41:32 - [MESSAGE][PASSED] - Navigate to 'https://honkai-builds.com/non-anh-sang/uoc-hen-khac-ghi' successfully

29-05-2024T17:41:32 - [TEST_STEP][PASSED] - closeBrowser(): Browser is closed

29-05-2024T17:41:32 - [MESSAGE][PASSED] - Browser is closed]]></system-out>
         <system-err><![CDATA[]]></system-err>
      </testcase>
      <testcase name="Test Cases/Honkai Star Rail/NonAnhSang/Details/non_1 - Copy (1)" time="4.826" classname="Test Cases/Honkai Star Rail/NonAnhSang/Details/non_1 - Copy (1)" status="PASSED">
         <system-out><![CDATA[29-05-2024T17:41:32 - [TEST_CASE][PASSED] - Test Cases/Honkai Star Rail/NonAnhSang/Details/non_1 - Copy (1): Test Cases/Honkai Star Rail/NonAnhSang/Details/non_1 - Copy (1)

29-05-2024T17:41:32 - [TEST_STEP][PASSED] - openBrowser(""): Browser is opened with url: ''

29-05-2024T17:41:32 - [MESSAGE][INFO] - Starting 'Chrome' driver

29-05-2024T17:41:32 - [MESSAGE][INFO] - Action delay is set to 0 milliseconds

29-05-2024T17:41:33 - [MESSAGE][PASSED] - Browser is opened with url: ''

29-05-2024T17:41:33 - [TEST_STEP][PASSED] - navigateToUrl("https://honkai-builds.com/non-anh-sang/sac-dem-ruc-sang"): Navigate to 'https://honkai-builds.com/non-anh-sang/sac-dem-ruc-sang' successfully

29-05-2024T17:41:37 - [MESSAGE][PASSED] - Navigate to 'https://honkai-builds.com/non-anh-sang/sac-dem-ruc-sang' successfully

29-05-2024T17:41:37 - [TEST_STEP][PASSED] - closeBrowser(): Browser is closed

29-05-2024T17:41:37 - [MESSAGE][PASSED] - Browser is closed]]></system-out>
         <system-err><![CDATA[]]></system-err>
      </testcase>
      <testcase name="Test Cases/Honkai Star Rail/NonAnhSang/Details/non_1 - Copy (2)" time="4.814" classname="Test Cases/Honkai Star Rail/NonAnhSang/Details/non_1 - Copy (2)" status="PASSED">
         <system-out><![CDATA[29-05-2024T17:41:37 - [TEST_CASE][PASSED] - Test Cases/Honkai Star Rail/NonAnhSang/Details/non_1 - Copy (2): Test Cases/Honkai Star Rail/NonAnhSang/Details/non_1 - Copy (2)

29-05-2024T17:41:37 - [TEST_STEP][PASSED] - openBrowser(""): Browser is opened with url: ''

29-05-2024T17:41:37 - [MESSAGE][INFO] - Starting 'Chrome' driver

29-05-2024T17:41:37 - [MESSAGE][INFO] - Action delay is set to 0 milliseconds

29-05-2024T17:41:38 - [MESSAGE][PASSED] - Browser is opened with url: ''

29-05-2024T17:41:38 - [TEST_STEP][PASSED] - navigateToUrl("https://honkai-builds.com/non-anh-sang/sac-dem-ruc-sang"): Navigate to 'https://honkai-builds.com/non-anh-sang/sac-dem-ruc-sang' successfully

29-05-2024T17:41:42 - [MESSAGE][PASSED] - Navigate to 'https://honkai-builds.com/non-anh-sang/sac-dem-ruc-sang' successfully

29-05-2024T17:41:42 - [TEST_STEP][PASSED] - closeBrowser(): Browser is closed

29-05-2024T17:41:42 - [MESSAGE][PASSED] - Browser is closed]]></system-out>
         <system-err><![CDATA[]]></system-err>
      </testcase>
      <testcase name="Test Cases/Honkai Star Rail/NonAnhSang/Details/non_1 - Copy (3)" time="4.726" classname="Test Cases/Honkai Star Rail/NonAnhSang/Details/non_1 - Copy (3)" status="PASSED">
         <system-out><![CDATA[29-05-2024T17:41:42 - [TEST_CASE][PASSED] - Test Cases/Honkai Star Rail/NonAnhSang/Details/non_1 - Copy (3): Test Cases/Honkai Star Rail/NonAnhSang/Details/non_1 - Copy (3)

29-05-2024T17:41:42 - [TEST_STEP][PASSED] - openBrowser(""): Browser is opened with url: ''

29-05-2024T17:41:42 - [MESSAGE][INFO] - Starting 'Chrome' driver

29-05-2024T17:41:42 - [MESSAGE][INFO] - Action delay is set to 0 milliseconds

29-05-2024T17:41:42 - [MESSAGE][PASSED] - Browser is opened with url: ''

29-05-2024T17:41:42 - [TEST_STEP][PASSED] - navigateToUrl("https://honkai-builds.com/non-anh-sang/sac-dem-ruc-sang"): Navigate to 'https://honkai-builds.com/non-anh-sang/sac-dem-ruc-sang' successfully

29-05-2024T17:41:46 - [MESSAGE][PASSED] - Navigate to 'https://honkai-builds.com/non-anh-sang/sac-dem-ruc-sang' successfully

29-05-2024T17:41:46 - [TEST_STEP][PASSED] - closeBrowser(): Browser is closed

29-05-2024T17:41:47 - [MESSAGE][PASSED] - Browser is closed]]></system-out>
         <system-err><![CDATA[]]></system-err>
      </testcase>
      <testcase name="Test Cases/Honkai Star Rail/NonAnhSang/Details/non_1 - Copy (4)" time="5.845" classname="Test Cases/Honkai Star Rail/NonAnhSang/Details/non_1 - Copy (4)" status="PASSED">
         <system-out><![CDATA[29-05-2024T17:41:47 - [TEST_CASE][PASSED] - Test Cases/Honkai Star Rail/NonAnhSang/Details/non_1 - Copy (4): Test Cases/Honkai Star Rail/NonAnhSang/Details/non_1 - Copy (4)

29-05-2024T17:41:47 - [TEST_STEP][PASSED] - openBrowser(""): Browser is opened with url: ''

29-05-2024T17:41:47 - [MESSAGE][INFO] - Starting 'Chrome' driver

29-05-2024T17:41:47 - [MESSAGE][INFO] - Action delay is set to 0 milliseconds

29-05-2024T17:41:47 - [MESSAGE][PASSED] - Browser is opened with url: ''

29-05-2024T17:41:47 - [TEST_STEP][PASSED] - navigateToUrl("https://honkai-builds.com/non-anh-sang/sac-dem-ruc-sang"): Navigate to 'https://honkai-builds.com/non-anh-sang/sac-dem-ruc-sang' successfully

29-05-2024T17:41:52 - [MESSAGE][PASSED] - Navigate to 'https://honkai-builds.com/non-anh-sang/sac-dem-ruc-sang' successfully

29-05-2024T17:41:52 - [TEST_STEP][PASSED] - closeBrowser(): Browser is closed

29-05-2024T17:41:52 - [MESSAGE][PASSED] - Browser is closed]]></system-out>
         <system-err><![CDATA[]]></system-err>
      </testcase>
      <testcase name="Test Cases/Honkai Star Rail/NonAnhSang/Details/non_1 - Copy (5)" time="5.282" classname="Test Cases/Honkai Star Rail/NonAnhSang/Details/non_1 - Copy (5)" status="PASSED">
         <system-out><![CDATA[29-05-2024T17:41:52 - [TEST_CASE][PASSED] - Test Cases/Honkai Star Rail/NonAnhSang/Details/non_1 - Copy (5): Test Cases/Honkai Star Rail/NonAnhSang/Details/non_1 - Copy (5)

29-05-2024T17:41:52 - [TEST_STEP][PASSED] - openBrowser(""): Browser is opened with url: ''

29-05-2024T17:41:52 - [MESSAGE][INFO] - Starting 'Chrome' driver

29-05-2024T17:41:52 - [MESSAGE][INFO] - Action delay is set to 0 milliseconds

29-05-2024T17:41:53 - [MESSAGE][PASSED] - Browser is opened with url: ''

29-05-2024T17:41:53 - [TEST_STEP][PASSED] - navigateToUrl("https://honkai-builds.com/non-anh-sang/sac-dem-ruc-sang"): Navigate to 'https://honkai-builds.com/non-anh-sang/sac-dem-ruc-sang' successfully

29-05-2024T17:41:58 - [MESSAGE][PASSED] - Navigate to 'https://honkai-builds.com/non-anh-sang/sac-dem-ruc-sang' successfully

29-05-2024T17:41:58 - [TEST_STEP][PASSED] - closeBrowser(): Browser is closed

29-05-2024T17:41:58 - [MESSAGE][PASSED] - Browser is closed]]></system-out>
         <system-err><![CDATA[]]></system-err>
      </testcase>
      <testcase name="Test Cases/Honkai Star Rail/NonAnhSang/Details/non_1 - Copy (6)" time="4.905" classname="Test Cases/Honkai Star Rail/NonAnhSang/Details/non_1 - Copy (6)" status="PASSED">
         <system-out><![CDATA[29-05-2024T17:41:58 - [TEST_CASE][PASSED] - Test Cases/Honkai Star Rail/NonAnhSang/Details/non_1 - Copy (6): Test Cases/Honkai Star Rail/NonAnhSang/Details/non_1 - Copy (6)

29-05-2024T17:41:58 - [TEST_STEP][PASSED] - openBrowser(""): Browser is opened with url: ''

29-05-2024T17:41:58 - [MESSAGE][INFO] - Starting 'Chrome' driver

29-05-2024T17:41:58 - [MESSAGE][INFO] - Action delay is set to 0 milliseconds

29-05-2024T17:41:58 - [MESSAGE][PASSED] - Browser is opened with url: ''

29-05-2024T17:41:58 - [TEST_STEP][PASSED] - navigateToUrl("https://honkai-builds.com/non-anh-sang/sac-dem-ruc-sang"): Navigate to 'https://honkai-builds.com/non-anh-sang/sac-dem-ruc-sang' successfully

29-05-2024T17:42:02 - [MESSAGE][PASSED] - Navigate to 'https://honkai-builds.com/non-anh-sang/sac-dem-ruc-sang' successfully

29-05-2024T17:42:02 - [TEST_STEP][PASSED] - closeBrowser(): Browser is closed

29-05-2024T17:42:03 - [MESSAGE][PASSED] - Browser is closed]]></system-out>
         <system-err><![CDATA[]]></system-err>
      </testcase>
      <testcase name="Test Cases/Honkai Star Rail/NonAnhSang/Details/non_1 - Copy (7)" time="5.607" classname="Test Cases/Honkai Star Rail/NonAnhSang/Details/non_1 - Copy (7)" status="PASSED">
         <system-out><![CDATA[29-05-2024T17:42:03 - [TEST_CASE][PASSED] - Test Cases/Honkai Star Rail/NonAnhSang/Details/non_1 - Copy (7): Test Cases/Honkai Star Rail/NonAnhSang/Details/non_1 - Copy (7)

29-05-2024T17:42:03 - [TEST_STEP][PASSED] - openBrowser(""): Browser is opened with url: ''

29-05-2024T17:42:03 - [MESSAGE][INFO] - Starting 'Chrome' driver

29-05-2024T17:42:03 - [MESSAGE][INFO] - Action delay is set to 0 milliseconds

29-05-2024T17:42:03 - [MESSAGE][PASSED] - Browser is opened with url: ''

29-05-2024T17:42:03 - [TEST_STEP][PASSED] - navigateToUrl("https://honkai-builds.com/non-anh-sang/sac-dem-ruc-sang"): Navigate to 'https://honkai-builds.com/non-anh-sang/sac-dem-ruc-sang' successfully

29-05-2024T17:42:08 - [MESSAGE][PASSED] - Navigate to 'https://honkai-builds.com/non-anh-sang/sac-dem-ruc-sang' successfully

29-05-2024T17:42:08 - [TEST_STEP][PASSED] - closeBrowser(): Browser is closed

29-05-2024T17:42:08 - [MESSAGE][PASSED] - Browser is closed]]></system-out>
         <system-err><![CDATA[]]></system-err>
      </testcase>
      <testcase name="Test Cases/Honkai Star Rail/NonAnhSang/Details/non_1 - Copy" time="6.222" classname="Test Cases/Honkai Star Rail/NonAnhSang/Details/non_1 - Copy" status="PASSED">
         <system-out><![CDATA[29-05-2024T17:42:08 - [TEST_CASE][PASSED] - Test Cases/Honkai Star Rail/NonAnhSang/Details/non_1 - Copy: Test Cases/Honkai Star Rail/NonAnhSang/Details/non_1 - Copy

29-05-2024T17:42:08 - [TEST_STEP][PASSED] - openBrowser(""): Browser is opened with url: ''

29-05-2024T17:42:08 - [MESSAGE][INFO] - Starting 'Chrome' driver

29-05-2024T17:42:08 - [MESSAGE][INFO] - Action delay is set to 0 milliseconds

29-05-2024T17:42:09 - [MESSAGE][PASSED] - Browser is opened with url: ''

29-05-2024T17:42:09 - [TEST_STEP][PASSED] - navigateToUrl("https://honkai-builds.com/non-anh-sang/sac-dem-ruc-sang"): Navigate to 'https://honkai-builds.com/non-anh-sang/sac-dem-ruc-sang' successfully

29-05-2024T17:42:14 - [MESSAGE][PASSED] - Navigate to 'https://honkai-builds.com/non-anh-sang/sac-dem-ruc-sang' successfully

29-05-2024T17:42:14 - [TEST_STEP][PASSED] - closeBrowser(): Browser is closed

29-05-2024T17:42:14 - [MESSAGE][PASSED] - Browser is closed]]></system-out>
         <system-err><![CDATA[]]></system-err>
      </testcase>
      <testcase name="Test Cases/Honkai Star Rail/NonAnhSang/Details/non_1" time="5.11" classname="Test Cases/Honkai Star Rail/NonAnhSang/Details/non_1" status="PASSED">
         <system-out><![CDATA[29-05-2024T17:42:14 - [TEST_CASE][PASSED] - Test Cases/Honkai Star Rail/NonAnhSang/Details/non_1: Test Cases/Honkai Star Rail/NonAnhSang/Details/non_1

29-05-2024T17:42:14 - [TEST_STEP][PASSED] - openBrowser(""): Browser is opened with url: ''

29-05-2024T17:42:14 - [MESSAGE][INFO] - Starting 'Chrome' driver

29-05-2024T17:42:14 - [MESSAGE][INFO] - Action delay is set to 0 milliseconds

29-05-2024T17:42:15 - [MESSAGE][PASSED] - Browser is opened with url: ''

29-05-2024T17:42:15 - [TEST_STEP][PASSED] - navigateToUrl("https://honkai-builds.com/non-anh-sang/sac-dem-ruc-sang"): Navigate to 'https://honkai-builds.com/non-anh-sang/sac-dem-ruc-sang' successfully

29-05-2024T17:42:19 - [MESSAGE][PASSED] - Navigate to 'https://honkai-builds.com/non-anh-sang/sac-dem-ruc-sang' successfully

29-05-2024T17:42:19 - [TEST_STEP][PASSED] - closeBrowser(): Browser is closed

29-05-2024T17:42:20 - [MESSAGE][PASSED] - Browser is closed]]></system-out>
         <system-err><![CDATA[]]></system-err>
      </testcase>
      <testcase name="Test Cases/Honkai Star Rail/Rank/DanhDon" time="10.545" classname="Test Cases/Honkai Star Rail/Rank/DanhDon" status="PASSED">
         <system-out><![CDATA[29-05-2024T17:42:20 - [TEST_CASE][PASSED] - Test Cases/Honkai Star Rail/Rank/DanhDon: Test Cases/Honkai Star Rail/Rank/DanhDon

29-05-2024T17:42:20 - [TEST_STEP][PASSED] - openBrowser(""): Browser is opened with url: ''

29-05-2024T17:42:20 - [MESSAGE][INFO] - Starting 'Chrome' driver

29-05-2024T17:42:20 - [MESSAGE][INFO] - Action delay is set to 0 milliseconds

29-05-2024T17:42:20 - [MESSAGE][PASSED] - Browser is opened with url: ''

29-05-2024T17:42:20 - [TEST_STEP][PASSED] - navigateToUrl("https://honkai-builds.com/xep-hang"): Navigate to 'https://honkai-builds.com/xep-hang' successfully

29-05-2024T17:42:26 - [MESSAGE][PASSED] - Navigate to 'https://honkai-builds.com/xep-hang' successfully

29-05-2024T17:42:26 - [TEST_STEP][PASSED] - verifyElementPresent(findTestObject("Object Repository/Page_Bng Xp Hng Nhn Vt Honkai Star Rail Mi Nht/div_Acheron (1)"), 0): Object 'Object Repository/Page_Bng Xp Hng Nhn Vt Honkai Star Rail Mi Nht/div_Acheron (1)' is present

29-05-2024T17:42:26 - [MESSAGE][WARNING] - Timeout '0' is invalid. Using default page load timeout: '30'

29-05-2024T17:42:30 - [MESSAGE][PASSED] - Object 'Object Repository/Page_Bng Xp Hng Nhn Vt Honkai Star Rail Mi Nht/div_Acheron (1)' is present

29-05-2024T17:42:30 - [TEST_STEP][PASSED] - closeBrowser(): Browser is closed

29-05-2024T17:42:30 - [MESSAGE][PASSED] - Browser is closed]]></system-out>
         <system-err><![CDATA[]]></system-err>
      </testcase>
      <testcase name="Test Cases/Honkai Star Rail/Rank/DanhLan" time="13.703" classname="Test Cases/Honkai Star Rail/Rank/DanhLan" status="PASSED">
         <system-out><![CDATA[29-05-2024T17:42:30 - [TEST_CASE][PASSED] - Test Cases/Honkai Star Rail/Rank/DanhLan: Test Cases/Honkai Star Rail/Rank/DanhLan

29-05-2024T17:42:30 - [TEST_STEP][PASSED] - openBrowser(""): Browser is opened with url: ''

29-05-2024T17:42:30 - [MESSAGE][INFO] - Starting 'Chrome' driver

29-05-2024T17:42:30 - [MESSAGE][INFO] - Action delay is set to 0 milliseconds

29-05-2024T17:42:31 - [MESSAGE][PASSED] - Browser is opened with url: ''

29-05-2024T17:42:31 - [TEST_STEP][PASSED] - navigateToUrl("https://honkai-builds.com/xep-hang"): Navigate to 'https://honkai-builds.com/xep-hang' successfully

29-05-2024T17:42:42 - [MESSAGE][PASSED] - Navigate to 'https://honkai-builds.com/xep-hang' successfully

29-05-2024T17:42:42 - [TEST_STEP][PASSED] - click(findTestObject("Object Repository/Page_Bng Xp Hng Nhn Vt Honkai Star Rail Mi Nht/div_DPS nh Lan")): Object: 'Object Repository/Page_Bng Xp Hng Nhn Vt Honkai Star Rail Mi Nht/div_DPS nh Lan' is clicked on

29-05-2024T17:42:43 - [MESSAGE][PASSED] - Object: 'Object Repository/Page_Bng Xp Hng Nhn Vt Honkai Star Rail Mi Nht/div_DPS nh Lan' is clicked on

29-05-2024T17:42:43 - [TEST_STEP][PASSED] - verifyElementPresent(findTestObject("Object Repository/Page_Bng Xp Hng Nhn Vt Honkai Star Rail Mi Nht/div_Acheron (2)"), 0): Object 'Object Repository/Page_Bng Xp Hng Nhn Vt Honkai Star Rail Mi Nht/div_Acheron (2)' is present

29-05-2024T17:42:43 - [MESSAGE][WARNING] - Timeout '0' is invalid. Using default page load timeout: '30'

29-05-2024T17:42:44 - [MESSAGE][PASSED] - Object 'Object Repository/Page_Bng Xp Hng Nhn Vt Honkai Star Rail Mi Nht/div_Acheron (2)' is present

29-05-2024T17:42:44 - [TEST_STEP][PASSED] - closeBrowser(): Browser is closed

29-05-2024T17:42:44 - [MESSAGE][PASSED] - Browser is closed]]></system-out>
         <system-err><![CDATA[]]></system-err>
      </testcase>
      <testcase name="Test Cases/Honkai Star Rail/Rank/HoTro" time="11.027" classname="Test Cases/Honkai Star Rail/Rank/HoTro" status="PASSED">
         <system-out><![CDATA[29-05-2024T17:42:44 - [TEST_CASE][PASSED] - Test Cases/Honkai Star Rail/Rank/HoTro: Test Cases/Honkai Star Rail/Rank/HoTro

29-05-2024T17:42:44 - [TEST_STEP][PASSED] - openBrowser(""): Browser is opened with url: ''

29-05-2024T17:42:44 - [MESSAGE][INFO] - Starting 'Chrome' driver

29-05-2024T17:42:44 - [MESSAGE][INFO] - Action delay is set to 0 milliseconds

29-05-2024T17:42:44 - [MESSAGE][PASSED] - Browser is opened with url: ''

29-05-2024T17:42:44 - [TEST_STEP][PASSED] - navigateToUrl("https://honkai-builds.com/xep-hang"): Navigate to 'https://honkai-builds.com/xep-hang' successfully

29-05-2024T17:42:53 - [MESSAGE][PASSED] - Navigate to 'https://honkai-builds.com/xep-hang' successfully

29-05-2024T17:42:53 - [TEST_STEP][PASSED] - click(findTestObject("Object Repository/Page_Bng Xp Hng Nhn Vt Honkai Star Rail Mi Nht/div_H Tr")): Object: 'Object Repository/Page_Bng Xp Hng Nhn Vt Honkai Star Rail Mi Nht/div_H Tr' is clicked on

29-05-2024T17:42:54 - [MESSAGE][PASSED] - Object: 'Object Repository/Page_Bng Xp Hng Nhn Vt Honkai Star Rail Mi Nht/div_H Tr' is clicked on

29-05-2024T17:42:54 - [TEST_STEP][PASSED] - verifyElementPresent(findTestObject("Object Repository/Page_Bng Xp Hng Nhn Vt Honkai Star Rail Mi Nht/div_Robin"), 0): Object 'Object Repository/Page_Bng Xp Hng Nhn Vt Honkai Star Rail Mi Nht/div_Robin' is present

29-05-2024T17:42:54 - [MESSAGE][WARNING] - Timeout '0' is invalid. Using default page load timeout: '30'

29-05-2024T17:42:55 - [MESSAGE][PASSED] - Object 'Object Repository/Page_Bng Xp Hng Nhn Vt Honkai Star Rail Mi Nht/div_Robin' is present

29-05-2024T17:42:55 - [TEST_STEP][PASSED] - closeBrowser(): Browser is closed

29-05-2024T17:42:55 - [MESSAGE][PASSED] - Browser is closed]]></system-out>
         <system-err><![CDATA[]]></system-err>
      </testcase>
      <testcase name="Test Cases/Honkai Star Rail/Rank/TongThe" time="10.762" classname="Test Cases/Honkai Star Rail/Rank/TongThe" status="PASSED">
         <system-out><![CDATA[29-05-2024T17:42:55 - [TEST_CASE][PASSED] - Test Cases/Honkai Star Rail/Rank/TongThe: Test Cases/Honkai Star Rail/Rank/TongThe

29-05-2024T17:42:55 - [TEST_STEP][PASSED] - openBrowser(""): Browser is opened with url: ''

29-05-2024T17:42:55 - [MESSAGE][INFO] - Starting 'Chrome' driver

29-05-2024T17:42:55 - [MESSAGE][INFO] - Action delay is set to 0 milliseconds

29-05-2024T17:42:55 - [MESSAGE][PASSED] - Browser is opened with url: ''

29-05-2024T17:42:55 - [TEST_STEP][PASSED] - navigateToUrl("https://honkai-builds.com/xep-hang"): Navigate to 'https://honkai-builds.com/xep-hang' successfully

29-05-2024T17:43:05 - [MESSAGE][PASSED] - Navigate to 'https://honkai-builds.com/xep-hang' successfully

29-05-2024T17:43:05 - [TEST_STEP][PASSED] - closeBrowser(): Browser is closed

29-05-2024T17:43:06 - [MESSAGE][PASSED] - Browser is closed]]></system-out>
         <system-err><![CDATA[]]></system-err>
      </testcase>
      <system-out><![CDATA[29-05-2024T17:27:50 - [TEST_SUITE][FAILED] - StarRail: Test Cases/Honkai Star Rail/Character/5-Star FAILED.
Reason:
com.kms.katalon.core.exception.StepFailedException: Unable to verify object 'Object Repository/Page_Tng Hp Nhn Vt Honkai Star Rail - Honka_8a0d51/div_Boothill' is visible
	at com.kms.katalon.core.webui.keyword.internal.WebUIKeywordMain.stepFailed(WebUIKeywordMain.groovy:64)
	at com.kms.katalon.core.webui.keyword.internal.WebUIKeywordMain.runKeyword(WebUIKeywordMain.groovy:26)
	at com.kms.katalon.core.webui.keyword.builtin.VerifyElementVisibleKeyword.verifyElementVisible(VerifyElementVisibleKeyword.groovy:97)
	at com.kms.katalon.core.webui.keyword.builtin.VerifyElementVisibleKeyword.execute(VerifyElementVisibleKeyword.groovy:67)
	at com.kms.katalon.core.keyword.internal.KeywordExecutor.executeKeywordForPlatform(KeywordExecutor.groovy:74)
	at com.kms.katalon.core.webui.keyword.WebUiBuiltInKeywords.verifyElementVisible(WebUiBuiltInKeywords.groovy:415)
	at 5-Star.run(5-Star:24)
	at com.kms.katalon.core.main.ScriptEngine.run(ScriptEngine.java:194)
	at com.kms.katalon.core.main.ScriptEngine.runScriptAsRawText(ScriptEngine.java:119)
	at com.kms.katalon.core.main.TestCaseExecutor.runScript(TestCaseExecutor.java:448)
	at com.kms.katalon.core.main.TestCaseExecutor.doExecute(TestCaseExecutor.java:439)
	at com.kms.katalon.core.main.TestCaseExecutor.processExecutionPhase(TestCaseExecutor.java:418)
	at com.kms.katalon.core.main.TestCaseExecutor.accessMainPhase(TestCaseExecutor.java:410)
	at com.kms.katalon.core.main.TestCaseExecutor.execute(TestCaseExecutor.java:285)
	at com.kms.katalon.core.common.CommonExecutor.accessTestCaseMainPhase(CommonExecutor.java:65)
	at com.kms.katalon.core.main.TestSuiteExecutor.accessTestSuiteMainPhase(TestSuiteExecutor.java:150)
	at com.kms.katalon.core.main.TestSuiteExecutor.execute(TestSuiteExecutor.java:106)
	at com.kms.katalon.core.main.TestCaseMain.startTestSuite(TestCaseMain.java:180)
	at TempTestSuite1716978459866.run(TempTestSuite1716978459866.groovy:35)
	at java.base/jdk.internal.reflect.NativeMethodAccessorImpl.invoke0(Native Method)
	at java.base/jdk.internal.reflect.NativeMethodAccessorImpl.invoke(NativeMethodAccessorImpl.java:77)
	at java.base/jdk.internal.reflect.DelegatingMethodAccessorImpl.invoke(DelegatingMethodAccessorImpl.java:43)
Caused by: com.kms.katalon.core.exception.StepFailedException: Object 'Object Repository/Page_Tng Hp Nhn Vt Honkai Star Rail - Honka_8a0d51/div_Boothill' is NOT visible
	at com.kms.katalon.core.webui.keyword.internal.WebUIKeywordMain.stepFailed(WebUIKeywordMain.groovy:64)
	at com.kms.katalon.core.webui.keyword.builtin.VerifyElementVisibleKeyword$_verifyElementVisible_closure1.doCall(VerifyElementVisibleKeyword.groovy:83)
	at com.kms.katalon.core.webui.keyword.builtin.VerifyElementVisibleKeyword$_verifyElementVisible_closure1.call(VerifyElementVisibleKeyword.groovy)
	at com.kms.katalon.core.webui.keyword.internal.WebUIKeywordMain.runKeyword(WebUIKeywordMain.groovy:20)
	... 20 more]]></system-out>
      <system-err><![CDATA[29-05-2024T17:27:50 - [TEST_SUITE][FAILED] - StarRail: Test Cases/Honkai Star Rail/Character/5-Star FAILED.
Reason:
com.kms.katalon.core.exception.StepFailedException: Unable to verify object 'Object Repository/Page_Tng Hp Nhn Vt Honkai Star Rail - Honka_8a0d51/div_Boothill' is visible
	at com.kms.katalon.core.webui.keyword.internal.WebUIKeywordMain.stepFailed(WebUIKeywordMain.groovy:64)
	at com.kms.katalon.core.webui.keyword.internal.WebUIKeywordMain.runKeyword(WebUIKeywordMain.groovy:26)
	at com.kms.katalon.core.webui.keyword.builtin.VerifyElementVisibleKeyword.verifyElementVisible(VerifyElementVisibleKeyword.groovy:97)
	at com.kms.katalon.core.webui.keyword.builtin.VerifyElementVisibleKeyword.execute(VerifyElementVisibleKeyword.groovy:67)
	at com.kms.katalon.core.keyword.internal.KeywordExecutor.executeKeywordForPlatform(KeywordExecutor.groovy:74)
	at com.kms.katalon.core.webui.keyword.WebUiBuiltInKeywords.verifyElementVisible(WebUiBuiltInKeywords.groovy:415)
	at 5-Star.run(5-Star:24)
	at com.kms.katalon.core.main.ScriptEngine.run(ScriptEngine.java:194)
	at com.kms.katalon.core.main.ScriptEngine.runScriptAsRawText(ScriptEngine.java:119)
	at com.kms.katalon.core.main.TestCaseExecutor.runScript(TestCaseExecutor.java:448)
	at com.kms.katalon.core.main.TestCaseExecutor.doExecute(TestCaseExecutor.java:439)
	at com.kms.katalon.core.main.TestCaseExecutor.processExecutionPhase(TestCaseExecutor.java:418)
	at com.kms.katalon.core.main.TestCaseExecutor.accessMainPhase(TestCaseExecutor.java:410)
	at com.kms.katalon.core.main.TestCaseExecutor.execute(TestCaseExecutor.java:285)
	at com.kms.katalon.core.common.CommonExecutor.accessTestCaseMainPhase(CommonExecutor.java:65)
	at com.kms.katalon.core.main.TestSuiteExecutor.accessTestSuiteMainPhase(TestSuiteExecutor.java:150)
	at com.kms.katalon.core.main.TestSuiteExecutor.execute(TestSuiteExecutor.java:106)
	at com.kms.katalon.core.main.TestCaseMain.startTestSuite(TestCaseMain.java:180)
	at TempTestSuite1716978459866.run(TempTestSuite1716978459866.groovy:35)
	at java.base/jdk.internal.reflect.NativeMethodAccessorImpl.invoke0(Native Method)
	at java.base/jdk.internal.reflect.NativeMethodAccessorImpl.invoke(NativeMethodAccessorImpl.java:77)
	at java.base/jdk.internal.reflect.DelegatingMethodAccessorImpl.invoke(DelegatingMethodAccessorImpl.java:43)
Caused by: com.kms.katalon.core.exception.StepFailedException: Object 'Object Repository/Page_Tng Hp Nhn Vt Honkai Star Rail - Honka_8a0d51/div_Boothill' is NOT visible
	at com.kms.katalon.core.webui.keyword.internal.WebUIKeywordMain.stepFailed(WebUIKeywordMain.groovy:64)
	at com.kms.katalon.core.webui.keyword.builtin.VerifyElementVisibleKeyword$_verifyElementVisible_closure1.doCall(VerifyElementVisibleKeyword.groovy:83)
	at com.kms.katalon.core.webui.keyword.builtin.VerifyElementVisibleKeyword$_verifyElementVisible_closure1.call(VerifyElementVisibleKeyword.groovy)
	at com.kms.katalon.core.webui.keyword.internal.WebUIKeywordMain.runKeyword(WebUIKeywordMain.groovy:20)
	... 20 more]]></system-err>
   </testsuite>
</testsuites>
